running egg_info
writing ../../build/ct_package/ct_package.egg-info/PKG-INFO
writing dependency_links to ../../build/ct_package/ct_package.egg-info/dependency_links.txt
writing entry points to ../../build/ct_package/ct_package.egg-info/entry_points.txt
writing requirements to ../../build/ct_package/ct_package.egg-info/requires.txt
writing top-level names to ../../build/ct_package/ct_package.egg-info/top_level.txt
reading manifest file '../../build/ct_package/ct_package.egg-info/SOURCES.txt'
writing manifest file '../../build/ct_package/ct_package.egg-info/SOURCES.txt'
running build
running build_py
copying ct_package/KioskManager.py -> /home/bo/amr_ws/final/ros-repo-3/ControlTower/build/ct_package/build/lib/ct_package
running install
running install_lib
copying /home/bo/amr_ws/final/ros-repo-3/ControlTower/build/ct_package/build/lib/ct_package/KioskManager.py -> /home/bo/amr_ws/final/ros-repo-3/ControlTower/install/ct_package/lib/python3.10/site-packages/ct_package
byte-compiling /home/bo/amr_ws/final/ros-repo-3/ControlTower/install/ct_package/lib/python3.10/site-packages/ct_package/KioskManager.py to KioskManager.cpython-310.pyc
running install_data
running install_egg_info
removing '/home/bo/amr_ws/final/ros-repo-3/ControlTower/install/ct_package/lib/python3.10/site-packages/ct_package-0.0.0-py3.10.egg-info' (and everything under it)
Copying ../../build/ct_package/ct_package.egg-info to /home/bo/amr_ws/final/ros-repo-3/ControlTower/install/ct_package/lib/python3.10/site-packages/ct_package-0.0.0-py3.10.egg-info
running install_scripts
Installing control_tower script to /home/bo/amr_ws/final/ros-repo-3/ControlTower/install/ct_package/lib/ct_package
Installing db_manager script to /home/bo/amr_ws/final/ros-repo-3/ControlTower/install/ct_package/lib/ct_package
Installing drobot_control script to /home/bo/amr_ws/final/ros-repo-3/ControlTower/install/ct_package/lib/ct_package
Installing kiosk_manager script to /home/bo/amr_ws/final/ros-repo-3/ControlTower/install/ct_package/lib/ct_package
Installing pathDict script to /home/bo/amr_ws/final/ros-repo-3/ControlTower/install/ct_package/lib/ct_package
Installing robot_manager script to /home/bo/amr_ws/final/ros-repo-3/ControlTower/install/ct_package/lib/ct_package
Installing service_client script to /home/bo/amr_ws/final/ros-repo-3/ControlTower/install/ct_package/lib/ct_package
Installing store_manager script to /home/bo/amr_ws/final/ros-repo-3/ControlTower/install/ct_package/lib/ct_package
Installing taskManager script to /home/bo/amr_ws/final/ros-repo-3/ControlTower/install/ct_package/lib/ct_package
writing list of installed files to '/home/bo/amr_ws/final/ros-repo-3/ControlTower/build/ct_package/install.log'
