[0.449s] Invoking command in '/home/bo/amr_ws/final/ros-repo-3/ControlTower/src/ct_package': PYTHONPATH=/home/bo/amr_ws/final/ros-repo-3/ControlTower/build/ct_package/prefix_override:/home/bo/amr_ws/final/ros-repo-3/ControlTower/install/ct_package/lib/python3.10/site-packages:${PYTHONPATH} /usr/bin/python3 -W ignore:setup.py install is deprecated setup.py egg_info --egg-base ../../build/ct_package build --build-base /home/bo/amr_ws/final/ros-repo-3/ControlTower/build/ct_package/build install --record /home/bo/amr_ws/final/ros-repo-3/ControlTower/build/ct_package/install.log --single-version-externally-managed install_data
[0.619s] running egg_info
[0.619s] writing ../../build/ct_package/ct_package.egg-info/PKG-INFO
[0.620s] writing dependency_links to ../../build/ct_package/ct_package.egg-info/dependency_links.txt
[0.620s] writing entry points to ../../build/ct_package/ct_package.egg-info/entry_points.txt
[0.620s] writing requirements to ../../build/ct_package/ct_package.egg-info/requires.txt
[0.620s] writing top-level names to ../../build/ct_package/ct_package.egg-info/top_level.txt
[0.621s] reading manifest file '../../build/ct_package/ct_package.egg-info/SOURCES.txt'
[0.622s] writing manifest file '../../build/ct_package/ct_package.egg-info/SOURCES.txt'
[0.622s] running build
[0.622s] running build_py
[0.622s] running install
[0.622s] running install_lib
[0.623s] running install_data
[0.623s] running install_egg_info
[0.625s] removing '/home/bo/amr_ws/final/ros-repo-3/ControlTower/install/ct_package/lib/python3.10/site-packages/ct_package-0.0.0-py3.10.egg-info' (and everything under it)
[0.625s] Copying ../../build/ct_package/ct_package.egg-info to /home/bo/amr_ws/final/ros-repo-3/ControlTower/install/ct_package/lib/python3.10/site-packages/ct_package-0.0.0-py3.10.egg-info
[0.625s] running install_scripts
[0.640s] Installing control_tower script to /home/bo/amr_ws/final/ros-repo-3/ControlTower/install/ct_package/lib/ct_package
[0.640s] Installing drobot_control script to /home/bo/amr_ws/final/ros-repo-3/ControlTower/install/ct_package/lib/ct_package
[0.640s] Installing kiosk_manager script to /home/bo/amr_ws/final/ros-repo-3/ControlTower/install/ct_package/lib/ct_package
[0.640s] Installing pathDict script to /home/bo/amr_ws/final/ros-repo-3/ControlTower/install/ct_package/lib/ct_package
[0.640s] Installing robot_manager script to /home/bo/amr_ws/final/ros-repo-3/ControlTower/install/ct_package/lib/ct_package
[0.640s] Installing service_client script to /home/bo/amr_ws/final/ros-repo-3/ControlTower/install/ct_package/lib/ct_package
[0.640s] Installing store_manager script to /home/bo/amr_ws/final/ros-repo-3/ControlTower/install/ct_package/lib/ct_package
[0.641s] Installing taskManager script to /home/bo/amr_ws/final/ros-repo-3/ControlTower/install/ct_package/lib/ct_package
[0.641s] writing list of installed files to '/home/bo/amr_ws/final/ros-repo-3/ControlTower/build/ct_package/install.log'
[0.659s] Invoked command in '/home/bo/amr_ws/final/ros-repo-3/ControlTower/src/ct_package' returned '0': PYTHONPATH=/home/bo/amr_ws/final/ros-repo-3/ControlTower/build/ct_package/prefix_override:/home/bo/amr_ws/final/ros-repo-3/ControlTower/install/ct_package/lib/python3.10/site-packages:${PYTHONPATH} /usr/bin/python3 -W ignore:setup.py install is deprecated setup.py egg_info --egg-base ../../build/ct_package build --build-base /home/bo/amr_ws/final/ros-repo-3/ControlTower/build/ct_package/build install --record /home/bo/amr_ws/final/ros-repo-3/ControlTower/build/ct_package/install.log --single-version-externally-managed install_data
