-- Found ament_cmake: 1.3.9 (/opt/ros/humble/share/ament_cmake/cmake)
-- Found rosidl_default_generators: 1.2.0 (/opt/ros/humble/share/rosidl_default_generators/cmake)
-- Using all available rosidl_typesupport_c: rosidl_typesupport_fastrtps_c;rosidl_typesupport_introspection_c
-- Found rosidl_adapter: 3.1.5 (/opt/ros/humble/share/rosidl_adapter/cmake)
-- Using all available rosidl_typesupport_cpp: rosidl_typesupport_fastrtps_cpp;rosidl_typesupport_introspection_cpp
-- Found ament_cmake_ros: 0.10.0 (/opt/ros/humble/share/ament_cmake_ros/cmake)
-- Using all available rosidl_typesupport_c: rosidl_typesupport_fastrtps_c;rosidl_typesupport_introspection_c
-- Using all available rosidl_typesupport_cpp: rosidl_typesupport_fastrtps_cpp;rosidl_typesupport_introspection_cpp
-- Found python_cmake_module: 0.10.0 (/opt/ros/humble/share/python_cmake_module/cmake)
-- Using PYTHON_EXECUTABLE: /usr/bin/python3
-- Using PYTHON_INCLUDE_DIRS: /usr/include/python3.10
-- Using PYTHON_LIBRARIES: /usr/lib/x86_64-linux-gnu/libpython3.10.so
-- Found ament_lint_auto: 0.12.11 (/opt/ros/humble/share/ament_lint_auto/cmake)
-- Added test 'lint_cmake' to check CMake code style
-- Added test 'xmllint' to check XML markup files
-- Configuring done
-- Generating done
-- Build files have been written to: /home/bo/amr_ws/final/ros-repo-3/ControlTower/build/interface_package
[  1%] [34m[1mGenerating C code for ROS interfaces[0m
[  1%] [34m[1mGenerating C++ code for ROS interfaces[0m
[  1%] Built target ament_cmake_python_copy_interface_package
running egg_info
writing interface_package.egg-info/PKG-INFO
writing dependency_links to interface_package.egg-info/dependency_links.txt
writing top-level names to interface_package.egg-info/top_level.txt
reading manifest file 'interface_package.egg-info/SOURCES.txt'
writing manifest file 'interface_package.egg-info/SOURCES.txt'
[  1%] Built target ament_cmake_python_build_interface_package_egg
[  1%] Built target interface_package__cpp
[  2%] [34m[1mGenerating C++ type support dispatch for ROS interfaces[0m
[  3%] [34m[1mGenerating C++ type support for eProsima Fast-RTPS[0m
[  3%] [34m[1mGenerating C++ introspection for ROS interfaces[0m
[35m[1mConsolidate compiler generated dependencies of target interface_package__rosidl_generator_c[0m
[  4%] [32mBuilding C object CMakeFiles/interface_package__rosidl_generator_c.dir/rosidl_generator_c/interface_package/srv/detail/order_info__functions.c.o[0m
[  5%] [32mBuilding C object CMakeFiles/interface_package__rosidl_generator_c.dir/rosidl_generator_c/interface_package/srv/detail/order_tracking__functions.c.o[0m
[  6%] [32mBuilding C object CMakeFiles/interface_package__rosidl_generator_c.dir/rosidl_generator_c/interface_package/srv/detail/location_info__functions.c.o[0m
[  7%] [32mBuilding C object CMakeFiles/interface_package__rosidl_generator_c.dir/rosidl_generator_c/interface_package/srv/detail/order_call__functions.c.o[0m
[  5%] [32mBuilding C object CMakeFiles/interface_package__rosidl_generator_c.dir/rosidl_generator_c/interface_package/srv/detail/goal_arrival__functions.c.o[0m
[ 10%] [32mBuilding C object CMakeFiles/interface_package__rosidl_generator_c.dir/rosidl_generator_c/interface_package/srv/detail/robot_call__functions.c.o[0m
[ 10%] [32mBuilding C object CMakeFiles/interface_package__rosidl_generator_c.dir/rosidl_generator_c/interface_package/srv/detail/robot_dispatch__functions.c.o[0m
[ 10%] [32mBuilding C object CMakeFiles/interface_package__rosidl_generator_c.dir/rosidl_generator_c/interface_package/srv/detail/store_alarm__functions.c.o[0m
[ 11%] [32mBuilding C object CMakeFiles/interface_package__rosidl_generator_c.dir/rosidl_generator_c/interface_package/srv/detail/node_num__functions.c.o[0m
[ 11%] [32mBuilding C object CMakeFiles/interface_package__rosidl_generator_c.dir/rosidl_generator_c/interface_package/srv/detail/delivery_box__functions.c.o[0m
[ 12%] [32mBuilding C object CMakeFiles/interface_package__rosidl_generator_c.dir/rosidl_generator_c/interface_package/msg/detail/navgoal__functions.c.o[0m
[ 12%] [32mBuilding C object CMakeFiles/interface_package__rosidl_generator_c.dir/rosidl_generator_c/interface_package/msg/detail/navfeedback__functions.c.o[0m
[ 13%] [32mBuilding C object CMakeFiles/interface_package__rosidl_generator_c.dir/rosidl_generator_c/interface_package/msg/detail/navresult__functions.c.o[0m
[ 14%] [32m[1mLinking C shared library libinterface_package__rosidl_generator_c.so[0m
[ 14%] Built target interface_package__rosidl_generator_c
[ 16%] [34m[1mGenerating C type support dispatch for ROS interfaces[0m
[ 16%] [34m[1mGenerating C introspection for ROS interfaces[0m
[ 17%] [34m[1mGenerating C type support for eProsima Fast-RTPS[0m
[35m[1mConsolidate compiler generated dependencies of target interface_package__rosidl_typesupport_cpp[0m
[ 18%] [32mBuilding CXX object CMakeFiles/interface_package__rosidl_typesupport_cpp.dir/rosidl_typesupport_cpp/interface_package/srv/order_tracking__type_support.cpp.o[0m
[ 19%] [32mBuilding CXX object CMakeFiles/interface_package__rosidl_typesupport_cpp.dir/rosidl_typesupport_cpp/interface_package/srv/order_info__type_support.cpp.o[0m
[ 19%] [32mBuilding CXX object CMakeFiles/interface_package__rosidl_typesupport_cpp.dir/rosidl_typesupport_cpp/interface_package/srv/location_info__type_support.cpp.o[0m
[35m[1mConsolidate compiler generated dependencies of target interface_package__rosidl_typesupport_introspection_cpp[0m
[ 20%] [32mBuilding CXX object CMakeFiles/interface_package__rosidl_typesupport_introspection_cpp.dir/rosidl_typesupport_introspection_cpp/interface_package/srv/detail/order_tracking__type_support.cpp.o[0m
[ 21%] [32mBuilding CXX object CMakeFiles/interface_package__rosidl_typesupport_cpp.dir/rosidl_typesupport_cpp/interface_package/srv/order_call__type_support.cpp.o[0m
[ 22%] [32mBuilding CXX object CMakeFiles/interface_package__rosidl_typesupport_cpp.dir/rosidl_typesupport_cpp/interface_package/srv/goal_arrival__type_support.cpp.o[0m
[35m[1mConsolidate compiler generated dependencies of target interface_package__rosidl_typesupport_c[0m
[ 22%] [32mBuilding CXX object CMakeFiles/interface_package__rosidl_typesupport_c.dir/rosidl_typesupport_c/interface_package/srv/order_tracking__type_support.cpp.o[0m
[ 23%] [32mBuilding CXX object CMakeFiles/interface_package__rosidl_typesupport_cpp.dir/rosidl_typesupport_cpp/interface_package/srv/robot_call__type_support.cpp.o[0m
[ 24%] [32mBuilding CXX object CMakeFiles/interface_package__rosidl_typesupport_c.dir/rosidl_typesupport_c/interface_package/srv/order_info__type_support.cpp.o[0m
[ 25%] [32mBuilding CXX object CMakeFiles/interface_package__rosidl_typesupport_introspection_cpp.dir/rosidl_typesupport_introspection_cpp/interface_package/srv/detail/order_info__type_support.cpp.o[0m
[ 26%] [32mBuilding CXX object CMakeFiles/interface_package__rosidl_typesupport_c.dir/rosidl_typesupport_c/interface_package/srv/location_info__type_support.cpp.o[0m
[35m[1mConsolidate compiler generated dependencies of target interface_package__rosidl_typesupport_fastrtps_cpp[0m
[ 27%] [32mBuilding CXX object CMakeFiles/interface_package__rosidl_typesupport_c.dir/rosidl_typesupport_c/interface_package/srv/order_call__type_support.cpp.o[0m
[ 28%] [32mBuilding CXX object CMakeFiles/interface_package__rosidl_typesupport_fastrtps_cpp.dir/rosidl_typesupport_fastrtps_cpp/interface_package/srv/detail/dds_fastrtps/order_tracking__type_support.cpp.o[0m
[ 29%] [32mBuilding CXX object CMakeFiles/interface_package__rosidl_typesupport_c.dir/rosidl_typesupport_c/interface_package/srv/goal_arrival__type_support.cpp.o[0m
[35m[1mConsolidate compiler generated dependencies of target interface_package__rosidl_typesupport_introspection_c[0m
[ 29%] [32mBuilding CXX object CMakeFiles/interface_package__rosidl_typesupport_c.dir/rosidl_typesupport_c/interface_package/srv/robot_call__type_support.cpp.o[0m
[ 30%] [32mBuilding C object CMakeFiles/interface_package__rosidl_typesupport_introspection_c.dir/rosidl_typesupport_introspection_c/interface_package/srv/detail/order_tracking__type_support.c.o[0m
[ 31%] [32mBuilding CXX object CMakeFiles/interface_package__rosidl_typesupport_introspection_cpp.dir/rosidl_typesupport_introspection_cpp/interface_package/srv/detail/location_info__type_support.cpp.o[0m
[ 32%] [32mBuilding CXX object CMakeFiles/interface_package__rosidl_typesupport_c.dir/rosidl_typesupport_c/interface_package/srv/delivery_box__type_support.cpp.o[0m
[ 33%] [32mBuilding CXX object CMakeFiles/interface_package__rosidl_typesupport_cpp.dir/rosidl_typesupport_cpp/interface_package/srv/delivery_box__type_support.cpp.o[0m
[ 34%] [32mBuilding C object CMakeFiles/interface_package__rosidl_typesupport_introspection_c.dir/rosidl_typesupport_introspection_c/interface_package/srv/detail/order_info__type_support.c.o[0m
[ 35%] [32mBuilding CXX object CMakeFiles/interface_package__rosidl_typesupport_c.dir/rosidl_typesupport_c/interface_package/srv/store_alarm__type_support.cpp.o[0m
[ 35%] [32mBuilding CXX object CMakeFiles/interface_package__rosidl_typesupport_cpp.dir/rosidl_typesupport_cpp/interface_package/srv/store_alarm__type_support.cpp.o[0m
[ 35%] [32mBuilding C object CMakeFiles/interface_package__rosidl_typesupport_introspection_c.dir/rosidl_typesupport_introspection_c/interface_package/srv/detail/location_info__type_support.c.o[0m
[ 36%] [32mBuilding CXX object CMakeFiles/interface_package__rosidl_typesupport_c.dir/rosidl_typesupport_c/interface_package/srv/robot_dispatch__type_support.cpp.o[0m
[ 37%] [32mBuilding CXX object CMakeFiles/interface_package__rosidl_typesupport_c.dir/rosidl_typesupport_c/interface_package/srv/node_num__type_support.cpp.o[0m
[ 38%] [32mBuilding C object CMakeFiles/interface_package__rosidl_typesupport_introspection_c.dir/rosidl_typesupport_introspection_c/interface_package/srv/detail/order_call__type_support.c.o[0m
[ 38%] [32mBuilding CXX object CMakeFiles/interface_package__rosidl_typesupport_c.dir/rosidl_typesupport_c/interface_package/msg/navgoal__type_support.cpp.o[0m
[ 39%] [32mBuilding C object CMakeFiles/interface_package__rosidl_typesupport_introspection_c.dir/rosidl_typesupport_introspection_c/interface_package/srv/detail/goal_arrival__type_support.c.o[0m
[ 40%] [32mBuilding CXX object CMakeFiles/interface_package__rosidl_typesupport_c.dir/rosidl_typesupport_c/interface_package/msg/navfeedback__type_support.cpp.o[0m
[ 41%] [32mBuilding C object CMakeFiles/interface_package__rosidl_typesupport_introspection_c.dir/rosidl_typesupport_introspection_c/interface_package/srv/detail/robot_call__type_support.c.o[0m
[ 42%] [32mBuilding CXX object CMakeFiles/interface_package__rosidl_typesupport_c.dir/rosidl_typesupport_c/interface_package/msg/navresult__type_support.cpp.o[0m
[ 43%] [32mBuilding CXX object CMakeFiles/interface_package__rosidl_typesupport_introspection_cpp.dir/rosidl_typesupport_introspection_cpp/interface_package/srv/detail/order_call__type_support.cpp.o[0m
[ 44%] [32mBuilding C object CMakeFiles/interface_package__rosidl_typesupport_introspection_c.dir/rosidl_typesupport_introspection_c/interface_package/srv/detail/delivery_box__type_support.c.o[0m
[ 45%] [32m[1mLinking CXX shared library libinterface_package__rosidl_typesupport_c.so[0m
[ 45%] [32mBuilding C object CMakeFiles/interface_package__rosidl_typesupport_introspection_c.dir/rosidl_typesupport_introspection_c/interface_package/srv/detail/store_alarm__type_support.c.o[0m
[ 45%] Built target interface_package__rosidl_typesupport_c
[ 46%] [32mBuilding C object CMakeFiles/interface_package__rosidl_typesupport_introspection_c.dir/rosidl_typesupport_introspection_c/interface_package/srv/detail/robot_dispatch__type_support.c.o[0m
[35m[1mConsolidate compiler generated dependencies of target interface_package__rosidl_typesupport_fastrtps_c[0m
[ 47%] [32mBuilding C object CMakeFiles/interface_package__rosidl_typesupport_introspection_c.dir/rosidl_typesupport_introspection_c/interface_package/srv/detail/node_num__type_support.c.o[0m
[ 48%] [32mBuilding CXX object CMakeFiles/interface_package__rosidl_typesupport_cpp.dir/rosidl_typesupport_cpp/interface_package/srv/robot_dispatch__type_support.cpp.o[0m
[ 49%] [32mBuilding CXX object CMakeFiles/interface_package__rosidl_typesupport_cpp.dir/rosidl_typesupport_cpp/interface_package/srv/node_num__type_support.cpp.o[0m
[ 50%] [32mBuilding CXX object CMakeFiles/interface_package__rosidl_typesupport_fastrtps_c.dir/rosidl_typesupport_fastrtps_c/interface_package/srv/detail/order_tracking__type_support_c.cpp.o[0m
[ 50%] [32mBuilding CXX object CMakeFiles/interface_package__rosidl_typesupport_introspection_cpp.dir/rosidl_typesupport_introspection_cpp/interface_package/srv/detail/goal_arrival__type_support.cpp.o[0m
[ 51%] [32mBuilding C object CMakeFiles/interface_package__rosidl_typesupport_introspection_c.dir/rosidl_typesupport_introspection_c/interface_package/msg/detail/navgoal__type_support.c.o[0m
[ 52%] [32mBuilding CXX object CMakeFiles/interface_package__rosidl_typesupport_fastrtps_cpp.dir/rosidl_typesupport_fastrtps_cpp/interface_package/srv/detail/dds_fastrtps/order_info__type_support.cpp.o[0m
[ 53%] [32mBuilding CXX object CMakeFiles/interface_package__rosidl_typesupport_introspection_cpp.dir/rosidl_typesupport_introspection_cpp/interface_package/srv/detail/robot_call__type_support.cpp.o[0m
[ 54%] [32mBuilding C object CMakeFiles/interface_package__rosidl_typesupport_introspection_c.dir/rosidl_typesupport_introspection_c/interface_package/msg/detail/navfeedback__type_support.c.o[0m
[ 54%] [32mBuilding C object CMakeFiles/interface_package__rosidl_typesupport_introspection_c.dir/rosidl_typesupport_introspection_c/interface_package/msg/detail/navresult__type_support.c.o[0m
[ 55%] [32m[1mLinking C shared library libinterface_package__rosidl_typesupport_introspection_c.so[0m
[ 55%] Built target interface_package__rosidl_typesupport_introspection_c
[ 56%] [32mBuilding CXX object CMakeFiles/interface_package__rosidl_typesupport_introspection_cpp.dir/rosidl_typesupport_introspection_cpp/interface_package/srv/detail/delivery_box__type_support.cpp.o[0m
[ 57%] [32mBuilding CXX object CMakeFiles/interface_package__rosidl_typesupport_cpp.dir/rosidl_typesupport_cpp/interface_package/msg/navgoal__type_support.cpp.o[0m
[ 58%] [32mBuilding CXX object CMakeFiles/interface_package__rosidl_typesupport_cpp.dir/rosidl_typesupport_cpp/interface_package/msg/navfeedback__type_support.cpp.o[0m
[ 59%] [32mBuilding CXX object CMakeFiles/interface_package__rosidl_typesupport_introspection_cpp.dir/rosidl_typesupport_introspection_cpp/interface_package/srv/detail/store_alarm__type_support.cpp.o[0m
[ 59%] [32mBuilding CXX object CMakeFiles/interface_package__rosidl_typesupport_fastrtps_c.dir/rosidl_typesupport_fastrtps_c/interface_package/srv/detail/order_info__type_support_c.cpp.o[0m
[ 60%] [32mBuilding CXX object CMakeFiles/interface_package__rosidl_typesupport_introspection_cpp.dir/rosidl_typesupport_introspection_cpp/interface_package/srv/detail/robot_dispatch__type_support.cpp.o[0m
[ 60%] [32mBuilding CXX object CMakeFiles/interface_package__rosidl_typesupport_introspection_cpp.dir/rosidl_typesupport_introspection_cpp/interface_package/srv/detail/node_num__type_support.cpp.o[0m
[ 61%] [32mBuilding CXX object CMakeFiles/interface_package__rosidl_typesupport_fastrtps_cpp.dir/rosidl_typesupport_fastrtps_cpp/interface_package/srv/detail/dds_fastrtps/location_info__type_support.cpp.o[0m
[ 61%] [32mBuilding CXX object CMakeFiles/interface_package__rosidl_typesupport_fastrtps_cpp.dir/rosidl_typesupport_fastrtps_cpp/interface_package/srv/detail/dds_fastrtps/order_call__type_support.cpp.o[0m
[ 61%] [32mBuilding CXX object CMakeFiles/interface_package__rosidl_typesupport_cpp.dir/rosidl_typesupport_cpp/interface_package/msg/navresult__type_support.cpp.o[0m
[ 62%] [32mBuilding CXX object CMakeFiles/interface_package__rosidl_typesupport_introspection_cpp.dir/rosidl_typesupport_introspection_cpp/interface_package/msg/detail/navgoal__type_support.cpp.o[0m
[ 63%] [32mBuilding CXX object CMakeFiles/interface_package__rosidl_typesupport_introspection_cpp.dir/rosidl_typesupport_introspection_cpp/interface_package/msg/detail/navfeedback__type_support.cpp.o[0m
[ 64%] [32mBuilding CXX object CMakeFiles/interface_package__rosidl_typesupport_fastrtps_c.dir/rosidl_typesupport_fastrtps_c/interface_package/srv/detail/location_info__type_support_c.cpp.o[0m
[ 65%] [32mBuilding CXX object CMakeFiles/interface_package__rosidl_typesupport_introspection_cpp.dir/rosidl_typesupport_introspection_cpp/interface_package/msg/detail/navresult__type_support.cpp.o[0m
[ 66%] [32m[1mLinking CXX shared library libinterface_package__rosidl_typesupport_cpp.so[0m
[ 66%] Built target interface_package__rosidl_typesupport_cpp
[ 67%] [32mBuilding CXX object CMakeFiles/interface_package__rosidl_typesupport_fastrtps_c.dir/rosidl_typesupport_fastrtps_c/interface_package/srv/detail/order_call__type_support_c.cpp.o[0m
[ 68%] [32mBuilding CXX object CMakeFiles/interface_package__rosidl_typesupport_fastrtps_c.dir/rosidl_typesupport_fastrtps_c/interface_package/srv/detail/goal_arrival__type_support_c.cpp.o[0m
[ 69%] [32mBuilding CXX object CMakeFiles/interface_package__rosidl_typesupport_fastrtps_cpp.dir/rosidl_typesupport_fastrtps_cpp/interface_package/srv/detail/dds_fastrtps/goal_arrival__type_support.cpp.o[0m
[ 70%] [32mBuilding CXX object CMakeFiles/interface_package__rosidl_typesupport_fastrtps_cpp.dir/rosidl_typesupport_fastrtps_cpp/interface_package/srv/detail/dds_fastrtps/robot_call__type_support.cpp.o[0m
[ 71%] [32mBuilding CXX object CMakeFiles/interface_package__rosidl_typesupport_fastrtps_cpp.dir/rosidl_typesupport_fastrtps_cpp/interface_package/srv/detail/dds_fastrtps/delivery_box__type_support.cpp.o[0m
[ 72%] [32mBuilding CXX object CMakeFiles/interface_package__rosidl_typesupport_fastrtps_c.dir/rosidl_typesupport_fastrtps_c/interface_package/srv/detail/robot_call__type_support_c.cpp.o[0m
[ 72%] [32mBuilding CXX object CMakeFiles/interface_package__rosidl_typesupport_fastrtps_c.dir/rosidl_typesupport_fastrtps_c/interface_package/srv/detail/delivery_box__type_support_c.cpp.o[0m
[ 73%] [32m[1mLinking CXX shared library libinterface_package__rosidl_typesupport_introspection_cpp.so[0m
[ 74%] [32mBuilding CXX object CMakeFiles/interface_package__rosidl_typesupport_fastrtps_c.dir/rosidl_typesupport_fastrtps_c/interface_package/srv/detail/store_alarm__type_support_c.cpp.o[0m
[ 75%] [32mBuilding CXX object CMakeFiles/interface_package__rosidl_typesupport_fastrtps_c.dir/rosidl_typesupport_fastrtps_c/interface_package/srv/detail/robot_dispatch__type_support_c.cpp.o[0m
[ 75%] Built target interface_package__rosidl_typesupport_introspection_cpp
[ 76%] [32mBuilding CXX object CMakeFiles/interface_package__rosidl_typesupport_fastrtps_c.dir/rosidl_typesupport_fastrtps_c/interface_package/srv/detail/node_num__type_support_c.cpp.o[0m
[ 77%] [32mBuilding CXX object CMakeFiles/interface_package__rosidl_typesupport_fastrtps_cpp.dir/rosidl_typesupport_fastrtps_cpp/interface_package/srv/detail/dds_fastrtps/store_alarm__type_support.cpp.o[0m
[ 77%] [32mBuilding CXX object CMakeFiles/interface_package__rosidl_typesupport_fastrtps_cpp.dir/rosidl_typesupport_fastrtps_cpp/interface_package/srv/detail/dds_fastrtps/robot_dispatch__type_support.cpp.o[0m
[ 78%] [32mBuilding CXX object CMakeFiles/interface_package__rosidl_typesupport_fastrtps_cpp.dir/rosidl_typesupport_fastrtps_cpp/interface_package/srv/detail/dds_fastrtps/node_num__type_support.cpp.o[0m
[ 79%] [32mBuilding CXX object CMakeFiles/interface_package__rosidl_typesupport_fastrtps_c.dir/rosidl_typesupport_fastrtps_c/interface_package/msg/detail/navgoal__type_support_c.cpp.o[0m
[ 79%] [32mBuilding CXX object CMakeFiles/interface_package__rosidl_typesupport_fastrtps_c.dir/rosidl_typesupport_fastrtps_c/interface_package/msg/detail/navfeedback__type_support_c.cpp.o[0m
[ 80%] [32mBuilding CXX object CMakeFiles/interface_package__rosidl_typesupport_fastrtps_c.dir/rosidl_typesupport_fastrtps_c/interface_package/msg/detail/navresult__type_support_c.cpp.o[0m
[ 81%] [32mBuilding CXX object CMakeFiles/interface_package__rosidl_typesupport_fastrtps_cpp.dir/rosidl_typesupport_fastrtps_cpp/interface_package/msg/detail/dds_fastrtps/navgoal__type_support.cpp.o[0m
[ 82%] [32mBuilding CXX object CMakeFiles/interface_package__rosidl_typesupport_fastrtps_cpp.dir/rosidl_typesupport_fastrtps_cpp/interface_package/msg/detail/dds_fastrtps/navfeedback__type_support.cpp.o[0m
[ 83%] [32mBuilding CXX object CMakeFiles/interface_package__rosidl_typesupport_fastrtps_cpp.dir/rosidl_typesupport_fastrtps_cpp/interface_package/msg/detail/dds_fastrtps/navresult__type_support.cpp.o[0m
[ 84%] [32m[1mLinking CXX shared library libinterface_package__rosidl_typesupport_fastrtps_c.so[0m
[ 84%] Built target interface_package__rosidl_typesupport_fastrtps_c
[ 84%] [32m[1mLinking CXX shared library libinterface_package__rosidl_typesupport_fastrtps_cpp.so[0m
[ 84%] Built target interface_package__rosidl_typesupport_fastrtps_cpp
[ 84%] Built target interface_package
[ 85%] [34m[1mGenerating Python code for ROS interfaces[0m
[ 85%] Built target interface_package__py
[35m[1mConsolidate compiler generated dependencies of target interface_package__rosidl_generator_py[0m
[ 87%] [32mBuilding C object CMakeFiles/interface_package__rosidl_generator_py.dir/rosidl_generator_py/interface_package/srv/_location_info_s.c.o[0m
[ 87%] [32mBuilding C object CMakeFiles/interface_package__rosidl_generator_py.dir/rosidl_generator_py/interface_package/srv/_goal_arrival_s.c.o[0m
[ 88%] [32mBuilding C object CMakeFiles/interface_package__rosidl_generator_py.dir/rosidl_generator_py/interface_package/srv/_order_tracking_s.c.o[0m
[ 87%] [32mBuilding C object CMakeFiles/interface_package__rosidl_generator_py.dir/rosidl_generator_py/interface_package/srv/_order_info_s.c.o[0m
[ 89%] [32mBuilding C object CMakeFiles/interface_package__rosidl_generator_py.dir/rosidl_generator_py/interface_package/srv/_order_call_s.c.o[0m
[ 90%] [32mBuilding C object CMakeFiles/interface_package__rosidl_generator_py.dir/rosidl_generator_py/interface_package/srv/_robot_call_s.c.o[0m
[ 90%] [32mBuilding C object CMakeFiles/interface_package__rosidl_generator_py.dir/rosidl_generator_py/interface_package/srv/_delivery_box_s.c.o[0m
[ 91%] [32mBuilding C object CMakeFiles/interface_package__rosidl_generator_py.dir/rosidl_generator_py/interface_package/srv/_store_alarm_s.c.o[0m
[ 92%] [32mBuilding C object CMakeFiles/interface_package__rosidl_generator_py.dir/rosidl_generator_py/interface_package/srv/_robot_dispatch_s.c.o[0m
[ 93%] [32mBuilding C object CMakeFiles/interface_package__rosidl_generator_py.dir/rosidl_generator_py/interface_package/srv/_node_num_s.c.o[0m
[ 94%] [32mBuilding C object CMakeFiles/interface_package__rosidl_generator_py.dir/rosidl_generator_py/interface_package/msg/_navgoal_s.c.o[0m
[ 94%] [32mBuilding C object CMakeFiles/interface_package__rosidl_generator_py.dir/rosidl_generator_py/interface_package/msg/_navfeedback_s.c.o[0m
[ 95%] [32mBuilding C object CMakeFiles/interface_package__rosidl_generator_py.dir/rosidl_generator_py/interface_package/msg/_navresult_s.c.o[0m
[ 96%] [32m[1mLinking C shared library rosidl_generator_py/interface_package/libinterface_package__rosidl_generator_py.so[0m
[ 96%] Built target interface_package__rosidl_generator_py
[35m[1mConsolidate compiler generated dependencies of target interface_package__rosidl_typesupport_c__pyext[0m
[35m[1mConsolidate compiler generated dependencies of target interface_package__rosidl_typesupport_introspection_c__pyext[0m
[35m[1mConsolidate compiler generated dependencies of target interface_package__rosidl_typesupport_fastrtps_c__pyext[0m
[ 97%] [32mBuilding C object CMakeFiles/interface_package__rosidl_typesupport_c__pyext.dir/rosidl_generator_py/interface_package/_interface_package_s.ep.rosidl_typesupport_c.c.o[0m
[ 98%] [32mBuilding C object CMakeFiles/interface_package__rosidl_typesupport_fastrtps_c__pyext.dir/rosidl_generator_py/interface_package/_interface_package_s.ep.rosidl_typesupport_fastrtps_c.c.o[0m
[ 99%] [32mBuilding C object CMakeFiles/interface_package__rosidl_typesupport_introspection_c__pyext.dir/rosidl_generator_py/interface_package/_interface_package_s.ep.rosidl_typesupport_introspection_c.c.o[0m
[ 99%] [32m[1mLinking C shared library rosidl_generator_py/interface_package/interface_package_s__rosidl_typesupport_c.cpython-310-x86_64-linux-gnu.so[0m
[100%] [32m[1mLinking C shared library rosidl_generator_py/interface_package/interface_package_s__rosidl_typesupport_introspection_c.cpython-310-x86_64-linux-gnu.so[0m
[100%] [32m[1mLinking C shared library rosidl_generator_py/interface_package/interface_package_s__rosidl_typesupport_fastrtps_c.cpython-310-x86_64-linux-gnu.so[0m
[100%] Built target interface_package__rosidl_typesupport_introspection_c__pyext
[100%] Built target interface_package__rosidl_typesupport_c__pyext
[100%] Built target interface_package__rosidl_typesupport_fastrtps_c__pyext
-- Install configuration: ""
-- Installing: /home/bo/amr_ws/final/ros-repo-3/ControlTower/install/interface_package/share/ament_index/resource_index/rosidl_interfaces/interface_package
-- Up-to-date: /home/bo/amr_ws/final/ros-repo-3/ControlTower/install/interface_package/include/interface_package/interface_package
-- Up-to-date: /home/bo/amr_ws/final/ros-repo-3/ControlTower/install/interface_package/include/interface_package/interface_package/srv
-- Installing: /home/bo/amr_ws/final/ros-repo-3/ControlTower/install/interface_package/include/interface_package/interface_package/srv/location_info.h
-- Installing: /home/bo/amr_ws/final/ros-repo-3/ControlTower/install/interface_package/include/interface_package/interface_package/srv/delivery_box.h
-- Installing: /home/bo/amr_ws/final/ros-repo-3/ControlTower/install/interface_package/include/interface_package/interface_package/srv/store_alarm.h
-- Installing: /home/bo/amr_ws/final/ros-repo-3/ControlTower/install/interface_package/include/interface_package/interface_package/srv/order_info.h
-- Installing: /home/bo/amr_ws/final/ros-repo-3/ControlTower/install/interface_package/include/interface_package/interface_package/srv/node_num.h
-- Installing: /home/bo/amr_ws/final/ros-repo-3/ControlTower/install/interface_package/include/interface_package/interface_package/srv/robot_dispatch.h
-- Up-to-date: /home/bo/amr_ws/final/ros-repo-3/ControlTower/install/interface_package/include/interface_package/interface_package/srv/detail
-- Installing: /home/bo/amr_ws/final/ros-repo-3/ControlTower/install/interface_package/include/interface_package/interface_package/srv/detail/order_tracking__struct.h
-- Installing: /home/bo/amr_ws/final/ros-repo-3/ControlTower/install/interface_package/include/interface_package/interface_package/srv/detail/node_num__functions.c
-- Installing: /home/bo/amr_ws/final/ros-repo-3/ControlTower/install/interface_package/include/interface_package/interface_package/srv/detail/robot_dispatch__type_support.h
-- Installing: /home/bo/amr_ws/final/ros-repo-3/ControlTower/install/interface_package/include/interface_package/interface_package/srv/detail/delivery_box__functions.h
-- Installing: /home/bo/amr_ws/final/ros-repo-3/ControlTower/install/interface_package/include/interface_package/interface_package/srv/detail/goal_arrival__type_support.h
-- Installing: /home/bo/amr_ws/final/ros-repo-3/ControlTower/install/interface_package/include/interface_package/interface_package/srv/detail/goal_arrival__functions.c
-- Installing: /home/bo/amr_ws/final/ros-repo-3/ControlTower/install/interface_package/include/interface_package/interface_package/srv/detail/robot_call__functions.c
-- Installing: /home/bo/amr_ws/final/ros-repo-3/ControlTower/install/interface_package/include/interface_package/interface_package/srv/detail/node_num__struct.h
-- Installing: /home/bo/amr_ws/final/ros-repo-3/ControlTower/install/interface_package/include/interface_package/interface_package/srv/detail/delivery_box__functions.c
-- Installing: /home/bo/amr_ws/final/ros-repo-3/ControlTower/install/interface_package/include/interface_package/interface_package/srv/detail/order_info__type_support.h
-- Installing: /home/bo/amr_ws/final/ros-repo-3/ControlTower/install/interface_package/include/interface_package/interface_package/srv/detail/goal_arrival__functions.h
-- Installing: /home/bo/amr_ws/final/ros-repo-3/ControlTower/install/interface_package/include/interface_package/interface_package/srv/detail/location_info__struct.h
-- Installing: /home/bo/amr_ws/final/ros-repo-3/ControlTower/install/interface_package/include/interface_package/interface_package/srv/detail/order_call__type_support.h
-- Installing: /home/bo/amr_ws/final/ros-repo-3/ControlTower/install/interface_package/include/interface_package/interface_package/srv/detail/order_tracking__functions.c
-- Installing: /home/bo/amr_ws/final/ros-repo-3/ControlTower/install/interface_package/include/interface_package/interface_package/srv/detail/order_info__struct.h
-- Installing: /home/bo/amr_ws/final/ros-repo-3/ControlTower/install/interface_package/include/interface_package/interface_package/srv/detail/order_info__functions.c
-- Installing: /home/bo/amr_ws/final/ros-repo-3/ControlTower/install/interface_package/include/interface_package/interface_package/srv/detail/robot_call__struct.h
-- Installing: /home/bo/amr_ws/final/ros-repo-3/ControlTower/install/interface_package/include/interface_package/interface_package/srv/detail/store_alarm__functions.c
-- Installing: /home/bo/amr_ws/final/ros-repo-3/ControlTower/install/interface_package/include/interface_package/interface_package/srv/detail/store_alarm__struct.h
-- Installing: /home/bo/amr_ws/final/ros-repo-3/ControlTower/install/interface_package/include/interface_package/interface_package/srv/detail/goal_arrival__struct.h
-- Installing: /home/bo/amr_ws/final/ros-repo-3/ControlTower/install/interface_package/include/interface_package/interface_package/srv/detail/order_tracking__type_support.h
-- Installing: /home/bo/amr_ws/final/ros-repo-3/ControlTower/install/interface_package/include/interface_package/interface_package/srv/detail/location_info__functions.h
-- Installing: /home/bo/amr_ws/final/ros-repo-3/ControlTower/install/interface_package/include/interface_package/interface_package/srv/detail/order_tracking__functions.h
-- Installing: /home/bo/amr_ws/final/ros-repo-3/ControlTower/install/interface_package/include/interface_package/interface_package/srv/detail/node_num__functions.h
-- Installing: /home/bo/amr_ws/final/ros-repo-3/ControlTower/install/interface_package/include/interface_package/interface_package/srv/detail/order_info__functions.h
-- Installing: /home/bo/amr_ws/final/ros-repo-3/ControlTower/install/interface_package/include/interface_package/interface_package/srv/detail/node_num__type_support.h
-- Installing: /home/bo/amr_ws/final/ros-repo-3/ControlTower/install/interface_package/include/interface_package/interface_package/srv/detail/robot_dispatch__struct.h
-- Installing: /home/bo/amr_ws/final/ros-repo-3/ControlTower/install/interface_package/include/interface_package/interface_package/srv/detail/robot_dispatch__functions.h
-- Installing: /home/bo/amr_ws/final/ros-repo-3/ControlTower/install/interface_package/include/interface_package/interface_package/srv/detail/robot_call__functions.h
-- Installing: /home/bo/amr_ws/final/ros-repo-3/ControlTower/install/interface_package/include/interface_package/interface_package/srv/detail/order_call__functions.h
-- Installing: /home/bo/amr_ws/final/ros-repo-3/ControlTower/install/interface_package/include/interface_package/interface_package/srv/detail/store_alarm__functions.h
-- Installing: /home/bo/amr_ws/final/ros-repo-3/ControlTower/install/interface_package/include/interface_package/interface_package/srv/detail/order_call__struct.h
-- Installing: /home/bo/amr_ws/final/ros-repo-3/ControlTower/install/interface_package/include/interface_package/interface_package/srv/detail/delivery_box__struct.h
-- Installing: /home/bo/amr_ws/final/ros-repo-3/ControlTower/install/interface_package/include/interface_package/interface_package/srv/detail/robot_call__type_support.h
-- Installing: /home/bo/amr_ws/final/ros-repo-3/ControlTower/install/interface_package/include/interface_package/interface_package/srv/detail/store_alarm__type_support.h
-- Installing: /home/bo/amr_ws/final/ros-repo-3/ControlTower/install/interface_package/include/interface_package/interface_package/srv/detail/location_info__functions.c
-- Installing: /home/bo/amr_ws/final/ros-repo-3/ControlTower/install/interface_package/include/interface_package/interface_package/srv/detail/location_info__type_support.h
-- Installing: /home/bo/amr_ws/final/ros-repo-3/ControlTower/install/interface_package/include/interface_package/interface_package/srv/detail/delivery_box__type_support.h
-- Installing: /home/bo/amr_ws/final/ros-repo-3/ControlTower/install/interface_package/include/interface_package/interface_package/srv/detail/robot_dispatch__functions.c
-- Installing: /home/bo/amr_ws/final/ros-repo-3/ControlTower/install/interface_package/include/interface_package/interface_package/srv/detail/order_call__functions.c
-- Installing: /home/bo/amr_ws/final/ros-repo-3/ControlTower/install/interface_package/include/interface_package/interface_package/srv/order_tracking.h
-- Installing: /home/bo/amr_ws/final/ros-repo-3/ControlTower/install/interface_package/include/interface_package/interface_package/srv/goal_arrival.h
-- Installing: /home/bo/amr_ws/final/ros-repo-3/ControlTower/install/interface_package/include/interface_package/interface_package/srv/robot_call.h
-- Installing: /home/bo/amr_ws/final/ros-repo-3/ControlTower/install/interface_package/include/interface_package/interface_package/srv/order_call.h
-- Up-to-date: /home/bo/amr_ws/final/ros-repo-3/ControlTower/install/interface_package/include/interface_package/interface_package/msg
-- Installing: /home/bo/amr_ws/final/ros-repo-3/ControlTower/install/interface_package/include/interface_package/interface_package/msg/navfeedback.h
-- Installing: /home/bo/amr_ws/final/ros-repo-3/ControlTower/install/interface_package/include/interface_package/interface_package/msg/navresult.h
-- Installing: /home/bo/amr_ws/final/ros-repo-3/ControlTower/install/interface_package/include/interface_package/interface_package/msg/navgoal.h
-- Up-to-date: /home/bo/amr_ws/final/ros-repo-3/ControlTower/install/interface_package/include/interface_package/interface_package/msg/detail
-- Installing: /home/bo/amr_ws/final/ros-repo-3/ControlTower/install/interface_package/include/interface_package/interface_package/msg/detail/navfeedback__struct.h
-- Installing: /home/bo/amr_ws/final/ros-repo-3/ControlTower/install/interface_package/include/interface_package/interface_package/msg/detail/navfeedback__type_support.h
-- Installing: /home/bo/amr_ws/final/ros-repo-3/ControlTower/install/interface_package/include/interface_package/interface_package/msg/detail/navgoal__struct.h
-- Installing: /home/bo/amr_ws/final/ros-repo-3/ControlTower/install/interface_package/include/interface_package/interface_package/msg/detail/navgoal__functions.h
-- Installing: /home/bo/amr_ws/final/ros-repo-3/ControlTower/install/interface_package/include/interface_package/interface_package/msg/detail/navgoal__functions.c
-- Installing: /home/bo/amr_ws/final/ros-repo-3/ControlTower/install/interface_package/include/interface_package/interface_package/msg/detail/navresult__functions.h
-- Installing: /home/bo/amr_ws/final/ros-repo-3/ControlTower/install/interface_package/include/interface_package/interface_package/msg/detail/navresult__struct.h
-- Installing: /home/bo/amr_ws/final/ros-repo-3/ControlTower/install/interface_package/include/interface_package/interface_package/msg/detail/navfeedback__functions.h
-- Installing: /home/bo/amr_ws/final/ros-repo-3/ControlTower/install/interface_package/include/interface_package/interface_package/msg/detail/navgoal__type_support.h
-- Installing: /home/bo/amr_ws/final/ros-repo-3/ControlTower/install/interface_package/include/interface_package/interface_package/msg/detail/navresult__type_support.h
-- Installing: /home/bo/amr_ws/final/ros-repo-3/ControlTower/install/interface_package/include/interface_package/interface_package/msg/detail/navresult__functions.c
-- Installing: /home/bo/amr_ws/final/ros-repo-3/ControlTower/install/interface_package/include/interface_package/interface_package/msg/detail/navfeedback__functions.c
-- Up-to-date: /home/bo/amr_ws/final/ros-repo-3/ControlTower/install/interface_package/include/interface_package/interface_package/msg/rosidl_generator_c__visibility_control.h
-- Up-to-date: /home/bo/amr_ws/final/ros-repo-3/ControlTower/install/interface_package/share/interface_package/environment/library_path.sh
-- Installing: /home/bo/amr_ws/final/ros-repo-3/ControlTower/install/interface_package/share/interface_package/environment/library_path.dsv
-- Installing: /home/bo/amr_ws/final/ros-repo-3/ControlTower/install/interface_package/lib/libinterface_package__rosidl_generator_c.so
-- Set runtime path of "/home/bo/amr_ws/final/ros-repo-3/ControlTower/install/interface_package/lib/libinterface_package__rosidl_generator_c.so" to ""
-- Up-to-date: /home/bo/amr_ws/final/ros-repo-3/ControlTower/install/interface_package/include/interface_package/interface_package
-- Up-to-date: /home/bo/amr_ws/final/ros-repo-3/ControlTower/install/interface_package/include/interface_package/interface_package/srv
-- Up-to-date: /home/bo/amr_ws/final/ros-repo-3/ControlTower/install/interface_package/include/interface_package/interface_package/srv/detail
-- Installing: /home/bo/amr_ws/final/ros-repo-3/ControlTower/install/interface_package/include/interface_package/interface_package/srv/detail/robot_call__rosidl_typesupport_fastrtps_c.h
-- Installing: /home/bo/amr_ws/final/ros-repo-3/ControlTower/install/interface_package/include/interface_package/interface_package/srv/detail/order_tracking__rosidl_typesupport_fastrtps_c.h
-- Installing: /home/bo/amr_ws/final/ros-repo-3/ControlTower/install/interface_package/include/interface_package/interface_package/srv/detail/node_num__rosidl_typesupport_fastrtps_c.h
-- Installing: /home/bo/amr_ws/final/ros-repo-3/ControlTower/install/interface_package/include/interface_package/interface_package/srv/detail/store_alarm__rosidl_typesupport_fastrtps_c.h
-- Installing: /home/bo/amr_ws/final/ros-repo-3/ControlTower/install/interface_package/include/interface_package/interface_package/srv/detail/delivery_box__rosidl_typesupport_fastrtps_c.h
-- Installing: /home/bo/amr_ws/final/ros-repo-3/ControlTower/install/interface_package/include/interface_package/interface_package/srv/detail/order_info__rosidl_typesupport_fastrtps_c.h
-- Installing: /home/bo/amr_ws/final/ros-repo-3/ControlTower/install/interface_package/include/interface_package/interface_package/srv/detail/robot_dispatch__rosidl_typesupport_fastrtps_c.h
-- Installing: /home/bo/amr_ws/final/ros-repo-3/ControlTower/install/interface_package/include/interface_package/interface_package/srv/detail/location_info__rosidl_typesupport_fastrtps_c.h
-- Installing: /home/bo/amr_ws/final/ros-repo-3/ControlTower/install/interface_package/include/interface_package/interface_package/srv/detail/goal_arrival__rosidl_typesupport_fastrtps_c.h
-- Installing: /home/bo/amr_ws/final/ros-repo-3/ControlTower/install/interface_package/include/interface_package/interface_package/srv/detail/order_call__rosidl_typesupport_fastrtps_c.h
-- Up-to-date: /home/bo/amr_ws/final/ros-repo-3/ControlTower/install/interface_package/include/interface_package/interface_package/msg
-- Up-to-date: /home/bo/amr_ws/final/ros-repo-3/ControlTower/install/interface_package/include/interface_package/interface_package/msg/detail
-- Installing: /home/bo/amr_ws/final/ros-repo-3/ControlTower/install/interface_package/include/interface_package/interface_package/msg/detail/navresult__rosidl_typesupport_fastrtps_c.h
-- Installing: /home/bo/amr_ws/final/ros-repo-3/ControlTower/install/interface_package/include/interface_package/interface_package/msg/detail/navgoal__rosidl_typesupport_fastrtps_c.h
-- Installing: /home/bo/amr_ws/final/ros-repo-3/ControlTower/install/interface_package/include/interface_package/interface_package/msg/detail/navfeedback__rosidl_typesupport_fastrtps_c.h
-- Up-to-date: /home/bo/amr_ws/final/ros-repo-3/ControlTower/install/interface_package/include/interface_package/interface_package/msg/rosidl_typesupport_fastrtps_c__visibility_control.h
-- Installing: /home/bo/amr_ws/final/ros-repo-3/ControlTower/install/interface_package/lib/libinterface_package__rosidl_typesupport_fastrtps_c.so
-- Set runtime path of "/home/bo/amr_ws/final/ros-repo-3/ControlTower/install/interface_package/lib/libinterface_package__rosidl_typesupport_fastrtps_c.so" to ""
-- Up-to-date: /home/bo/amr_ws/final/ros-repo-3/ControlTower/install/interface_package/include/interface_package/interface_package
-- Up-to-date: /home/bo/amr_ws/final/ros-repo-3/ControlTower/install/interface_package/include/interface_package/interface_package/srv
-- Up-to-date: /home/bo/amr_ws/final/ros-repo-3/ControlTower/install/interface_package/include/interface_package/interface_package/srv/detail
-- Installing: /home/bo/amr_ws/final/ros-repo-3/ControlTower/install/interface_package/include/interface_package/interface_package/srv/detail/order_call__type_support.c
-- Installing: /home/bo/amr_ws/final/ros-repo-3/ControlTower/install/interface_package/include/interface_package/interface_package/srv/detail/node_num__type_support.c
-- Installing: /home/bo/amr_ws/final/ros-repo-3/ControlTower/install/interface_package/include/interface_package/interface_package/srv/detail/order_tracking__rosidl_typesupport_introspection_c.h
-- Installing: /home/bo/amr_ws/final/ros-repo-3/ControlTower/install/interface_package/include/interface_package/interface_package/srv/detail/goal_arrival__type_support.c
-- Installing: /home/bo/amr_ws/final/ros-repo-3/ControlTower/install/interface_package/include/interface_package/interface_package/srv/detail/robot_call__rosidl_typesupport_introspection_c.h
-- Installing: /home/bo/amr_ws/final/ros-repo-3/ControlTower/install/interface_package/include/interface_package/interface_package/srv/detail/order_info__rosidl_typesupport_introspection_c.h
-- Installing: /home/bo/amr_ws/final/ros-repo-3/ControlTower/install/interface_package/include/interface_package/interface_package/srv/detail/delivery_box__rosidl_typesupport_introspection_c.h
-- Installing: /home/bo/amr_ws/final/ros-repo-3/ControlTower/install/interface_package/include/interface_package/interface_package/srv/detail/store_alarm__rosidl_typesupport_introspection_c.h
-- Installing: /home/bo/amr_ws/final/ros-repo-3/ControlTower/install/interface_package/include/interface_package/interface_package/srv/detail/location_info__type_support.c
-- Installing: /home/bo/amr_ws/final/ros-repo-3/ControlTower/install/interface_package/include/interface_package/interface_package/srv/detail/robot_dispatch__rosidl_typesupport_introspection_c.h
-- Installing: /home/bo/amr_ws/final/ros-repo-3/ControlTower/install/interface_package/include/interface_package/interface_package/srv/detail/delivery_box__type_support.c
-- Installing: /home/bo/amr_ws/final/ros-repo-3/ControlTower/install/interface_package/include/interface_package/interface_package/srv/detail/order_tracking__type_support.c
-- Installing: /home/bo/amr_ws/final/ros-repo-3/ControlTower/install/interface_package/include/interface_package/interface_package/srv/detail/order_call__rosidl_typesupport_introspection_c.h
-- Installing: /home/bo/amr_ws/final/ros-repo-3/ControlTower/install/interface_package/include/interface_package/interface_package/srv/detail/store_alarm__type_support.c
-- Installing: /home/bo/amr_ws/final/ros-repo-3/ControlTower/install/interface_package/include/interface_package/interface_package/srv/detail/order_info__type_support.c
-- Installing: /home/bo/amr_ws/final/ros-repo-3/ControlTower/install/interface_package/include/interface_package/interface_package/srv/detail/goal_arrival__rosidl_typesupport_introspection_c.h
-- Installing: /home/bo/amr_ws/final/ros-repo-3/ControlTower/install/interface_package/include/interface_package/interface_package/srv/detail/robot_dispatch__type_support.c
-- Installing: /home/bo/amr_ws/final/ros-repo-3/ControlTower/install/interface_package/include/interface_package/interface_package/srv/detail/location_info__rosidl_typesupport_introspection_c.h
-- Installing: /home/bo/amr_ws/final/ros-repo-3/ControlTower/install/interface_package/include/interface_package/interface_package/srv/detail/node_num__rosidl_typesupport_introspection_c.h
-- Installing: /home/bo/amr_ws/final/ros-repo-3/ControlTower/install/interface_package/include/interface_package/interface_package/srv/detail/robot_call__type_support.c
-- Up-to-date: /home/bo/amr_ws/final/ros-repo-3/ControlTower/install/interface_package/include/interface_package/interface_package/msg
-- Up-to-date: /home/bo/amr_ws/final/ros-repo-3/ControlTower/install/interface_package/include/interface_package/interface_package/msg/rosidl_typesupport_introspection_c__visibility_control.h
-- Up-to-date: /home/bo/amr_ws/final/ros-repo-3/ControlTower/install/interface_package/include/interface_package/interface_package/msg/detail
-- Installing: /home/bo/amr_ws/final/ros-repo-3/ControlTower/install/interface_package/include/interface_package/interface_package/msg/detail/navresult__type_support.c
-- Installing: /home/bo/amr_ws/final/ros-repo-3/ControlTower/install/interface_package/include/interface_package/interface_package/msg/detail/navresult__rosidl_typesupport_introspection_c.h
-- Installing: /home/bo/amr_ws/final/ros-repo-3/ControlTower/install/interface_package/include/interface_package/interface_package/msg/detail/navfeedback__rosidl_typesupport_introspection_c.h
-- Installing: /home/bo/amr_ws/final/ros-repo-3/ControlTower/install/interface_package/include/interface_package/interface_package/msg/detail/navfeedback__type_support.c
-- Installing: /home/bo/amr_ws/final/ros-repo-3/ControlTower/install/interface_package/include/interface_package/interface_package/msg/detail/navgoal__type_support.c
-- Installing: /home/bo/amr_ws/final/ros-repo-3/ControlTower/install/interface_package/include/interface_package/interface_package/msg/detail/navgoal__rosidl_typesupport_introspection_c.h
-- Installing: /home/bo/amr_ws/final/ros-repo-3/ControlTower/install/interface_package/lib/libinterface_package__rosidl_typesupport_introspection_c.so
-- Set runtime path of "/home/bo/amr_ws/final/ros-repo-3/ControlTower/install/interface_package/lib/libinterface_package__rosidl_typesupport_introspection_c.so" to ""
-- Installing: /home/bo/amr_ws/final/ros-repo-3/ControlTower/install/interface_package/lib/libinterface_package__rosidl_typesupport_c.so
-- Set runtime path of "/home/bo/amr_ws/final/ros-repo-3/ControlTower/install/interface_package/lib/libinterface_package__rosidl_typesupport_c.so" to ""
-- Up-to-date: /home/bo/amr_ws/final/ros-repo-3/ControlTower/install/interface_package/include/interface_package/interface_package
-- Up-to-date: /home/bo/amr_ws/final/ros-repo-3/ControlTower/install/interface_package/include/interface_package/interface_package/srv
-- Installing: /home/bo/amr_ws/final/ros-repo-3/ControlTower/install/interface_package/include/interface_package/interface_package/srv/goal_arrival.hpp
-- Installing: /home/bo/amr_ws/final/ros-repo-3/ControlTower/install/interface_package/include/interface_package/interface_package/srv/location_info.hpp
-- Installing: /home/bo/amr_ws/final/ros-repo-3/ControlTower/install/interface_package/include/interface_package/interface_package/srv/order_call.hpp
-- Installing: /home/bo/amr_ws/final/ros-repo-3/ControlTower/install/interface_package/include/interface_package/interface_package/srv/node_num.hpp
-- Installing: /home/bo/amr_ws/final/ros-repo-3/ControlTower/install/interface_package/include/interface_package/interface_package/srv/store_alarm.hpp
-- Installing: /home/bo/amr_ws/final/ros-repo-3/ControlTower/install/interface_package/include/interface_package/interface_package/srv/order_tracking.hpp
-- Up-to-date: /home/bo/amr_ws/final/ros-repo-3/ControlTower/install/interface_package/include/interface_package/interface_package/srv/detail
-- Installing: /home/bo/amr_ws/final/ros-repo-3/ControlTower/install/interface_package/include/interface_package/interface_package/srv/detail/order_tracking__traits.hpp
-- Installing: /home/bo/amr_ws/final/ros-repo-3/ControlTower/install/interface_package/include/interface_package/interface_package/srv/detail/goal_arrival__traits.hpp
-- Installing: /home/bo/amr_ws/final/ros-repo-3/ControlTower/install/interface_package/include/interface_package/interface_package/srv/detail/delivery_box__traits.hpp
-- Installing: /home/bo/amr_ws/final/ros-repo-3/ControlTower/install/interface_package/include/interface_package/interface_package/srv/detail/order_call__struct.hpp
-- Installing: /home/bo/amr_ws/final/ros-repo-3/ControlTower/install/interface_package/include/interface_package/interface_package/srv/detail/goal_arrival__struct.hpp
-- Installing: /home/bo/amr_ws/final/ros-repo-3/ControlTower/install/interface_package/include/interface_package/interface_package/srv/detail/order_call__traits.hpp
-- Installing: /home/bo/amr_ws/final/ros-repo-3/ControlTower/install/interface_package/include/interface_package/interface_package/srv/detail/goal_arrival__builder.hpp
-- Installing: /home/bo/amr_ws/final/ros-repo-3/ControlTower/install/interface_package/include/interface_package/interface_package/srv/detail/store_alarm__traits.hpp
-- Installing: /home/bo/amr_ws/final/ros-repo-3/ControlTower/install/interface_package/include/interface_package/interface_package/srv/detail/order_call__builder.hpp
-- Installing: /home/bo/amr_ws/final/ros-repo-3/ControlTower/install/interface_package/include/interface_package/interface_package/srv/detail/store_alarm__builder.hpp
-- Installing: /home/bo/amr_ws/final/ros-repo-3/ControlTower/install/interface_package/include/interface_package/interface_package/srv/detail/order_tracking__struct.hpp
-- Installing: /home/bo/amr_ws/final/ros-repo-3/ControlTower/install/interface_package/include/interface_package/interface_package/srv/detail/node_num__struct.hpp
-- Installing: /home/bo/amr_ws/final/ros-repo-3/ControlTower/install/interface_package/include/interface_package/interface_package/srv/detail/store_alarm__struct.hpp
-- Installing: /home/bo/amr_ws/final/ros-repo-3/ControlTower/install/interface_package/include/interface_package/interface_package/srv/detail/location_info__builder.hpp
-- Installing: /home/bo/amr_ws/final/ros-repo-3/ControlTower/install/interface_package/include/interface_package/interface_package/srv/detail/robot_dispatch__struct.hpp
-- Installing: /home/bo/amr_ws/final/ros-repo-3/ControlTower/install/interface_package/include/interface_package/interface_package/srv/detail/node_num__traits.hpp
-- Installing: /home/bo/amr_ws/final/ros-repo-3/ControlTower/install/interface_package/include/interface_package/interface_package/srv/detail/delivery_box__struct.hpp
-- Installing: /home/bo/amr_ws/final/ros-repo-3/ControlTower/install/interface_package/include/interface_package/interface_package/srv/detail/location_info__struct.hpp
-- Installing: /home/bo/amr_ws/final/ros-repo-3/ControlTower/install/interface_package/include/interface_package/interface_package/srv/detail/robot_call__struct.hpp
-- Installing: /home/bo/amr_ws/final/ros-repo-3/ControlTower/install/interface_package/include/interface_package/interface_package/srv/detail/robot_dispatch__builder.hpp
-- Installing: /home/bo/amr_ws/final/ros-repo-3/ControlTower/install/interface_package/include/interface_package/interface_package/srv/detail/robot_call__traits.hpp
-- Installing: /home/bo/amr_ws/final/ros-repo-3/ControlTower/install/interface_package/include/interface_package/interface_package/srv/detail/robot_dispatch__traits.hpp
-- Installing: /home/bo/amr_ws/final/ros-repo-3/ControlTower/install/interface_package/include/interface_package/interface_package/srv/detail/order_info__traits.hpp
-- Installing: /home/bo/amr_ws/final/ros-repo-3/ControlTower/install/interface_package/include/interface_package/interface_package/srv/detail/delivery_box__builder.hpp
-- Installing: /home/bo/amr_ws/final/ros-repo-3/ControlTower/install/interface_package/include/interface_package/interface_package/srv/detail/node_num__builder.hpp
-- Installing: /home/bo/amr_ws/final/ros-repo-3/ControlTower/install/interface_package/include/interface_package/interface_package/srv/detail/order_tracking__builder.hpp
-- Installing: /home/bo/amr_ws/final/ros-repo-3/ControlTower/install/interface_package/include/interface_package/interface_package/srv/detail/robot_call__builder.hpp
-- Installing: /home/bo/amr_ws/final/ros-repo-3/ControlTower/install/interface_package/include/interface_package/interface_package/srv/detail/location_info__traits.hpp
-- Installing: /home/bo/amr_ws/final/ros-repo-3/ControlTower/install/interface_package/include/interface_package/interface_package/srv/detail/order_info__builder.hpp
-- Installing: /home/bo/amr_ws/final/ros-repo-3/ControlTower/install/interface_package/include/interface_package/interface_package/srv/detail/order_info__struct.hpp
-- Installing: /home/bo/amr_ws/final/ros-repo-3/ControlTower/install/interface_package/include/interface_package/interface_package/srv/delivery_box.hpp
-- Installing: /home/bo/amr_ws/final/ros-repo-3/ControlTower/install/interface_package/include/interface_package/interface_package/srv/robot_call.hpp
-- Installing: /home/bo/amr_ws/final/ros-repo-3/ControlTower/install/interface_package/include/interface_package/interface_package/srv/robot_dispatch.hpp
-- Installing: /home/bo/amr_ws/final/ros-repo-3/ControlTower/install/interface_package/include/interface_package/interface_package/srv/order_info.hpp
-- Up-to-date: /home/bo/amr_ws/final/ros-repo-3/ControlTower/install/interface_package/include/interface_package/interface_package/msg
-- Installing: /home/bo/amr_ws/final/ros-repo-3/ControlTower/install/interface_package/include/interface_package/interface_package/msg/navfeedback.hpp
-- Up-to-date: /home/bo/amr_ws/final/ros-repo-3/ControlTower/install/interface_package/include/interface_package/interface_package/msg/detail
-- Installing: /home/bo/amr_ws/final/ros-repo-3/ControlTower/install/interface_package/include/interface_package/interface_package/msg/detail/navgoal__struct.hpp
-- Installing: /home/bo/amr_ws/final/ros-repo-3/ControlTower/install/interface_package/include/interface_package/interface_package/msg/detail/navgoal__builder.hpp
-- Installing: /home/bo/amr_ws/final/ros-repo-3/ControlTower/install/interface_package/include/interface_package/interface_package/msg/detail/navfeedback__struct.hpp
-- Installing: /home/bo/amr_ws/final/ros-repo-3/ControlTower/install/interface_package/include/interface_package/interface_package/msg/detail/navgoal__traits.hpp
-- Installing: /home/bo/amr_ws/final/ros-repo-3/ControlTower/install/interface_package/include/interface_package/interface_package/msg/detail/navresult__traits.hpp
-- Installing: /home/bo/amr_ws/final/ros-repo-3/ControlTower/install/interface_package/include/interface_package/interface_package/msg/detail/navresult__struct.hpp
-- Installing: /home/bo/amr_ws/final/ros-repo-3/ControlTower/install/interface_package/include/interface_package/interface_package/msg/detail/navresult__builder.hpp
-- Installing: /home/bo/amr_ws/final/ros-repo-3/ControlTower/install/interface_package/include/interface_package/interface_package/msg/detail/navfeedback__traits.hpp
-- Installing: /home/bo/amr_ws/final/ros-repo-3/ControlTower/install/interface_package/include/interface_package/interface_package/msg/detail/navfeedback__builder.hpp
-- Installing: /home/bo/amr_ws/final/ros-repo-3/ControlTower/install/interface_package/include/interface_package/interface_package/msg/navgoal.hpp
-- Installing: /home/bo/amr_ws/final/ros-repo-3/ControlTower/install/interface_package/include/interface_package/interface_package/msg/navresult.hpp
-- Up-to-date: /home/bo/amr_ws/final/ros-repo-3/ControlTower/install/interface_package/include/interface_package/interface_package
-- Up-to-date: /home/bo/amr_ws/final/ros-repo-3/ControlTower/install/interface_package/include/interface_package/interface_package/srv
-- Up-to-date: /home/bo/amr_ws/final/ros-repo-3/ControlTower/install/interface_package/include/interface_package/interface_package/srv/detail
-- Installing: /home/bo/amr_ws/final/ros-repo-3/ControlTower/install/interface_package/include/interface_package/interface_package/srv/detail/order_info__rosidl_typesupport_fastrtps_cpp.hpp
-- Installing: /home/bo/amr_ws/final/ros-repo-3/ControlTower/install/interface_package/include/interface_package/interface_package/srv/detail/robot_call__rosidl_typesupport_fastrtps_cpp.hpp
-- Installing: /home/bo/amr_ws/final/ros-repo-3/ControlTower/install/interface_package/include/interface_package/interface_package/srv/detail/delivery_box__rosidl_typesupport_fastrtps_cpp.hpp
-- Installing: /home/bo/amr_ws/final/ros-repo-3/ControlTower/install/interface_package/include/interface_package/interface_package/srv/detail/node_num__rosidl_typesupport_fastrtps_cpp.hpp
-- Up-to-date: /home/bo/amr_ws/final/ros-repo-3/ControlTower/install/interface_package/include/interface_package/interface_package/srv/detail/dds_fastrtps
-- Installing: /home/bo/amr_ws/final/ros-repo-3/ControlTower/install/interface_package/include/interface_package/interface_package/srv/detail/store_alarm__rosidl_typesupport_fastrtps_cpp.hpp
-- Installing: /home/bo/amr_ws/final/ros-repo-3/ControlTower/install/interface_package/include/interface_package/interface_package/srv/detail/order_call__rosidl_typesupport_fastrtps_cpp.hpp
-- Installing: /home/bo/amr_ws/final/ros-repo-3/ControlTower/install/interface_package/include/interface_package/interface_package/srv/detail/goal_arrival__rosidl_typesupport_fastrtps_cpp.hpp
-- Installing: /home/bo/amr_ws/final/ros-repo-3/ControlTower/install/interface_package/include/interface_package/interface_package/srv/detail/order_tracking__rosidl_typesupport_fastrtps_cpp.hpp
-- Installing: /home/bo/amr_ws/final/ros-repo-3/ControlTower/install/interface_package/include/interface_package/interface_package/srv/detail/robot_dispatch__rosidl_typesupport_fastrtps_cpp.hpp
-- Installing: /home/bo/amr_ws/final/ros-repo-3/ControlTower/install/interface_package/include/interface_package/interface_package/srv/detail/location_info__rosidl_typesupport_fastrtps_cpp.hpp
-- Up-to-date: /home/bo/amr_ws/final/ros-repo-3/ControlTower/install/interface_package/include/interface_package/interface_package/msg
-- Up-to-date: /home/bo/amr_ws/final/ros-repo-3/ControlTower/install/interface_package/include/interface_package/interface_package/msg/rosidl_typesupport_fastrtps_cpp__visibility_control.h
-- Up-to-date: /home/bo/amr_ws/final/ros-repo-3/ControlTower/install/interface_package/include/interface_package/interface_package/msg/detail
-- Installing: /home/bo/amr_ws/final/ros-repo-3/ControlTower/install/interface_package/include/interface_package/interface_package/msg/detail/navgoal__rosidl_typesupport_fastrtps_cpp.hpp
-- Installing: /home/bo/amr_ws/final/ros-repo-3/ControlTower/install/interface_package/include/interface_package/interface_package/msg/detail/navresult__rosidl_typesupport_fastrtps_cpp.hpp
-- Up-to-date: /home/bo/amr_ws/final/ros-repo-3/ControlTower/install/interface_package/include/interface_package/interface_package/msg/detail/dds_fastrtps
-- Installing: /home/bo/amr_ws/final/ros-repo-3/ControlTower/install/interface_package/include/interface_package/interface_package/msg/detail/navfeedback__rosidl_typesupport_fastrtps_cpp.hpp
-- Installing: /home/bo/amr_ws/final/ros-repo-3/ControlTower/install/interface_package/lib/libinterface_package__rosidl_typesupport_fastrtps_cpp.so
-- Set runtime path of "/home/bo/amr_ws/final/ros-repo-3/ControlTower/install/interface_package/lib/libinterface_package__rosidl_typesupport_fastrtps_cpp.so" to ""
-- Up-to-date: /home/bo/amr_ws/final/ros-repo-3/ControlTower/install/interface_package/include/interface_package/interface_package
-- Up-to-date: /home/bo/amr_ws/final/ros-repo-3/ControlTower/install/interface_package/include/interface_package/interface_package/srv
-- Up-to-date: /home/bo/amr_ws/final/ros-repo-3/ControlTower/install/interface_package/include/interface_package/interface_package/srv/detail
-- Installing: /home/bo/amr_ws/final/ros-repo-3/ControlTower/install/interface_package/include/interface_package/interface_package/srv/detail/delivery_box__rosidl_typesupport_introspection_cpp.hpp
-- Installing: /home/bo/amr_ws/final/ros-repo-3/ControlTower/install/interface_package/include/interface_package/interface_package/srv/detail/robot_dispatch__type_support.cpp
-- Installing: /home/bo/amr_ws/final/ros-repo-3/ControlTower/install/interface_package/include/interface_package/interface_package/srv/detail/order_call__type_support.cpp
-- Installing: /home/bo/amr_ws/final/ros-repo-3/ControlTower/install/interface_package/include/interface_package/interface_package/srv/detail/order_info__rosidl_typesupport_introspection_cpp.hpp
-- Installing: /home/bo/amr_ws/final/ros-repo-3/ControlTower/install/interface_package/include/interface_package/interface_package/srv/detail/robot_call__type_support.cpp
-- Installing: /home/bo/amr_ws/final/ros-repo-3/ControlTower/install/interface_package/include/interface_package/interface_package/srv/detail/order_tracking__type_support.cpp
-- Installing: /home/bo/amr_ws/final/ros-repo-3/ControlTower/install/interface_package/include/interface_package/interface_package/srv/detail/order_info__type_support.cpp
-- Installing: /home/bo/amr_ws/final/ros-repo-3/ControlTower/install/interface_package/include/interface_package/interface_package/srv/detail/robot_call__rosidl_typesupport_introspection_cpp.hpp
-- Installing: /home/bo/amr_ws/final/ros-repo-3/ControlTower/install/interface_package/include/interface_package/interface_package/srv/detail/node_num__rosidl_typesupport_introspection_cpp.hpp
-- Installing: /home/bo/amr_ws/final/ros-repo-3/ControlTower/install/interface_package/include/interface_package/interface_package/srv/detail/store_alarm__type_support.cpp
-- Installing: /home/bo/amr_ws/final/ros-repo-3/ControlTower/install/interface_package/include/interface_package/interface_package/srv/detail/goal_arrival__rosidl_typesupport_introspection_cpp.hpp
-- Installing: /home/bo/amr_ws/final/ros-repo-3/ControlTower/install/interface_package/include/interface_package/interface_package/srv/detail/store_alarm__rosidl_typesupport_introspection_cpp.hpp
-- Installing: /home/bo/amr_ws/final/ros-repo-3/ControlTower/install/interface_package/include/interface_package/interface_package/srv/detail/robot_dispatch__rosidl_typesupport_introspection_cpp.hpp
-- Installing: /home/bo/amr_ws/final/ros-repo-3/ControlTower/install/interface_package/include/interface_package/interface_package/srv/detail/node_num__type_support.cpp
-- Installing: /home/bo/amr_ws/final/ros-repo-3/ControlTower/install/interface_package/include/interface_package/interface_package/srv/detail/goal_arrival__type_support.cpp
-- Installing: /home/bo/amr_ws/final/ros-repo-3/ControlTower/install/interface_package/include/interface_package/interface_package/srv/detail/order_tracking__rosidl_typesupport_introspection_cpp.hpp
-- Installing: /home/bo/amr_ws/final/ros-repo-3/ControlTower/install/interface_package/include/interface_package/interface_package/srv/detail/location_info__type_support.cpp
-- Installing: /home/bo/amr_ws/final/ros-repo-3/ControlTower/install/interface_package/include/interface_package/interface_package/srv/detail/location_info__rosidl_typesupport_introspection_cpp.hpp
-- Installing: /home/bo/amr_ws/final/ros-repo-3/ControlTower/install/interface_package/include/interface_package/interface_package/srv/detail/order_call__rosidl_typesupport_introspection_cpp.hpp
-- Installing: /home/bo/amr_ws/final/ros-repo-3/ControlTower/install/interface_package/include/interface_package/interface_package/srv/detail/delivery_box__type_support.cpp
-- Up-to-date: /home/bo/amr_ws/final/ros-repo-3/ControlTower/install/interface_package/include/interface_package/interface_package/msg
-- Up-to-date: /home/bo/amr_ws/final/ros-repo-3/ControlTower/install/interface_package/include/interface_package/interface_package/msg/detail
-- Installing: /home/bo/amr_ws/final/ros-repo-3/ControlTower/install/interface_package/include/interface_package/interface_package/msg/detail/navfeedback__rosidl_typesupport_introspection_cpp.hpp
-- Installing: /home/bo/amr_ws/final/ros-repo-3/ControlTower/install/interface_package/include/interface_package/interface_package/msg/detail/navfeedback__type_support.cpp
-- Installing: /home/bo/amr_ws/final/ros-repo-3/ControlTower/install/interface_package/include/interface_package/interface_package/msg/detail/navgoal__type_support.cpp
-- Installing: /home/bo/amr_ws/final/ros-repo-3/ControlTower/install/interface_package/include/interface_package/interface_package/msg/detail/navresult__type_support.cpp
-- Installing: /home/bo/amr_ws/final/ros-repo-3/ControlTower/install/interface_package/include/interface_package/interface_package/msg/detail/navgoal__rosidl_typesupport_introspection_cpp.hpp
-- Installing: /home/bo/amr_ws/final/ros-repo-3/ControlTower/install/interface_package/include/interface_package/interface_package/msg/detail/navresult__rosidl_typesupport_introspection_cpp.hpp
-- Installing: /home/bo/amr_ws/final/ros-repo-3/ControlTower/install/interface_package/lib/libinterface_package__rosidl_typesupport_introspection_cpp.so
-- Set runtime path of "/home/bo/amr_ws/final/ros-repo-3/ControlTower/install/interface_package/lib/libinterface_package__rosidl_typesupport_introspection_cpp.so" to ""
-- Installing: /home/bo/amr_ws/final/ros-repo-3/ControlTower/install/interface_package/lib/libinterface_package__rosidl_typesupport_cpp.so
-- Set runtime path of "/home/bo/amr_ws/final/ros-repo-3/ControlTower/install/interface_package/lib/libinterface_package__rosidl_typesupport_cpp.so" to ""
-- Up-to-date: /home/bo/amr_ws/final/ros-repo-3/ControlTower/install/interface_package/share/interface_package/environment/pythonpath.sh
-- Installing: /home/bo/amr_ws/final/ros-repo-3/ControlTower/install/interface_package/share/interface_package/environment/pythonpath.dsv
-- Up-to-date: /home/bo/amr_ws/final/ros-repo-3/ControlTower/install/interface_package/local/lib/python3.10/dist-packages/interface_package-0.0.0-py3.10.egg-info
-- Installing: /home/bo/amr_ws/final/ros-repo-3/ControlTower/install/interface_package/local/lib/python3.10/dist-packages/interface_package-0.0.0-py3.10.egg-info/SOURCES.txt
-- Installing: /home/bo/amr_ws/final/ros-repo-3/ControlTower/install/interface_package/local/lib/python3.10/dist-packages/interface_package-0.0.0-py3.10.egg-info/dependency_links.txt
-- Installing: /home/bo/amr_ws/final/ros-repo-3/ControlTower/install/interface_package/local/lib/python3.10/dist-packages/interface_package-0.0.0-py3.10.egg-info/PKG-INFO
-- Installing: /home/bo/amr_ws/final/ros-repo-3/ControlTower/install/interface_package/local/lib/python3.10/dist-packages/interface_package-0.0.0-py3.10.egg-info/top_level.txt
-- Up-to-date: /home/bo/amr_ws/final/ros-repo-3/ControlTower/install/interface_package/local/lib/python3.10/dist-packages/interface_package
-- Installing: /home/bo/amr_ws/final/ros-repo-3/ControlTower/install/interface_package/local/lib/python3.10/dist-packages/interface_package/interface_package_s__rosidl_typesupport_fastrtps_c.cpython-310-x86_64-linux-gnu.so
-- Up-to-date: /home/bo/amr_ws/final/ros-repo-3/ControlTower/install/interface_package/local/lib/python3.10/dist-packages/interface_package/srv
-- Installing: /home/bo/amr_ws/final/ros-repo-3/ControlTower/install/interface_package/local/lib/python3.10/dist-packages/interface_package/srv/_location_info_s.c
-- Installing: /home/bo/amr_ws/final/ros-repo-3/ControlTower/install/interface_package/local/lib/python3.10/dist-packages/interface_package/srv/_delivery_box.py
-- Installing: /home/bo/amr_ws/final/ros-repo-3/ControlTower/install/interface_package/local/lib/python3.10/dist-packages/interface_package/srv/_robot_call_s.c
-- Installing: /home/bo/amr_ws/final/ros-repo-3/ControlTower/install/interface_package/local/lib/python3.10/dist-packages/interface_package/srv/_delivery_box_s.c
-- Installing: /home/bo/amr_ws/final/ros-repo-3/ControlTower/install/interface_package/local/lib/python3.10/dist-packages/interface_package/srv/_order_tracking.py
-- Installing: /home/bo/amr_ws/final/ros-repo-3/ControlTower/install/interface_package/local/lib/python3.10/dist-packages/interface_package/srv/_goal_arrival.py
-- Installing: /home/bo/amr_ws/final/ros-repo-3/ControlTower/install/interface_package/local/lib/python3.10/dist-packages/interface_package/srv/_order_call.py
-- Installing: /home/bo/amr_ws/final/ros-repo-3/ControlTower/install/interface_package/local/lib/python3.10/dist-packages/interface_package/srv/_robot_call.py
-- Installing: /home/bo/amr_ws/final/ros-repo-3/ControlTower/install/interface_package/local/lib/python3.10/dist-packages/interface_package/srv/_goal_arrival_s.c
-- Installing: /home/bo/amr_ws/final/ros-repo-3/ControlTower/install/interface_package/local/lib/python3.10/dist-packages/interface_package/srv/_node_num_s.c
-- Installing: /home/bo/amr_ws/final/ros-repo-3/ControlTower/install/interface_package/local/lib/python3.10/dist-packages/interface_package/srv/_order_info_s.c
-- Installing: /home/bo/amr_ws/final/ros-repo-3/ControlTower/install/interface_package/local/lib/python3.10/dist-packages/interface_package/srv/_order_tracking_s.c
-- Installing: /home/bo/amr_ws/final/ros-repo-3/ControlTower/install/interface_package/local/lib/python3.10/dist-packages/interface_package/srv/_order_call_s.c
-- Installing: /home/bo/amr_ws/final/ros-repo-3/ControlTower/install/interface_package/local/lib/python3.10/dist-packages/interface_package/srv/_store_alarm_s.c
-- Installing: /home/bo/amr_ws/final/ros-repo-3/ControlTower/install/interface_package/local/lib/python3.10/dist-packages/interface_package/srv/_node_num.py
-- Installing: /home/bo/amr_ws/final/ros-repo-3/ControlTower/install/interface_package/local/lib/python3.10/dist-packages/interface_package/srv/_robot_dispatch_s.c
-- Installing: /home/bo/amr_ws/final/ros-repo-3/ControlTower/install/interface_package/local/lib/python3.10/dist-packages/interface_package/srv/_location_info.py
-- Installing: /home/bo/amr_ws/final/ros-repo-3/ControlTower/install/interface_package/local/lib/python3.10/dist-packages/interface_package/srv/_order_info.py
-- Installing: /home/bo/amr_ws/final/ros-repo-3/ControlTower/install/interface_package/local/lib/python3.10/dist-packages/interface_package/srv/__init__.py
-- Installing: /home/bo/amr_ws/final/ros-repo-3/ControlTower/install/interface_package/local/lib/python3.10/dist-packages/interface_package/srv/_robot_dispatch.py
-- Installing: /home/bo/amr_ws/final/ros-repo-3/ControlTower/install/interface_package/local/lib/python3.10/dist-packages/interface_package/srv/_store_alarm.py
-- Installing: /home/bo/amr_ws/final/ros-repo-3/ControlTower/install/interface_package/local/lib/python3.10/dist-packages/interface_package/_interface_package_s.ep.rosidl_typesupport_fastrtps_c.c
-- Installing: /home/bo/amr_ws/final/ros-repo-3/ControlTower/install/interface_package/local/lib/python3.10/dist-packages/interface_package/_interface_package_s.ep.rosidl_typesupport_c.c
-- Installing: /home/bo/amr_ws/final/ros-repo-3/ControlTower/install/interface_package/local/lib/python3.10/dist-packages/interface_package/libinterface_package__rosidl_generator_py.so
-- Installing: /home/bo/amr_ws/final/ros-repo-3/ControlTower/install/interface_package/local/lib/python3.10/dist-packages/interface_package/interface_package_s__rosidl_typesupport_c.cpython-310-x86_64-linux-gnu.so
-- Installing: /home/bo/amr_ws/final/ros-repo-3/ControlTower/install/interface_package/local/lib/python3.10/dist-packages/interface_package/interface_package_s__rosidl_typesupport_introspection_c.cpython-310-x86_64-linux-gnu.so
-- Installing: /home/bo/amr_ws/final/ros-repo-3/ControlTower/install/interface_package/local/lib/python3.10/dist-packages/interface_package/_interface_package_s.ep.rosidl_typesupport_introspection_c.c
-- Installing: /home/bo/amr_ws/final/ros-repo-3/ControlTower/install/interface_package/local/lib/python3.10/dist-packages/interface_package/__init__.py
-- Up-to-date: /home/bo/amr_ws/final/ros-repo-3/ControlTower/install/interface_package/local/lib/python3.10/dist-packages/interface_package/msg
-- Installing: /home/bo/amr_ws/final/ros-repo-3/ControlTower/install/interface_package/local/lib/python3.10/dist-packages/interface_package/msg/_navresult.py
-- Installing: /home/bo/amr_ws/final/ros-repo-3/ControlTower/install/interface_package/local/lib/python3.10/dist-packages/interface_package/msg/_navfeedback.py
-- Installing: /home/bo/amr_ws/final/ros-repo-3/ControlTower/install/interface_package/local/lib/python3.10/dist-packages/interface_package/msg/_navgoal.py
-- Installing: /home/bo/amr_ws/final/ros-repo-3/ControlTower/install/interface_package/local/lib/python3.10/dist-packages/interface_package/msg/_navresult_s.c
-- Installing: /home/bo/amr_ws/final/ros-repo-3/ControlTower/install/interface_package/local/lib/python3.10/dist-packages/interface_package/msg/_navfeedback_s.c
-- Installing: /home/bo/amr_ws/final/ros-repo-3/ControlTower/install/interface_package/local/lib/python3.10/dist-packages/interface_package/msg/_navgoal_s.c
-- Installing: /home/bo/amr_ws/final/ros-repo-3/ControlTower/install/interface_package/local/lib/python3.10/dist-packages/interface_package/msg/__init__.py
Listing '/home/bo/amr_ws/final/ros-repo-3/ControlTower/install/interface_package/local/lib/python3.10/dist-packages/interface_package'...
Compiling '/home/bo/amr_ws/final/ros-repo-3/ControlTower/install/interface_package/local/lib/python3.10/dist-packages/interface_package/__init__.py'...
Listing '/home/bo/amr_ws/final/ros-repo-3/ControlTower/install/interface_package/local/lib/python3.10/dist-packages/interface_package/msg'...
Compiling '/home/bo/amr_ws/final/ros-repo-3/ControlTower/install/interface_package/local/lib/python3.10/dist-packages/interface_package/msg/__init__.py'...
Compiling '/home/bo/amr_ws/final/ros-repo-3/ControlTower/install/interface_package/local/lib/python3.10/dist-packages/interface_package/msg/_navfeedback.py'...
Compiling '/home/bo/amr_ws/final/ros-repo-3/ControlTower/install/interface_package/local/lib/python3.10/dist-packages/interface_package/msg/_navgoal.py'...
Compiling '/home/bo/amr_ws/final/ros-repo-3/ControlTower/install/interface_package/local/lib/python3.10/dist-packages/interface_package/msg/_navresult.py'...
Listing '/home/bo/amr_ws/final/ros-repo-3/ControlTower/install/interface_package/local/lib/python3.10/dist-packages/interface_package/srv'...
Compiling '/home/bo/amr_ws/final/ros-repo-3/ControlTower/install/interface_package/local/lib/python3.10/dist-packages/interface_package/srv/__init__.py'...
Compiling '/home/bo/amr_ws/final/ros-repo-3/ControlTower/install/interface_package/local/lib/python3.10/dist-packages/interface_package/srv/_delivery_box.py'...
Compiling '/home/bo/amr_ws/final/ros-repo-3/ControlTower/install/interface_package/local/lib/python3.10/dist-packages/interface_package/srv/_goal_arrival.py'...
Compiling '/home/bo/amr_ws/final/ros-repo-3/ControlTower/install/interface_package/local/lib/python3.10/dist-packages/interface_package/srv/_location_info.py'...
Compiling '/home/bo/amr_ws/final/ros-repo-3/ControlTower/install/interface_package/local/lib/python3.10/dist-packages/interface_package/srv/_node_num.py'...
Compiling '/home/bo/amr_ws/final/ros-repo-3/ControlTower/install/interface_package/local/lib/python3.10/dist-packages/interface_package/srv/_order_call.py'...
Compiling '/home/bo/amr_ws/final/ros-repo-3/ControlTower/install/interface_package/local/lib/python3.10/dist-packages/interface_package/srv/_order_info.py'...
Compiling '/home/bo/amr_ws/final/ros-repo-3/ControlTower/install/interface_package/local/lib/python3.10/dist-packages/interface_package/srv/_order_tracking.py'...
Compiling '/home/bo/amr_ws/final/ros-repo-3/ControlTower/install/interface_package/local/lib/python3.10/dist-packages/interface_package/srv/_robot_call.py'...
Compiling '/home/bo/amr_ws/final/ros-repo-3/ControlTower/install/interface_package/local/lib/python3.10/dist-packages/interface_package/srv/_robot_dispatch.py'...
Compiling '/home/bo/amr_ws/final/ros-repo-3/ControlTower/install/interface_package/local/lib/python3.10/dist-packages/interface_package/srv/_store_alarm.py'...
-- Installing: /home/bo/amr_ws/final/ros-repo-3/ControlTower/install/interface_package/local/lib/python3.10/dist-packages/interface_package/interface_package_s__rosidl_typesupport_fastrtps_c.cpython-310-x86_64-linux-gnu.so
-- Set runtime path of "/home/bo/amr_ws/final/ros-repo-3/ControlTower/install/interface_package/local/lib/python3.10/dist-packages/interface_package/interface_package_s__rosidl_typesupport_fastrtps_c.cpython-310-x86_64-linux-gnu.so" to ""
-- Installing: /home/bo/amr_ws/final/ros-repo-3/ControlTower/install/interface_package/local/lib/python3.10/dist-packages/interface_package/interface_package_s__rosidl_typesupport_introspection_c.cpython-310-x86_64-linux-gnu.so
-- Set runtime path of "/home/bo/amr_ws/final/ros-repo-3/ControlTower/install/interface_package/local/lib/python3.10/dist-packages/interface_package/interface_package_s__rosidl_typesupport_introspection_c.cpython-310-x86_64-linux-gnu.so" to ""
-- Installing: /home/bo/amr_ws/final/ros-repo-3/ControlTower/install/interface_package/local/lib/python3.10/dist-packages/interface_package/interface_package_s__rosidl_typesupport_c.cpython-310-x86_64-linux-gnu.so
-- Set runtime path of "/home/bo/amr_ws/final/ros-repo-3/ControlTower/install/interface_package/local/lib/python3.10/dist-packages/interface_package/interface_package_s__rosidl_typesupport_c.cpython-310-x86_64-linux-gnu.so" to ""
-- Installing: /home/bo/amr_ws/final/ros-repo-3/ControlTower/install/interface_package/lib/libinterface_package__rosidl_generator_py.so
-- Set runtime path of "/home/bo/amr_ws/final/ros-repo-3/ControlTower/install/interface_package/lib/libinterface_package__rosidl_generator_py.so" to ""
-- Up-to-date: /home/bo/amr_ws/final/ros-repo-3/ControlTower/install/interface_package/share/interface_package/srv/OrderTracking.idl
-- Up-to-date: /home/bo/amr_ws/final/ros-repo-3/ControlTower/install/interface_package/share/interface_package/srv/OrderInfo.idl
-- Installing: /home/bo/amr_ws/final/ros-repo-3/ControlTower/install/interface_package/share/interface_package/srv/LocationInfo.idl
-- Up-to-date: /home/bo/amr_ws/final/ros-repo-3/ControlTower/install/interface_package/share/interface_package/srv/OrderCall.idl
-- Up-to-date: /home/bo/amr_ws/final/ros-repo-3/ControlTower/install/interface_package/share/interface_package/srv/GoalArrival.idl
-- Up-to-date: /home/bo/amr_ws/final/ros-repo-3/ControlTower/install/interface_package/share/interface_package/srv/RobotCall.idl
-- Up-to-date: /home/bo/amr_ws/final/ros-repo-3/ControlTower/install/interface_package/share/interface_package/srv/DeliveryBox.idl
-- Up-to-date: /home/bo/amr_ws/final/ros-repo-3/ControlTower/install/interface_package/share/interface_package/srv/StoreAlarm.idl
-- Up-to-date: /home/bo/amr_ws/final/ros-repo-3/ControlTower/install/interface_package/share/interface_package/srv/RobotDispatch.idl
-- Installing: /home/bo/amr_ws/final/ros-repo-3/ControlTower/install/interface_package/share/interface_package/srv/NodeNum.idl
-- Up-to-date: /home/bo/amr_ws/final/ros-repo-3/ControlTower/install/interface_package/share/interface_package/msg/Navgoal.idl
-- Up-to-date: /home/bo/amr_ws/final/ros-repo-3/ControlTower/install/interface_package/share/interface_package/msg/Navfeedback.idl
-- Up-to-date: /home/bo/amr_ws/final/ros-repo-3/ControlTower/install/interface_package/share/interface_package/msg/Navresult.idl
-- Up-to-date: /home/bo/amr_ws/final/ros-repo-3/ControlTower/install/interface_package/share/interface_package/srv/OrderTracking.srv
-- Up-to-date: /home/bo/amr_ws/final/ros-repo-3/ControlTower/install/interface_package/share/interface_package/srv/OrderTracking_Request.msg
-- Up-to-date: /home/bo/amr_ws/final/ros-repo-3/ControlTower/install/interface_package/share/interface_package/srv/OrderTracking_Response.msg
-- Up-to-date: /home/bo/amr_ws/final/ros-repo-3/ControlTower/install/interface_package/share/interface_package/srv/OrderInfo.srv
-- Up-to-date: /home/bo/amr_ws/final/ros-repo-3/ControlTower/install/interface_package/share/interface_package/srv/OrderInfo_Request.msg
-- Up-to-date: /home/bo/amr_ws/final/ros-repo-3/ControlTower/install/interface_package/share/interface_package/srv/OrderInfo_Response.msg
-- Installing: /home/bo/amr_ws/final/ros-repo-3/ControlTower/install/interface_package/share/interface_package/srv/LocationInfo.srv
-- Installing: /home/bo/amr_ws/final/ros-repo-3/ControlTower/install/interface_package/share/interface_package/srv/LocationInfo_Request.msg
-- Installing: /home/bo/amr_ws/final/ros-repo-3/ControlTower/install/interface_package/share/interface_package/srv/LocationInfo_Response.msg
-- Up-to-date: /home/bo/amr_ws/final/ros-repo-3/ControlTower/install/interface_package/share/interface_package/srv/OrderCall.srv
-- Up-to-date: /home/bo/amr_ws/final/ros-repo-3/ControlTower/install/interface_package/share/interface_package/srv/OrderCall_Request.msg
-- Up-to-date: /home/bo/amr_ws/final/ros-repo-3/ControlTower/install/interface_package/share/interface_package/srv/OrderCall_Response.msg
-- Up-to-date: /home/bo/amr_ws/final/ros-repo-3/ControlTower/install/interface_package/share/interface_package/srv/GoalArrival.srv
-- Up-to-date: /home/bo/amr_ws/final/ros-repo-3/ControlTower/install/interface_package/share/interface_package/srv/GoalArrival_Request.msg
-- Up-to-date: /home/bo/amr_ws/final/ros-repo-3/ControlTower/install/interface_package/share/interface_package/srv/GoalArrival_Response.msg
-- Up-to-date: /home/bo/amr_ws/final/ros-repo-3/ControlTower/install/interface_package/share/interface_package/srv/RobotCall.srv
-- Up-to-date: /home/bo/amr_ws/final/ros-repo-3/ControlTower/install/interface_package/share/interface_package/srv/RobotCall_Request.msg
-- Up-to-date: /home/bo/amr_ws/final/ros-repo-3/ControlTower/install/interface_package/share/interface_package/srv/RobotCall_Response.msg
-- Up-to-date: /home/bo/amr_ws/final/ros-repo-3/ControlTower/install/interface_package/share/interface_package/srv/DeliveryBox.srv
-- Up-to-date: /home/bo/amr_ws/final/ros-repo-3/ControlTower/install/interface_package/share/interface_package/srv/DeliveryBox_Request.msg
-- Up-to-date: /home/bo/amr_ws/final/ros-repo-3/ControlTower/install/interface_package/share/interface_package/srv/DeliveryBox_Response.msg
-- Up-to-date: /home/bo/amr_ws/final/ros-repo-3/ControlTower/install/interface_package/share/interface_package/srv/StoreAlarm.srv
-- Up-to-date: /home/bo/amr_ws/final/ros-repo-3/ControlTower/install/interface_package/share/interface_package/srv/StoreAlarm_Request.msg
-- Up-to-date: /home/bo/amr_ws/final/ros-repo-3/ControlTower/install/interface_package/share/interface_package/srv/StoreAlarm_Response.msg
-- Up-to-date: /home/bo/amr_ws/final/ros-repo-3/ControlTower/install/interface_package/share/interface_package/srv/RobotDispatch.srv
-- Up-to-date: /home/bo/amr_ws/final/ros-repo-3/ControlTower/install/interface_package/share/interface_package/srv/RobotDispatch_Request.msg
-- Up-to-date: /home/bo/amr_ws/final/ros-repo-3/ControlTower/install/interface_package/share/interface_package/srv/RobotDispatch_Response.msg
-- Installing: /home/bo/amr_ws/final/ros-repo-3/ControlTower/install/interface_package/share/interface_package/srv/NodeNum.srv
-- Installing: /home/bo/amr_ws/final/ros-repo-3/ControlTower/install/interface_package/share/interface_package/srv/NodeNum_Request.msg
-- Installing: /home/bo/amr_ws/final/ros-repo-3/ControlTower/install/interface_package/share/interface_package/srv/NodeNum_Response.msg
-- Up-to-date: /home/bo/amr_ws/final/ros-repo-3/ControlTower/install/interface_package/share/interface_package/msg/Navgoal.msg
-- Up-to-date: /home/bo/amr_ws/final/ros-repo-3/ControlTower/install/interface_package/share/interface_package/msg/Navfeedback.msg
-- Up-to-date: /home/bo/amr_ws/final/ros-repo-3/ControlTower/install/interface_package/share/interface_package/msg/Navresult.msg
-- Up-to-date: /home/bo/amr_ws/final/ros-repo-3/ControlTower/install/interface_package/share/ament_index/resource_index/package_run_dependencies/interface_package
-- Installing: /home/bo/amr_ws/final/ros-repo-3/ControlTower/install/interface_package/share/ament_index/resource_index/parent_prefix_path/interface_package
-- Up-to-date: /home/bo/amr_ws/final/ros-repo-3/ControlTower/install/interface_package/share/interface_package/environment/ament_prefix_path.sh
-- Installing: /home/bo/amr_ws/final/ros-repo-3/ControlTower/install/interface_package/share/interface_package/environment/ament_prefix_path.dsv
-- Up-to-date: /home/bo/amr_ws/final/ros-repo-3/ControlTower/install/interface_package/share/interface_package/environment/path.sh
-- Installing: /home/bo/amr_ws/final/ros-repo-3/ControlTower/install/interface_package/share/interface_package/environment/path.dsv
-- Up-to-date: /home/bo/amr_ws/final/ros-repo-3/ControlTower/install/interface_package/share/interface_package/local_setup.bash
-- Up-to-date: /home/bo/amr_ws/final/ros-repo-3/ControlTower/install/interface_package/share/interface_package/local_setup.sh
-- Up-to-date: /home/bo/amr_ws/final/ros-repo-3/ControlTower/install/interface_package/share/interface_package/local_setup.zsh
-- Installing: /home/bo/amr_ws/final/ros-repo-3/ControlTower/install/interface_package/share/interface_package/local_setup.dsv
-- Installing: /home/bo/amr_ws/final/ros-repo-3/ControlTower/install/interface_package/share/interface_package/package.dsv
-- Up-to-date: /home/bo/amr_ws/final/ros-repo-3/ControlTower/install/interface_package/share/ament_index/resource_index/packages/interface_package
-- Up-to-date: /home/bo/amr_ws/final/ros-repo-3/ControlTower/install/interface_package/share/interface_package/cmake/export_interface_package__rosidl_generator_cExport.cmake
-- Up-to-date: /home/bo/amr_ws/final/ros-repo-3/ControlTower/install/interface_package/share/interface_package/cmake/export_interface_package__rosidl_generator_cExport-noconfig.cmake
-- Up-to-date: /home/bo/amr_ws/final/ros-repo-3/ControlTower/install/interface_package/share/interface_package/cmake/export_interface_package__rosidl_typesupport_fastrtps_cExport.cmake
-- Up-to-date: /home/bo/amr_ws/final/ros-repo-3/ControlTower/install/interface_package/share/interface_package/cmake/export_interface_package__rosidl_typesupport_fastrtps_cExport-noconfig.cmake
-- Up-to-date: /home/bo/amr_ws/final/ros-repo-3/ControlTower/install/interface_package/share/interface_package/cmake/interface_package__rosidl_typesupport_introspection_cExport.cmake
-- Up-to-date: /home/bo/amr_ws/final/ros-repo-3/ControlTower/install/interface_package/share/interface_package/cmake/interface_package__rosidl_typesupport_introspection_cExport-noconfig.cmake
-- Up-to-date: /home/bo/amr_ws/final/ros-repo-3/ControlTower/install/interface_package/share/interface_package/cmake/interface_package__rosidl_typesupport_cExport.cmake
-- Up-to-date: /home/bo/amr_ws/final/ros-repo-3/ControlTower/install/interface_package/share/interface_package/cmake/interface_package__rosidl_typesupport_cExport-noconfig.cmake
-- Up-to-date: /home/bo/amr_ws/final/ros-repo-3/ControlTower/install/interface_package/share/interface_package/cmake/export_interface_package__rosidl_generator_cppExport.cmake
-- Up-to-date: /home/bo/amr_ws/final/ros-repo-3/ControlTower/install/interface_package/share/interface_package/cmake/export_interface_package__rosidl_typesupport_fastrtps_cppExport.cmake
-- Up-to-date: /home/bo/amr_ws/final/ros-repo-3/ControlTower/install/interface_package/share/interface_package/cmake/export_interface_package__rosidl_typesupport_fastrtps_cppExport-noconfig.cmake
-- Up-to-date: /home/bo/amr_ws/final/ros-repo-3/ControlTower/install/interface_package/share/interface_package/cmake/interface_package__rosidl_typesupport_introspection_cppExport.cmake
-- Up-to-date: /home/bo/amr_ws/final/ros-repo-3/ControlTower/install/interface_package/share/interface_package/cmake/interface_package__rosidl_typesupport_introspection_cppExport-noconfig.cmake
-- Up-to-date: /home/bo/amr_ws/final/ros-repo-3/ControlTower/install/interface_package/share/interface_package/cmake/interface_package__rosidl_typesupport_cppExport.cmake
-- Up-to-date: /home/bo/amr_ws/final/ros-repo-3/ControlTower/install/interface_package/share/interface_package/cmake/interface_package__rosidl_typesupport_cppExport-noconfig.cmake
-- Up-to-date: /home/bo/amr_ws/final/ros-repo-3/ControlTower/install/interface_package/share/interface_package/cmake/export_interface_package__rosidl_generator_pyExport.cmake
-- Up-to-date: /home/bo/amr_ws/final/ros-repo-3/ControlTower/install/interface_package/share/interface_package/cmake/export_interface_package__rosidl_generator_pyExport-noconfig.cmake
-- Installing: /home/bo/amr_ws/final/ros-repo-3/ControlTower/install/interface_package/share/interface_package/cmake/rosidl_cmake-extras.cmake
-- Up-to-date: /home/bo/amr_ws/final/ros-repo-3/ControlTower/install/interface_package/share/interface_package/cmake/ament_cmake_export_include_directories-extras.cmake
-- Up-to-date: /home/bo/amr_ws/final/ros-repo-3/ControlTower/install/interface_package/share/interface_package/cmake/ament_cmake_export_libraries-extras.cmake
-- Up-to-date: /home/bo/amr_ws/final/ros-repo-3/ControlTower/install/interface_package/share/interface_package/cmake/ament_cmake_export_targets-extras.cmake
-- Up-to-date: /home/bo/amr_ws/final/ros-repo-3/ControlTower/install/interface_package/share/interface_package/cmake/rosidl_cmake_export_typesupport_targets-extras.cmake
-- Up-to-date: /home/bo/amr_ws/final/ros-repo-3/ControlTower/install/interface_package/share/interface_package/cmake/ament_cmake_export_dependencies-extras.cmake
-- Up-to-date: /home/bo/amr_ws/final/ros-repo-3/ControlTower/install/interface_package/share/interface_package/cmake/rosidl_cmake_export_typesupport_libraries-extras.cmake
-- Up-to-date: /home/bo/amr_ws/final/ros-repo-3/ControlTower/install/interface_package/share/interface_package/cmake/interface_packageConfig.cmake
-- Up-to-date: /home/bo/amr_ws/final/ros-repo-3/ControlTower/install/interface_package/share/interface_package/cmake/interface_packageConfig-version.cmake
-- Up-to-date: /home/bo/amr_ws/final/ros-repo-3/ControlTower/install/interface_package/share/interface_package/package.xml
