[0.194s] Invoking command in '/home/bo/amr_ws/final/ros-repo-3/ControlTower/build/interface_package': CMAKE_PREFIX_PATH=/opt/ros/humble /usr/bin/cmake --build /home/bo/amr_ws/final/ros-repo-3/ControlTower/build/interface_package -- -j8 -l8
[0.210s] -- Found ament_cmake: 1.3.9 (/opt/ros/humble/share/ament_cmake/cmake)
[0.303s] -- Found rosidl_default_generators: 1.2.0 (/opt/ros/humble/share/rosidl_default_generators/cmake)
[0.306s] -- Using all available rosidl_typesupport_c: rosidl_typesupport_fastrtps_c;rosidl_typesupport_introspection_c
[0.310s] -- Found rosidl_adapter: 3.1.5 (/opt/ros/humble/share/rosidl_adapter/cmake)
[0.346s] -- Using all available rosidl_typesupport_cpp: rosidl_typesupport_fastrtps_cpp;rosidl_typesupport_introspection_cpp
[0.589s] -- Found ament_cmake_ros: 0.10.0 (/opt/ros/humble/share/ament_cmake_ros/cmake)
[0.717s] -- Using all available rosidl_typesupport_c: rosidl_typesupport_fastrtps_c;rosidl_typesupport_introspection_c
[0.876s] -- Using all available rosidl_typesupport_cpp: rosidl_typesupport_fastrtps_cpp;rosidl_typesupport_introspection_cpp
[0.892s] -- Found python_cmake_module: 0.10.0 (/opt/ros/humble/share/python_cmake_module/cmake)
[0.908s] -- Using PYTHON_EXECUTABLE: /usr/bin/python3
[0.908s] -- Using PYTHON_INCLUDE_DIRS: /usr/include/python3.10
[0.908s] -- Using PYTHON_LIBRARIES: /usr/lib/x86_64-linux-gnu/libpython3.10.so
[0.917s] -- Found ament_lint_auto: 0.12.11 (/opt/ros/humble/share/ament_lint_auto/cmake)
[0.933s] -- Added test 'lint_cmake' to check CMake code style
[0.934s] -- Added test 'xmllint' to check XML markup files
[0.935s] -- Configuring done
[0.965s] -- Generating done
[0.966s] -- Build files have been written to: /home/bo/amr_ws/final/ros-repo-3/ControlTower/build/interface_package
[0.984s] [  1%] [34m[1mGenerating C code for ROS interfaces[0m
[0.992s] [  1%] [34m[1mGenerating C++ code for ROS interfaces[0m
[0.999s] [  1%] Built target ament_cmake_python_copy_interface_package
[1.182s] running egg_info
[1.183s] writing interface_package.egg-info/PKG-INFO
[1.183s] writing dependency_links to interface_package.egg-info/dependency_links.txt
[1.183s] writing top-level names to interface_package.egg-info/top_level.txt
[1.185s] reading manifest file 'interface_package.egg-info/SOURCES.txt'
[1.185s] writing manifest file 'interface_package.egg-info/SOURCES.txt'
[1.204s] [  1%] Built target ament_cmake_python_build_interface_package_egg
[1.725s] [  1%] Built target interface_package__cpp
[1.736s] [  2%] [34m[1mGenerating C++ type support dispatch for ROS interfaces[0m
[1.736s] [  3%] [34m[1mGenerating C++ type support for eProsima Fast-RTPS[0m
[1.736s] [  3%] [34m[1mGenerating C++ introspection for ROS interfaces[0m
[1.825s] [35m[1mConsolidate compiler generated dependencies of target interface_package__rosidl_generator_c[0m
[1.840s] [  4%] [32mBuilding C object CMakeFiles/interface_package__rosidl_generator_c.dir/rosidl_generator_c/interface_package/srv/detail/order_info__functions.c.o[0m
[1.840s] [  5%] [32mBuilding C object CMakeFiles/interface_package__rosidl_generator_c.dir/rosidl_generator_c/interface_package/srv/detail/order_tracking__functions.c.o[0m
[1.840s] [  6%] [32mBuilding C object CMakeFiles/interface_package__rosidl_generator_c.dir/rosidl_generator_c/interface_package/srv/detail/location_info__functions.c.o[0m
[1.840s] [  7%] [32mBuilding C object CMakeFiles/interface_package__rosidl_generator_c.dir/rosidl_generator_c/interface_package/srv/detail/order_call__functions.c.o[0m
[1.840s] [  5%] [32mBuilding C object CMakeFiles/interface_package__rosidl_generator_c.dir/rosidl_generator_c/interface_package/srv/detail/goal_arrival__functions.c.o[0m
[1.939s] [ 10%] [32mBuilding C object CMakeFiles/interface_package__rosidl_generator_c.dir/rosidl_generator_c/interface_package/srv/detail/robot_call__functions.c.o[0m
[1.939s] [ 10%] [32mBuilding C object CMakeFiles/interface_package__rosidl_generator_c.dir/rosidl_generator_c/interface_package/srv/detail/robot_dispatch__functions.c.o[0m
[1.939s] [ 10%] [32mBuilding C object CMakeFiles/interface_package__rosidl_generator_c.dir/rosidl_generator_c/interface_package/srv/detail/store_alarm__functions.c.o[0m
[1.939s] [ 11%] [32mBuilding C object CMakeFiles/interface_package__rosidl_generator_c.dir/rosidl_generator_c/interface_package/srv/detail/node_num__functions.c.o[0m
[1.941s] [ 11%] [32mBuilding C object CMakeFiles/interface_package__rosidl_generator_c.dir/rosidl_generator_c/interface_package/srv/detail/delivery_box__functions.c.o[0m
[1.995s] [ 12%] [32mBuilding C object CMakeFiles/interface_package__rosidl_generator_c.dir/rosidl_generator_c/interface_package/msg/detail/navgoal__functions.c.o[0m
[1.996s] [ 12%] [32mBuilding C object CMakeFiles/interface_package__rosidl_generator_c.dir/rosidl_generator_c/interface_package/msg/detail/navfeedback__functions.c.o[0m
[1.996s] [ 13%] [32mBuilding C object CMakeFiles/interface_package__rosidl_generator_c.dir/rosidl_generator_c/interface_package/msg/detail/navresult__functions.c.o[0m
[2.040s] [ 14%] [32m[1mLinking C shared library libinterface_package__rosidl_generator_c.so[0m
[2.073s] [ 14%] Built target interface_package__rosidl_generator_c
[2.083s] [ 16%] [34m[1mGenerating C type support dispatch for ROS interfaces[0m
[2.083s] [ 16%] [34m[1mGenerating C introspection for ROS interfaces[0m
[2.083s] [ 17%] [34m[1mGenerating C type support for eProsima Fast-RTPS[0m
[2.427s] [35m[1mConsolidate compiler generated dependencies of target interface_package__rosidl_typesupport_cpp[0m
[2.457s] [ 18%] [32mBuilding CXX object CMakeFiles/interface_package__rosidl_typesupport_cpp.dir/rosidl_typesupport_cpp/interface_package/srv/order_tracking__type_support.cpp.o[0m
[2.466s] [ 19%] [32mBuilding CXX object CMakeFiles/interface_package__rosidl_typesupport_cpp.dir/rosidl_typesupport_cpp/interface_package/srv/order_info__type_support.cpp.o[0m
[2.467s] [ 19%] [32mBuilding CXX object CMakeFiles/interface_package__rosidl_typesupport_cpp.dir/rosidl_typesupport_cpp/interface_package/srv/location_info__type_support.cpp.o[0m
[2.469s] [35m[1mConsolidate compiler generated dependencies of target interface_package__rosidl_typesupport_introspection_cpp[0m
[2.492s] [ 20%] [32mBuilding CXX object CMakeFiles/interface_package__rosidl_typesupport_introspection_cpp.dir/rosidl_typesupport_introspection_cpp/interface_package/srv/detail/order_tracking__type_support.cpp.o[0m
[2.776s] [ 21%] [32mBuilding CXX object CMakeFiles/interface_package__rosidl_typesupport_cpp.dir/rosidl_typesupport_cpp/interface_package/srv/order_call__type_support.cpp.o[0m
[2.787s] [ 22%] [32mBuilding CXX object CMakeFiles/interface_package__rosidl_typesupport_cpp.dir/rosidl_typesupport_cpp/interface_package/srv/goal_arrival__type_support.cpp.o[0m
[2.834s] [35m[1mConsolidate compiler generated dependencies of target interface_package__rosidl_typesupport_c[0m
[2.847s] [ 22%] [32mBuilding CXX object CMakeFiles/interface_package__rosidl_typesupport_c.dir/rosidl_typesupport_c/interface_package/srv/order_tracking__type_support.cpp.o[0m
[2.852s] [ 23%] [32mBuilding CXX object CMakeFiles/interface_package__rosidl_typesupport_cpp.dir/rosidl_typesupport_cpp/interface_package/srv/robot_call__type_support.cpp.o[0m
[2.880s] [ 24%] [32mBuilding CXX object CMakeFiles/interface_package__rosidl_typesupport_c.dir/rosidl_typesupport_c/interface_package/srv/order_info__type_support.cpp.o[0m
[2.897s] [ 25%] [32mBuilding CXX object CMakeFiles/interface_package__rosidl_typesupport_introspection_cpp.dir/rosidl_typesupport_introspection_cpp/interface_package/srv/detail/order_info__type_support.cpp.o[0m
[2.915s] [ 26%] [32mBuilding CXX object CMakeFiles/interface_package__rosidl_typesupport_c.dir/rosidl_typesupport_c/interface_package/srv/location_info__type_support.cpp.o[0m
[2.943s] [35m[1mConsolidate compiler generated dependencies of target interface_package__rosidl_typesupport_fastrtps_cpp[0m
[2.948s] [ 27%] [32mBuilding CXX object CMakeFiles/interface_package__rosidl_typesupport_c.dir/rosidl_typesupport_c/interface_package/srv/order_call__type_support.cpp.o[0m
[2.976s] [ 28%] [32mBuilding CXX object CMakeFiles/interface_package__rosidl_typesupport_fastrtps_cpp.dir/rosidl_typesupport_fastrtps_cpp/interface_package/srv/detail/dds_fastrtps/order_tracking__type_support.cpp.o[0m
[2.989s] [ 29%] [32mBuilding CXX object CMakeFiles/interface_package__rosidl_typesupport_c.dir/rosidl_typesupport_c/interface_package/srv/goal_arrival__type_support.cpp.o[0m
[3.025s] [35m[1mConsolidate compiler generated dependencies of target interface_package__rosidl_typesupport_introspection_c[0m
[3.026s] [ 29%] [32mBuilding CXX object CMakeFiles/interface_package__rosidl_typesupport_c.dir/rosidl_typesupport_c/interface_package/srv/robot_call__type_support.cpp.o[0m
[3.042s] [ 30%] [32mBuilding C object CMakeFiles/interface_package__rosidl_typesupport_introspection_c.dir/rosidl_typesupport_introspection_c/interface_package/srv/detail/order_tracking__type_support.c.o[0m
[3.050s] [ 31%] [32mBuilding CXX object CMakeFiles/interface_package__rosidl_typesupport_introspection_cpp.dir/rosidl_typesupport_introspection_cpp/interface_package/srv/detail/location_info__type_support.cpp.o[0m
[3.062s] [ 32%] [32mBuilding CXX object CMakeFiles/interface_package__rosidl_typesupport_c.dir/rosidl_typesupport_c/interface_package/srv/delivery_box__type_support.cpp.o[0m
[3.084s] [ 33%] [32mBuilding CXX object CMakeFiles/interface_package__rosidl_typesupport_cpp.dir/rosidl_typesupport_cpp/interface_package/srv/delivery_box__type_support.cpp.o[0m
[3.087s] [ 34%] [32mBuilding C object CMakeFiles/interface_package__rosidl_typesupport_introspection_c.dir/rosidl_typesupport_introspection_c/interface_package/srv/detail/order_info__type_support.c.o[0m
[3.095s] [ 35%] [32mBuilding CXX object CMakeFiles/interface_package__rosidl_typesupport_c.dir/rosidl_typesupport_c/interface_package/srv/store_alarm__type_support.cpp.o[0m
[3.110s] [ 35%] [32mBuilding CXX object CMakeFiles/interface_package__rosidl_typesupport_cpp.dir/rosidl_typesupport_cpp/interface_package/srv/store_alarm__type_support.cpp.o[0m
[3.126s] [ 35%] [32mBuilding C object CMakeFiles/interface_package__rosidl_typesupport_introspection_c.dir/rosidl_typesupport_introspection_c/interface_package/srv/detail/location_info__type_support.c.o[0m
[3.126s] [ 36%] [32mBuilding CXX object CMakeFiles/interface_package__rosidl_typesupport_c.dir/rosidl_typesupport_c/interface_package/srv/robot_dispatch__type_support.cpp.o[0m
[3.159s] [ 37%] [32mBuilding CXX object CMakeFiles/interface_package__rosidl_typesupport_c.dir/rosidl_typesupport_c/interface_package/srv/node_num__type_support.cpp.o[0m
[3.169s] [ 38%] [32mBuilding C object CMakeFiles/interface_package__rosidl_typesupport_introspection_c.dir/rosidl_typesupport_introspection_c/interface_package/srv/detail/order_call__type_support.c.o[0m
[3.193s] [ 38%] [32mBuilding CXX object CMakeFiles/interface_package__rosidl_typesupport_c.dir/rosidl_typesupport_c/interface_package/msg/navgoal__type_support.cpp.o[0m
[3.211s] [ 39%] [32mBuilding C object CMakeFiles/interface_package__rosidl_typesupport_introspection_c.dir/rosidl_typesupport_introspection_c/interface_package/srv/detail/goal_arrival__type_support.c.o[0m
[3.232s] [ 40%] [32mBuilding CXX object CMakeFiles/interface_package__rosidl_typesupport_c.dir/rosidl_typesupport_c/interface_package/msg/navfeedback__type_support.cpp.o[0m
[3.251s] [ 41%] [32mBuilding C object CMakeFiles/interface_package__rosidl_typesupport_introspection_c.dir/rosidl_typesupport_introspection_c/interface_package/srv/detail/robot_call__type_support.c.o[0m
[3.270s] [ 42%] [32mBuilding CXX object CMakeFiles/interface_package__rosidl_typesupport_c.dir/rosidl_typesupport_c/interface_package/msg/navresult__type_support.cpp.o[0m
[3.273s] [ 43%] [32mBuilding CXX object CMakeFiles/interface_package__rosidl_typesupport_introspection_cpp.dir/rosidl_typesupport_introspection_cpp/interface_package/srv/detail/order_call__type_support.cpp.o[0m
[3.291s] [ 44%] [32mBuilding C object CMakeFiles/interface_package__rosidl_typesupport_introspection_c.dir/rosidl_typesupport_introspection_c/interface_package/srv/detail/delivery_box__type_support.c.o[0m
[3.300s] [ 45%] [32m[1mLinking CXX shared library libinterface_package__rosidl_typesupport_c.so[0m
[3.339s] [ 45%] [32mBuilding C object CMakeFiles/interface_package__rosidl_typesupport_introspection_c.dir/rosidl_typesupport_introspection_c/interface_package/srv/detail/store_alarm__type_support.c.o[0m
[3.344s] [ 45%] Built target interface_package__rosidl_typesupport_c
[3.354s] [ 46%] [32mBuilding C object CMakeFiles/interface_package__rosidl_typesupport_introspection_c.dir/rosidl_typesupport_introspection_c/interface_package/srv/detail/robot_dispatch__type_support.c.o[0m
[3.368s] [35m[1mConsolidate compiler generated dependencies of target interface_package__rosidl_typesupport_fastrtps_c[0m
[3.375s] [ 47%] [32mBuilding C object CMakeFiles/interface_package__rosidl_typesupport_introspection_c.dir/rosidl_typesupport_introspection_c/interface_package/srv/detail/node_num__type_support.c.o[0m
[3.377s] [ 48%] [32mBuilding CXX object CMakeFiles/interface_package__rosidl_typesupport_cpp.dir/rosidl_typesupport_cpp/interface_package/srv/robot_dispatch__type_support.cpp.o[0m
[3.380s] [ 49%] [32mBuilding CXX object CMakeFiles/interface_package__rosidl_typesupport_cpp.dir/rosidl_typesupport_cpp/interface_package/srv/node_num__type_support.cpp.o[0m
[3.389s] [ 50%] [32mBuilding CXX object CMakeFiles/interface_package__rosidl_typesupport_fastrtps_c.dir/rosidl_typesupport_fastrtps_c/interface_package/srv/detail/order_tracking__type_support_c.cpp.o[0m
[3.391s] [ 50%] [32mBuilding CXX object CMakeFiles/interface_package__rosidl_typesupport_introspection_cpp.dir/rosidl_typesupport_introspection_cpp/interface_package/srv/detail/goal_arrival__type_support.cpp.o[0m
[3.426s] [ 51%] [32mBuilding C object CMakeFiles/interface_package__rosidl_typesupport_introspection_c.dir/rosidl_typesupport_introspection_c/interface_package/msg/detail/navgoal__type_support.c.o[0m
[3.435s] [ 52%] [32mBuilding CXX object CMakeFiles/interface_package__rosidl_typesupport_fastrtps_cpp.dir/rosidl_typesupport_fastrtps_cpp/interface_package/srv/detail/dds_fastrtps/order_info__type_support.cpp.o[0m
[3.445s] [ 53%] [32mBuilding CXX object CMakeFiles/interface_package__rosidl_typesupport_introspection_cpp.dir/rosidl_typesupport_introspection_cpp/interface_package/srv/detail/robot_call__type_support.cpp.o[0m
[3.462s] [ 54%] [32mBuilding C object CMakeFiles/interface_package__rosidl_typesupport_introspection_c.dir/rosidl_typesupport_introspection_c/interface_package/msg/detail/navfeedback__type_support.c.o[0m
[3.496s] [ 54%] [32mBuilding C object CMakeFiles/interface_package__rosidl_typesupport_introspection_c.dir/rosidl_typesupport_introspection_c/interface_package/msg/detail/navresult__type_support.c.o[0m
[3.533s] [ 55%] [32m[1mLinking C shared library libinterface_package__rosidl_typesupport_introspection_c.so[0m
[3.572s] [ 55%] Built target interface_package__rosidl_typesupport_introspection_c
[3.583s] [ 56%] [32mBuilding CXX object CMakeFiles/interface_package__rosidl_typesupport_introspection_cpp.dir/rosidl_typesupport_introspection_cpp/interface_package/srv/detail/delivery_box__type_support.cpp.o[0m
[3.649s] [ 57%] [32mBuilding CXX object CMakeFiles/interface_package__rosidl_typesupport_cpp.dir/rosidl_typesupport_cpp/interface_package/msg/navgoal__type_support.cpp.o[0m
[3.674s] [ 58%] [32mBuilding CXX object CMakeFiles/interface_package__rosidl_typesupport_cpp.dir/rosidl_typesupport_cpp/interface_package/msg/navfeedback__type_support.cpp.o[0m
[3.705s] [ 59%] [32mBuilding CXX object CMakeFiles/interface_package__rosidl_typesupport_introspection_cpp.dir/rosidl_typesupport_introspection_cpp/interface_package/srv/detail/store_alarm__type_support.cpp.o[0m
[3.764s] [ 59%] [32mBuilding CXX object CMakeFiles/interface_package__rosidl_typesupport_fastrtps_c.dir/rosidl_typesupport_fastrtps_c/interface_package/srv/detail/order_info__type_support_c.cpp.o[0m
[3.814s] [ 60%] [32mBuilding CXX object CMakeFiles/interface_package__rosidl_typesupport_introspection_cpp.dir/rosidl_typesupport_introspection_cpp/interface_package/srv/detail/robot_dispatch__type_support.cpp.o[0m
[3.864s] [ 60%] [32mBuilding CXX object CMakeFiles/interface_package__rosidl_typesupport_introspection_cpp.dir/rosidl_typesupport_introspection_cpp/interface_package/srv/detail/node_num__type_support.cpp.o[0m
[3.884s] [ 61%] [32mBuilding CXX object CMakeFiles/interface_package__rosidl_typesupport_fastrtps_cpp.dir/rosidl_typesupport_fastrtps_cpp/interface_package/srv/detail/dds_fastrtps/location_info__type_support.cpp.o[0m
[3.933s] [ 61%] [32mBuilding CXX object CMakeFiles/interface_package__rosidl_typesupport_fastrtps_cpp.dir/rosidl_typesupport_fastrtps_cpp/interface_package/srv/detail/dds_fastrtps/order_call__type_support.cpp.o[0m
[3.958s] [ 61%] [32mBuilding CXX object CMakeFiles/interface_package__rosidl_typesupport_cpp.dir/rosidl_typesupport_cpp/interface_package/msg/navresult__type_support.cpp.o[0m
[3.986s] [ 62%] [32mBuilding CXX object CMakeFiles/interface_package__rosidl_typesupport_introspection_cpp.dir/rosidl_typesupport_introspection_cpp/interface_package/msg/detail/navgoal__type_support.cpp.o[0m
[4.109s] [ 63%] [32mBuilding CXX object CMakeFiles/interface_package__rosidl_typesupport_introspection_cpp.dir/rosidl_typesupport_introspection_cpp/interface_package/msg/detail/navfeedback__type_support.cpp.o[0m
[4.142s] [ 64%] [32mBuilding CXX object CMakeFiles/interface_package__rosidl_typesupport_fastrtps_c.dir/rosidl_typesupport_fastrtps_c/interface_package/srv/detail/location_info__type_support_c.cpp.o[0m
[4.221s] [ 65%] [32mBuilding CXX object CMakeFiles/interface_package__rosidl_typesupport_introspection_cpp.dir/rosidl_typesupport_introspection_cpp/interface_package/msg/detail/navresult__type_support.cpp.o[0m
[4.230s] [ 66%] [32m[1mLinking CXX shared library libinterface_package__rosidl_typesupport_cpp.so[0m
[4.281s] [ 66%] Built target interface_package__rosidl_typesupport_cpp
[4.281s] [ 67%] [32mBuilding CXX object CMakeFiles/interface_package__rosidl_typesupport_fastrtps_c.dir/rosidl_typesupport_fastrtps_c/interface_package/srv/detail/order_call__type_support_c.cpp.o[0m
[4.292s] [ 68%] [32mBuilding CXX object CMakeFiles/interface_package__rosidl_typesupport_fastrtps_c.dir/rosidl_typesupport_fastrtps_c/interface_package/srv/detail/goal_arrival__type_support_c.cpp.o[0m
[4.313s] [ 69%] [32mBuilding CXX object CMakeFiles/interface_package__rosidl_typesupport_fastrtps_cpp.dir/rosidl_typesupport_fastrtps_cpp/interface_package/srv/detail/dds_fastrtps/goal_arrival__type_support.cpp.o[0m
[4.361s] [ 70%] [32mBuilding CXX object CMakeFiles/interface_package__rosidl_typesupport_fastrtps_cpp.dir/rosidl_typesupport_fastrtps_cpp/interface_package/srv/detail/dds_fastrtps/robot_call__type_support.cpp.o[0m
[4.385s] [ 71%] [32mBuilding CXX object CMakeFiles/interface_package__rosidl_typesupport_fastrtps_cpp.dir/rosidl_typesupport_fastrtps_cpp/interface_package/srv/detail/dds_fastrtps/delivery_box__type_support.cpp.o[0m
[4.510s] [ 72%] [32mBuilding CXX object CMakeFiles/interface_package__rosidl_typesupport_fastrtps_c.dir/rosidl_typesupport_fastrtps_c/interface_package/srv/detail/robot_call__type_support_c.cpp.o[0m
[4.513s] [ 72%] [32mBuilding CXX object CMakeFiles/interface_package__rosidl_typesupport_fastrtps_c.dir/rosidl_typesupport_fastrtps_c/interface_package/srv/detail/delivery_box__type_support_c.cpp.o[0m
[4.620s] [ 73%] [32m[1mLinking CXX shared library libinterface_package__rosidl_typesupport_introspection_cpp.so[0m
[4.665s] [ 74%] [32mBuilding CXX object CMakeFiles/interface_package__rosidl_typesupport_fastrtps_c.dir/rosidl_typesupport_fastrtps_c/interface_package/srv/detail/store_alarm__type_support_c.cpp.o[0m
[4.672s] [ 75%] [32mBuilding CXX object CMakeFiles/interface_package__rosidl_typesupport_fastrtps_c.dir/rosidl_typesupport_fastrtps_c/interface_package/srv/detail/robot_dispatch__type_support_c.cpp.o[0m
[4.710s] [ 75%] Built target interface_package__rosidl_typesupport_introspection_cpp
[4.720s] [ 76%] [32mBuilding CXX object CMakeFiles/interface_package__rosidl_typesupport_fastrtps_c.dir/rosidl_typesupport_fastrtps_c/interface_package/srv/detail/node_num__type_support_c.cpp.o[0m
[4.770s] [ 77%] [32mBuilding CXX object CMakeFiles/interface_package__rosidl_typesupport_fastrtps_cpp.dir/rosidl_typesupport_fastrtps_cpp/interface_package/srv/detail/dds_fastrtps/store_alarm__type_support.cpp.o[0m
[4.799s] [ 77%] [32mBuilding CXX object CMakeFiles/interface_package__rosidl_typesupport_fastrtps_cpp.dir/rosidl_typesupport_fastrtps_cpp/interface_package/srv/detail/dds_fastrtps/robot_dispatch__type_support.cpp.o[0m
[4.822s] [ 78%] [32mBuilding CXX object CMakeFiles/interface_package__rosidl_typesupport_fastrtps_cpp.dir/rosidl_typesupport_fastrtps_cpp/interface_package/srv/detail/dds_fastrtps/node_num__type_support.cpp.o[0m
[4.891s] [ 79%] [32mBuilding CXX object CMakeFiles/interface_package__rosidl_typesupport_fastrtps_c.dir/rosidl_typesupport_fastrtps_c/interface_package/msg/detail/navgoal__type_support_c.cpp.o[0m
[4.892s] [ 79%] [32mBuilding CXX object CMakeFiles/interface_package__rosidl_typesupport_fastrtps_c.dir/rosidl_typesupport_fastrtps_c/interface_package/msg/detail/navfeedback__type_support_c.cpp.o[0m
[5.032s] [ 80%] [32mBuilding CXX object CMakeFiles/interface_package__rosidl_typesupport_fastrtps_c.dir/rosidl_typesupport_fastrtps_c/interface_package/msg/detail/navresult__type_support_c.cpp.o[0m
[5.039s] [ 81%] [32mBuilding CXX object CMakeFiles/interface_package__rosidl_typesupport_fastrtps_cpp.dir/rosidl_typesupport_fastrtps_cpp/interface_package/msg/detail/dds_fastrtps/navgoal__type_support.cpp.o[0m
[5.082s] [ 82%] [32mBuilding CXX object CMakeFiles/interface_package__rosidl_typesupport_fastrtps_cpp.dir/rosidl_typesupport_fastrtps_cpp/interface_package/msg/detail/dds_fastrtps/navfeedback__type_support.cpp.o[0m
[5.211s] [ 83%] [32mBuilding CXX object CMakeFiles/interface_package__rosidl_typesupport_fastrtps_cpp.dir/rosidl_typesupport_fastrtps_cpp/interface_package/msg/detail/dds_fastrtps/navresult__type_support.cpp.o[0m
[5.330s] [ 84%] [32m[1mLinking CXX shared library libinterface_package__rosidl_typesupport_fastrtps_c.so[0m
[5.391s] [ 84%] Built target interface_package__rosidl_typesupport_fastrtps_c
[5.487s] [ 84%] [32m[1mLinking CXX shared library libinterface_package__rosidl_typesupport_fastrtps_cpp.so[0m
[5.537s] [ 84%] Built target interface_package__rosidl_typesupport_fastrtps_cpp
[5.552s] [ 84%] Built target interface_package
[5.567s] [ 85%] [34m[1mGenerating Python code for ROS interfaces[0m
[7.013s] [ 85%] Built target interface_package__py
[7.027s] [35m[1mConsolidate compiler generated dependencies of target interface_package__rosidl_generator_py[0m
[7.046s] [ 87%] [32mBuilding C object CMakeFiles/interface_package__rosidl_generator_py.dir/rosidl_generator_py/interface_package/srv/_location_info_s.c.o[0m
[7.046s] [ 87%] [32mBuilding C object CMakeFiles/interface_package__rosidl_generator_py.dir/rosidl_generator_py/interface_package/srv/_goal_arrival_s.c.o[0m
[7.046s] [ 88%] [32mBuilding C object CMakeFiles/interface_package__rosidl_generator_py.dir/rosidl_generator_py/interface_package/srv/_order_tracking_s.c.o[0m
[7.047s] [ 87%] [32mBuilding C object CMakeFiles/interface_package__rosidl_generator_py.dir/rosidl_generator_py/interface_package/srv/_order_info_s.c.o[0m
[7.055s] [ 89%] [32mBuilding C object CMakeFiles/interface_package__rosidl_generator_py.dir/rosidl_generator_py/interface_package/srv/_order_call_s.c.o[0m
[7.057s] [ 90%] [32mBuilding C object CMakeFiles/interface_package__rosidl_generator_py.dir/rosidl_generator_py/interface_package/srv/_robot_call_s.c.o[0m
[7.065s] [ 90%] [32mBuilding C object CMakeFiles/interface_package__rosidl_generator_py.dir/rosidl_generator_py/interface_package/srv/_delivery_box_s.c.o[0m
[7.079s] [ 91%] [32mBuilding C object CMakeFiles/interface_package__rosidl_generator_py.dir/rosidl_generator_py/interface_package/srv/_store_alarm_s.c.o[0m
[7.231s] [ 92%] [32mBuilding C object CMakeFiles/interface_package__rosidl_generator_py.dir/rosidl_generator_py/interface_package/srv/_robot_dispatch_s.c.o[0m
[7.233s] [ 93%] [32mBuilding C object CMakeFiles/interface_package__rosidl_generator_py.dir/rosidl_generator_py/interface_package/srv/_node_num_s.c.o[0m
[7.235s] [ 94%] [32mBuilding C object CMakeFiles/interface_package__rosidl_generator_py.dir/rosidl_generator_py/interface_package/msg/_navgoal_s.c.o[0m
[7.239s] [ 94%] [32mBuilding C object CMakeFiles/interface_package__rosidl_generator_py.dir/rosidl_generator_py/interface_package/msg/_navfeedback_s.c.o[0m
[7.243s] [ 95%] [32mBuilding C object CMakeFiles/interface_package__rosidl_generator_py.dir/rosidl_generator_py/interface_package/msg/_navresult_s.c.o[0m
[7.379s] [ 96%] [32m[1mLinking C shared library rosidl_generator_py/interface_package/libinterface_package__rosidl_generator_py.so[0m
[7.411s] [ 96%] Built target interface_package__rosidl_generator_py
[7.426s] [35m[1mConsolidate compiler generated dependencies of target interface_package__rosidl_typesupport_c__pyext[0m
[7.428s] [35m[1mConsolidate compiler generated dependencies of target interface_package__rosidl_typesupport_introspection_c__pyext[0m
[7.429s] [35m[1mConsolidate compiler generated dependencies of target interface_package__rosidl_typesupport_fastrtps_c__pyext[0m
[7.441s] [ 97%] [32mBuilding C object CMakeFiles/interface_package__rosidl_typesupport_c__pyext.dir/rosidl_generator_py/interface_package/_interface_package_s.ep.rosidl_typesupport_c.c.o[0m
[7.442s] [ 98%] [32mBuilding C object CMakeFiles/interface_package__rosidl_typesupport_fastrtps_c__pyext.dir/rosidl_generator_py/interface_package/_interface_package_s.ep.rosidl_typesupport_fastrtps_c.c.o[0m
[7.443s] [ 99%] [32mBuilding C object CMakeFiles/interface_package__rosidl_typesupport_introspection_c__pyext.dir/rosidl_generator_py/interface_package/_interface_package_s.ep.rosidl_typesupport_introspection_c.c.o[0m
[7.631s] [ 99%] [32m[1mLinking C shared library rosidl_generator_py/interface_package/interface_package_s__rosidl_typesupport_c.cpython-310-x86_64-linux-gnu.so[0m
[7.633s] [100%] [32m[1mLinking C shared library rosidl_generator_py/interface_package/interface_package_s__rosidl_typesupport_introspection_c.cpython-310-x86_64-linux-gnu.so[0m
[7.647s] [100%] [32m[1mLinking C shared library rosidl_generator_py/interface_package/interface_package_s__rosidl_typesupport_fastrtps_c.cpython-310-x86_64-linux-gnu.so[0m
[7.691s] [100%] Built target interface_package__rosidl_typesupport_introspection_c__pyext
[7.697s] [100%] Built target interface_package__rosidl_typesupport_c__pyext
[7.705s] [100%] Built target interface_package__rosidl_typesupport_fastrtps_c__pyext
[7.719s] Invoked command in '/home/bo/amr_ws/final/ros-repo-3/ControlTower/build/interface_package' returned '0': CMAKE_PREFIX_PATH=/opt/ros/humble /usr/bin/cmake --build /home/bo/amr_ws/final/ros-repo-3/ControlTower/build/interface_package -- -j8 -l8
[7.924s] Invoking command in '/home/bo/amr_ws/final/ros-repo-3/ControlTower/build/interface_package': CMAKE_PREFIX_PATH=/opt/ros/humble /usr/bin/cmake --install /home/bo/amr_ws/final/ros-repo-3/ControlTower/build/interface_package
[7.931s] -- Install configuration: ""
[7.931s] -- Installing: /home/bo/amr_ws/final/ros-repo-3/ControlTower/install/interface_package/share/ament_index/resource_index/rosidl_interfaces/interface_package
[7.931s] -- Up-to-date: /home/bo/amr_ws/final/ros-repo-3/ControlTower/install/interface_package/include/interface_package/interface_package
[7.931s] -- Up-to-date: /home/bo/amr_ws/final/ros-repo-3/ControlTower/install/interface_package/include/interface_package/interface_package/srv
[7.931s] -- Installing: /home/bo/amr_ws/final/ros-repo-3/ControlTower/install/interface_package/include/interface_package/interface_package/srv/location_info.h
[7.931s] -- Installing: /home/bo/amr_ws/final/ros-repo-3/ControlTower/install/interface_package/include/interface_package/interface_package/srv/delivery_box.h
[7.931s] -- Installing: /home/bo/amr_ws/final/ros-repo-3/ControlTower/install/interface_package/include/interface_package/interface_package/srv/store_alarm.h
[7.931s] -- Installing: /home/bo/amr_ws/final/ros-repo-3/ControlTower/install/interface_package/include/interface_package/interface_package/srv/order_info.h
[7.931s] -- Installing: /home/bo/amr_ws/final/ros-repo-3/ControlTower/install/interface_package/include/interface_package/interface_package/srv/node_num.h
[7.931s] -- Installing: /home/bo/amr_ws/final/ros-repo-3/ControlTower/install/interface_package/include/interface_package/interface_package/srv/robot_dispatch.h
[7.932s] -- Up-to-date: /home/bo/amr_ws/final/ros-repo-3/ControlTower/install/interface_package/include/interface_package/interface_package/srv/detail
[7.932s] -- Installing: /home/bo/amr_ws/final/ros-repo-3/ControlTower/install/interface_package/include/interface_package/interface_package/srv/detail/order_tracking__struct.h
[7.932s] -- Installing: /home/bo/amr_ws/final/ros-repo-3/ControlTower/install/interface_package/include/interface_package/interface_package/srv/detail/node_num__functions.c
[7.932s] -- Installing: /home/bo/amr_ws/final/ros-repo-3/ControlTower/install/interface_package/include/interface_package/interface_package/srv/detail/robot_dispatch__type_support.h
[7.932s] -- Installing: /home/bo/amr_ws/final/ros-repo-3/ControlTower/install/interface_package/include/interface_package/interface_package/srv/detail/delivery_box__functions.h
[7.932s] -- Installing: /home/bo/amr_ws/final/ros-repo-3/ControlTower/install/interface_package/include/interface_package/interface_package/srv/detail/goal_arrival__type_support.h
[7.932s] -- Installing: /home/bo/amr_ws/final/ros-repo-3/ControlTower/install/interface_package/include/interface_package/interface_package/srv/detail/goal_arrival__functions.c
[7.932s] -- Installing: /home/bo/amr_ws/final/ros-repo-3/ControlTower/install/interface_package/include/interface_package/interface_package/srv/detail/robot_call__functions.c
[7.932s] -- Installing: /home/bo/amr_ws/final/ros-repo-3/ControlTower/install/interface_package/include/interface_package/interface_package/srv/detail/node_num__struct.h
[7.932s] -- Installing: /home/bo/amr_ws/final/ros-repo-3/ControlTower/install/interface_package/include/interface_package/interface_package/srv/detail/delivery_box__functions.c
[7.932s] -- Installing: /home/bo/amr_ws/final/ros-repo-3/ControlTower/install/interface_package/include/interface_package/interface_package/srv/detail/order_info__type_support.h
[7.932s] -- Installing: /home/bo/amr_ws/final/ros-repo-3/ControlTower/install/interface_package/include/interface_package/interface_package/srv/detail/goal_arrival__functions.h
[7.932s] -- Installing: /home/bo/amr_ws/final/ros-repo-3/ControlTower/install/interface_package/include/interface_package/interface_package/srv/detail/location_info__struct.h
[7.932s] -- Installing: /home/bo/amr_ws/final/ros-repo-3/ControlTower/install/interface_package/include/interface_package/interface_package/srv/detail/order_call__type_support.h
[7.932s] -- Installing: /home/bo/amr_ws/final/ros-repo-3/ControlTower/install/interface_package/include/interface_package/interface_package/srv/detail/order_tracking__functions.c
[7.932s] -- Installing: /home/bo/amr_ws/final/ros-repo-3/ControlTower/install/interface_package/include/interface_package/interface_package/srv/detail/order_info__struct.h
[7.932s] -- Installing: /home/bo/amr_ws/final/ros-repo-3/ControlTower/install/interface_package/include/interface_package/interface_package/srv/detail/order_info__functions.c
[7.933s] -- Installing: /home/bo/amr_ws/final/ros-repo-3/ControlTower/install/interface_package/include/interface_package/interface_package/srv/detail/robot_call__struct.h
[7.933s] -- Installing: /home/bo/amr_ws/final/ros-repo-3/ControlTower/install/interface_package/include/interface_package/interface_package/srv/detail/store_alarm__functions.c
[7.933s] -- Installing: /home/bo/amr_ws/final/ros-repo-3/ControlTower/install/interface_package/include/interface_package/interface_package/srv/detail/store_alarm__struct.h
[7.933s] -- Installing: /home/bo/amr_ws/final/ros-repo-3/ControlTower/install/interface_package/include/interface_package/interface_package/srv/detail/goal_arrival__struct.h
[7.933s] -- Installing: /home/bo/amr_ws/final/ros-repo-3/ControlTower/install/interface_package/include/interface_package/interface_package/srv/detail/order_tracking__type_support.h
[7.933s] -- Installing: /home/bo/amr_ws/final/ros-repo-3/ControlTower/install/interface_package/include/interface_package/interface_package/srv/detail/location_info__functions.h
[7.933s] -- Installing: /home/bo/amr_ws/final/ros-repo-3/ControlTower/install/interface_package/include/interface_package/interface_package/srv/detail/order_tracking__functions.h
[7.933s] -- Installing: /home/bo/amr_ws/final/ros-repo-3/ControlTower/install/interface_package/include/interface_package/interface_package/srv/detail/node_num__functions.h
[7.933s] -- Installing: /home/bo/amr_ws/final/ros-repo-3/ControlTower/install/interface_package/include/interface_package/interface_package/srv/detail/order_info__functions.h
[7.933s] -- Installing: /home/bo/amr_ws/final/ros-repo-3/ControlTower/install/interface_package/include/interface_package/interface_package/srv/detail/node_num__type_support.h
[7.933s] -- Installing: /home/bo/amr_ws/final/ros-repo-3/ControlTower/install/interface_package/include/interface_package/interface_package/srv/detail/robot_dispatch__struct.h
[7.933s] -- Installing: /home/bo/amr_ws/final/ros-repo-3/ControlTower/install/interface_package/include/interface_package/interface_package/srv/detail/robot_dispatch__functions.h
[7.933s] -- Installing: /home/bo/amr_ws/final/ros-repo-3/ControlTower/install/interface_package/include/interface_package/interface_package/srv/detail/robot_call__functions.h
[7.933s] -- Installing: /home/bo/amr_ws/final/ros-repo-3/ControlTower/install/interface_package/include/interface_package/interface_package/srv/detail/order_call__functions.h
[7.933s] -- Installing: /home/bo/amr_ws/final/ros-repo-3/ControlTower/install/interface_package/include/interface_package/interface_package/srv/detail/store_alarm__functions.h
[7.933s] -- Installing: /home/bo/amr_ws/final/ros-repo-3/ControlTower/install/interface_package/include/interface_package/interface_package/srv/detail/order_call__struct.h
[7.933s] -- Installing: /home/bo/amr_ws/final/ros-repo-3/ControlTower/install/interface_package/include/interface_package/interface_package/srv/detail/delivery_box__struct.h
[7.934s] -- Installing: /home/bo/amr_ws/final/ros-repo-3/ControlTower/install/interface_package/include/interface_package/interface_package/srv/detail/robot_call__type_support.h
[7.934s] -- Installing: /home/bo/amr_ws/final/ros-repo-3/ControlTower/install/interface_package/include/interface_package/interface_package/srv/detail/store_alarm__type_support.h
[7.934s] -- Installing: /home/bo/amr_ws/final/ros-repo-3/ControlTower/install/interface_package/include/interface_package/interface_package/srv/detail/location_info__functions.c
[7.934s] -- Installing: /home/bo/amr_ws/final/ros-repo-3/ControlTower/install/interface_package/include/interface_package/interface_package/srv/detail/location_info__type_support.h
[7.934s] -- Installing: /home/bo/amr_ws/final/ros-repo-3/ControlTower/install/interface_package/include/interface_package/interface_package/srv/detail/delivery_box__type_support.h
[7.934s] -- Installing: /home/bo/amr_ws/final/ros-repo-3/ControlTower/install/interface_package/include/interface_package/interface_package/srv/detail/robot_dispatch__functions.c
[7.934s] -- Installing: /home/bo/amr_ws/final/ros-repo-3/ControlTower/install/interface_package/include/interface_package/interface_package/srv/detail/order_call__functions.c
[7.934s] -- Installing: /home/bo/amr_ws/final/ros-repo-3/ControlTower/install/interface_package/include/interface_package/interface_package/srv/order_tracking.h
[7.934s] -- Installing: /home/bo/amr_ws/final/ros-repo-3/ControlTower/install/interface_package/include/interface_package/interface_package/srv/goal_arrival.h
[7.934s] -- Installing: /home/bo/amr_ws/final/ros-repo-3/ControlTower/install/interface_package/include/interface_package/interface_package/srv/robot_call.h
[7.934s] -- Installing: /home/bo/amr_ws/final/ros-repo-3/ControlTower/install/interface_package/include/interface_package/interface_package/srv/order_call.h
[7.934s] -- Up-to-date: /home/bo/amr_ws/final/ros-repo-3/ControlTower/install/interface_package/include/interface_package/interface_package/msg
[7.934s] -- Installing: /home/bo/amr_ws/final/ros-repo-3/ControlTower/install/interface_package/include/interface_package/interface_package/msg/navfeedback.h
[7.934s] -- Installing: /home/bo/amr_ws/final/ros-repo-3/ControlTower/install/interface_package/include/interface_package/interface_package/msg/navresult.h
[7.934s] -- Installing: /home/bo/amr_ws/final/ros-repo-3/ControlTower/install/interface_package/include/interface_package/interface_package/msg/navgoal.h
[7.934s] -- Up-to-date: /home/bo/amr_ws/final/ros-repo-3/ControlTower/install/interface_package/include/interface_package/interface_package/msg/detail
[7.934s] -- Installing: /home/bo/amr_ws/final/ros-repo-3/ControlTower/install/interface_package/include/interface_package/interface_package/msg/detail/navfeedback__struct.h
[7.934s] -- Installing: /home/bo/amr_ws/final/ros-repo-3/ControlTower/install/interface_package/include/interface_package/interface_package/msg/detail/navfeedback__type_support.h
[7.934s] -- Installing: /home/bo/amr_ws/final/ros-repo-3/ControlTower/install/interface_package/include/interface_package/interface_package/msg/detail/navgoal__struct.h
[7.935s] -- Installing: /home/bo/amr_ws/final/ros-repo-3/ControlTower/install/interface_package/include/interface_package/interface_package/msg/detail/navgoal__functions.h
[7.935s] -- Installing: /home/bo/amr_ws/final/ros-repo-3/ControlTower/install/interface_package/include/interface_package/interface_package/msg/detail/navgoal__functions.c
[7.935s] -- Installing: /home/bo/amr_ws/final/ros-repo-3/ControlTower/install/interface_package/include/interface_package/interface_package/msg/detail/navresult__functions.h
[7.935s] -- Installing: /home/bo/amr_ws/final/ros-repo-3/ControlTower/install/interface_package/include/interface_package/interface_package/msg/detail/navresult__struct.h
[7.935s] -- Installing: /home/bo/amr_ws/final/ros-repo-3/ControlTower/install/interface_package/include/interface_package/interface_package/msg/detail/navfeedback__functions.h
[7.935s] -- Installing: /home/bo/amr_ws/final/ros-repo-3/ControlTower/install/interface_package/include/interface_package/interface_package/msg/detail/navgoal__type_support.h
[7.935s] -- Installing: /home/bo/amr_ws/final/ros-repo-3/ControlTower/install/interface_package/include/interface_package/interface_package/msg/detail/navresult__type_support.h
[7.935s] -- Installing: /home/bo/amr_ws/final/ros-repo-3/ControlTower/install/interface_package/include/interface_package/interface_package/msg/detail/navresult__functions.c
[7.935s] -- Installing: /home/bo/amr_ws/final/ros-repo-3/ControlTower/install/interface_package/include/interface_package/interface_package/msg/detail/navfeedback__functions.c
[7.935s] -- Up-to-date: /home/bo/amr_ws/final/ros-repo-3/ControlTower/install/interface_package/include/interface_package/interface_package/msg/rosidl_generator_c__visibility_control.h
[7.935s] -- Up-to-date: /home/bo/amr_ws/final/ros-repo-3/ControlTower/install/interface_package/share/interface_package/environment/library_path.sh
[7.935s] -- Installing: /home/bo/amr_ws/final/ros-repo-3/ControlTower/install/interface_package/share/interface_package/environment/library_path.dsv
[7.935s] -- Installing: /home/bo/amr_ws/final/ros-repo-3/ControlTower/install/interface_package/lib/libinterface_package__rosidl_generator_c.so
[7.935s] -- Set runtime path of "/home/bo/amr_ws/final/ros-repo-3/ControlTower/install/interface_package/lib/libinterface_package__rosidl_generator_c.so" to ""
[7.935s] -- Up-to-date: /home/bo/amr_ws/final/ros-repo-3/ControlTower/install/interface_package/include/interface_package/interface_package
[7.936s] -- Up-to-date: /home/bo/amr_ws/final/ros-repo-3/ControlTower/install/interface_package/include/interface_package/interface_package/srv
[7.936s] -- Up-to-date: /home/bo/amr_ws/final/ros-repo-3/ControlTower/install/interface_package/include/interface_package/interface_package/srv/detail
[7.936s] -- Installing: /home/bo/amr_ws/final/ros-repo-3/ControlTower/install/interface_package/include/interface_package/interface_package/srv/detail/robot_call__rosidl_typesupport_fastrtps_c.h
[7.936s] -- Installing: /home/bo/amr_ws/final/ros-repo-3/ControlTower/install/interface_package/include/interface_package/interface_package/srv/detail/order_tracking__rosidl_typesupport_fastrtps_c.h
[7.936s] -- Installing: /home/bo/amr_ws/final/ros-repo-3/ControlTower/install/interface_package/include/interface_package/interface_package/srv/detail/node_num__rosidl_typesupport_fastrtps_c.h
[7.936s] -- Installing: /home/bo/amr_ws/final/ros-repo-3/ControlTower/install/interface_package/include/interface_package/interface_package/srv/detail/store_alarm__rosidl_typesupport_fastrtps_c.h
[7.936s] -- Installing: /home/bo/amr_ws/final/ros-repo-3/ControlTower/install/interface_package/include/interface_package/interface_package/srv/detail/delivery_box__rosidl_typesupport_fastrtps_c.h
[7.936s] -- Installing: /home/bo/amr_ws/final/ros-repo-3/ControlTower/install/interface_package/include/interface_package/interface_package/srv/detail/order_info__rosidl_typesupport_fastrtps_c.h
[7.936s] -- Installing: /home/bo/amr_ws/final/ros-repo-3/ControlTower/install/interface_package/include/interface_package/interface_package/srv/detail/robot_dispatch__rosidl_typesupport_fastrtps_c.h
[7.936s] -- Installing: /home/bo/amr_ws/final/ros-repo-3/ControlTower/install/interface_package/include/interface_package/interface_package/srv/detail/location_info__rosidl_typesupport_fastrtps_c.h
[7.936s] -- Installing: /home/bo/amr_ws/final/ros-repo-3/ControlTower/install/interface_package/include/interface_package/interface_package/srv/detail/goal_arrival__rosidl_typesupport_fastrtps_c.h
[7.936s] -- Installing: /home/bo/amr_ws/final/ros-repo-3/ControlTower/install/interface_package/include/interface_package/interface_package/srv/detail/order_call__rosidl_typesupport_fastrtps_c.h
[7.936s] -- Up-to-date: /home/bo/amr_ws/final/ros-repo-3/ControlTower/install/interface_package/include/interface_package/interface_package/msg
[7.936s] -- Up-to-date: /home/bo/amr_ws/final/ros-repo-3/ControlTower/install/interface_package/include/interface_package/interface_package/msg/detail
[7.936s] -- Installing: /home/bo/amr_ws/final/ros-repo-3/ControlTower/install/interface_package/include/interface_package/interface_package/msg/detail/navresult__rosidl_typesupport_fastrtps_c.h
[7.936s] -- Installing: /home/bo/amr_ws/final/ros-repo-3/ControlTower/install/interface_package/include/interface_package/interface_package/msg/detail/navgoal__rosidl_typesupport_fastrtps_c.h
[7.936s] -- Installing: /home/bo/amr_ws/final/ros-repo-3/ControlTower/install/interface_package/include/interface_package/interface_package/msg/detail/navfeedback__rosidl_typesupport_fastrtps_c.h
[7.936s] -- Up-to-date: /home/bo/amr_ws/final/ros-repo-3/ControlTower/install/interface_package/include/interface_package/interface_package/msg/rosidl_typesupport_fastrtps_c__visibility_control.h
[7.936s] -- Installing: /home/bo/amr_ws/final/ros-repo-3/ControlTower/install/interface_package/lib/libinterface_package__rosidl_typesupport_fastrtps_c.so
[7.937s] -- Set runtime path of "/home/bo/amr_ws/final/ros-repo-3/ControlTower/install/interface_package/lib/libinterface_package__rosidl_typesupport_fastrtps_c.so" to ""
[7.937s] -- Up-to-date: /home/bo/amr_ws/final/ros-repo-3/ControlTower/install/interface_package/include/interface_package/interface_package
[7.937s] -- Up-to-date: /home/bo/amr_ws/final/ros-repo-3/ControlTower/install/interface_package/include/interface_package/interface_package/srv
[7.937s] -- Up-to-date: /home/bo/amr_ws/final/ros-repo-3/ControlTower/install/interface_package/include/interface_package/interface_package/srv/detail
[7.937s] -- Installing: /home/bo/amr_ws/final/ros-repo-3/ControlTower/install/interface_package/include/interface_package/interface_package/srv/detail/order_call__type_support.c
[7.937s] -- Installing: /home/bo/amr_ws/final/ros-repo-3/ControlTower/install/interface_package/include/interface_package/interface_package/srv/detail/node_num__type_support.c
[7.937s] -- Installing: /home/bo/amr_ws/final/ros-repo-3/ControlTower/install/interface_package/include/interface_package/interface_package/srv/detail/order_tracking__rosidl_typesupport_introspection_c.h
[7.937s] -- Installing: /home/bo/amr_ws/final/ros-repo-3/ControlTower/install/interface_package/include/interface_package/interface_package/srv/detail/goal_arrival__type_support.c
[7.937s] -- Installing: /home/bo/amr_ws/final/ros-repo-3/ControlTower/install/interface_package/include/interface_package/interface_package/srv/detail/robot_call__rosidl_typesupport_introspection_c.h
[7.937s] -- Installing: /home/bo/amr_ws/final/ros-repo-3/ControlTower/install/interface_package/include/interface_package/interface_package/srv/detail/order_info__rosidl_typesupport_introspection_c.h
[7.937s] -- Installing: /home/bo/amr_ws/final/ros-repo-3/ControlTower/install/interface_package/include/interface_package/interface_package/srv/detail/delivery_box__rosidl_typesupport_introspection_c.h
[7.937s] -- Installing: /home/bo/amr_ws/final/ros-repo-3/ControlTower/install/interface_package/include/interface_package/interface_package/srv/detail/store_alarm__rosidl_typesupport_introspection_c.h
[7.937s] -- Installing: /home/bo/amr_ws/final/ros-repo-3/ControlTower/install/interface_package/include/interface_package/interface_package/srv/detail/location_info__type_support.c
[7.937s] -- Installing: /home/bo/amr_ws/final/ros-repo-3/ControlTower/install/interface_package/include/interface_package/interface_package/srv/detail/robot_dispatch__rosidl_typesupport_introspection_c.h
[7.937s] -- Installing: /home/bo/amr_ws/final/ros-repo-3/ControlTower/install/interface_package/include/interface_package/interface_package/srv/detail/delivery_box__type_support.c
[7.938s] -- Installing: /home/bo/amr_ws/final/ros-repo-3/ControlTower/install/interface_package/include/interface_package/interface_package/srv/detail/order_tracking__type_support.c
[7.938s] -- Installing: /home/bo/amr_ws/final/ros-repo-3/ControlTower/install/interface_package/include/interface_package/interface_package/srv/detail/order_call__rosidl_typesupport_introspection_c.h
[7.938s] -- Installing: /home/bo/amr_ws/final/ros-repo-3/ControlTower/install/interface_package/include/interface_package/interface_package/srv/detail/store_alarm__type_support.c
[7.938s] -- Installing: /home/bo/amr_ws/final/ros-repo-3/ControlTower/install/interface_package/include/interface_package/interface_package/srv/detail/order_info__type_support.c
[7.938s] -- Installing: /home/bo/amr_ws/final/ros-repo-3/ControlTower/install/interface_package/include/interface_package/interface_package/srv/detail/goal_arrival__rosidl_typesupport_introspection_c.h
[7.938s] -- Installing: /home/bo/amr_ws/final/ros-repo-3/ControlTower/install/interface_package/include/interface_package/interface_package/srv/detail/robot_dispatch__type_support.c
[7.938s] -- Installing: /home/bo/amr_ws/final/ros-repo-3/ControlTower/install/interface_package/include/interface_package/interface_package/srv/detail/location_info__rosidl_typesupport_introspection_c.h
[7.938s] -- Installing: /home/bo/amr_ws/final/ros-repo-3/ControlTower/install/interface_package/include/interface_package/interface_package/srv/detail/node_num__rosidl_typesupport_introspection_c.h
[7.938s] -- Installing: /home/bo/amr_ws/final/ros-repo-3/ControlTower/install/interface_package/include/interface_package/interface_package/srv/detail/robot_call__type_support.c
[7.938s] -- Up-to-date: /home/bo/amr_ws/final/ros-repo-3/ControlTower/install/interface_package/include/interface_package/interface_package/msg
[7.938s] -- Up-to-date: /home/bo/amr_ws/final/ros-repo-3/ControlTower/install/interface_package/include/interface_package/interface_package/msg/rosidl_typesupport_introspection_c__visibility_control.h
[7.938s] -- Up-to-date: /home/bo/amr_ws/final/ros-repo-3/ControlTower/install/interface_package/include/interface_package/interface_package/msg/detail
[7.938s] -- Installing: /home/bo/amr_ws/final/ros-repo-3/ControlTower/install/interface_package/include/interface_package/interface_package/msg/detail/navresult__type_support.c
[7.938s] -- Installing: /home/bo/amr_ws/final/ros-repo-3/ControlTower/install/interface_package/include/interface_package/interface_package/msg/detail/navresult__rosidl_typesupport_introspection_c.h
[7.938s] -- Installing: /home/bo/amr_ws/final/ros-repo-3/ControlTower/install/interface_package/include/interface_package/interface_package/msg/detail/navfeedback__rosidl_typesupport_introspection_c.h
[7.938s] -- Installing: /home/bo/amr_ws/final/ros-repo-3/ControlTower/install/interface_package/include/interface_package/interface_package/msg/detail/navfeedback__type_support.c
[7.939s] -- Installing: /home/bo/amr_ws/final/ros-repo-3/ControlTower/install/interface_package/include/interface_package/interface_package/msg/detail/navgoal__type_support.c
[7.939s] -- Installing: /home/bo/amr_ws/final/ros-repo-3/ControlTower/install/interface_package/include/interface_package/interface_package/msg/detail/navgoal__rosidl_typesupport_introspection_c.h
[7.939s] -- Installing: /home/bo/amr_ws/final/ros-repo-3/ControlTower/install/interface_package/lib/libinterface_package__rosidl_typesupport_introspection_c.so
[7.939s] -- Set runtime path of "/home/bo/amr_ws/final/ros-repo-3/ControlTower/install/interface_package/lib/libinterface_package__rosidl_typesupport_introspection_c.so" to ""
[7.939s] -- Installing: /home/bo/amr_ws/final/ros-repo-3/ControlTower/install/interface_package/lib/libinterface_package__rosidl_typesupport_c.so
[7.939s] -- Set runtime path of "/home/bo/amr_ws/final/ros-repo-3/ControlTower/install/interface_package/lib/libinterface_package__rosidl_typesupport_c.so" to ""
[7.939s] -- Up-to-date: /home/bo/amr_ws/final/ros-repo-3/ControlTower/install/interface_package/include/interface_package/interface_package
[7.939s] -- Up-to-date: /home/bo/amr_ws/final/ros-repo-3/ControlTower/install/interface_package/include/interface_package/interface_package/srv
[7.939s] -- Installing: /home/bo/amr_ws/final/ros-repo-3/ControlTower/install/interface_package/include/interface_package/interface_package/srv/goal_arrival.hpp
[7.939s] -- Installing: /home/bo/amr_ws/final/ros-repo-3/ControlTower/install/interface_package/include/interface_package/interface_package/srv/location_info.hpp
[7.939s] -- Installing: /home/bo/amr_ws/final/ros-repo-3/ControlTower/install/interface_package/include/interface_package/interface_package/srv/order_call.hpp
[7.940s] -- Installing: /home/bo/amr_ws/final/ros-repo-3/ControlTower/install/interface_package/include/interface_package/interface_package/srv/node_num.hpp
[7.940s] -- Installing: /home/bo/amr_ws/final/ros-repo-3/ControlTower/install/interface_package/include/interface_package/interface_package/srv/store_alarm.hpp
[7.940s] -- Installing: /home/bo/amr_ws/final/ros-repo-3/ControlTower/install/interface_package/include/interface_package/interface_package/srv/order_tracking.hpp
[7.940s] -- Up-to-date: /home/bo/amr_ws/final/ros-repo-3/ControlTower/install/interface_package/include/interface_package/interface_package/srv/detail
[7.940s] -- Installing: /home/bo/amr_ws/final/ros-repo-3/ControlTower/install/interface_package/include/interface_package/interface_package/srv/detail/order_tracking__traits.hpp
[7.940s] -- Installing: /home/bo/amr_ws/final/ros-repo-3/ControlTower/install/interface_package/include/interface_package/interface_package/srv/detail/goal_arrival__traits.hpp
[7.940s] -- Installing: /home/bo/amr_ws/final/ros-repo-3/ControlTower/install/interface_package/include/interface_package/interface_package/srv/detail/delivery_box__traits.hpp
[7.940s] -- Installing: /home/bo/amr_ws/final/ros-repo-3/ControlTower/install/interface_package/include/interface_package/interface_package/srv/detail/order_call__struct.hpp
[7.940s] -- Installing: /home/bo/amr_ws/final/ros-repo-3/ControlTower/install/interface_package/include/interface_package/interface_package/srv/detail/goal_arrival__struct.hpp
[7.940s] -- Installing: /home/bo/amr_ws/final/ros-repo-3/ControlTower/install/interface_package/include/interface_package/interface_package/srv/detail/order_call__traits.hpp
[7.940s] -- Installing: /home/bo/amr_ws/final/ros-repo-3/ControlTower/install/interface_package/include/interface_package/interface_package/srv/detail/goal_arrival__builder.hpp
[7.940s] -- Installing: /home/bo/amr_ws/final/ros-repo-3/ControlTower/install/interface_package/include/interface_package/interface_package/srv/detail/store_alarm__traits.hpp
[7.940s] -- Installing: /home/bo/amr_ws/final/ros-repo-3/ControlTower/install/interface_package/include/interface_package/interface_package/srv/detail/order_call__builder.hpp
[7.940s] -- Installing: /home/bo/amr_ws/final/ros-repo-3/ControlTower/install/interface_package/include/interface_package/interface_package/srv/detail/store_alarm__builder.hpp
[7.940s] -- Installing: /home/bo/amr_ws/final/ros-repo-3/ControlTower/install/interface_package/include/interface_package/interface_package/srv/detail/order_tracking__struct.hpp
[7.940s] -- Installing: /home/bo/amr_ws/final/ros-repo-3/ControlTower/install/interface_package/include/interface_package/interface_package/srv/detail/node_num__struct.hpp
[7.941s] -- Installing: /home/bo/amr_ws/final/ros-repo-3/ControlTower/install/interface_package/include/interface_package/interface_package/srv/detail/store_alarm__struct.hpp
[7.941s] -- Installing: /home/bo/amr_ws/final/ros-repo-3/ControlTower/install/interface_package/include/interface_package/interface_package/srv/detail/location_info__builder.hpp
[7.941s] -- Installing: /home/bo/amr_ws/final/ros-repo-3/ControlTower/install/interface_package/include/interface_package/interface_package/srv/detail/robot_dispatch__struct.hpp
[7.941s] -- Installing: /home/bo/amr_ws/final/ros-repo-3/ControlTower/install/interface_package/include/interface_package/interface_package/srv/detail/node_num__traits.hpp
[7.941s] -- Installing: /home/bo/amr_ws/final/ros-repo-3/ControlTower/install/interface_package/include/interface_package/interface_package/srv/detail/delivery_box__struct.hpp
[7.941s] -- Installing: /home/bo/amr_ws/final/ros-repo-3/ControlTower/install/interface_package/include/interface_package/interface_package/srv/detail/location_info__struct.hpp
[7.941s] -- Installing: /home/bo/amr_ws/final/ros-repo-3/ControlTower/install/interface_package/include/interface_package/interface_package/srv/detail/robot_call__struct.hpp
[7.941s] -- Installing: /home/bo/amr_ws/final/ros-repo-3/ControlTower/install/interface_package/include/interface_package/interface_package/srv/detail/robot_dispatch__builder.hpp
[7.941s] -- Installing: /home/bo/amr_ws/final/ros-repo-3/ControlTower/install/interface_package/include/interface_package/interface_package/srv/detail/robot_call__traits.hpp
[7.941s] -- Installing: /home/bo/amr_ws/final/ros-repo-3/ControlTower/install/interface_package/include/interface_package/interface_package/srv/detail/robot_dispatch__traits.hpp
[7.941s] -- Installing: /home/bo/amr_ws/final/ros-repo-3/ControlTower/install/interface_package/include/interface_package/interface_package/srv/detail/order_info__traits.hpp
[7.941s] -- Installing: /home/bo/amr_ws/final/ros-repo-3/ControlTower/install/interface_package/include/interface_package/interface_package/srv/detail/delivery_box__builder.hpp
[7.941s] -- Installing: /home/bo/amr_ws/final/ros-repo-3/ControlTower/install/interface_package/include/interface_package/interface_package/srv/detail/node_num__builder.hpp
[7.941s] -- Installing: /home/bo/amr_ws/final/ros-repo-3/ControlTower/install/interface_package/include/interface_package/interface_package/srv/detail/order_tracking__builder.hpp
[7.941s] -- Installing: /home/bo/amr_ws/final/ros-repo-3/ControlTower/install/interface_package/include/interface_package/interface_package/srv/detail/robot_call__builder.hpp
[7.941s] -- Installing: /home/bo/amr_ws/final/ros-repo-3/ControlTower/install/interface_package/include/interface_package/interface_package/srv/detail/location_info__traits.hpp
[7.942s] -- Installing: /home/bo/amr_ws/final/ros-repo-3/ControlTower/install/interface_package/include/interface_package/interface_package/srv/detail/order_info__builder.hpp
[7.942s] -- Installing: /home/bo/amr_ws/final/ros-repo-3/ControlTower/install/interface_package/include/interface_package/interface_package/srv/detail/order_info__struct.hpp
[7.942s] -- Installing: /home/bo/amr_ws/final/ros-repo-3/ControlTower/install/interface_package/include/interface_package/interface_package/srv/delivery_box.hpp
[7.942s] -- Installing: /home/bo/amr_ws/final/ros-repo-3/ControlTower/install/interface_package/include/interface_package/interface_package/srv/robot_call.hpp
[7.942s] -- Installing: /home/bo/amr_ws/final/ros-repo-3/ControlTower/install/interface_package/include/interface_package/interface_package/srv/robot_dispatch.hpp
[7.942s] -- Installing: /home/bo/amr_ws/final/ros-repo-3/ControlTower/install/interface_package/include/interface_package/interface_package/srv/order_info.hpp
[7.942s] -- Up-to-date: /home/bo/amr_ws/final/ros-repo-3/ControlTower/install/interface_package/include/interface_package/interface_package/msg
[7.942s] -- Installing: /home/bo/amr_ws/final/ros-repo-3/ControlTower/install/interface_package/include/interface_package/interface_package/msg/navfeedback.hpp
[7.942s] -- Up-to-date: /home/bo/amr_ws/final/ros-repo-3/ControlTower/install/interface_package/include/interface_package/interface_package/msg/detail
[7.942s] -- Installing: /home/bo/amr_ws/final/ros-repo-3/ControlTower/install/interface_package/include/interface_package/interface_package/msg/detail/navgoal__struct.hpp
[7.942s] -- Installing: /home/bo/amr_ws/final/ros-repo-3/ControlTower/install/interface_package/include/interface_package/interface_package/msg/detail/navgoal__builder.hpp
[7.942s] -- Installing: /home/bo/amr_ws/final/ros-repo-3/ControlTower/install/interface_package/include/interface_package/interface_package/msg/detail/navfeedback__struct.hpp
[7.942s] -- Installing: /home/bo/amr_ws/final/ros-repo-3/ControlTower/install/interface_package/include/interface_package/interface_package/msg/detail/navgoal__traits.hpp
[7.943s] -- Installing: /home/bo/amr_ws/final/ros-repo-3/ControlTower/install/interface_package/include/interface_package/interface_package/msg/detail/navresult__traits.hpp
[7.943s] -- Installing: /home/bo/amr_ws/final/ros-repo-3/ControlTower/install/interface_package/include/interface_package/interface_package/msg/detail/navresult__struct.hpp
[7.943s] -- Installing: /home/bo/amr_ws/final/ros-repo-3/ControlTower/install/interface_package/include/interface_package/interface_package/msg/detail/navresult__builder.hpp
[7.943s] -- Installing: /home/bo/amr_ws/final/ros-repo-3/ControlTower/install/interface_package/include/interface_package/interface_package/msg/detail/navfeedback__traits.hpp
[7.943s] -- Installing: /home/bo/amr_ws/final/ros-repo-3/ControlTower/install/interface_package/include/interface_package/interface_package/msg/detail/navfeedback__builder.hpp
[7.943s] -- Installing: /home/bo/amr_ws/final/ros-repo-3/ControlTower/install/interface_package/include/interface_package/interface_package/msg/navgoal.hpp
[7.943s] -- Installing: /home/bo/amr_ws/final/ros-repo-3/ControlTower/install/interface_package/include/interface_package/interface_package/msg/navresult.hpp
[7.943s] -- Up-to-date: /home/bo/amr_ws/final/ros-repo-3/ControlTower/install/interface_package/include/interface_package/interface_package
[7.943s] -- Up-to-date: /home/bo/amr_ws/final/ros-repo-3/ControlTower/install/interface_package/include/interface_package/interface_package/srv
[7.943s] -- Up-to-date: /home/bo/amr_ws/final/ros-repo-3/ControlTower/install/interface_package/include/interface_package/interface_package/srv/detail
[7.943s] -- Installing: /home/bo/amr_ws/final/ros-repo-3/ControlTower/install/interface_package/include/interface_package/interface_package/srv/detail/order_info__rosidl_typesupport_fastrtps_cpp.hpp
[7.943s] -- Installing: /home/bo/amr_ws/final/ros-repo-3/ControlTower/install/interface_package/include/interface_package/interface_package/srv/detail/robot_call__rosidl_typesupport_fastrtps_cpp.hpp
[7.943s] -- Installing: /home/bo/amr_ws/final/ros-repo-3/ControlTower/install/interface_package/include/interface_package/interface_package/srv/detail/delivery_box__rosidl_typesupport_fastrtps_cpp.hpp
[7.943s] -- Installing: /home/bo/amr_ws/final/ros-repo-3/ControlTower/install/interface_package/include/interface_package/interface_package/srv/detail/node_num__rosidl_typesupport_fastrtps_cpp.hpp
[7.943s] -- Up-to-date: /home/bo/amr_ws/final/ros-repo-3/ControlTower/install/interface_package/include/interface_package/interface_package/srv/detail/dds_fastrtps
[7.943s] -- Installing: /home/bo/amr_ws/final/ros-repo-3/ControlTower/install/interface_package/include/interface_package/interface_package/srv/detail/store_alarm__rosidl_typesupport_fastrtps_cpp.hpp
[7.943s] -- Installing: /home/bo/amr_ws/final/ros-repo-3/ControlTower/install/interface_package/include/interface_package/interface_package/srv/detail/order_call__rosidl_typesupport_fastrtps_cpp.hpp
[7.943s] -- Installing: /home/bo/amr_ws/final/ros-repo-3/ControlTower/install/interface_package/include/interface_package/interface_package/srv/detail/goal_arrival__rosidl_typesupport_fastrtps_cpp.hpp
[7.943s] -- Installing: /home/bo/amr_ws/final/ros-repo-3/ControlTower/install/interface_package/include/interface_package/interface_package/srv/detail/order_tracking__rosidl_typesupport_fastrtps_cpp.hpp
[7.943s] -- Installing: /home/bo/amr_ws/final/ros-repo-3/ControlTower/install/interface_package/include/interface_package/interface_package/srv/detail/robot_dispatch__rosidl_typesupport_fastrtps_cpp.hpp
[7.944s] -- Installing: /home/bo/amr_ws/final/ros-repo-3/ControlTower/install/interface_package/include/interface_package/interface_package/srv/detail/location_info__rosidl_typesupport_fastrtps_cpp.hpp
[7.944s] -- Up-to-date: /home/bo/amr_ws/final/ros-repo-3/ControlTower/install/interface_package/include/interface_package/interface_package/msg
[7.944s] -- Up-to-date: /home/bo/amr_ws/final/ros-repo-3/ControlTower/install/interface_package/include/interface_package/interface_package/msg/rosidl_typesupport_fastrtps_cpp__visibility_control.h
[7.944s] -- Up-to-date: /home/bo/amr_ws/final/ros-repo-3/ControlTower/install/interface_package/include/interface_package/interface_package/msg/detail
[7.944s] -- Installing: /home/bo/amr_ws/final/ros-repo-3/ControlTower/install/interface_package/include/interface_package/interface_package/msg/detail/navgoal__rosidl_typesupport_fastrtps_cpp.hpp
[7.944s] -- Installing: /home/bo/amr_ws/final/ros-repo-3/ControlTower/install/interface_package/include/interface_package/interface_package/msg/detail/navresult__rosidl_typesupport_fastrtps_cpp.hpp
[7.944s] -- Up-to-date: /home/bo/amr_ws/final/ros-repo-3/ControlTower/install/interface_package/include/interface_package/interface_package/msg/detail/dds_fastrtps
[7.944s] -- Installing: /home/bo/amr_ws/final/ros-repo-3/ControlTower/install/interface_package/include/interface_package/interface_package/msg/detail/navfeedback__rosidl_typesupport_fastrtps_cpp.hpp
[7.944s] -- Installing: /home/bo/amr_ws/final/ros-repo-3/ControlTower/install/interface_package/lib/libinterface_package__rosidl_typesupport_fastrtps_cpp.so
[7.944s] -- Set runtime path of "/home/bo/amr_ws/final/ros-repo-3/ControlTower/install/interface_package/lib/libinterface_package__rosidl_typesupport_fastrtps_cpp.so" to ""
[7.944s] -- Up-to-date: /home/bo/amr_ws/final/ros-repo-3/ControlTower/install/interface_package/include/interface_package/interface_package
[7.944s] -- Up-to-date: /home/bo/amr_ws/final/ros-repo-3/ControlTower/install/interface_package/include/interface_package/interface_package/srv
[7.944s] -- Up-to-date: /home/bo/amr_ws/final/ros-repo-3/ControlTower/install/interface_package/include/interface_package/interface_package/srv/detail
[7.944s] -- Installing: /home/bo/amr_ws/final/ros-repo-3/ControlTower/install/interface_package/include/interface_package/interface_package/srv/detail/delivery_box__rosidl_typesupport_introspection_cpp.hpp
[7.944s] -- Installing: /home/bo/amr_ws/final/ros-repo-3/ControlTower/install/interface_package/include/interface_package/interface_package/srv/detail/robot_dispatch__type_support.cpp
[7.944s] -- Installing: /home/bo/amr_ws/final/ros-repo-3/ControlTower/install/interface_package/include/interface_package/interface_package/srv/detail/order_call__type_support.cpp
[7.944s] -- Installing: /home/bo/amr_ws/final/ros-repo-3/ControlTower/install/interface_package/include/interface_package/interface_package/srv/detail/order_info__rosidl_typesupport_introspection_cpp.hpp
[7.945s] -- Installing: /home/bo/amr_ws/final/ros-repo-3/ControlTower/install/interface_package/include/interface_package/interface_package/srv/detail/robot_call__type_support.cpp
[7.945s] -- Installing: /home/bo/amr_ws/final/ros-repo-3/ControlTower/install/interface_package/include/interface_package/interface_package/srv/detail/order_tracking__type_support.cpp
[7.945s] -- Installing: /home/bo/amr_ws/final/ros-repo-3/ControlTower/install/interface_package/include/interface_package/interface_package/srv/detail/order_info__type_support.cpp
[7.945s] -- Installing: /home/bo/amr_ws/final/ros-repo-3/ControlTower/install/interface_package/include/interface_package/interface_package/srv/detail/robot_call__rosidl_typesupport_introspection_cpp.hpp
[7.945s] -- Installing: /home/bo/amr_ws/final/ros-repo-3/ControlTower/install/interface_package/include/interface_package/interface_package/srv/detail/node_num__rosidl_typesupport_introspection_cpp.hpp
[7.945s] -- Installing: /home/bo/amr_ws/final/ros-repo-3/ControlTower/install/interface_package/include/interface_package/interface_package/srv/detail/store_alarm__type_support.cpp
[7.945s] -- Installing: /home/bo/amr_ws/final/ros-repo-3/ControlTower/install/interface_package/include/interface_package/interface_package/srv/detail/goal_arrival__rosidl_typesupport_introspection_cpp.hpp
[7.945s] -- Installing: /home/bo/amr_ws/final/ros-repo-3/ControlTower/install/interface_package/include/interface_package/interface_package/srv/detail/store_alarm__rosidl_typesupport_introspection_cpp.hpp
[7.945s] -- Installing: /home/bo/amr_ws/final/ros-repo-3/ControlTower/install/interface_package/include/interface_package/interface_package/srv/detail/robot_dispatch__rosidl_typesupport_introspection_cpp.hpp
[7.945s] -- Installing: /home/bo/amr_ws/final/ros-repo-3/ControlTower/install/interface_package/include/interface_package/interface_package/srv/detail/node_num__type_support.cpp
[7.945s] -- Installing: /home/bo/amr_ws/final/ros-repo-3/ControlTower/install/interface_package/include/interface_package/interface_package/srv/detail/goal_arrival__type_support.cpp
[7.945s] -- Installing: /home/bo/amr_ws/final/ros-repo-3/ControlTower/install/interface_package/include/interface_package/interface_package/srv/detail/order_tracking__rosidl_typesupport_introspection_cpp.hpp
[7.945s] -- Installing: /home/bo/amr_ws/final/ros-repo-3/ControlTower/install/interface_package/include/interface_package/interface_package/srv/detail/location_info__type_support.cpp
[7.945s] -- Installing: /home/bo/amr_ws/final/ros-repo-3/ControlTower/install/interface_package/include/interface_package/interface_package/srv/detail/location_info__rosidl_typesupport_introspection_cpp.hpp
[7.945s] -- Installing: /home/bo/amr_ws/final/ros-repo-3/ControlTower/install/interface_package/include/interface_package/interface_package/srv/detail/order_call__rosidl_typesupport_introspection_cpp.hpp
[7.946s] -- Installing: /home/bo/amr_ws/final/ros-repo-3/ControlTower/install/interface_package/include/interface_package/interface_package/srv/detail/delivery_box__type_support.cpp
[7.946s] -- Up-to-date: /home/bo/amr_ws/final/ros-repo-3/ControlTower/install/interface_package/include/interface_package/interface_package/msg
[7.946s] -- Up-to-date: /home/bo/amr_ws/final/ros-repo-3/ControlTower/install/interface_package/include/interface_package/interface_package/msg/detail
[7.946s] -- Installing: /home/bo/amr_ws/final/ros-repo-3/ControlTower/install/interface_package/include/interface_package/interface_package/msg/detail/navfeedback__rosidl_typesupport_introspection_cpp.hpp
[7.946s] -- Installing: /home/bo/amr_ws/final/ros-repo-3/ControlTower/install/interface_package/include/interface_package/interface_package/msg/detail/navfeedback__type_support.cpp
[7.946s] -- Installing: /home/bo/amr_ws/final/ros-repo-3/ControlTower/install/interface_package/include/interface_package/interface_package/msg/detail/navgoal__type_support.cpp
[7.946s] -- Installing: /home/bo/amr_ws/final/ros-repo-3/ControlTower/install/interface_package/include/interface_package/interface_package/msg/detail/navresult__type_support.cpp
[7.946s] -- Installing: /home/bo/amr_ws/final/ros-repo-3/ControlTower/install/interface_package/include/interface_package/interface_package/msg/detail/navgoal__rosidl_typesupport_introspection_cpp.hpp
[7.946s] -- Installing: /home/bo/amr_ws/final/ros-repo-3/ControlTower/install/interface_package/include/interface_package/interface_package/msg/detail/navresult__rosidl_typesupport_introspection_cpp.hpp
[7.946s] -- Installing: /home/bo/amr_ws/final/ros-repo-3/ControlTower/install/interface_package/lib/libinterface_package__rosidl_typesupport_introspection_cpp.so
[7.946s] -- Set runtime path of "/home/bo/amr_ws/final/ros-repo-3/ControlTower/install/interface_package/lib/libinterface_package__rosidl_typesupport_introspection_cpp.so" to ""
[7.946s] -- Installing: /home/bo/amr_ws/final/ros-repo-3/ControlTower/install/interface_package/lib/libinterface_package__rosidl_typesupport_cpp.so
[7.947s] -- Set runtime path of "/home/bo/amr_ws/final/ros-repo-3/ControlTower/install/interface_package/lib/libinterface_package__rosidl_typesupport_cpp.so" to ""
[7.947s] -- Up-to-date: /home/bo/amr_ws/final/ros-repo-3/ControlTower/install/interface_package/share/interface_package/environment/pythonpath.sh
[7.947s] -- Installing: /home/bo/amr_ws/final/ros-repo-3/ControlTower/install/interface_package/share/interface_package/environment/pythonpath.dsv
[7.947s] -- Up-to-date: /home/bo/amr_ws/final/ros-repo-3/ControlTower/install/interface_package/local/lib/python3.10/dist-packages/interface_package-0.0.0-py3.10.egg-info
[7.947s] -- Installing: /home/bo/amr_ws/final/ros-repo-3/ControlTower/install/interface_package/local/lib/python3.10/dist-packages/interface_package-0.0.0-py3.10.egg-info/SOURCES.txt
[7.947s] -- Installing: /home/bo/amr_ws/final/ros-repo-3/ControlTower/install/interface_package/local/lib/python3.10/dist-packages/interface_package-0.0.0-py3.10.egg-info/dependency_links.txt
[7.947s] -- Installing: /home/bo/amr_ws/final/ros-repo-3/ControlTower/install/interface_package/local/lib/python3.10/dist-packages/interface_package-0.0.0-py3.10.egg-info/PKG-INFO
[7.947s] -- Installing: /home/bo/amr_ws/final/ros-repo-3/ControlTower/install/interface_package/local/lib/python3.10/dist-packages/interface_package-0.0.0-py3.10.egg-info/top_level.txt
[7.947s] -- Up-to-date: /home/bo/amr_ws/final/ros-repo-3/ControlTower/install/interface_package/local/lib/python3.10/dist-packages/interface_package
[7.947s] -- Installing: /home/bo/amr_ws/final/ros-repo-3/ControlTower/install/interface_package/local/lib/python3.10/dist-packages/interface_package/interface_package_s__rosidl_typesupport_fastrtps_c.cpython-310-x86_64-linux-gnu.so
[7.947s] -- Up-to-date: /home/bo/amr_ws/final/ros-repo-3/ControlTower/install/interface_package/local/lib/python3.10/dist-packages/interface_package/srv
[7.947s] -- Installing: /home/bo/amr_ws/final/ros-repo-3/ControlTower/install/interface_package/local/lib/python3.10/dist-packages/interface_package/srv/_location_info_s.c
[7.947s] -- Installing: /home/bo/amr_ws/final/ros-repo-3/ControlTower/install/interface_package/local/lib/python3.10/dist-packages/interface_package/srv/_delivery_box.py
[7.948s] -- Installing: /home/bo/amr_ws/final/ros-repo-3/ControlTower/install/interface_package/local/lib/python3.10/dist-packages/interface_package/srv/_robot_call_s.c
[7.948s] -- Installing: /home/bo/amr_ws/final/ros-repo-3/ControlTower/install/interface_package/local/lib/python3.10/dist-packages/interface_package/srv/_delivery_box_s.c
[7.948s] -- Installing: /home/bo/amr_ws/final/ros-repo-3/ControlTower/install/interface_package/local/lib/python3.10/dist-packages/interface_package/srv/_order_tracking.py
[7.948s] -- Installing: /home/bo/amr_ws/final/ros-repo-3/ControlTower/install/interface_package/local/lib/python3.10/dist-packages/interface_package/srv/_goal_arrival.py
[7.948s] -- Installing: /home/bo/amr_ws/final/ros-repo-3/ControlTower/install/interface_package/local/lib/python3.10/dist-packages/interface_package/srv/_order_call.py
[7.948s] -- Installing: /home/bo/amr_ws/final/ros-repo-3/ControlTower/install/interface_package/local/lib/python3.10/dist-packages/interface_package/srv/_robot_call.py
[7.948s] -- Installing: /home/bo/amr_ws/final/ros-repo-3/ControlTower/install/interface_package/local/lib/python3.10/dist-packages/interface_package/srv/_goal_arrival_s.c
[7.948s] -- Installing: /home/bo/amr_ws/final/ros-repo-3/ControlTower/install/interface_package/local/lib/python3.10/dist-packages/interface_package/srv/_node_num_s.c
[7.948s] -- Installing: /home/bo/amr_ws/final/ros-repo-3/ControlTower/install/interface_package/local/lib/python3.10/dist-packages/interface_package/srv/_order_info_s.c
[7.948s] -- Installing: /home/bo/amr_ws/final/ros-repo-3/ControlTower/install/interface_package/local/lib/python3.10/dist-packages/interface_package/srv/_order_tracking_s.c
[7.948s] -- Installing: /home/bo/amr_ws/final/ros-repo-3/ControlTower/install/interface_package/local/lib/python3.10/dist-packages/interface_package/srv/_order_call_s.c
[7.948s] -- Installing: /home/bo/amr_ws/final/ros-repo-3/ControlTower/install/interface_package/local/lib/python3.10/dist-packages/interface_package/srv/_store_alarm_s.c
[7.948s] -- Installing: /home/bo/amr_ws/final/ros-repo-3/ControlTower/install/interface_package/local/lib/python3.10/dist-packages/interface_package/srv/_node_num.py
[7.948s] -- Installing: /home/bo/amr_ws/final/ros-repo-3/ControlTower/install/interface_package/local/lib/python3.10/dist-packages/interface_package/srv/_robot_dispatch_s.c
[7.949s] -- Installing: /home/bo/amr_ws/final/ros-repo-3/ControlTower/install/interface_package/local/lib/python3.10/dist-packages/interface_package/srv/_location_info.py
[7.949s] -- Installing: /home/bo/amr_ws/final/ros-repo-3/ControlTower/install/interface_package/local/lib/python3.10/dist-packages/interface_package/srv/_order_info.py
[7.949s] -- Installing: /home/bo/amr_ws/final/ros-repo-3/ControlTower/install/interface_package/local/lib/python3.10/dist-packages/interface_package/srv/__init__.py
[7.949s] -- Installing: /home/bo/amr_ws/final/ros-repo-3/ControlTower/install/interface_package/local/lib/python3.10/dist-packages/interface_package/srv/_robot_dispatch.py
[7.949s] -- Installing: /home/bo/amr_ws/final/ros-repo-3/ControlTower/install/interface_package/local/lib/python3.10/dist-packages/interface_package/srv/_store_alarm.py
[7.949s] -- Installing: /home/bo/amr_ws/final/ros-repo-3/ControlTower/install/interface_package/local/lib/python3.10/dist-packages/interface_package/_interface_package_s.ep.rosidl_typesupport_fastrtps_c.c
[7.949s] -- Installing: /home/bo/amr_ws/final/ros-repo-3/ControlTower/install/interface_package/local/lib/python3.10/dist-packages/interface_package/_interface_package_s.ep.rosidl_typesupport_c.c
[7.949s] -- Installing: /home/bo/amr_ws/final/ros-repo-3/ControlTower/install/interface_package/local/lib/python3.10/dist-packages/interface_package/libinterface_package__rosidl_generator_py.so
[7.949s] -- Installing: /home/bo/amr_ws/final/ros-repo-3/ControlTower/install/interface_package/local/lib/python3.10/dist-packages/interface_package/interface_package_s__rosidl_typesupport_c.cpython-310-x86_64-linux-gnu.so
[7.950s] -- Installing: /home/bo/amr_ws/final/ros-repo-3/ControlTower/install/interface_package/local/lib/python3.10/dist-packages/interface_package/interface_package_s__rosidl_typesupport_introspection_c.cpython-310-x86_64-linux-gnu.so
[7.950s] -- Installing: /home/bo/amr_ws/final/ros-repo-3/ControlTower/install/interface_package/local/lib/python3.10/dist-packages/interface_package/_interface_package_s.ep.rosidl_typesupport_introspection_c.c
[7.950s] -- Installing: /home/bo/amr_ws/final/ros-repo-3/ControlTower/install/interface_package/local/lib/python3.10/dist-packages/interface_package/__init__.py
[7.950s] -- Up-to-date: /home/bo/amr_ws/final/ros-repo-3/ControlTower/install/interface_package/local/lib/python3.10/dist-packages/interface_package/msg
[7.950s] -- Installing: /home/bo/amr_ws/final/ros-repo-3/ControlTower/install/interface_package/local/lib/python3.10/dist-packages/interface_package/msg/_navresult.py
[7.950s] -- Installing: /home/bo/amr_ws/final/ros-repo-3/ControlTower/install/interface_package/local/lib/python3.10/dist-packages/interface_package/msg/_navfeedback.py
[7.950s] -- Installing: /home/bo/amr_ws/final/ros-repo-3/ControlTower/install/interface_package/local/lib/python3.10/dist-packages/interface_package/msg/_navgoal.py
[7.950s] -- Installing: /home/bo/amr_ws/final/ros-repo-3/ControlTower/install/interface_package/local/lib/python3.10/dist-packages/interface_package/msg/_navresult_s.c
[7.950s] -- Installing: /home/bo/amr_ws/final/ros-repo-3/ControlTower/install/interface_package/local/lib/python3.10/dist-packages/interface_package/msg/_navfeedback_s.c
[7.950s] -- Installing: /home/bo/amr_ws/final/ros-repo-3/ControlTower/install/interface_package/local/lib/python3.10/dist-packages/interface_package/msg/_navgoal_s.c
[7.950s] -- Installing: /home/bo/amr_ws/final/ros-repo-3/ControlTower/install/interface_package/local/lib/python3.10/dist-packages/interface_package/msg/__init__.py
[7.984s] Listing '/home/bo/amr_ws/final/ros-repo-3/ControlTower/install/interface_package/local/lib/python3.10/dist-packages/interface_package'...
[7.984s] Compiling '/home/bo/amr_ws/final/ros-repo-3/ControlTower/install/interface_package/local/lib/python3.10/dist-packages/interface_package/__init__.py'...
[7.984s] Listing '/home/bo/amr_ws/final/ros-repo-3/ControlTower/install/interface_package/local/lib/python3.10/dist-packages/interface_package/msg'...
[7.984s] Compiling '/home/bo/amr_ws/final/ros-repo-3/ControlTower/install/interface_package/local/lib/python3.10/dist-packages/interface_package/msg/__init__.py'...
[7.984s] Compiling '/home/bo/amr_ws/final/ros-repo-3/ControlTower/install/interface_package/local/lib/python3.10/dist-packages/interface_package/msg/_navfeedback.py'...
[7.984s] Compiling '/home/bo/amr_ws/final/ros-repo-3/ControlTower/install/interface_package/local/lib/python3.10/dist-packages/interface_package/msg/_navgoal.py'...
[7.984s] Compiling '/home/bo/amr_ws/final/ros-repo-3/ControlTower/install/interface_package/local/lib/python3.10/dist-packages/interface_package/msg/_navresult.py'...
[7.984s] Listing '/home/bo/amr_ws/final/ros-repo-3/ControlTower/install/interface_package/local/lib/python3.10/dist-packages/interface_package/srv'...
[7.984s] Compiling '/home/bo/amr_ws/final/ros-repo-3/ControlTower/install/interface_package/local/lib/python3.10/dist-packages/interface_package/srv/__init__.py'...
[7.984s] Compiling '/home/bo/amr_ws/final/ros-repo-3/ControlTower/install/interface_package/local/lib/python3.10/dist-packages/interface_package/srv/_delivery_box.py'...
[7.984s] Compiling '/home/bo/amr_ws/final/ros-repo-3/ControlTower/install/interface_package/local/lib/python3.10/dist-packages/interface_package/srv/_goal_arrival.py'...
[7.984s] Compiling '/home/bo/amr_ws/final/ros-repo-3/ControlTower/install/interface_package/local/lib/python3.10/dist-packages/interface_package/srv/_location_info.py'...
[7.984s] Compiling '/home/bo/amr_ws/final/ros-repo-3/ControlTower/install/interface_package/local/lib/python3.10/dist-packages/interface_package/srv/_node_num.py'...
[7.984s] Compiling '/home/bo/amr_ws/final/ros-repo-3/ControlTower/install/interface_package/local/lib/python3.10/dist-packages/interface_package/srv/_order_call.py'...
[7.984s] Compiling '/home/bo/amr_ws/final/ros-repo-3/ControlTower/install/interface_package/local/lib/python3.10/dist-packages/interface_package/srv/_order_info.py'...
[7.984s] Compiling '/home/bo/amr_ws/final/ros-repo-3/ControlTower/install/interface_package/local/lib/python3.10/dist-packages/interface_package/srv/_order_tracking.py'...
[7.984s] Compiling '/home/bo/amr_ws/final/ros-repo-3/ControlTower/install/interface_package/local/lib/python3.10/dist-packages/interface_package/srv/_robot_call.py'...
[7.984s] Compiling '/home/bo/amr_ws/final/ros-repo-3/ControlTower/install/interface_package/local/lib/python3.10/dist-packages/interface_package/srv/_robot_dispatch.py'...
[7.984s] Compiling '/home/bo/amr_ws/final/ros-repo-3/ControlTower/install/interface_package/local/lib/python3.10/dist-packages/interface_package/srv/_store_alarm.py'...
[7.987s] -- Installing: /home/bo/amr_ws/final/ros-repo-3/ControlTower/install/interface_package/local/lib/python3.10/dist-packages/interface_package/interface_package_s__rosidl_typesupport_fastrtps_c.cpython-310-x86_64-linux-gnu.so
[7.987s] -- Set runtime path of "/home/bo/amr_ws/final/ros-repo-3/ControlTower/install/interface_package/local/lib/python3.10/dist-packages/interface_package/interface_package_s__rosidl_typesupport_fastrtps_c.cpython-310-x86_64-linux-gnu.so" to ""
[7.987s] -- Installing: /home/bo/amr_ws/final/ros-repo-3/ControlTower/install/interface_package/local/lib/python3.10/dist-packages/interface_package/interface_package_s__rosidl_typesupport_introspection_c.cpython-310-x86_64-linux-gnu.so
[7.987s] -- Set runtime path of "/home/bo/amr_ws/final/ros-repo-3/ControlTower/install/interface_package/local/lib/python3.10/dist-packages/interface_package/interface_package_s__rosidl_typesupport_introspection_c.cpython-310-x86_64-linux-gnu.so" to ""
[7.987s] -- Installing: /home/bo/amr_ws/final/ros-repo-3/ControlTower/install/interface_package/local/lib/python3.10/dist-packages/interface_package/interface_package_s__rosidl_typesupport_c.cpython-310-x86_64-linux-gnu.so
[7.987s] -- Set runtime path of "/home/bo/amr_ws/final/ros-repo-3/ControlTower/install/interface_package/local/lib/python3.10/dist-packages/interface_package/interface_package_s__rosidl_typesupport_c.cpython-310-x86_64-linux-gnu.so" to ""
[7.987s] -- Installing: /home/bo/amr_ws/final/ros-repo-3/ControlTower/install/interface_package/lib/libinterface_package__rosidl_generator_py.so
[7.988s] -- Set runtime path of "/home/bo/amr_ws/final/ros-repo-3/ControlTower/install/interface_package/lib/libinterface_package__rosidl_generator_py.so" to ""
[7.988s] -- Up-to-date: /home/bo/amr_ws/final/ros-repo-3/ControlTower/install/interface_package/share/interface_package/srv/OrderTracking.idl
[7.988s] -- Up-to-date: /home/bo/amr_ws/final/ros-repo-3/ControlTower/install/interface_package/share/interface_package/srv/OrderInfo.idl
[7.988s] -- Installing: /home/bo/amr_ws/final/ros-repo-3/ControlTower/install/interface_package/share/interface_package/srv/LocationInfo.idl
[7.988s] -- Up-to-date: /home/bo/amr_ws/final/ros-repo-3/ControlTower/install/interface_package/share/interface_package/srv/OrderCall.idl
[7.988s] -- Up-to-date: /home/bo/amr_ws/final/ros-repo-3/ControlTower/install/interface_package/share/interface_package/srv/GoalArrival.idl
[7.988s] -- Up-to-date: /home/bo/amr_ws/final/ros-repo-3/ControlTower/install/interface_package/share/interface_package/srv/RobotCall.idl
[7.988s] -- Up-to-date: /home/bo/amr_ws/final/ros-repo-3/ControlTower/install/interface_package/share/interface_package/srv/DeliveryBox.idl
[7.988s] -- Up-to-date: /home/bo/amr_ws/final/ros-repo-3/ControlTower/install/interface_package/share/interface_package/srv/StoreAlarm.idl
[7.988s] -- Up-to-date: /home/bo/amr_ws/final/ros-repo-3/ControlTower/install/interface_package/share/interface_package/srv/RobotDispatch.idl
[7.988s] -- Installing: /home/bo/amr_ws/final/ros-repo-3/ControlTower/install/interface_package/share/interface_package/srv/NodeNum.idl
[7.988s] -- Up-to-date: /home/bo/amr_ws/final/ros-repo-3/ControlTower/install/interface_package/share/interface_package/msg/Navgoal.idl
[7.988s] -- Up-to-date: /home/bo/amr_ws/final/ros-repo-3/ControlTower/install/interface_package/share/interface_package/msg/Navfeedback.idl
[7.988s] -- Up-to-date: /home/bo/amr_ws/final/ros-repo-3/ControlTower/install/interface_package/share/interface_package/msg/Navresult.idl
[7.989s] -- Up-to-date: /home/bo/amr_ws/final/ros-repo-3/ControlTower/install/interface_package/share/interface_package/srv/OrderTracking.srv
[7.989s] -- Up-to-date: /home/bo/amr_ws/final/ros-repo-3/ControlTower/install/interface_package/share/interface_package/srv/OrderTracking_Request.msg
[7.989s] -- Up-to-date: /home/bo/amr_ws/final/ros-repo-3/ControlTower/install/interface_package/share/interface_package/srv/OrderTracking_Response.msg
[7.989s] -- Up-to-date: /home/bo/amr_ws/final/ros-repo-3/ControlTower/install/interface_package/share/interface_package/srv/OrderInfo.srv
[7.989s] -- Up-to-date: /home/bo/amr_ws/final/ros-repo-3/ControlTower/install/interface_package/share/interface_package/srv/OrderInfo_Request.msg
[7.989s] -- Up-to-date: /home/bo/amr_ws/final/ros-repo-3/ControlTower/install/interface_package/share/interface_package/srv/OrderInfo_Response.msg
[7.989s] -- Installing: /home/bo/amr_ws/final/ros-repo-3/ControlTower/install/interface_package/share/interface_package/srv/LocationInfo.srv
[7.989s] -- Installing: /home/bo/amr_ws/final/ros-repo-3/ControlTower/install/interface_package/share/interface_package/srv/LocationInfo_Request.msg
[7.989s] -- Installing: /home/bo/amr_ws/final/ros-repo-3/ControlTower/install/interface_package/share/interface_package/srv/LocationInfo_Response.msg
[7.989s] -- Up-to-date: /home/bo/amr_ws/final/ros-repo-3/ControlTower/install/interface_package/share/interface_package/srv/OrderCall.srv
[7.989s] -- Up-to-date: /home/bo/amr_ws/final/ros-repo-3/ControlTower/install/interface_package/share/interface_package/srv/OrderCall_Request.msg
[7.989s] -- Up-to-date: /home/bo/amr_ws/final/ros-repo-3/ControlTower/install/interface_package/share/interface_package/srv/OrderCall_Response.msg
[7.989s] -- Up-to-date: /home/bo/amr_ws/final/ros-repo-3/ControlTower/install/interface_package/share/interface_package/srv/GoalArrival.srv
[7.989s] -- Up-to-date: /home/bo/amr_ws/final/ros-repo-3/ControlTower/install/interface_package/share/interface_package/srv/GoalArrival_Request.msg
[7.989s] -- Up-to-date: /home/bo/amr_ws/final/ros-repo-3/ControlTower/install/interface_package/share/interface_package/srv/GoalArrival_Response.msg
[7.989s] -- Up-to-date: /home/bo/amr_ws/final/ros-repo-3/ControlTower/install/interface_package/share/interface_package/srv/RobotCall.srv
[7.989s] -- Up-to-date: /home/bo/amr_ws/final/ros-repo-3/ControlTower/install/interface_package/share/interface_package/srv/RobotCall_Request.msg
[7.989s] -- Up-to-date: /home/bo/amr_ws/final/ros-repo-3/ControlTower/install/interface_package/share/interface_package/srv/RobotCall_Response.msg
[7.989s] -- Up-to-date: /home/bo/amr_ws/final/ros-repo-3/ControlTower/install/interface_package/share/interface_package/srv/DeliveryBox.srv
[7.989s] -- Up-to-date: /home/bo/amr_ws/final/ros-repo-3/ControlTower/install/interface_package/share/interface_package/srv/DeliveryBox_Request.msg
[7.989s] -- Up-to-date: /home/bo/amr_ws/final/ros-repo-3/ControlTower/install/interface_package/share/interface_package/srv/DeliveryBox_Response.msg
[7.989s] -- Up-to-date: /home/bo/amr_ws/final/ros-repo-3/ControlTower/install/interface_package/share/interface_package/srv/StoreAlarm.srv
[7.989s] -- Up-to-date: /home/bo/amr_ws/final/ros-repo-3/ControlTower/install/interface_package/share/interface_package/srv/StoreAlarm_Request.msg
[7.989s] -- Up-to-date: /home/bo/amr_ws/final/ros-repo-3/ControlTower/install/interface_package/share/interface_package/srv/StoreAlarm_Response.msg
[7.990s] -- Up-to-date: /home/bo/amr_ws/final/ros-repo-3/ControlTower/install/interface_package/share/interface_package/srv/RobotDispatch.srv
[7.990s] -- Up-to-date: /home/bo/amr_ws/final/ros-repo-3/ControlTower/install/interface_package/share/interface_package/srv/RobotDispatch_Request.msg
[7.990s] -- Up-to-date: /home/bo/amr_ws/final/ros-repo-3/ControlTower/install/interface_package/share/interface_package/srv/RobotDispatch_Response.msg
[7.990s] -- Installing: /home/bo/amr_ws/final/ros-repo-3/ControlTower/install/interface_package/share/interface_package/srv/NodeNum.srv
[7.990s] -- Installing: /home/bo/amr_ws/final/ros-repo-3/ControlTower/install/interface_package/share/interface_package/srv/NodeNum_Request.msg
[7.990s] -- Installing: /home/bo/amr_ws/final/ros-repo-3/ControlTower/install/interface_package/share/interface_package/srv/NodeNum_Response.msg
[7.990s] -- Up-to-date: /home/bo/amr_ws/final/ros-repo-3/ControlTower/install/interface_package/share/interface_package/msg/Navgoal.msg
[7.990s] -- Up-to-date: /home/bo/amr_ws/final/ros-repo-3/ControlTower/install/interface_package/share/interface_package/msg/Navfeedback.msg
[7.990s] -- Up-to-date: /home/bo/amr_ws/final/ros-repo-3/ControlTower/install/interface_package/share/interface_package/msg/Navresult.msg
[7.990s] -- Up-to-date: /home/bo/amr_ws/final/ros-repo-3/ControlTower/install/interface_package/share/ament_index/resource_index/package_run_dependencies/interface_package
[7.990s] -- Installing: /home/bo/amr_ws/final/ros-repo-3/ControlTower/install/interface_package/share/ament_index/resource_index/parent_prefix_path/interface_package
[7.990s] -- Up-to-date: /home/bo/amr_ws/final/ros-repo-3/ControlTower/install/interface_package/share/interface_package/environment/ament_prefix_path.sh
[7.990s] -- Installing: /home/bo/amr_ws/final/ros-repo-3/ControlTower/install/interface_package/share/interface_package/environment/ament_prefix_path.dsv
[7.990s] -- Up-to-date: /home/bo/amr_ws/final/ros-repo-3/ControlTower/install/interface_package/share/interface_package/environment/path.sh
[7.990s] -- Installing: /home/bo/amr_ws/final/ros-repo-3/ControlTower/install/interface_package/share/interface_package/environment/path.dsv
[7.990s] -- Up-to-date: /home/bo/amr_ws/final/ros-repo-3/ControlTower/install/interface_package/share/interface_package/local_setup.bash
[7.990s] -- Up-to-date: /home/bo/amr_ws/final/ros-repo-3/ControlTower/install/interface_package/share/interface_package/local_setup.sh
[7.990s] -- Up-to-date: /home/bo/amr_ws/final/ros-repo-3/ControlTower/install/interface_package/share/interface_package/local_setup.zsh
[7.990s] -- Installing: /home/bo/amr_ws/final/ros-repo-3/ControlTower/install/interface_package/share/interface_package/local_setup.dsv
[7.990s] -- Installing: /home/bo/amr_ws/final/ros-repo-3/ControlTower/install/interface_package/share/interface_package/package.dsv
[7.990s] -- Up-to-date: /home/bo/amr_ws/final/ros-repo-3/ControlTower/install/interface_package/share/ament_index/resource_index/packages/interface_package
[7.990s] -- Up-to-date: /home/bo/amr_ws/final/ros-repo-3/ControlTower/install/interface_package/share/interface_package/cmake/export_interface_package__rosidl_generator_cExport.cmake
[7.990s] -- Up-to-date: /home/bo/amr_ws/final/ros-repo-3/ControlTower/install/interface_package/share/interface_package/cmake/export_interface_package__rosidl_generator_cExport-noconfig.cmake
[7.991s] -- Up-to-date: /home/bo/amr_ws/final/ros-repo-3/ControlTower/install/interface_package/share/interface_package/cmake/export_interface_package__rosidl_typesupport_fastrtps_cExport.cmake
[7.991s] -- Up-to-date: /home/bo/amr_ws/final/ros-repo-3/ControlTower/install/interface_package/share/interface_package/cmake/export_interface_package__rosidl_typesupport_fastrtps_cExport-noconfig.cmake
[7.991s] -- Up-to-date: /home/bo/amr_ws/final/ros-repo-3/ControlTower/install/interface_package/share/interface_package/cmake/interface_package__rosidl_typesupport_introspection_cExport.cmake
[7.991s] -- Up-to-date: /home/bo/amr_ws/final/ros-repo-3/ControlTower/install/interface_package/share/interface_package/cmake/interface_package__rosidl_typesupport_introspection_cExport-noconfig.cmake
[7.991s] -- Up-to-date: /home/bo/amr_ws/final/ros-repo-3/ControlTower/install/interface_package/share/interface_package/cmake/interface_package__rosidl_typesupport_cExport.cmake
[7.991s] -- Up-to-date: /home/bo/amr_ws/final/ros-repo-3/ControlTower/install/interface_package/share/interface_package/cmake/interface_package__rosidl_typesupport_cExport-noconfig.cmake
[7.991s] -- Up-to-date: /home/bo/amr_ws/final/ros-repo-3/ControlTower/install/interface_package/share/interface_package/cmake/export_interface_package__rosidl_generator_cppExport.cmake
[7.991s] -- Up-to-date: /home/bo/amr_ws/final/ros-repo-3/ControlTower/install/interface_package/share/interface_package/cmake/export_interface_package__rosidl_typesupport_fastrtps_cppExport.cmake
[7.991s] -- Up-to-date: /home/bo/amr_ws/final/ros-repo-3/ControlTower/install/interface_package/share/interface_package/cmake/export_interface_package__rosidl_typesupport_fastrtps_cppExport-noconfig.cmake
[7.991s] -- Up-to-date: /home/bo/amr_ws/final/ros-repo-3/ControlTower/install/interface_package/share/interface_package/cmake/interface_package__rosidl_typesupport_introspection_cppExport.cmake
[7.991s] -- Up-to-date: /home/bo/amr_ws/final/ros-repo-3/ControlTower/install/interface_package/share/interface_package/cmake/interface_package__rosidl_typesupport_introspection_cppExport-noconfig.cmake
[7.991s] -- Up-to-date: /home/bo/amr_ws/final/ros-repo-3/ControlTower/install/interface_package/share/interface_package/cmake/interface_package__rosidl_typesupport_cppExport.cmake
[7.991s] -- Up-to-date: /home/bo/amr_ws/final/ros-repo-3/ControlTower/install/interface_package/share/interface_package/cmake/interface_package__rosidl_typesupport_cppExport-noconfig.cmake
[7.991s] -- Up-to-date: /home/bo/amr_ws/final/ros-repo-3/ControlTower/install/interface_package/share/interface_package/cmake/export_interface_package__rosidl_generator_pyExport.cmake
[7.991s] -- Up-to-date: /home/bo/amr_ws/final/ros-repo-3/ControlTower/install/interface_package/share/interface_package/cmake/export_interface_package__rosidl_generator_pyExport-noconfig.cmake
[7.991s] -- Installing: /home/bo/amr_ws/final/ros-repo-3/ControlTower/install/interface_package/share/interface_package/cmake/rosidl_cmake-extras.cmake
[7.991s] -- Up-to-date: /home/bo/amr_ws/final/ros-repo-3/ControlTower/install/interface_package/share/interface_package/cmake/ament_cmake_export_include_directories-extras.cmake
[7.991s] -- Up-to-date: /home/bo/amr_ws/final/ros-repo-3/ControlTower/install/interface_package/share/interface_package/cmake/ament_cmake_export_libraries-extras.cmake
[7.991s] -- Up-to-date: /home/bo/amr_ws/final/ros-repo-3/ControlTower/install/interface_package/share/interface_package/cmake/ament_cmake_export_targets-extras.cmake
[7.991s] -- Up-to-date: /home/bo/amr_ws/final/ros-repo-3/ControlTower/install/interface_package/share/interface_package/cmake/rosidl_cmake_export_typesupport_targets-extras.cmake
[7.991s] -- Up-to-date: /home/bo/amr_ws/final/ros-repo-3/ControlTower/install/interface_package/share/interface_package/cmake/ament_cmake_export_dependencies-extras.cmake
[7.991s] -- Up-to-date: /home/bo/amr_ws/final/ros-repo-3/ControlTower/install/interface_package/share/interface_package/cmake/rosidl_cmake_export_typesupport_libraries-extras.cmake
[7.991s] -- Up-to-date: /home/bo/amr_ws/final/ros-repo-3/ControlTower/install/interface_package/share/interface_package/cmake/interface_packageConfig.cmake
[7.991s] -- Up-to-date: /home/bo/amr_ws/final/ros-repo-3/ControlTower/install/interface_package/share/interface_package/cmake/interface_packageConfig-version.cmake
[7.991s] -- Up-to-date: /home/bo/amr_ws/final/ros-repo-3/ControlTower/install/interface_package/share/interface_package/package.xml
[7.993s] Invoked command in '/home/bo/amr_ws/final/ros-repo-3/ControlTower/build/interface_package' returned '0': CMAKE_PREFIX_PATH=/opt/ros/humble /usr/bin/cmake --install /home/bo/amr_ws/final/ros-repo-3/ControlTower/build/interface_package
