[0.497s] Invoking command in '/home/bo/amr_ws/final/ros-repo-3/ControlTower/src/ct_package': PYTHONPATH=/home/bo/amr_ws/final/ros-repo-3/ControlTower/build/ct_package/prefix_override:/home/bo/amr_ws/final/ros-repo-3/ControlTower/install/ct_package/lib/python3.10/site-packages:${PYTHONPATH} /usr/bin/python3 -W ignore:setup.py install is deprecated setup.py egg_info --egg-base ../../build/ct_package build --build-base /home/bo/amr_ws/final/ros-repo-3/ControlTower/build/ct_package/build install --record /home/bo/amr_ws/final/ros-repo-3/ControlTower/build/ct_package/install.log --single-version-externally-managed install_data
[0.690s] running egg_info
[0.691s] writing ../../build/ct_package/ct_package.egg-info/PKG-INFO
[0.691s] writing dependency_links to ../../build/ct_package/ct_package.egg-info/dependency_links.txt
[0.691s] writing entry points to ../../build/ct_package/ct_package.egg-info/entry_points.txt
[0.691s] writing requirements to ../../build/ct_package/ct_package.egg-info/requires.txt
[0.691s] writing top-level names to ../../build/ct_package/ct_package.egg-info/top_level.txt
[0.692s] reading manifest file '../../build/ct_package/ct_package.egg-info/SOURCES.txt'
[0.693s] writing manifest file '../../build/ct_package/ct_package.egg-info/SOURCES.txt'
[0.693s] running build
[0.693s] running build_py
[0.693s] copying ct_package/a.py -> /home/bo/amr_ws/final/ros-repo-3/ControlTower/build/ct_package/build/lib/ct_package
[0.693s] running install
[0.694s] running install_lib
[0.694s] copying /home/bo/amr_ws/final/ros-repo-3/ControlTower/build/ct_package/build/lib/ct_package/a.py -> /home/bo/amr_ws/final/ros-repo-3/ControlTower/install/ct_package/lib/python3.10/site-packages/ct_package
[0.695s] byte-compiling /home/bo/amr_ws/final/ros-repo-3/ControlTower/install/ct_package/lib/python3.10/site-packages/ct_package/a.py to a.cpython-310.pyc
[0.696s] running install_data
[0.696s] running install_egg_info
[0.697s] removing '/home/bo/amr_ws/final/ros-repo-3/ControlTower/install/ct_package/lib/python3.10/site-packages/ct_package-0.0.0-py3.10.egg-info' (and everything under it)
[0.698s] Copying ../../build/ct_package/ct_package.egg-info to /home/bo/amr_ws/final/ros-repo-3/ControlTower/install/ct_package/lib/python3.10/site-packages/ct_package-0.0.0-py3.10.egg-info
[0.698s] running install_scripts
[0.714s] Installing control_tower script to /home/bo/amr_ws/final/ros-repo-3/ControlTower/install/ct_package/lib/ct_package
[0.715s] Installing drobot_control script to /home/bo/amr_ws/final/ros-repo-3/ControlTower/install/ct_package/lib/ct_package
[0.715s] Installing kiosk_manager script to /home/bo/amr_ws/final/ros-repo-3/ControlTower/install/ct_package/lib/ct_package
[0.715s] Installing robot_manager script to /home/bo/amr_ws/final/ros-repo-3/ControlTower/install/ct_package/lib/ct_package
[0.715s] Installing service_client script to /home/bo/amr_ws/final/ros-repo-3/ControlTower/install/ct_package/lib/ct_package
[0.715s] Installing store_manager script to /home/bo/amr_ws/final/ros-repo-3/ControlTower/install/ct_package/lib/ct_package
[0.715s] writing list of installed files to '/home/bo/amr_ws/final/ros-repo-3/ControlTower/build/ct_package/install.log'
[0.744s] Invoked command in '/home/bo/amr_ws/final/ros-repo-3/ControlTower/src/ct_package' returned '0': PYTHONPATH=/home/bo/amr_ws/final/ros-repo-3/ControlTower/build/ct_package/prefix_override:/home/bo/amr_ws/final/ros-repo-3/ControlTower/install/ct_package/lib/python3.10/site-packages:${PYTHONPATH} /usr/bin/python3 -W ignore:setup.py install is deprecated setup.py egg_info --egg-base ../../build/ct_package build --build-base /home/bo/amr_ws/final/ros-repo-3/ControlTower/build/ct_package/build install --record /home/bo/amr_ws/final/ros-repo-3/ControlTower/build/ct_package/install.log --single-version-externally-managed install_data
