[  0%] Built target interface_package__cpp
[ 12%] Built target interface_package__rosidl_generator_c
[ 12%] Built target ament_cmake_python_copy_interface_package
[ 24%] Built target interface_package__rosidl_typesupport_cpp
[ 35%] Built target interface_package__rosidl_typesupport_fastrtps_cpp
[ 57%] Built target interface_package__rosidl_typesupport_introspection_cpp
[ 59%] Built target interface_package__rosidl_typesupport_introspection_c
[ 71%] Built target interface_package__rosidl_typesupport_c
[ 83%] Built target interface_package__rosidl_typesupport_fastrtps_c
[ 83%] Built target interface_package
[ 84%] Built target interface_package__py
[ 95%] Built target interface_package__rosidl_generator_py
[ 97%] Built target interface_package__rosidl_typesupport_introspection_c__pyext
[ 98%] Built target interface_package__rosidl_typesupport_c__pyext
[100%] Built target interface_package__rosidl_typesupport_fastrtps_c__pyext
running egg_info
writing interface_package.egg-info/PKG-INFO
writing dependency_links to interface_package.egg-info/dependency_links.txt
writing top-level names to interface_package.egg-info/top_level.txt
reading manifest file 'interface_package.egg-info/SOURCES.txt'
writing manifest file 'interface_package.egg-info/SOURCES.txt'
[100%] Built target ament_cmake_python_build_interface_package_egg
-- Install configuration: ""
-- Up-to-date: /home/bo/amr_ws/final/ros-repo-3/ControlTower/install/interface_package/share/ament_index/resource_index/rosidl_interfaces/interface_package
-- Up-to-date: /home/bo/amr_ws/final/ros-repo-3/ControlTower/install/interface_package/include/interface_package/interface_package
-- Up-to-date: /home/bo/amr_ws/final/ros-repo-3/ControlTower/install/interface_package/include/interface_package/interface_package/srv
-- Up-to-date: /home/bo/amr_ws/final/ros-repo-3/ControlTower/install/interface_package/include/interface_package/interface_package/srv/delivery_box.h
-- Up-to-date: /home/bo/amr_ws/final/ros-repo-3/ControlTower/install/interface_package/include/interface_package/interface_package/srv/store_alarm.h
-- Up-to-date: /home/bo/amr_ws/final/ros-repo-3/ControlTower/install/interface_package/include/interface_package/interface_package/srv/order_info.h
-- Up-to-date: /home/bo/amr_ws/final/ros-repo-3/ControlTower/install/interface_package/include/interface_package/interface_package/srv/robot_dispatch.h
-- Up-to-date: /home/bo/amr_ws/final/ros-repo-3/ControlTower/install/interface_package/include/interface_package/interface_package/srv/detail
-- Up-to-date: /home/bo/amr_ws/final/ros-repo-3/ControlTower/install/interface_package/include/interface_package/interface_package/srv/detail/order_tracking__struct.h
-- Up-to-date: /home/bo/amr_ws/final/ros-repo-3/ControlTower/install/interface_package/include/interface_package/interface_package/srv/detail/robot_dispatch__type_support.h
-- Up-to-date: /home/bo/amr_ws/final/ros-repo-3/ControlTower/install/interface_package/include/interface_package/interface_package/srv/detail/delivery_box__functions.h
-- Up-to-date: /home/bo/amr_ws/final/ros-repo-3/ControlTower/install/interface_package/include/interface_package/interface_package/srv/detail/goal_arrival__type_support.h
-- Up-to-date: /home/bo/amr_ws/final/ros-repo-3/ControlTower/install/interface_package/include/interface_package/interface_package/srv/detail/goal_arrival__functions.c
-- Up-to-date: /home/bo/amr_ws/final/ros-repo-3/ControlTower/install/interface_package/include/interface_package/interface_package/srv/detail/robot_call__functions.c
-- Up-to-date: /home/bo/amr_ws/final/ros-repo-3/ControlTower/install/interface_package/include/interface_package/interface_package/srv/detail/delivery_box__functions.c
-- Up-to-date: /home/bo/amr_ws/final/ros-repo-3/ControlTower/install/interface_package/include/interface_package/interface_package/srv/detail/order_info__type_support.h
-- Up-to-date: /home/bo/amr_ws/final/ros-repo-3/ControlTower/install/interface_package/include/interface_package/interface_package/srv/detail/goal_arrival__functions.h
-- Up-to-date: /home/bo/amr_ws/final/ros-repo-3/ControlTower/install/interface_package/include/interface_package/interface_package/srv/detail/order_call__type_support.h
-- Up-to-date: /home/bo/amr_ws/final/ros-repo-3/ControlTower/install/interface_package/include/interface_package/interface_package/srv/detail/order_tracking__functions.c
-- Up-to-date: /home/bo/amr_ws/final/ros-repo-3/ControlTower/install/interface_package/include/interface_package/interface_package/srv/detail/order_info__struct.h
-- Up-to-date: /home/bo/amr_ws/final/ros-repo-3/ControlTower/install/interface_package/include/interface_package/interface_package/srv/detail/order_info__functions.c
-- Up-to-date: /home/bo/amr_ws/final/ros-repo-3/ControlTower/install/interface_package/include/interface_package/interface_package/srv/detail/robot_call__struct.h
-- Up-to-date: /home/bo/amr_ws/final/ros-repo-3/ControlTower/install/interface_package/include/interface_package/interface_package/srv/detail/store_alarm__functions.c
-- Up-to-date: /home/bo/amr_ws/final/ros-repo-3/ControlTower/install/interface_package/include/interface_package/interface_package/srv/detail/store_alarm__struct.h
-- Up-to-date: /home/bo/amr_ws/final/ros-repo-3/ControlTower/install/interface_package/include/interface_package/interface_package/srv/detail/goal_arrival__struct.h
-- Up-to-date: /home/bo/amr_ws/final/ros-repo-3/ControlTower/install/interface_package/include/interface_package/interface_package/srv/detail/order_tracking__type_support.h
-- Up-to-date: /home/bo/amr_ws/final/ros-repo-3/ControlTower/install/interface_package/include/interface_package/interface_package/srv/detail/order_tracking__functions.h
-- Up-to-date: /home/bo/amr_ws/final/ros-repo-3/ControlTower/install/interface_package/include/interface_package/interface_package/srv/detail/order_info__functions.h
-- Up-to-date: /home/bo/amr_ws/final/ros-repo-3/ControlTower/install/interface_package/include/interface_package/interface_package/srv/detail/robot_dispatch__struct.h
-- Up-to-date: /home/bo/amr_ws/final/ros-repo-3/ControlTower/install/interface_package/include/interface_package/interface_package/srv/detail/robot_dispatch__functions.h
-- Up-to-date: /home/bo/amr_ws/final/ros-repo-3/ControlTower/install/interface_package/include/interface_package/interface_package/srv/detail/robot_call__functions.h
-- Up-to-date: /home/bo/amr_ws/final/ros-repo-3/ControlTower/install/interface_package/include/interface_package/interface_package/srv/detail/order_call__functions.h
-- Up-to-date: /home/bo/amr_ws/final/ros-repo-3/ControlTower/install/interface_package/include/interface_package/interface_package/srv/detail/store_alarm__functions.h
-- Up-to-date: /home/bo/amr_ws/final/ros-repo-3/ControlTower/install/interface_package/include/interface_package/interface_package/srv/detail/order_call__struct.h
-- Up-to-date: /home/bo/amr_ws/final/ros-repo-3/ControlTower/install/interface_package/include/interface_package/interface_package/srv/detail/delivery_box__struct.h
-- Up-to-date: /home/bo/amr_ws/final/ros-repo-3/ControlTower/install/interface_package/include/interface_package/interface_package/srv/detail/robot_call__type_support.h
-- Up-to-date: /home/bo/amr_ws/final/ros-repo-3/ControlTower/install/interface_package/include/interface_package/interface_package/srv/detail/store_alarm__type_support.h
-- Up-to-date: /home/bo/amr_ws/final/ros-repo-3/ControlTower/install/interface_package/include/interface_package/interface_package/srv/detail/delivery_box__type_support.h
-- Up-to-date: /home/bo/amr_ws/final/ros-repo-3/ControlTower/install/interface_package/include/interface_package/interface_package/srv/detail/robot_dispatch__functions.c
-- Up-to-date: /home/bo/amr_ws/final/ros-repo-3/ControlTower/install/interface_package/include/interface_package/interface_package/srv/detail/order_call__functions.c
-- Up-to-date: /home/bo/amr_ws/final/ros-repo-3/ControlTower/install/interface_package/include/interface_package/interface_package/srv/order_tracking.h
-- Up-to-date: /home/bo/amr_ws/final/ros-repo-3/ControlTower/install/interface_package/include/interface_package/interface_package/srv/goal_arrival.h
-- Up-to-date: /home/bo/amr_ws/final/ros-repo-3/ControlTower/install/interface_package/include/interface_package/interface_package/srv/robot_call.h
-- Up-to-date: /home/bo/amr_ws/final/ros-repo-3/ControlTower/install/interface_package/include/interface_package/interface_package/srv/order_call.h
-- Up-to-date: /home/bo/amr_ws/final/ros-repo-3/ControlTower/install/interface_package/include/interface_package/interface_package/msg
-- Up-to-date: /home/bo/amr_ws/final/ros-repo-3/ControlTower/install/interface_package/include/interface_package/interface_package/msg/navfeedback.h
-- Up-to-date: /home/bo/amr_ws/final/ros-repo-3/ControlTower/install/interface_package/include/interface_package/interface_package/msg/navresult.h
-- Up-to-date: /home/bo/amr_ws/final/ros-repo-3/ControlTower/install/interface_package/include/interface_package/interface_package/msg/navgoal.h
-- Up-to-date: /home/bo/amr_ws/final/ros-repo-3/ControlTower/install/interface_package/include/interface_package/interface_package/msg/detail
-- Up-to-date: /home/bo/amr_ws/final/ros-repo-3/ControlTower/install/interface_package/include/interface_package/interface_package/msg/detail/navfeedback__struct.h
-- Up-to-date: /home/bo/amr_ws/final/ros-repo-3/ControlTower/install/interface_package/include/interface_package/interface_package/msg/detail/navfeedback__type_support.h
-- Up-to-date: /home/bo/amr_ws/final/ros-repo-3/ControlTower/install/interface_package/include/interface_package/interface_package/msg/detail/navgoal__struct.h
-- Up-to-date: /home/bo/amr_ws/final/ros-repo-3/ControlTower/install/interface_package/include/interface_package/interface_package/msg/detail/navgoal__functions.h
-- Up-to-date: /home/bo/amr_ws/final/ros-repo-3/ControlTower/install/interface_package/include/interface_package/interface_package/msg/detail/navgoal__functions.c
-- Up-to-date: /home/bo/amr_ws/final/ros-repo-3/ControlTower/install/interface_package/include/interface_package/interface_package/msg/detail/navresult__functions.h
-- Up-to-date: /home/bo/amr_ws/final/ros-repo-3/ControlTower/install/interface_package/include/interface_package/interface_package/msg/detail/navresult__struct.h
-- Up-to-date: /home/bo/amr_ws/final/ros-repo-3/ControlTower/install/interface_package/include/interface_package/interface_package/msg/detail/navfeedback__functions.h
-- Up-to-date: /home/bo/amr_ws/final/ros-repo-3/ControlTower/install/interface_package/include/interface_package/interface_package/msg/detail/navgoal__type_support.h
-- Up-to-date: /home/bo/amr_ws/final/ros-repo-3/ControlTower/install/interface_package/include/interface_package/interface_package/msg/detail/navresult__type_support.h
-- Up-to-date: /home/bo/amr_ws/final/ros-repo-3/ControlTower/install/interface_package/include/interface_package/interface_package/msg/detail/navresult__functions.c
-- Up-to-date: /home/bo/amr_ws/final/ros-repo-3/ControlTower/install/interface_package/include/interface_package/interface_package/msg/detail/navfeedback__functions.c
-- Up-to-date: /home/bo/amr_ws/final/ros-repo-3/ControlTower/install/interface_package/include/interface_package/interface_package/msg/rosidl_generator_c__visibility_control.h
-- Up-to-date: /home/bo/amr_ws/final/ros-repo-3/ControlTower/install/interface_package/share/interface_package/environment/library_path.sh
-- Up-to-date: /home/bo/amr_ws/final/ros-repo-3/ControlTower/install/interface_package/share/interface_package/environment/library_path.dsv
-- Up-to-date: /home/bo/amr_ws/final/ros-repo-3/ControlTower/install/interface_package/lib/libinterface_package__rosidl_generator_c.so
-- Up-to-date: /home/bo/amr_ws/final/ros-repo-3/ControlTower/install/interface_package/include/interface_package/interface_package
-- Up-to-date: /home/bo/amr_ws/final/ros-repo-3/ControlTower/install/interface_package/include/interface_package/interface_package/srv
-- Up-to-date: /home/bo/amr_ws/final/ros-repo-3/ControlTower/install/interface_package/include/interface_package/interface_package/srv/detail
-- Up-to-date: /home/bo/amr_ws/final/ros-repo-3/ControlTower/install/interface_package/include/interface_package/interface_package/srv/detail/robot_call__rosidl_typesupport_fastrtps_c.h
-- Up-to-date: /home/bo/amr_ws/final/ros-repo-3/ControlTower/install/interface_package/include/interface_package/interface_package/srv/detail/order_tracking__rosidl_typesupport_fastrtps_c.h
-- Up-to-date: /home/bo/amr_ws/final/ros-repo-3/ControlTower/install/interface_package/include/interface_package/interface_package/srv/detail/store_alarm__rosidl_typesupport_fastrtps_c.h
-- Up-to-date: /home/bo/amr_ws/final/ros-repo-3/ControlTower/install/interface_package/include/interface_package/interface_package/srv/detail/delivery_box__rosidl_typesupport_fastrtps_c.h
-- Up-to-date: /home/bo/amr_ws/final/ros-repo-3/ControlTower/install/interface_package/include/interface_package/interface_package/srv/detail/order_info__rosidl_typesupport_fastrtps_c.h
-- Up-to-date: /home/bo/amr_ws/final/ros-repo-3/ControlTower/install/interface_package/include/interface_package/interface_package/srv/detail/robot_dispatch__rosidl_typesupport_fastrtps_c.h
-- Up-to-date: /home/bo/amr_ws/final/ros-repo-3/ControlTower/install/interface_package/include/interface_package/interface_package/srv/detail/goal_arrival__rosidl_typesupport_fastrtps_c.h
-- Up-to-date: /home/bo/amr_ws/final/ros-repo-3/ControlTower/install/interface_package/include/interface_package/interface_package/srv/detail/order_call__rosidl_typesupport_fastrtps_c.h
-- Up-to-date: /home/bo/amr_ws/final/ros-repo-3/ControlTower/install/interface_package/include/interface_package/interface_package/msg
-- Up-to-date: /home/bo/amr_ws/final/ros-repo-3/ControlTower/install/interface_package/include/interface_package/interface_package/msg/detail
-- Up-to-date: /home/bo/amr_ws/final/ros-repo-3/ControlTower/install/interface_package/include/interface_package/interface_package/msg/detail/navresult__rosidl_typesupport_fastrtps_c.h
-- Up-to-date: /home/bo/amr_ws/final/ros-repo-3/ControlTower/install/interface_package/include/interface_package/interface_package/msg/detail/navgoal__rosidl_typesupport_fastrtps_c.h
-- Up-to-date: /home/bo/amr_ws/final/ros-repo-3/ControlTower/install/interface_package/include/interface_package/interface_package/msg/detail/navfeedback__rosidl_typesupport_fastrtps_c.h
-- Up-to-date: /home/bo/amr_ws/final/ros-repo-3/ControlTower/install/interface_package/include/interface_package/interface_package/msg/rosidl_typesupport_fastrtps_c__visibility_control.h
-- Up-to-date: /home/bo/amr_ws/final/ros-repo-3/ControlTower/install/interface_package/lib/libinterface_package__rosidl_typesupport_fastrtps_c.so
-- Up-to-date: /home/bo/amr_ws/final/ros-repo-3/ControlTower/install/interface_package/include/interface_package/interface_package
-- Up-to-date: /home/bo/amr_ws/final/ros-repo-3/ControlTower/install/interface_package/include/interface_package/interface_package/srv
-- Up-to-date: /home/bo/amr_ws/final/ros-repo-3/ControlTower/install/interface_package/include/interface_package/interface_package/srv/detail
-- Up-to-date: /home/bo/amr_ws/final/ros-repo-3/ControlTower/install/interface_package/include/interface_package/interface_package/srv/detail/order_call__type_support.c
-- Up-to-date: /home/bo/amr_ws/final/ros-repo-3/ControlTower/install/interface_package/include/interface_package/interface_package/srv/detail/order_tracking__rosidl_typesupport_introspection_c.h
-- Up-to-date: /home/bo/amr_ws/final/ros-repo-3/ControlTower/install/interface_package/include/interface_package/interface_package/srv/detail/goal_arrival__type_support.c
-- Up-to-date: /home/bo/amr_ws/final/ros-repo-3/ControlTower/install/interface_package/include/interface_package/interface_package/srv/detail/robot_call__rosidl_typesupport_introspection_c.h
-- Up-to-date: /home/bo/amr_ws/final/ros-repo-3/ControlTower/install/interface_package/include/interface_package/interface_package/srv/detail/order_info__rosidl_typesupport_introspection_c.h
-- Up-to-date: /home/bo/amr_ws/final/ros-repo-3/ControlTower/install/interface_package/include/interface_package/interface_package/srv/detail/delivery_box__rosidl_typesupport_introspection_c.h
-- Up-to-date: /home/bo/amr_ws/final/ros-repo-3/ControlTower/install/interface_package/include/interface_package/interface_package/srv/detail/store_alarm__rosidl_typesupport_introspection_c.h
-- Up-to-date: /home/bo/amr_ws/final/ros-repo-3/ControlTower/install/interface_package/include/interface_package/interface_package/srv/detail/robot_dispatch__rosidl_typesupport_introspection_c.h
-- Up-to-date: /home/bo/amr_ws/final/ros-repo-3/ControlTower/install/interface_package/include/interface_package/interface_package/srv/detail/delivery_box__type_support.c
-- Up-to-date: /home/bo/amr_ws/final/ros-repo-3/ControlTower/install/interface_package/include/interface_package/interface_package/srv/detail/order_tracking__type_support.c
-- Up-to-date: /home/bo/amr_ws/final/ros-repo-3/ControlTower/install/interface_package/include/interface_package/interface_package/srv/detail/order_call__rosidl_typesupport_introspection_c.h
-- Up-to-date: /home/bo/amr_ws/final/ros-repo-3/ControlTower/install/interface_package/include/interface_package/interface_package/srv/detail/store_alarm__type_support.c
-- Up-to-date: /home/bo/amr_ws/final/ros-repo-3/ControlTower/install/interface_package/include/interface_package/interface_package/srv/detail/order_info__type_support.c
-- Up-to-date: /home/bo/amr_ws/final/ros-repo-3/ControlTower/install/interface_package/include/interface_package/interface_package/srv/detail/goal_arrival__rosidl_typesupport_introspection_c.h
-- Up-to-date: /home/bo/amr_ws/final/ros-repo-3/ControlTower/install/interface_package/include/interface_package/interface_package/srv/detail/robot_dispatch__type_support.c
-- Up-to-date: /home/bo/amr_ws/final/ros-repo-3/ControlTower/install/interface_package/include/interface_package/interface_package/srv/detail/robot_call__type_support.c
-- Up-to-date: /home/bo/amr_ws/final/ros-repo-3/ControlTower/install/interface_package/include/interface_package/interface_package/msg
-- Up-to-date: /home/bo/amr_ws/final/ros-repo-3/ControlTower/install/interface_package/include/interface_package/interface_package/msg/rosidl_typesupport_introspection_c__visibility_control.h
-- Up-to-date: /home/bo/amr_ws/final/ros-repo-3/ControlTower/install/interface_package/include/interface_package/interface_package/msg/detail
-- Up-to-date: /home/bo/amr_ws/final/ros-repo-3/ControlTower/install/interface_package/include/interface_package/interface_package/msg/detail/navresult__type_support.c
-- Up-to-date: /home/bo/amr_ws/final/ros-repo-3/ControlTower/install/interface_package/include/interface_package/interface_package/msg/detail/navresult__rosidl_typesupport_introspection_c.h
-- Up-to-date: /home/bo/amr_ws/final/ros-repo-3/ControlTower/install/interface_package/include/interface_package/interface_package/msg/detail/navfeedback__rosidl_typesupport_introspection_c.h
-- Up-to-date: /home/bo/amr_ws/final/ros-repo-3/ControlTower/install/interface_package/include/interface_package/interface_package/msg/detail/navfeedback__type_support.c
-- Up-to-date: /home/bo/amr_ws/final/ros-repo-3/ControlTower/install/interface_package/include/interface_package/interface_package/msg/detail/navgoal__type_support.c
-- Up-to-date: /home/bo/amr_ws/final/ros-repo-3/ControlTower/install/interface_package/include/interface_package/interface_package/msg/detail/navgoal__rosidl_typesupport_introspection_c.h
-- Up-to-date: /home/bo/amr_ws/final/ros-repo-3/ControlTower/install/interface_package/lib/libinterface_package__rosidl_typesupport_introspection_c.so
-- Up-to-date: /home/bo/amr_ws/final/ros-repo-3/ControlTower/install/interface_package/lib/libinterface_package__rosidl_typesupport_c.so
-- Up-to-date: /home/bo/amr_ws/final/ros-repo-3/ControlTower/install/interface_package/include/interface_package/interface_package
-- Up-to-date: /home/bo/amr_ws/final/ros-repo-3/ControlTower/install/interface_package/include/interface_package/interface_package/srv
-- Up-to-date: /home/bo/amr_ws/final/ros-repo-3/ControlTower/install/interface_package/include/interface_package/interface_package/srv/goal_arrival.hpp
-- Up-to-date: /home/bo/amr_ws/final/ros-repo-3/ControlTower/install/interface_package/include/interface_package/interface_package/srv/order_call.hpp
-- Up-to-date: /home/bo/amr_ws/final/ros-repo-3/ControlTower/install/interface_package/include/interface_package/interface_package/srv/store_alarm.hpp
-- Up-to-date: /home/bo/amr_ws/final/ros-repo-3/ControlTower/install/interface_package/include/interface_package/interface_package/srv/order_tracking.hpp
-- Up-to-date: /home/bo/amr_ws/final/ros-repo-3/ControlTower/install/interface_package/include/interface_package/interface_package/srv/detail
-- Up-to-date: /home/bo/amr_ws/final/ros-repo-3/ControlTower/install/interface_package/include/interface_package/interface_package/srv/detail/order_tracking__traits.hpp
-- Up-to-date: /home/bo/amr_ws/final/ros-repo-3/ControlTower/install/interface_package/include/interface_package/interface_package/srv/detail/goal_arrival__traits.hpp
-- Up-to-date: /home/bo/amr_ws/final/ros-repo-3/ControlTower/install/interface_package/include/interface_package/interface_package/srv/detail/delivery_box__traits.hpp
-- Up-to-date: /home/bo/amr_ws/final/ros-repo-3/ControlTower/install/interface_package/include/interface_package/interface_package/srv/detail/order_call__struct.hpp
-- Up-to-date: /home/bo/amr_ws/final/ros-repo-3/ControlTower/install/interface_package/include/interface_package/interface_package/srv/detail/goal_arrival__struct.hpp
-- Up-to-date: /home/bo/amr_ws/final/ros-repo-3/ControlTower/install/interface_package/include/interface_package/interface_package/srv/detail/order_call__traits.hpp
-- Up-to-date: /home/bo/amr_ws/final/ros-repo-3/ControlTower/install/interface_package/include/interface_package/interface_package/srv/detail/goal_arrival__builder.hpp
-- Up-to-date: /home/bo/amr_ws/final/ros-repo-3/ControlTower/install/interface_package/include/interface_package/interface_package/srv/detail/store_alarm__traits.hpp
-- Up-to-date: /home/bo/amr_ws/final/ros-repo-3/ControlTower/install/interface_package/include/interface_package/interface_package/srv/detail/order_call__builder.hpp
-- Up-to-date: /home/bo/amr_ws/final/ros-repo-3/ControlTower/install/interface_package/include/interface_package/interface_package/srv/detail/store_alarm__builder.hpp
-- Up-to-date: /home/bo/amr_ws/final/ros-repo-3/ControlTower/install/interface_package/include/interface_package/interface_package/srv/detail/order_tracking__struct.hpp
-- Up-to-date: /home/bo/amr_ws/final/ros-repo-3/ControlTower/install/interface_package/include/interface_package/interface_package/srv/detail/store_alarm__struct.hpp
-- Up-to-date: /home/bo/amr_ws/final/ros-repo-3/ControlTower/install/interface_package/include/interface_package/interface_package/srv/detail/robot_dispatch__struct.hpp
-- Up-to-date: /home/bo/amr_ws/final/ros-repo-3/ControlTower/install/interface_package/include/interface_package/interface_package/srv/detail/delivery_box__struct.hpp
-- Up-to-date: /home/bo/amr_ws/final/ros-repo-3/ControlTower/install/interface_package/include/interface_package/interface_package/srv/detail/robot_call__struct.hpp
-- Up-to-date: /home/bo/amr_ws/final/ros-repo-3/ControlTower/install/interface_package/include/interface_package/interface_package/srv/detail/robot_dispatch__builder.hpp
-- Up-to-date: /home/bo/amr_ws/final/ros-repo-3/ControlTower/install/interface_package/include/interface_package/interface_package/srv/detail/robot_call__traits.hpp
-- Up-to-date: /home/bo/amr_ws/final/ros-repo-3/ControlTower/install/interface_package/include/interface_package/interface_package/srv/detail/robot_dispatch__traits.hpp
-- Up-to-date: /home/bo/amr_ws/final/ros-repo-3/ControlTower/install/interface_package/include/interface_package/interface_package/srv/detail/order_info__traits.hpp
-- Up-to-date: /home/bo/amr_ws/final/ros-repo-3/ControlTower/install/interface_package/include/interface_package/interface_package/srv/detail/delivery_box__builder.hpp
-- Up-to-date: /home/bo/amr_ws/final/ros-repo-3/ControlTower/install/interface_package/include/interface_package/interface_package/srv/detail/order_tracking__builder.hpp
-- Up-to-date: /home/bo/amr_ws/final/ros-repo-3/ControlTower/install/interface_package/include/interface_package/interface_package/srv/detail/robot_call__builder.hpp
-- Up-to-date: /home/bo/amr_ws/final/ros-repo-3/ControlTower/install/interface_package/include/interface_package/interface_package/srv/detail/order_info__builder.hpp
-- Up-to-date: /home/bo/amr_ws/final/ros-repo-3/ControlTower/install/interface_package/include/interface_package/interface_package/srv/detail/order_info__struct.hpp
-- Up-to-date: /home/bo/amr_ws/final/ros-repo-3/ControlTower/install/interface_package/include/interface_package/interface_package/srv/delivery_box.hpp
-- Up-to-date: /home/bo/amr_ws/final/ros-repo-3/ControlTower/install/interface_package/include/interface_package/interface_package/srv/robot_call.hpp
-- Up-to-date: /home/bo/amr_ws/final/ros-repo-3/ControlTower/install/interface_package/include/interface_package/interface_package/srv/robot_dispatch.hpp
-- Up-to-date: /home/bo/amr_ws/final/ros-repo-3/ControlTower/install/interface_package/include/interface_package/interface_package/srv/order_info.hpp
-- Up-to-date: /home/bo/amr_ws/final/ros-repo-3/ControlTower/install/interface_package/include/interface_package/interface_package/msg
-- Up-to-date: /home/bo/amr_ws/final/ros-repo-3/ControlTower/install/interface_package/include/interface_package/interface_package/msg/navfeedback.hpp
-- Up-to-date: /home/bo/amr_ws/final/ros-repo-3/ControlTower/install/interface_package/include/interface_package/interface_package/msg/detail
-- Up-to-date: /home/bo/amr_ws/final/ros-repo-3/ControlTower/install/interface_package/include/interface_package/interface_package/msg/detail/navgoal__struct.hpp
-- Up-to-date: /home/bo/amr_ws/final/ros-repo-3/ControlTower/install/interface_package/include/interface_package/interface_package/msg/detail/navgoal__builder.hpp
-- Up-to-date: /home/bo/amr_ws/final/ros-repo-3/ControlTower/install/interface_package/include/interface_package/interface_package/msg/detail/navfeedback__struct.hpp
-- Up-to-date: /home/bo/amr_ws/final/ros-repo-3/ControlTower/install/interface_package/include/interface_package/interface_package/msg/detail/navgoal__traits.hpp
-- Up-to-date: /home/bo/amr_ws/final/ros-repo-3/ControlTower/install/interface_package/include/interface_package/interface_package/msg/detail/navresult__traits.hpp
-- Up-to-date: /home/bo/amr_ws/final/ros-repo-3/ControlTower/install/interface_package/include/interface_package/interface_package/msg/detail/navresult__struct.hpp
-- Up-to-date: /home/bo/amr_ws/final/ros-repo-3/ControlTower/install/interface_package/include/interface_package/interface_package/msg/detail/navresult__builder.hpp
-- Up-to-date: /home/bo/amr_ws/final/ros-repo-3/ControlTower/install/interface_package/include/interface_package/interface_package/msg/detail/navfeedback__traits.hpp
-- Up-to-date: /home/bo/amr_ws/final/ros-repo-3/ControlTower/install/interface_package/include/interface_package/interface_package/msg/detail/navfeedback__builder.hpp
-- Up-to-date: /home/bo/amr_ws/final/ros-repo-3/ControlTower/install/interface_package/include/interface_package/interface_package/msg/navgoal.hpp
-- Up-to-date: /home/bo/amr_ws/final/ros-repo-3/ControlTower/install/interface_package/include/interface_package/interface_package/msg/navresult.hpp
-- Up-to-date: /home/bo/amr_ws/final/ros-repo-3/ControlTower/install/interface_package/include/interface_package/interface_package
-- Up-to-date: /home/bo/amr_ws/final/ros-repo-3/ControlTower/install/interface_package/include/interface_package/interface_package/srv
-- Up-to-date: /home/bo/amr_ws/final/ros-repo-3/ControlTower/install/interface_package/include/interface_package/interface_package/srv/detail
-- Up-to-date: /home/bo/amr_ws/final/ros-repo-3/ControlTower/install/interface_package/include/interface_package/interface_package/srv/detail/order_info__rosidl_typesupport_fastrtps_cpp.hpp
-- Up-to-date: /home/bo/amr_ws/final/ros-repo-3/ControlTower/install/interface_package/include/interface_package/interface_package/srv/detail/robot_call__rosidl_typesupport_fastrtps_cpp.hpp
-- Up-to-date: /home/bo/amr_ws/final/ros-repo-3/ControlTower/install/interface_package/include/interface_package/interface_package/srv/detail/delivery_box__rosidl_typesupport_fastrtps_cpp.hpp
-- Up-to-date: /home/bo/amr_ws/final/ros-repo-3/ControlTower/install/interface_package/include/interface_package/interface_package/srv/detail/dds_fastrtps
-- Up-to-date: /home/bo/amr_ws/final/ros-repo-3/ControlTower/install/interface_package/include/interface_package/interface_package/srv/detail/store_alarm__rosidl_typesupport_fastrtps_cpp.hpp
-- Up-to-date: /home/bo/amr_ws/final/ros-repo-3/ControlTower/install/interface_package/include/interface_package/interface_package/srv/detail/order_call__rosidl_typesupport_fastrtps_cpp.hpp
-- Up-to-date: /home/bo/amr_ws/final/ros-repo-3/ControlTower/install/interface_package/include/interface_package/interface_package/srv/detail/goal_arrival__rosidl_typesupport_fastrtps_cpp.hpp
-- Up-to-date: /home/bo/amr_ws/final/ros-repo-3/ControlTower/install/interface_package/include/interface_package/interface_package/srv/detail/order_tracking__rosidl_typesupport_fastrtps_cpp.hpp
-- Up-to-date: /home/bo/amr_ws/final/ros-repo-3/ControlTower/install/interface_package/include/interface_package/interface_package/srv/detail/robot_dispatch__rosidl_typesupport_fastrtps_cpp.hpp
-- Up-to-date: /home/bo/amr_ws/final/ros-repo-3/ControlTower/install/interface_package/include/interface_package/interface_package/msg
-- Up-to-date: /home/bo/amr_ws/final/ros-repo-3/ControlTower/install/interface_package/include/interface_package/interface_package/msg/rosidl_typesupport_fastrtps_cpp__visibility_control.h
-- Up-to-date: /home/bo/amr_ws/final/ros-repo-3/ControlTower/install/interface_package/include/interface_package/interface_package/msg/detail
-- Up-to-date: /home/bo/amr_ws/final/ros-repo-3/ControlTower/install/interface_package/include/interface_package/interface_package/msg/detail/navgoal__rosidl_typesupport_fastrtps_cpp.hpp
-- Up-to-date: /home/bo/amr_ws/final/ros-repo-3/ControlTower/install/interface_package/include/interface_package/interface_package/msg/detail/navresult__rosidl_typesupport_fastrtps_cpp.hpp
-- Up-to-date: /home/bo/amr_ws/final/ros-repo-3/ControlTower/install/interface_package/include/interface_package/interface_package/msg/detail/dds_fastrtps
-- Up-to-date: /home/bo/amr_ws/final/ros-repo-3/ControlTower/install/interface_package/include/interface_package/interface_package/msg/detail/navfeedback__rosidl_typesupport_fastrtps_cpp.hpp
-- Up-to-date: /home/bo/amr_ws/final/ros-repo-3/ControlTower/install/interface_package/lib/libinterface_package__rosidl_typesupport_fastrtps_cpp.so
-- Up-to-date: /home/bo/amr_ws/final/ros-repo-3/ControlTower/install/interface_package/include/interface_package/interface_package
-- Up-to-date: /home/bo/amr_ws/final/ros-repo-3/ControlTower/install/interface_package/include/interface_package/interface_package/srv
-- Up-to-date: /home/bo/amr_ws/final/ros-repo-3/ControlTower/install/interface_package/include/interface_package/interface_package/srv/detail
-- Up-to-date: /home/bo/amr_ws/final/ros-repo-3/ControlTower/install/interface_package/include/interface_package/interface_package/srv/detail/delivery_box__rosidl_typesupport_introspection_cpp.hpp
-- Up-to-date: /home/bo/amr_ws/final/ros-repo-3/ControlTower/install/interface_package/include/interface_package/interface_package/srv/detail/robot_dispatch__type_support.cpp
-- Up-to-date: /home/bo/amr_ws/final/ros-repo-3/ControlTower/install/interface_package/include/interface_package/interface_package/srv/detail/order_call__type_support.cpp
-- Up-to-date: /home/bo/amr_ws/final/ros-repo-3/ControlTower/install/interface_package/include/interface_package/interface_package/srv/detail/order_info__rosidl_typesupport_introspection_cpp.hpp
-- Up-to-date: /home/bo/amr_ws/final/ros-repo-3/ControlTower/install/interface_package/include/interface_package/interface_package/srv/detail/robot_call__type_support.cpp
-- Up-to-date: /home/bo/amr_ws/final/ros-repo-3/ControlTower/install/interface_package/include/interface_package/interface_package/srv/detail/order_tracking__type_support.cpp
-- Up-to-date: /home/bo/amr_ws/final/ros-repo-3/ControlTower/install/interface_package/include/interface_package/interface_package/srv/detail/order_info__type_support.cpp
-- Up-to-date: /home/bo/amr_ws/final/ros-repo-3/ControlTower/install/interface_package/include/interface_package/interface_package/srv/detail/robot_call__rosidl_typesupport_introspection_cpp.hpp
-- Up-to-date: /home/bo/amr_ws/final/ros-repo-3/ControlTower/install/interface_package/include/interface_package/interface_package/srv/detail/store_alarm__type_support.cpp
-- Up-to-date: /home/bo/amr_ws/final/ros-repo-3/ControlTower/install/interface_package/include/interface_package/interface_package/srv/detail/goal_arrival__rosidl_typesupport_introspection_cpp.hpp
-- Up-to-date: /home/bo/amr_ws/final/ros-repo-3/ControlTower/install/interface_package/include/interface_package/interface_package/srv/detail/store_alarm__rosidl_typesupport_introspection_cpp.hpp
-- Up-to-date: /home/bo/amr_ws/final/ros-repo-3/ControlTower/install/interface_package/include/interface_package/interface_package/srv/detail/robot_dispatch__rosidl_typesupport_introspection_cpp.hpp
-- Up-to-date: /home/bo/amr_ws/final/ros-repo-3/ControlTower/install/interface_package/include/interface_package/interface_package/srv/detail/goal_arrival__type_support.cpp
-- Up-to-date: /home/bo/amr_ws/final/ros-repo-3/ControlTower/install/interface_package/include/interface_package/interface_package/srv/detail/order_tracking__rosidl_typesupport_introspection_cpp.hpp
-- Up-to-date: /home/bo/amr_ws/final/ros-repo-3/ControlTower/install/interface_package/include/interface_package/interface_package/srv/detail/order_call__rosidl_typesupport_introspection_cpp.hpp
-- Up-to-date: /home/bo/amr_ws/final/ros-repo-3/ControlTower/install/interface_package/include/interface_package/interface_package/srv/detail/delivery_box__type_support.cpp
-- Up-to-date: /home/bo/amr_ws/final/ros-repo-3/ControlTower/install/interface_package/include/interface_package/interface_package/msg
-- Up-to-date: /home/bo/amr_ws/final/ros-repo-3/ControlTower/install/interface_package/include/interface_package/interface_package/msg/detail
-- Up-to-date: /home/bo/amr_ws/final/ros-repo-3/ControlTower/install/interface_package/include/interface_package/interface_package/msg/detail/navfeedback__rosidl_typesupport_introspection_cpp.hpp
-- Up-to-date: /home/bo/amr_ws/final/ros-repo-3/ControlTower/install/interface_package/include/interface_package/interface_package/msg/detail/navfeedback__type_support.cpp
-- Up-to-date: /home/bo/amr_ws/final/ros-repo-3/ControlTower/install/interface_package/include/interface_package/interface_package/msg/detail/navgoal__type_support.cpp
-- Up-to-date: /home/bo/amr_ws/final/ros-repo-3/ControlTower/install/interface_package/include/interface_package/interface_package/msg/detail/navresult__type_support.cpp
-- Up-to-date: /home/bo/amr_ws/final/ros-repo-3/ControlTower/install/interface_package/include/interface_package/interface_package/msg/detail/navgoal__rosidl_typesupport_introspection_cpp.hpp
-- Up-to-date: /home/bo/amr_ws/final/ros-repo-3/ControlTower/install/interface_package/include/interface_package/interface_package/msg/detail/navresult__rosidl_typesupport_introspection_cpp.hpp
-- Up-to-date: /home/bo/amr_ws/final/ros-repo-3/ControlTower/install/interface_package/lib/libinterface_package__rosidl_typesupport_introspection_cpp.so
-- Up-to-date: /home/bo/amr_ws/final/ros-repo-3/ControlTower/install/interface_package/lib/libinterface_package__rosidl_typesupport_cpp.so
-- Up-to-date: /home/bo/amr_ws/final/ros-repo-3/ControlTower/install/interface_package/share/interface_package/environment/pythonpath.sh
-- Up-to-date: /home/bo/amr_ws/final/ros-repo-3/ControlTower/install/interface_package/share/interface_package/environment/pythonpath.dsv
-- Up-to-date: /home/bo/amr_ws/final/ros-repo-3/ControlTower/install/interface_package/local/lib/python3.10/dist-packages/interface_package-0.0.0-py3.10.egg-info
-- Installing: /home/bo/amr_ws/final/ros-repo-3/ControlTower/install/interface_package/local/lib/python3.10/dist-packages/interface_package-0.0.0-py3.10.egg-info/SOURCES.txt
-- Installing: /home/bo/amr_ws/final/ros-repo-3/ControlTower/install/interface_package/local/lib/python3.10/dist-packages/interface_package-0.0.0-py3.10.egg-info/dependency_links.txt
-- Installing: /home/bo/amr_ws/final/ros-repo-3/ControlTower/install/interface_package/local/lib/python3.10/dist-packages/interface_package-0.0.0-py3.10.egg-info/PKG-INFO
-- Installing: /home/bo/amr_ws/final/ros-repo-3/ControlTower/install/interface_package/local/lib/python3.10/dist-packages/interface_package-0.0.0-py3.10.egg-info/top_level.txt
-- Up-to-date: /home/bo/amr_ws/final/ros-repo-3/ControlTower/install/interface_package/local/lib/python3.10/dist-packages/interface_package
-- Up-to-date: /home/bo/amr_ws/final/ros-repo-3/ControlTower/install/interface_package/local/lib/python3.10/dist-packages/interface_package/interface_package_s__rosidl_typesupport_fastrtps_c.cpython-310-x86_64-linux-gnu.so
-- Up-to-date: /home/bo/amr_ws/final/ros-repo-3/ControlTower/install/interface_package/local/lib/python3.10/dist-packages/interface_package/srv
-- Up-to-date: /home/bo/amr_ws/final/ros-repo-3/ControlTower/install/interface_package/local/lib/python3.10/dist-packages/interface_package/srv/_delivery_box.py
-- Up-to-date: /home/bo/amr_ws/final/ros-repo-3/ControlTower/install/interface_package/local/lib/python3.10/dist-packages/interface_package/srv/_robot_call_s.c
-- Up-to-date: /home/bo/amr_ws/final/ros-repo-3/ControlTower/install/interface_package/local/lib/python3.10/dist-packages/interface_package/srv/_delivery_box_s.c
-- Up-to-date: /home/bo/amr_ws/final/ros-repo-3/ControlTower/install/interface_package/local/lib/python3.10/dist-packages/interface_package/srv/_order_tracking.py
-- Up-to-date: /home/bo/amr_ws/final/ros-repo-3/ControlTower/install/interface_package/local/lib/python3.10/dist-packages/interface_package/srv/_goal_arrival.py
-- Up-to-date: /home/bo/amr_ws/final/ros-repo-3/ControlTower/install/interface_package/local/lib/python3.10/dist-packages/interface_package/srv/_order_call.py
-- Up-to-date: /home/bo/amr_ws/final/ros-repo-3/ControlTower/install/interface_package/local/lib/python3.10/dist-packages/interface_package/srv/_robot_call.py
-- Up-to-date: /home/bo/amr_ws/final/ros-repo-3/ControlTower/install/interface_package/local/lib/python3.10/dist-packages/interface_package/srv/_goal_arrival_s.c
-- Up-to-date: /home/bo/amr_ws/final/ros-repo-3/ControlTower/install/interface_package/local/lib/python3.10/dist-packages/interface_package/srv/_order_info_s.c
-- Up-to-date: /home/bo/amr_ws/final/ros-repo-3/ControlTower/install/interface_package/local/lib/python3.10/dist-packages/interface_package/srv/_order_tracking_s.c
-- Up-to-date: /home/bo/amr_ws/final/ros-repo-3/ControlTower/install/interface_package/local/lib/python3.10/dist-packages/interface_package/srv/_order_call_s.c
-- Up-to-date: /home/bo/amr_ws/final/ros-repo-3/ControlTower/install/interface_package/local/lib/python3.10/dist-packages/interface_package/srv/_store_alarm_s.c
-- Up-to-date: /home/bo/amr_ws/final/ros-repo-3/ControlTower/install/interface_package/local/lib/python3.10/dist-packages/interface_package/srv/_robot_dispatch_s.c
-- Up-to-date: /home/bo/amr_ws/final/ros-repo-3/ControlTower/install/interface_package/local/lib/python3.10/dist-packages/interface_package/srv/_order_info.py
-- Up-to-date: /home/bo/amr_ws/final/ros-repo-3/ControlTower/install/interface_package/local/lib/python3.10/dist-packages/interface_package/srv/__init__.py
-- Up-to-date: /home/bo/amr_ws/final/ros-repo-3/ControlTower/install/interface_package/local/lib/python3.10/dist-packages/interface_package/srv/_robot_dispatch.py
-- Up-to-date: /home/bo/amr_ws/final/ros-repo-3/ControlTower/install/interface_package/local/lib/python3.10/dist-packages/interface_package/srv/_store_alarm.py
-- Up-to-date: /home/bo/amr_ws/final/ros-repo-3/ControlTower/install/interface_package/local/lib/python3.10/dist-packages/interface_package/_interface_package_s.ep.rosidl_typesupport_fastrtps_c.c
-- Up-to-date: /home/bo/amr_ws/final/ros-repo-3/ControlTower/install/interface_package/local/lib/python3.10/dist-packages/interface_package/_interface_package_s.ep.rosidl_typesupport_c.c
-- Up-to-date: /home/bo/amr_ws/final/ros-repo-3/ControlTower/install/interface_package/local/lib/python3.10/dist-packages/interface_package/libinterface_package__rosidl_generator_py.so
-- Up-to-date: /home/bo/amr_ws/final/ros-repo-3/ControlTower/install/interface_package/local/lib/python3.10/dist-packages/interface_package/interface_package_s__rosidl_typesupport_c.cpython-310-x86_64-linux-gnu.so
-- Up-to-date: /home/bo/amr_ws/final/ros-repo-3/ControlTower/install/interface_package/local/lib/python3.10/dist-packages/interface_package/interface_package_s__rosidl_typesupport_introspection_c.cpython-310-x86_64-linux-gnu.so
-- Up-to-date: /home/bo/amr_ws/final/ros-repo-3/ControlTower/install/interface_package/local/lib/python3.10/dist-packages/interface_package/_interface_package_s.ep.rosidl_typesupport_introspection_c.c
-- Up-to-date: /home/bo/amr_ws/final/ros-repo-3/ControlTower/install/interface_package/local/lib/python3.10/dist-packages/interface_package/__init__.py
-- Up-to-date: /home/bo/amr_ws/final/ros-repo-3/ControlTower/install/interface_package/local/lib/python3.10/dist-packages/interface_package/msg
-- Up-to-date: /home/bo/amr_ws/final/ros-repo-3/ControlTower/install/interface_package/local/lib/python3.10/dist-packages/interface_package/msg/_navresult.py
-- Up-to-date: /home/bo/amr_ws/final/ros-repo-3/ControlTower/install/interface_package/local/lib/python3.10/dist-packages/interface_package/msg/_navfeedback.py
-- Up-to-date: /home/bo/amr_ws/final/ros-repo-3/ControlTower/install/interface_package/local/lib/python3.10/dist-packages/interface_package/msg/_navgoal.py
-- Up-to-date: /home/bo/amr_ws/final/ros-repo-3/ControlTower/install/interface_package/local/lib/python3.10/dist-packages/interface_package/msg/_navresult_s.c
-- Up-to-date: /home/bo/amr_ws/final/ros-repo-3/ControlTower/install/interface_package/local/lib/python3.10/dist-packages/interface_package/msg/_navfeedback_s.c
-- Up-to-date: /home/bo/amr_ws/final/ros-repo-3/ControlTower/install/interface_package/local/lib/python3.10/dist-packages/interface_package/msg/_navgoal_s.c
-- Up-to-date: /home/bo/amr_ws/final/ros-repo-3/ControlTower/install/interface_package/local/lib/python3.10/dist-packages/interface_package/msg/__init__.py
Listing '/home/bo/amr_ws/final/ros-repo-3/ControlTower/install/interface_package/local/lib/python3.10/dist-packages/interface_package'...
Listing '/home/bo/amr_ws/final/ros-repo-3/ControlTower/install/interface_package/local/lib/python3.10/dist-packages/interface_package/msg'...
Listing '/home/bo/amr_ws/final/ros-repo-3/ControlTower/install/interface_package/local/lib/python3.10/dist-packages/interface_package/srv'...
-- Up-to-date: /home/bo/amr_ws/final/ros-repo-3/ControlTower/install/interface_package/local/lib/python3.10/dist-packages/interface_package/interface_package_s__rosidl_typesupport_fastrtps_c.cpython-310-x86_64-linux-gnu.so
-- Up-to-date: /home/bo/amr_ws/final/ros-repo-3/ControlTower/install/interface_package/local/lib/python3.10/dist-packages/interface_package/interface_package_s__rosidl_typesupport_introspection_c.cpython-310-x86_64-linux-gnu.so
-- Up-to-date: /home/bo/amr_ws/final/ros-repo-3/ControlTower/install/interface_package/local/lib/python3.10/dist-packages/interface_package/interface_package_s__rosidl_typesupport_c.cpython-310-x86_64-linux-gnu.so
-- Up-to-date: /home/bo/amr_ws/final/ros-repo-3/ControlTower/install/interface_package/lib/libinterface_package__rosidl_generator_py.so
-- Up-to-date: /home/bo/amr_ws/final/ros-repo-3/ControlTower/install/interface_package/share/interface_package/srv/OrderTracking.idl
-- Up-to-date: /home/bo/amr_ws/final/ros-repo-3/ControlTower/install/interface_package/share/interface_package/srv/OrderInfo.idl
-- Up-to-date: /home/bo/amr_ws/final/ros-repo-3/ControlTower/install/interface_package/share/interface_package/srv/OrderCall.idl
-- Up-to-date: /home/bo/amr_ws/final/ros-repo-3/ControlTower/install/interface_package/share/interface_package/srv/GoalArrival.idl
-- Up-to-date: /home/bo/amr_ws/final/ros-repo-3/ControlTower/install/interface_package/share/interface_package/srv/RobotCall.idl
-- Up-to-date: /home/bo/amr_ws/final/ros-repo-3/ControlTower/install/interface_package/share/interface_package/srv/DeliveryBox.idl
-- Up-to-date: /home/bo/amr_ws/final/ros-repo-3/ControlTower/install/interface_package/share/interface_package/srv/StoreAlarm.idl
-- Up-to-date: /home/bo/amr_ws/final/ros-repo-3/ControlTower/install/interface_package/share/interface_package/srv/RobotDispatch.idl
-- Up-to-date: /home/bo/amr_ws/final/ros-repo-3/ControlTower/install/interface_package/share/interface_package/msg/Navgoal.idl
-- Up-to-date: /home/bo/amr_ws/final/ros-repo-3/ControlTower/install/interface_package/share/interface_package/msg/Navfeedback.idl
-- Up-to-date: /home/bo/amr_ws/final/ros-repo-3/ControlTower/install/interface_package/share/interface_package/msg/Navresult.idl
-- Up-to-date: /home/bo/amr_ws/final/ros-repo-3/ControlTower/install/interface_package/share/interface_package/srv/OrderTracking.srv
-- Up-to-date: /home/bo/amr_ws/final/ros-repo-3/ControlTower/install/interface_package/share/interface_package/srv/OrderTracking_Request.msg
-- Up-to-date: /home/bo/amr_ws/final/ros-repo-3/ControlTower/install/interface_package/share/interface_package/srv/OrderTracking_Response.msg
-- Up-to-date: /home/bo/amr_ws/final/ros-repo-3/ControlTower/install/interface_package/share/interface_package/srv/OrderInfo.srv
-- Up-to-date: /home/bo/amr_ws/final/ros-repo-3/ControlTower/install/interface_package/share/interface_package/srv/OrderInfo_Request.msg
-- Up-to-date: /home/bo/amr_ws/final/ros-repo-3/ControlTower/install/interface_package/share/interface_package/srv/OrderInfo_Response.msg
-- Up-to-date: /home/bo/amr_ws/final/ros-repo-3/ControlTower/install/interface_package/share/interface_package/srv/OrderCall.srv
-- Up-to-date: /home/bo/amr_ws/final/ros-repo-3/ControlTower/install/interface_package/share/interface_package/srv/OrderCall_Request.msg
-- Up-to-date: /home/bo/amr_ws/final/ros-repo-3/ControlTower/install/interface_package/share/interface_package/srv/OrderCall_Response.msg
-- Up-to-date: /home/bo/amr_ws/final/ros-repo-3/ControlTower/install/interface_package/share/interface_package/srv/GoalArrival.srv
-- Up-to-date: /home/bo/amr_ws/final/ros-repo-3/ControlTower/install/interface_package/share/interface_package/srv/GoalArrival_Request.msg
-- Up-to-date: /home/bo/amr_ws/final/ros-repo-3/ControlTower/install/interface_package/share/interface_package/srv/GoalArrival_Response.msg
-- Up-to-date: /home/bo/amr_ws/final/ros-repo-3/ControlTower/install/interface_package/share/interface_package/srv/RobotCall.srv
-- Up-to-date: /home/bo/amr_ws/final/ros-repo-3/ControlTower/install/interface_package/share/interface_package/srv/RobotCall_Request.msg
-- Up-to-date: /home/bo/amr_ws/final/ros-repo-3/ControlTower/install/interface_package/share/interface_package/srv/RobotCall_Response.msg
-- Up-to-date: /home/bo/amr_ws/final/ros-repo-3/ControlTower/install/interface_package/share/interface_package/srv/DeliveryBox.srv
-- Up-to-date: /home/bo/amr_ws/final/ros-repo-3/ControlTower/install/interface_package/share/interface_package/srv/DeliveryBox_Request.msg
-- Up-to-date: /home/bo/amr_ws/final/ros-repo-3/ControlTower/install/interface_package/share/interface_package/srv/DeliveryBox_Response.msg
-- Up-to-date: /home/bo/amr_ws/final/ros-repo-3/ControlTower/install/interface_package/share/interface_package/srv/StoreAlarm.srv
-- Up-to-date: /home/bo/amr_ws/final/ros-repo-3/ControlTower/install/interface_package/share/interface_package/srv/StoreAlarm_Request.msg
-- Up-to-date: /home/bo/amr_ws/final/ros-repo-3/ControlTower/install/interface_package/share/interface_package/srv/StoreAlarm_Response.msg
-- Up-to-date: /home/bo/amr_ws/final/ros-repo-3/ControlTower/install/interface_package/share/interface_package/srv/RobotDispatch.srv
-- Up-to-date: /home/bo/amr_ws/final/ros-repo-3/ControlTower/install/interface_package/share/interface_package/srv/RobotDispatch_Request.msg
-- Up-to-date: /home/bo/amr_ws/final/ros-repo-3/ControlTower/install/interface_package/share/interface_package/srv/RobotDispatch_Response.msg
-- Up-to-date: /home/bo/amr_ws/final/ros-repo-3/ControlTower/install/interface_package/share/interface_package/msg/Navgoal.msg
-- Up-to-date: /home/bo/amr_ws/final/ros-repo-3/ControlTower/install/interface_package/share/interface_package/msg/Navfeedback.msg
-- Up-to-date: /home/bo/amr_ws/final/ros-repo-3/ControlTower/install/interface_package/share/interface_package/msg/Navresult.msg
-- Up-to-date: /home/bo/amr_ws/final/ros-repo-3/ControlTower/install/interface_package/share/ament_index/resource_index/package_run_dependencies/interface_package
-- Up-to-date: /home/bo/amr_ws/final/ros-repo-3/ControlTower/install/interface_package/share/ament_index/resource_index/parent_prefix_path/interface_package
-- Up-to-date: /home/bo/amr_ws/final/ros-repo-3/ControlTower/install/interface_package/share/interface_package/environment/ament_prefix_path.sh
-- Up-to-date: /home/bo/amr_ws/final/ros-repo-3/ControlTower/install/interface_package/share/interface_package/environment/ament_prefix_path.dsv
-- Up-to-date: /home/bo/amr_ws/final/ros-repo-3/ControlTower/install/interface_package/share/interface_package/environment/path.sh
-- Up-to-date: /home/bo/amr_ws/final/ros-repo-3/ControlTower/install/interface_package/share/interface_package/environment/path.dsv
-- Up-to-date: /home/bo/amr_ws/final/ros-repo-3/ControlTower/install/interface_package/share/interface_package/local_setup.bash
-- Up-to-date: /home/bo/amr_ws/final/ros-repo-3/ControlTower/install/interface_package/share/interface_package/local_setup.sh
-- Up-to-date: /home/bo/amr_ws/final/ros-repo-3/ControlTower/install/interface_package/share/interface_package/local_setup.zsh
-- Up-to-date: /home/bo/amr_ws/final/ros-repo-3/ControlTower/install/interface_package/share/interface_package/local_setup.dsv
-- Installing: /home/bo/amr_ws/final/ros-repo-3/ControlTower/install/interface_package/share/interface_package/package.dsv
-- Up-to-date: /home/bo/amr_ws/final/ros-repo-3/ControlTower/install/interface_package/share/ament_index/resource_index/packages/interface_package
-- Up-to-date: /home/bo/amr_ws/final/ros-repo-3/ControlTower/install/interface_package/share/interface_package/cmake/export_interface_package__rosidl_generator_cExport.cmake
-- Up-to-date: /home/bo/amr_ws/final/ros-repo-3/ControlTower/install/interface_package/share/interface_package/cmake/export_interface_package__rosidl_generator_cExport-noconfig.cmake
-- Up-to-date: /home/bo/amr_ws/final/ros-repo-3/ControlTower/install/interface_package/share/interface_package/cmake/export_interface_package__rosidl_typesupport_fastrtps_cExport.cmake
-- Up-to-date: /home/bo/amr_ws/final/ros-repo-3/ControlTower/install/interface_package/share/interface_package/cmake/export_interface_package__rosidl_typesupport_fastrtps_cExport-noconfig.cmake
-- Up-to-date: /home/bo/amr_ws/final/ros-repo-3/ControlTower/install/interface_package/share/interface_package/cmake/interface_package__rosidl_typesupport_introspection_cExport.cmake
-- Up-to-date: /home/bo/amr_ws/final/ros-repo-3/ControlTower/install/interface_package/share/interface_package/cmake/interface_package__rosidl_typesupport_introspection_cExport-noconfig.cmake
-- Up-to-date: /home/bo/amr_ws/final/ros-repo-3/ControlTower/install/interface_package/share/interface_package/cmake/interface_package__rosidl_typesupport_cExport.cmake
-- Up-to-date: /home/bo/amr_ws/final/ros-repo-3/ControlTower/install/interface_package/share/interface_package/cmake/interface_package__rosidl_typesupport_cExport-noconfig.cmake
-- Up-to-date: /home/bo/amr_ws/final/ros-repo-3/ControlTower/install/interface_package/share/interface_package/cmake/export_interface_package__rosidl_generator_cppExport.cmake
-- Up-to-date: /home/bo/amr_ws/final/ros-repo-3/ControlTower/install/interface_package/share/interface_package/cmake/export_interface_package__rosidl_typesupport_fastrtps_cppExport.cmake
-- Up-to-date: /home/bo/amr_ws/final/ros-repo-3/ControlTower/install/interface_package/share/interface_package/cmake/export_interface_package__rosidl_typesupport_fastrtps_cppExport-noconfig.cmake
-- Up-to-date: /home/bo/amr_ws/final/ros-repo-3/ControlTower/install/interface_package/share/interface_package/cmake/interface_package__rosidl_typesupport_introspection_cppExport.cmake
-- Up-to-date: /home/bo/amr_ws/final/ros-repo-3/ControlTower/install/interface_package/share/interface_package/cmake/interface_package__rosidl_typesupport_introspection_cppExport-noconfig.cmake
-- Up-to-date: /home/bo/amr_ws/final/ros-repo-3/ControlTower/install/interface_package/share/interface_package/cmake/interface_package__rosidl_typesupport_cppExport.cmake
-- Up-to-date: /home/bo/amr_ws/final/ros-repo-3/ControlTower/install/interface_package/share/interface_package/cmake/interface_package__rosidl_typesupport_cppExport-noconfig.cmake
-- Up-to-date: /home/bo/amr_ws/final/ros-repo-3/ControlTower/install/interface_package/share/interface_package/cmake/export_interface_package__rosidl_generator_pyExport.cmake
-- Up-to-date: /home/bo/amr_ws/final/ros-repo-3/ControlTower/install/interface_package/share/interface_package/cmake/export_interface_package__rosidl_generator_pyExport-noconfig.cmake
-- Up-to-date: /home/bo/amr_ws/final/ros-repo-3/ControlTower/install/interface_package/share/interface_package/cmake/rosidl_cmake-extras.cmake
-- Up-to-date: /home/bo/amr_ws/final/ros-repo-3/ControlTower/install/interface_package/share/interface_package/cmake/ament_cmake_export_include_directories-extras.cmake
-- Up-to-date: /home/bo/amr_ws/final/ros-repo-3/ControlTower/install/interface_package/share/interface_package/cmake/ament_cmake_export_libraries-extras.cmake
-- Up-to-date: /home/bo/amr_ws/final/ros-repo-3/ControlTower/install/interface_package/share/interface_package/cmake/ament_cmake_export_targets-extras.cmake
-- Up-to-date: /home/bo/amr_ws/final/ros-repo-3/ControlTower/install/interface_package/share/interface_package/cmake/rosidl_cmake_export_typesupport_targets-extras.cmake
-- Up-to-date: /home/bo/amr_ws/final/ros-repo-3/ControlTower/install/interface_package/share/interface_package/cmake/ament_cmake_export_dependencies-extras.cmake
-- Up-to-date: /home/bo/amr_ws/final/ros-repo-3/ControlTower/install/interface_package/share/interface_package/cmake/rosidl_cmake_export_typesupport_libraries-extras.cmake
-- Up-to-date: /home/bo/amr_ws/final/ros-repo-3/ControlTower/install/interface_package/share/interface_package/cmake/interface_packageConfig.cmake
-- Up-to-date: /home/bo/amr_ws/final/ros-repo-3/ControlTower/install/interface_package/share/interface_package/cmake/interface_packageConfig-version.cmake
-- Up-to-date: /home/bo/amr_ws/final/ros-repo-3/ControlTower/install/interface_package/share/interface_package/package.xml
