/home/bo/amr_ws/final/ros-repo-3/ControlTower/install/ct_package/lib/python3.10/site-packages/ct_package/StoreManager.py
/home/bo/amr_ws/final/ros-repo-3/ControlTower/install/ct_package/lib/python3.10/site-packages/ct_package/KioskManager.py
/home/bo/amr_ws/final/ros-repo-3/ControlTower/install/ct_package/lib/python3.10/site-packages/ct_package/control_tower.py
/home/bo/amr_ws/final/ros-repo-3/ControlTower/install/ct_package/lib/python3.10/site-packages/ct_package/service_client.py
/home/bo/amr_ws/final/ros-repo-3/ControlTower/install/ct_package/lib/python3.10/site-packages/ct_package/taskManager.py
/home/bo/amr_ws/final/ros-repo-3/ControlTower/install/ct_package/lib/python3.10/site-packages/ct_package/db_manager.py
/home/bo/amr_ws/final/ros-repo-3/ControlTower/install/ct_package/lib/python3.10/site-packages/ct_package/pathDict.py
/home/bo/amr_ws/final/ros-repo-3/ControlTower/install/ct_package/lib/python3.10/site-packages/ct_package/drobot_control.py
/home/bo/amr_ws/final/ros-repo-3/ControlTower/install/ct_package/lib/python3.10/site-packages/ct_package/RobotManager.py
/home/bo/amr_ws/final/ros-repo-3/ControlTower/install/ct_package/lib/python3.10/site-packages/ct_package/__init__.py
/home/bo/amr_ws/final/ros-repo-3/ControlTower/install/ct_package/lib/python3.10/site-packages/ct_package/__pycache__/StoreManager.cpython-310.pyc
/home/bo/amr_ws/final/ros-repo-3/ControlTower/install/ct_package/lib/python3.10/site-packages/ct_package/__pycache__/KioskManager.cpython-310.pyc
/home/bo/amr_ws/final/ros-repo-3/ControlTower/install/ct_package/lib/python3.10/site-packages/ct_package/__pycache__/control_tower.cpython-310.pyc
/home/bo/amr_ws/final/ros-repo-3/ControlTower/install/ct_package/lib/python3.10/site-packages/ct_package/__pycache__/service_client.cpython-310.pyc
/home/bo/amr_ws/final/ros-repo-3/ControlTower/install/ct_package/lib/python3.10/site-packages/ct_package/__pycache__/taskManager.cpython-310.pyc
/home/bo/amr_ws/final/ros-repo-3/ControlTower/install/ct_package/lib/python3.10/site-packages/ct_package/__pycache__/db_manager.cpython-310.pyc
/home/bo/amr_ws/final/ros-repo-3/ControlTower/install/ct_package/lib/python3.10/site-packages/ct_package/__pycache__/pathDict.cpython-310.pyc
/home/bo/amr_ws/final/ros-repo-3/ControlTower/install/ct_package/lib/python3.10/site-packages/ct_package/__pycache__/drobot_control.cpython-310.pyc
/home/bo/amr_ws/final/ros-repo-3/ControlTower/install/ct_package/lib/python3.10/site-packages/ct_package/__pycache__/RobotManager.cpython-310.pyc
/home/bo/amr_ws/final/ros-repo-3/ControlTower/install/ct_package/lib/python3.10/site-packages/ct_package/__pycache__/__init__.cpython-310.pyc
/home/bo/amr_ws/final/ros-repo-3/ControlTower/install/ct_package/share/ament_index/resource_index/packages/ct_package
/home/bo/amr_ws/final/ros-repo-3/ControlTower/install/ct_package/share/ct_package/package.xml
/home/bo/amr_ws/final/ros-repo-3/ControlTower/install/ct_package/share/ct_package/launch/control_tower.launch.py
/home/bo/amr_ws/final/ros-repo-3/ControlTower/install/ct_package/lib/python3.10/site-packages/ct_package-0.0.0-py3.10.egg-info/SOURCES.txt
/home/bo/amr_ws/final/ros-repo-3/ControlTower/install/ct_package/lib/python3.10/site-packages/ct_package-0.0.0-py3.10.egg-info/dependency_links.txt
/home/bo/amr_ws/final/ros-repo-3/ControlTower/install/ct_package/lib/python3.10/site-packages/ct_package-0.0.0-py3.10.egg-info/entry_points.txt
/home/bo/amr_ws/final/ros-repo-3/ControlTower/install/ct_package/lib/python3.10/site-packages/ct_package-0.0.0-py3.10.egg-info/PKG-INFO
/home/bo/amr_ws/final/ros-repo-3/ControlTower/install/ct_package/lib/python3.10/site-packages/ct_package-0.0.0-py3.10.egg-info/top_level.txt
/home/bo/amr_ws/final/ros-repo-3/ControlTower/install/ct_package/lib/python3.10/site-packages/ct_package-0.0.0-py3.10.egg-info/requires.txt
/home/bo/amr_ws/final/ros-repo-3/ControlTower/install/ct_package/lib/python3.10/site-packages/ct_package-0.0.0-py3.10.egg-info/zip-safe
/home/bo/amr_ws/final/ros-repo-3/ControlTower/install/ct_package/lib/ct_package/control_tower
/home/bo/amr_ws/final/ros-repo-3/ControlTower/install/ct_package/lib/ct_package/db_manager
/home/bo/amr_ws/final/ros-repo-3/ControlTower/install/ct_package/lib/ct_package/drobot_control
/home/bo/amr_ws/final/ros-repo-3/ControlTower/install/ct_package/lib/ct_package/kiosk_manager
/home/bo/amr_ws/final/ros-repo-3/ControlTower/install/ct_package/lib/ct_package/pathDict
/home/bo/amr_ws/final/ros-repo-3/ControlTower/install/ct_package/lib/ct_package/robot_manager
/home/bo/amr_ws/final/ros-repo-3/ControlTower/install/ct_package/lib/ct_package/service_client
/home/bo/amr_ws/final/ros-repo-3/ControlTower/install/ct_package/lib/ct_package/store_manager
/home/bo/amr_ws/final/ros-repo-3/ControlTower/install/ct_package/lib/ct_package/taskManager
