[0.212s] Invoking command in '/home/bo/amr_ws/final/ros-repo-3/ControlTower/build/interface_package': CMAKE_PREFIX_PATH=${CMAKE_PREFIX_PATH}:/home/bo/amr_ws/final/ros-repo-3/ControlTower/install/ct_package:/opt/ros/humble /usr/bin/cmake --build /home/bo/amr_ws/final/ros-repo-3/ControlTower/build/interface_package -- -j8 -l8
[0.265s] [35m[1mConsolidate compiler generated dependencies of target interface_package__rosidl_generator_c[0m
[0.269s] [  0%] Built target interface_package__cpp
[0.277s] [ 12%] Built target interface_package__rosidl_generator_c
[0.282s] [35m[1mConsolidate compiler generated dependencies of target interface_package__rosidl_typesupport_cpp[0m
[0.283s] [35m[1mConsolidate compiler generated dependencies of target interface_package__rosidl_typesupport_fastrtps_cpp[0m
[0.285s] [ 12%] Built target ament_cmake_python_copy_interface_package
[0.285s] [35m[1mConsolidate compiler generated dependencies of target interface_package__rosidl_typesupport_introspection_cpp[0m
[0.291s] [35m[1mConsolidate compiler generated dependencies of target interface_package__rosidl_typesupport_introspection_c[0m
[0.292s] [35m[1mConsolidate compiler generated dependencies of target interface_package__rosidl_typesupport_c[0m
[0.294s] [35m[1mConsolidate compiler generated dependencies of target interface_package__rosidl_typesupport_fastrtps_c[0m
[0.302s] [ 24%] Built target interface_package__rosidl_typesupport_cpp
[0.307s] [ 35%] Built target interface_package__rosidl_typesupport_fastrtps_cpp
[0.308s] [ 47%] Built target interface_package__rosidl_typesupport_introspection_c
[0.309s] [ 59%] Built target interface_package__rosidl_typesupport_c
[0.312s] [ 71%] Built target interface_package__rosidl_typesupport_introspection_cpp
[0.316s] [ 83%] Built target interface_package__rosidl_typesupport_fastrtps_c
[0.335s] [ 83%] Built target interface_package
[0.352s] [ 84%] Built target interface_package__py
[0.364s] [35m[1mConsolidate compiler generated dependencies of target interface_package__rosidl_generator_py[0m
[0.378s] [ 95%] Built target interface_package__rosidl_generator_py
[0.387s] [35m[1mConsolidate compiler generated dependencies of target interface_package__rosidl_typesupport_fastrtps_c__pyext[0m
[0.388s] [35m[1mConsolidate compiler generated dependencies of target interface_package__rosidl_typesupport_c__pyext[0m
[0.389s] [35m[1mConsolidate compiler generated dependencies of target interface_package__rosidl_typesupport_introspection_c__pyext[0m
[0.397s] [ 96%] Built target interface_package__rosidl_typesupport_c__pyext
[0.398s] [ 98%] Built target interface_package__rosidl_typesupport_fastrtps_c__pyext
[0.402s] [100%] Built target interface_package__rosidl_typesupport_introspection_c__pyext
[0.502s] running egg_info
[0.502s] writing interface_package.egg-info/PKG-INFO
[0.502s] writing dependency_links to interface_package.egg-info/dependency_links.txt
[0.502s] writing top-level names to interface_package.egg-info/top_level.txt
[0.506s] reading manifest file 'interface_package.egg-info/SOURCES.txt'
[0.506s] writing manifest file 'interface_package.egg-info/SOURCES.txt'
[0.528s] [100%] Built target ament_cmake_python_build_interface_package_egg
[0.539s] Invoked command in '/home/bo/amr_ws/final/ros-repo-3/ControlTower/build/interface_package' returned '0': CMAKE_PREFIX_PATH=${CMAKE_PREFIX_PATH}:/home/bo/amr_ws/final/ros-repo-3/ControlTower/install/ct_package:/opt/ros/humble /usr/bin/cmake --build /home/bo/amr_ws/final/ros-repo-3/ControlTower/build/interface_package -- -j8 -l8
[0.717s] Invoking command in '/home/bo/amr_ws/final/ros-repo-3/ControlTower/build/interface_package': CMAKE_PREFIX_PATH=${CMAKE_PREFIX_PATH}:/home/bo/amr_ws/final/ros-repo-3/ControlTower/install/ct_package:/opt/ros/humble /usr/bin/cmake --install /home/bo/amr_ws/final/ros-repo-3/ControlTower/build/interface_package
[0.734s] -- Install configuration: ""
[0.734s] -- Up-to-date: /home/bo/amr_ws/final/ros-repo-3/ControlTower/install/interface_package/share/ament_index/resource_index/rosidl_interfaces/interface_package
[0.734s] -- Up-to-date: /home/bo/amr_ws/final/ros-repo-3/ControlTower/install/interface_package/include/interface_package/interface_package
[0.734s] -- Up-to-date: /home/bo/amr_ws/final/ros-repo-3/ControlTower/install/interface_package/include/interface_package/interface_package/srv
[0.734s] -- Up-to-date: /home/bo/amr_ws/final/ros-repo-3/ControlTower/install/interface_package/include/interface_package/interface_package/srv/delivery_box.h
[0.734s] -- Up-to-date: /home/bo/amr_ws/final/ros-repo-3/ControlTower/install/interface_package/include/interface_package/interface_package/srv/store_alarm.h
[0.734s] -- Up-to-date: /home/bo/amr_ws/final/ros-repo-3/ControlTower/install/interface_package/include/interface_package/interface_package/srv/order_info.h
[0.734s] -- Up-to-date: /home/bo/amr_ws/final/ros-repo-3/ControlTower/install/interface_package/include/interface_package/interface_package/srv/robot_dispatch.h
[0.734s] -- Up-to-date: /home/bo/amr_ws/final/ros-repo-3/ControlTower/install/interface_package/include/interface_package/interface_package/srv/detail
[0.734s] -- Up-to-date: /home/bo/amr_ws/final/ros-repo-3/ControlTower/install/interface_package/include/interface_package/interface_package/srv/detail/order_tracking__struct.h
[0.735s] -- Up-to-date: /home/bo/amr_ws/final/ros-repo-3/ControlTower/install/interface_package/include/interface_package/interface_package/srv/detail/robot_dispatch__type_support.h
[0.735s] -- Up-to-date: /home/bo/amr_ws/final/ros-repo-3/ControlTower/install/interface_package/include/interface_package/interface_package/srv/detail/delivery_box__functions.h
[0.735s] -- Up-to-date: /home/bo/amr_ws/final/ros-repo-3/ControlTower/install/interface_package/include/interface_package/interface_package/srv/detail/goal_arrival__type_support.h
[0.735s] -- Up-to-date: /home/bo/amr_ws/final/ros-repo-3/ControlTower/install/interface_package/include/interface_package/interface_package/srv/detail/goal_arrival__functions.c
[0.735s] -- Up-to-date: /home/bo/amr_ws/final/ros-repo-3/ControlTower/install/interface_package/include/interface_package/interface_package/srv/detail/robot_call__functions.c
[0.735s] -- Up-to-date: /home/bo/amr_ws/final/ros-repo-3/ControlTower/install/interface_package/include/interface_package/interface_package/srv/detail/delivery_box__functions.c
[0.735s] -- Up-to-date: /home/bo/amr_ws/final/ros-repo-3/ControlTower/install/interface_package/include/interface_package/interface_package/srv/detail/order_info__type_support.h
[0.735s] -- Up-to-date: /home/bo/amr_ws/final/ros-repo-3/ControlTower/install/interface_package/include/interface_package/interface_package/srv/detail/goal_arrival__functions.h
[0.735s] -- Up-to-date: /home/bo/amr_ws/final/ros-repo-3/ControlTower/install/interface_package/include/interface_package/interface_package/srv/detail/order_call__type_support.h
[0.735s] -- Up-to-date: /home/bo/amr_ws/final/ros-repo-3/ControlTower/install/interface_package/include/interface_package/interface_package/srv/detail/order_tracking__functions.c
[0.735s] -- Up-to-date: /home/bo/amr_ws/final/ros-repo-3/ControlTower/install/interface_package/include/interface_package/interface_package/srv/detail/order_info__struct.h
[0.735s] -- Up-to-date: /home/bo/amr_ws/final/ros-repo-3/ControlTower/install/interface_package/include/interface_package/interface_package/srv/detail/order_info__functions.c
[0.735s] -- Up-to-date: /home/bo/amr_ws/final/ros-repo-3/ControlTower/install/interface_package/include/interface_package/interface_package/srv/detail/robot_call__struct.h
[0.735s] -- Up-to-date: /home/bo/amr_ws/final/ros-repo-3/ControlTower/install/interface_package/include/interface_package/interface_package/srv/detail/store_alarm__functions.c
[0.735s] -- Up-to-date: /home/bo/amr_ws/final/ros-repo-3/ControlTower/install/interface_package/include/interface_package/interface_package/srv/detail/store_alarm__struct.h
[0.735s] -- Up-to-date: /home/bo/amr_ws/final/ros-repo-3/ControlTower/install/interface_package/include/interface_package/interface_package/srv/detail/goal_arrival__struct.h
[0.735s] -- Up-to-date: /home/bo/amr_ws/final/ros-repo-3/ControlTower/install/interface_package/include/interface_package/interface_package/srv/detail/order_tracking__type_support.h
[0.735s] -- Up-to-date: /home/bo/amr_ws/final/ros-repo-3/ControlTower/install/interface_package/include/interface_package/interface_package/srv/detail/order_tracking__functions.h
[0.735s] -- Up-to-date: /home/bo/amr_ws/final/ros-repo-3/ControlTower/install/interface_package/include/interface_package/interface_package/srv/detail/order_info__functions.h
[0.735s] -- Up-to-date: /home/bo/amr_ws/final/ros-repo-3/ControlTower/install/interface_package/include/interface_package/interface_package/srv/detail/robot_dispatch__struct.h
[0.735s] -- Up-to-date: /home/bo/amr_ws/final/ros-repo-3/ControlTower/install/interface_package/include/interface_package/interface_package/srv/detail/robot_dispatch__functions.h
[0.735s] -- Up-to-date: /home/bo/amr_ws/final/ros-repo-3/ControlTower/install/interface_package/include/interface_package/interface_package/srv/detail/robot_call__functions.h
[0.735s] -- Up-to-date: /home/bo/amr_ws/final/ros-repo-3/ControlTower/install/interface_package/include/interface_package/interface_package/srv/detail/order_call__functions.h
[0.735s] -- Up-to-date: /home/bo/amr_ws/final/ros-repo-3/ControlTower/install/interface_package/include/interface_package/interface_package/srv/detail/store_alarm__functions.h
[0.735s] -- Up-to-date: /home/bo/amr_ws/final/ros-repo-3/ControlTower/install/interface_package/include/interface_package/interface_package/srv/detail/order_call__struct.h
[0.736s] -- Up-to-date: /home/bo/amr_ws/final/ros-repo-3/ControlTower/install/interface_package/include/interface_package/interface_package/srv/detail/delivery_box__struct.h
[0.736s] -- Up-to-date: /home/bo/amr_ws/final/ros-repo-3/ControlTower/install/interface_package/include/interface_package/interface_package/srv/detail/robot_call__type_support.h
[0.736s] -- Up-to-date: /home/bo/amr_ws/final/ros-repo-3/ControlTower/install/interface_package/include/interface_package/interface_package/srv/detail/store_alarm__type_support.h
[0.736s] -- Up-to-date: /home/bo/amr_ws/final/ros-repo-3/ControlTower/install/interface_package/include/interface_package/interface_package/srv/detail/delivery_box__type_support.h
[0.736s] -- Up-to-date: /home/bo/amr_ws/final/ros-repo-3/ControlTower/install/interface_package/include/interface_package/interface_package/srv/detail/robot_dispatch__functions.c
[0.736s] -- Up-to-date: /home/bo/amr_ws/final/ros-repo-3/ControlTower/install/interface_package/include/interface_package/interface_package/srv/detail/order_call__functions.c
[0.736s] -- Up-to-date: /home/bo/amr_ws/final/ros-repo-3/ControlTower/install/interface_package/include/interface_package/interface_package/srv/order_tracking.h
[0.736s] -- Up-to-date: /home/bo/amr_ws/final/ros-repo-3/ControlTower/install/interface_package/include/interface_package/interface_package/srv/goal_arrival.h
[0.736s] -- Up-to-date: /home/bo/amr_ws/final/ros-repo-3/ControlTower/install/interface_package/include/interface_package/interface_package/srv/robot_call.h
[0.736s] -- Up-to-date: /home/bo/amr_ws/final/ros-repo-3/ControlTower/install/interface_package/include/interface_package/interface_package/srv/order_call.h
[0.736s] -- Up-to-date: /home/bo/amr_ws/final/ros-repo-3/ControlTower/install/interface_package/include/interface_package/interface_package/msg
[0.736s] -- Up-to-date: /home/bo/amr_ws/final/ros-repo-3/ControlTower/install/interface_package/include/interface_package/interface_package/msg/navfeedback.h
[0.736s] -- Up-to-date: /home/bo/amr_ws/final/ros-repo-3/ControlTower/install/interface_package/include/interface_package/interface_package/msg/navresult.h
[0.736s] -- Up-to-date: /home/bo/amr_ws/final/ros-repo-3/ControlTower/install/interface_package/include/interface_package/interface_package/msg/navgoal.h
[0.736s] -- Up-to-date: /home/bo/amr_ws/final/ros-repo-3/ControlTower/install/interface_package/include/interface_package/interface_package/msg/detail
[0.736s] -- Up-to-date: /home/bo/amr_ws/final/ros-repo-3/ControlTower/install/interface_package/include/interface_package/interface_package/msg/detail/navfeedback__struct.h
[0.736s] -- Up-to-date: /home/bo/amr_ws/final/ros-repo-3/ControlTower/install/interface_package/include/interface_package/interface_package/msg/detail/navfeedback__type_support.h
[0.736s] -- Up-to-date: /home/bo/amr_ws/final/ros-repo-3/ControlTower/install/interface_package/include/interface_package/interface_package/msg/detail/navgoal__struct.h
[0.736s] -- Up-to-date: /home/bo/amr_ws/final/ros-repo-3/ControlTower/install/interface_package/include/interface_package/interface_package/msg/detail/navgoal__functions.h
[0.736s] -- Up-to-date: /home/bo/amr_ws/final/ros-repo-3/ControlTower/install/interface_package/include/interface_package/interface_package/msg/detail/navgoal__functions.c
[0.737s] -- Up-to-date: /home/bo/amr_ws/final/ros-repo-3/ControlTower/install/interface_package/include/interface_package/interface_package/msg/detail/navresult__functions.h
[0.737s] -- Up-to-date: /home/bo/amr_ws/final/ros-repo-3/ControlTower/install/interface_package/include/interface_package/interface_package/msg/detail/navresult__struct.h
[0.737s] -- Up-to-date: /home/bo/amr_ws/final/ros-repo-3/ControlTower/install/interface_package/include/interface_package/interface_package/msg/detail/navfeedback__functions.h
[0.737s] -- Up-to-date: /home/bo/amr_ws/final/ros-repo-3/ControlTower/install/interface_package/include/interface_package/interface_package/msg/detail/navgoal__type_support.h
[0.737s] -- Up-to-date: /home/bo/amr_ws/final/ros-repo-3/ControlTower/install/interface_package/include/interface_package/interface_package/msg/detail/navresult__type_support.h
[0.737s] -- Up-to-date: /home/bo/amr_ws/final/ros-repo-3/ControlTower/install/interface_package/include/interface_package/interface_package/msg/detail/navresult__functions.c
[0.737s] -- Up-to-date: /home/bo/amr_ws/final/ros-repo-3/ControlTower/install/interface_package/include/interface_package/interface_package/msg/detail/navfeedback__functions.c
[0.737s] -- Up-to-date: /home/bo/amr_ws/final/ros-repo-3/ControlTower/install/interface_package/include/interface_package/interface_package/msg/rosidl_generator_c__visibility_control.h
[0.737s] -- Up-to-date: /home/bo/amr_ws/final/ros-repo-3/ControlTower/install/interface_package/share/interface_package/environment/library_path.sh
[0.737s] -- Up-to-date: /home/bo/amr_ws/final/ros-repo-3/ControlTower/install/interface_package/share/interface_package/environment/library_path.dsv
[0.737s] -- Up-to-date: /home/bo/amr_ws/final/ros-repo-3/ControlTower/install/interface_package/lib/libinterface_package__rosidl_generator_c.so
[0.737s] -- Up-to-date: /home/bo/amr_ws/final/ros-repo-3/ControlTower/install/interface_package/include/interface_package/interface_package
[0.737s] -- Up-to-date: /home/bo/amr_ws/final/ros-repo-3/ControlTower/install/interface_package/include/interface_package/interface_package/srv
[0.737s] -- Up-to-date: /home/bo/amr_ws/final/ros-repo-3/ControlTower/install/interface_package/include/interface_package/interface_package/srv/detail
[0.737s] -- Up-to-date: /home/bo/amr_ws/final/ros-repo-3/ControlTower/install/interface_package/include/interface_package/interface_package/srv/detail/robot_call__rosidl_typesupport_fastrtps_c.h
[0.738s] -- Up-to-date: /home/bo/amr_ws/final/ros-repo-3/ControlTower/install/interface_package/include/interface_package/interface_package/srv/detail/order_tracking__rosidl_typesupport_fastrtps_c.h
[0.738s] -- Up-to-date: /home/bo/amr_ws/final/ros-repo-3/ControlTower/install/interface_package/include/interface_package/interface_package/srv/detail/store_alarm__rosidl_typesupport_fastrtps_c.h
[0.738s] -- Up-to-date: /home/bo/amr_ws/final/ros-repo-3/ControlTower/install/interface_package/include/interface_package/interface_package/srv/detail/delivery_box__rosidl_typesupport_fastrtps_c.h
[0.738s] -- Up-to-date: /home/bo/amr_ws/final/ros-repo-3/ControlTower/install/interface_package/include/interface_package/interface_package/srv/detail/order_info__rosidl_typesupport_fastrtps_c.h
[0.738s] -- Up-to-date: /home/bo/amr_ws/final/ros-repo-3/ControlTower/install/interface_package/include/interface_package/interface_package/srv/detail/robot_dispatch__rosidl_typesupport_fastrtps_c.h
[0.738s] -- Up-to-date: /home/bo/amr_ws/final/ros-repo-3/ControlTower/install/interface_package/include/interface_package/interface_package/srv/detail/goal_arrival__rosidl_typesupport_fastrtps_c.h
[0.738s] -- Up-to-date: /home/bo/amr_ws/final/ros-repo-3/ControlTower/install/interface_package/include/interface_package/interface_package/srv/detail/order_call__rosidl_typesupport_fastrtps_c.h
[0.738s] -- Up-to-date: /home/bo/amr_ws/final/ros-repo-3/ControlTower/install/interface_package/include/interface_package/interface_package/msg
[0.738s] -- Up-to-date: /home/bo/amr_ws/final/ros-repo-3/ControlTower/install/interface_package/include/interface_package/interface_package/msg/detail
[0.738s] -- Up-to-date: /home/bo/amr_ws/final/ros-repo-3/ControlTower/install/interface_package/include/interface_package/interface_package/msg/detail/navresult__rosidl_typesupport_fastrtps_c.h
[0.738s] -- Up-to-date: /home/bo/amr_ws/final/ros-repo-3/ControlTower/install/interface_package/include/interface_package/interface_package/msg/detail/navgoal__rosidl_typesupport_fastrtps_c.h
[0.738s] -- Up-to-date: /home/bo/amr_ws/final/ros-repo-3/ControlTower/install/interface_package/include/interface_package/interface_package/msg/detail/navfeedback__rosidl_typesupport_fastrtps_c.h
[0.738s] -- Up-to-date: /home/bo/amr_ws/final/ros-repo-3/ControlTower/install/interface_package/include/interface_package/interface_package/msg/rosidl_typesupport_fastrtps_c__visibility_control.h
[0.738s] -- Up-to-date: /home/bo/amr_ws/final/ros-repo-3/ControlTower/install/interface_package/lib/libinterface_package__rosidl_typesupport_fastrtps_c.so
[0.738s] -- Up-to-date: /home/bo/amr_ws/final/ros-repo-3/ControlTower/install/interface_package/include/interface_package/interface_package
[0.738s] -- Up-to-date: /home/bo/amr_ws/final/ros-repo-3/ControlTower/install/interface_package/include/interface_package/interface_package/srv
[0.738s] -- Up-to-date: /home/bo/amr_ws/final/ros-repo-3/ControlTower/install/interface_package/include/interface_package/interface_package/srv/detail
[0.738s] -- Up-to-date: /home/bo/amr_ws/final/ros-repo-3/ControlTower/install/interface_package/include/interface_package/interface_package/srv/detail/order_call__type_support.c
[0.738s] -- Up-to-date: /home/bo/amr_ws/final/ros-repo-3/ControlTower/install/interface_package/include/interface_package/interface_package/srv/detail/order_tracking__rosidl_typesupport_introspection_c.h
[0.738s] -- Up-to-date: /home/bo/amr_ws/final/ros-repo-3/ControlTower/install/interface_package/include/interface_package/interface_package/srv/detail/goal_arrival__type_support.c
[0.738s] -- Up-to-date: /home/bo/amr_ws/final/ros-repo-3/ControlTower/install/interface_package/include/interface_package/interface_package/srv/detail/robot_call__rosidl_typesupport_introspection_c.h
[0.738s] -- Up-to-date: /home/bo/amr_ws/final/ros-repo-3/ControlTower/install/interface_package/include/interface_package/interface_package/srv/detail/order_info__rosidl_typesupport_introspection_c.h
[0.739s] -- Up-to-date: /home/bo/amr_ws/final/ros-repo-3/ControlTower/install/interface_package/include/interface_package/interface_package/srv/detail/delivery_box__rosidl_typesupport_introspection_c.h
[0.739s] -- Up-to-date: /home/bo/amr_ws/final/ros-repo-3/ControlTower/install/interface_package/include/interface_package/interface_package/srv/detail/store_alarm__rosidl_typesupport_introspection_c.h
[0.739s] -- Up-to-date: /home/bo/amr_ws/final/ros-repo-3/ControlTower/install/interface_package/include/interface_package/interface_package/srv/detail/robot_dispatch__rosidl_typesupport_introspection_c.h
[0.739s] -- Up-to-date: /home/bo/amr_ws/final/ros-repo-3/ControlTower/install/interface_package/include/interface_package/interface_package/srv/detail/delivery_box__type_support.c
[0.739s] -- Up-to-date: /home/bo/amr_ws/final/ros-repo-3/ControlTower/install/interface_package/include/interface_package/interface_package/srv/detail/order_tracking__type_support.c
[0.739s] -- Up-to-date: /home/bo/amr_ws/final/ros-repo-3/ControlTower/install/interface_package/include/interface_package/interface_package/srv/detail/order_call__rosidl_typesupport_introspection_c.h
[0.739s] -- Up-to-date: /home/bo/amr_ws/final/ros-repo-3/ControlTower/install/interface_package/include/interface_package/interface_package/srv/detail/store_alarm__type_support.c
[0.739s] -- Up-to-date: /home/bo/amr_ws/final/ros-repo-3/ControlTower/install/interface_package/include/interface_package/interface_package/srv/detail/order_info__type_support.c
[0.739s] -- Up-to-date: /home/bo/amr_ws/final/ros-repo-3/ControlTower/install/interface_package/include/interface_package/interface_package/srv/detail/goal_arrival__rosidl_typesupport_introspection_c.h
[0.739s] -- Up-to-date: /home/bo/amr_ws/final/ros-repo-3/ControlTower/install/interface_package/include/interface_package/interface_package/srv/detail/robot_dispatch__type_support.c
[0.739s] -- Up-to-date: /home/bo/amr_ws/final/ros-repo-3/ControlTower/install/interface_package/include/interface_package/interface_package/srv/detail/robot_call__type_support.c
[0.739s] -- Up-to-date: /home/bo/amr_ws/final/ros-repo-3/ControlTower/install/interface_package/include/interface_package/interface_package/msg
[0.739s] -- Up-to-date: /home/bo/amr_ws/final/ros-repo-3/ControlTower/install/interface_package/include/interface_package/interface_package/msg/rosidl_typesupport_introspection_c__visibility_control.h
[0.739s] -- Up-to-date: /home/bo/amr_ws/final/ros-repo-3/ControlTower/install/interface_package/include/interface_package/interface_package/msg/detail
[0.739s] -- Up-to-date: /home/bo/amr_ws/final/ros-repo-3/ControlTower/install/interface_package/include/interface_package/interface_package/msg/detail/navresult__type_support.c
[0.739s] -- Up-to-date: /home/bo/amr_ws/final/ros-repo-3/ControlTower/install/interface_package/include/interface_package/interface_package/msg/detail/navresult__rosidl_typesupport_introspection_c.h
[0.739s] -- Up-to-date: /home/bo/amr_ws/final/ros-repo-3/ControlTower/install/interface_package/include/interface_package/interface_package/msg/detail/navfeedback__rosidl_typesupport_introspection_c.h
[0.739s] -- Up-to-date: /home/bo/amr_ws/final/ros-repo-3/ControlTower/install/interface_package/include/interface_package/interface_package/msg/detail/navfeedback__type_support.c
[0.739s] -- Up-to-date: /home/bo/amr_ws/final/ros-repo-3/ControlTower/install/interface_package/include/interface_package/interface_package/msg/detail/navgoal__type_support.c
[0.739s] -- Up-to-date: /home/bo/amr_ws/final/ros-repo-3/ControlTower/install/interface_package/include/interface_package/interface_package/msg/detail/navgoal__rosidl_typesupport_introspection_c.h
[0.739s] -- Up-to-date: /home/bo/amr_ws/final/ros-repo-3/ControlTower/install/interface_package/lib/libinterface_package__rosidl_typesupport_introspection_c.so
[0.739s] -- Up-to-date: /home/bo/amr_ws/final/ros-repo-3/ControlTower/install/interface_package/lib/libinterface_package__rosidl_typesupport_c.so
[0.739s] -- Up-to-date: /home/bo/amr_ws/final/ros-repo-3/ControlTower/install/interface_package/include/interface_package/interface_package
[0.739s] -- Up-to-date: /home/bo/amr_ws/final/ros-repo-3/ControlTower/install/interface_package/include/interface_package/interface_package/srv
[0.739s] -- Up-to-date: /home/bo/amr_ws/final/ros-repo-3/ControlTower/install/interface_package/include/interface_package/interface_package/srv/goal_arrival.hpp
[0.740s] -- Up-to-date: /home/bo/amr_ws/final/ros-repo-3/ControlTower/install/interface_package/include/interface_package/interface_package/srv/order_call.hpp
[0.740s] -- Up-to-date: /home/bo/amr_ws/final/ros-repo-3/ControlTower/install/interface_package/include/interface_package/interface_package/srv/store_alarm.hpp
[0.740s] -- Up-to-date: /home/bo/amr_ws/final/ros-repo-3/ControlTower/install/interface_package/include/interface_package/interface_package/srv/order_tracking.hpp
[0.740s] -- Up-to-date: /home/bo/amr_ws/final/ros-repo-3/ControlTower/install/interface_package/include/interface_package/interface_package/srv/detail
[0.740s] -- Up-to-date: /home/bo/amr_ws/final/ros-repo-3/ControlTower/install/interface_package/include/interface_package/interface_package/srv/detail/order_tracking__traits.hpp
[0.740s] -- Up-to-date: /home/bo/amr_ws/final/ros-repo-3/ControlTower/install/interface_package/include/interface_package/interface_package/srv/detail/goal_arrival__traits.hpp
[0.740s] -- Up-to-date: /home/bo/amr_ws/final/ros-repo-3/ControlTower/install/interface_package/include/interface_package/interface_package/srv/detail/delivery_box__traits.hpp
[0.740s] -- Up-to-date: /home/bo/amr_ws/final/ros-repo-3/ControlTower/install/interface_package/include/interface_package/interface_package/srv/detail/order_call__struct.hpp
[0.740s] -- Up-to-date: /home/bo/amr_ws/final/ros-repo-3/ControlTower/install/interface_package/include/interface_package/interface_package/srv/detail/goal_arrival__struct.hpp
[0.740s] -- Up-to-date: /home/bo/amr_ws/final/ros-repo-3/ControlTower/install/interface_package/include/interface_package/interface_package/srv/detail/order_call__traits.hpp
[0.740s] -- Up-to-date: /home/bo/amr_ws/final/ros-repo-3/ControlTower/install/interface_package/include/interface_package/interface_package/srv/detail/goal_arrival__builder.hpp
[0.740s] -- Up-to-date: /home/bo/amr_ws/final/ros-repo-3/ControlTower/install/interface_package/include/interface_package/interface_package/srv/detail/store_alarm__traits.hpp
[0.740s] -- Up-to-date: /home/bo/amr_ws/final/ros-repo-3/ControlTower/install/interface_package/include/interface_package/interface_package/srv/detail/order_call__builder.hpp
[0.740s] -- Up-to-date: /home/bo/amr_ws/final/ros-repo-3/ControlTower/install/interface_package/include/interface_package/interface_package/srv/detail/store_alarm__builder.hpp
[0.740s] -- Up-to-date: /home/bo/amr_ws/final/ros-repo-3/ControlTower/install/interface_package/include/interface_package/interface_package/srv/detail/order_tracking__struct.hpp
[0.740s] -- Up-to-date: /home/bo/amr_ws/final/ros-repo-3/ControlTower/install/interface_package/include/interface_package/interface_package/srv/detail/store_alarm__struct.hpp
[0.740s] -- Up-to-date: /home/bo/amr_ws/final/ros-repo-3/ControlTower/install/interface_package/include/interface_package/interface_package/srv/detail/robot_dispatch__struct.hpp
[0.740s] -- Up-to-date: /home/bo/amr_ws/final/ros-repo-3/ControlTower/install/interface_package/include/interface_package/interface_package/srv/detail/delivery_box__struct.hpp
[0.740s] -- Up-to-date: /home/bo/amr_ws/final/ros-repo-3/ControlTower/install/interface_package/include/interface_package/interface_package/srv/detail/robot_call__struct.hpp
[0.740s] -- Up-to-date: /home/bo/amr_ws/final/ros-repo-3/ControlTower/install/interface_package/include/interface_package/interface_package/srv/detail/robot_dispatch__builder.hpp
[0.740s] -- Up-to-date: /home/bo/amr_ws/final/ros-repo-3/ControlTower/install/interface_package/include/interface_package/interface_package/srv/detail/robot_call__traits.hpp
[0.740s] -- Up-to-date: /home/bo/amr_ws/final/ros-repo-3/ControlTower/install/interface_package/include/interface_package/interface_package/srv/detail/robot_dispatch__traits.hpp
[0.740s] -- Up-to-date: /home/bo/amr_ws/final/ros-repo-3/ControlTower/install/interface_package/include/interface_package/interface_package/srv/detail/order_info__traits.hpp
[0.740s] -- Up-to-date: /home/bo/amr_ws/final/ros-repo-3/ControlTower/install/interface_package/include/interface_package/interface_package/srv/detail/delivery_box__builder.hpp
[0.740s] -- Up-to-date: /home/bo/amr_ws/final/ros-repo-3/ControlTower/install/interface_package/include/interface_package/interface_package/srv/detail/order_tracking__builder.hpp
[0.740s] -- Up-to-date: /home/bo/amr_ws/final/ros-repo-3/ControlTower/install/interface_package/include/interface_package/interface_package/srv/detail/robot_call__builder.hpp
[0.741s] -- Up-to-date: /home/bo/amr_ws/final/ros-repo-3/ControlTower/install/interface_package/include/interface_package/interface_package/srv/detail/order_info__builder.hpp
[0.741s] -- Up-to-date: /home/bo/amr_ws/final/ros-repo-3/ControlTower/install/interface_package/include/interface_package/interface_package/srv/detail/order_info__struct.hpp
[0.741s] -- Up-to-date: /home/bo/amr_ws/final/ros-repo-3/ControlTower/install/interface_package/include/interface_package/interface_package/srv/delivery_box.hpp
[0.741s] -- Up-to-date: /home/bo/amr_ws/final/ros-repo-3/ControlTower/install/interface_package/include/interface_package/interface_package/srv/robot_call.hpp
[0.741s] -- Up-to-date: /home/bo/amr_ws/final/ros-repo-3/ControlTower/install/interface_package/include/interface_package/interface_package/srv/robot_dispatch.hpp
[0.741s] -- Up-to-date: /home/bo/amr_ws/final/ros-repo-3/ControlTower/install/interface_package/include/interface_package/interface_package/srv/order_info.hpp
[0.741s] -- Up-to-date: /home/bo/amr_ws/final/ros-repo-3/ControlTower/install/interface_package/include/interface_package/interface_package/msg
[0.741s] -- Up-to-date: /home/bo/amr_ws/final/ros-repo-3/ControlTower/install/interface_package/include/interface_package/interface_package/msg/navfeedback.hpp
[0.741s] -- Up-to-date: /home/bo/amr_ws/final/ros-repo-3/ControlTower/install/interface_package/include/interface_package/interface_package/msg/detail
[0.741s] -- Up-to-date: /home/bo/amr_ws/final/ros-repo-3/ControlTower/install/interface_package/include/interface_package/interface_package/msg/detail/navgoal__struct.hpp
[0.741s] -- Up-to-date: /home/bo/amr_ws/final/ros-repo-3/ControlTower/install/interface_package/include/interface_package/interface_package/msg/detail/navgoal__builder.hpp
[0.741s] -- Up-to-date: /home/bo/amr_ws/final/ros-repo-3/ControlTower/install/interface_package/include/interface_package/interface_package/msg/detail/navfeedback__struct.hpp
[0.741s] -- Up-to-date: /home/bo/amr_ws/final/ros-repo-3/ControlTower/install/interface_package/include/interface_package/interface_package/msg/detail/navgoal__traits.hpp
[0.741s] -- Up-to-date: /home/bo/amr_ws/final/ros-repo-3/ControlTower/install/interface_package/include/interface_package/interface_package/msg/detail/navresult__traits.hpp
[0.741s] -- Up-to-date: /home/bo/amr_ws/final/ros-repo-3/ControlTower/install/interface_package/include/interface_package/interface_package/msg/detail/navresult__struct.hpp
[0.741s] -- Up-to-date: /home/bo/amr_ws/final/ros-repo-3/ControlTower/install/interface_package/include/interface_package/interface_package/msg/detail/navresult__builder.hpp
[0.741s] -- Up-to-date: /home/bo/amr_ws/final/ros-repo-3/ControlTower/install/interface_package/include/interface_package/interface_package/msg/detail/navfeedback__traits.hpp
[0.741s] -- Up-to-date: /home/bo/amr_ws/final/ros-repo-3/ControlTower/install/interface_package/include/interface_package/interface_package/msg/detail/navfeedback__builder.hpp
[0.741s] -- Up-to-date: /home/bo/amr_ws/final/ros-repo-3/ControlTower/install/interface_package/include/interface_package/interface_package/msg/navgoal.hpp
[0.741s] -- Up-to-date: /home/bo/amr_ws/final/ros-repo-3/ControlTower/install/interface_package/include/interface_package/interface_package/msg/navresult.hpp
[0.741s] -- Up-to-date: /home/bo/amr_ws/final/ros-repo-3/ControlTower/install/interface_package/include/interface_package/interface_package
[0.741s] -- Up-to-date: /home/bo/amr_ws/final/ros-repo-3/ControlTower/install/interface_package/include/interface_package/interface_package/srv
[0.741s] -- Up-to-date: /home/bo/amr_ws/final/ros-repo-3/ControlTower/install/interface_package/include/interface_package/interface_package/srv/detail
[0.741s] -- Up-to-date: /home/bo/amr_ws/final/ros-repo-3/ControlTower/install/interface_package/include/interface_package/interface_package/srv/detail/order_info__rosidl_typesupport_fastrtps_cpp.hpp
[0.741s] -- Up-to-date: /home/bo/amr_ws/final/ros-repo-3/ControlTower/install/interface_package/include/interface_package/interface_package/srv/detail/robot_call__rosidl_typesupport_fastrtps_cpp.hpp
[0.741s] -- Up-to-date: /home/bo/amr_ws/final/ros-repo-3/ControlTower/install/interface_package/include/interface_package/interface_package/srv/detail/delivery_box__rosidl_typesupport_fastrtps_cpp.hpp
[0.741s] -- Up-to-date: /home/bo/amr_ws/final/ros-repo-3/ControlTower/install/interface_package/include/interface_package/interface_package/srv/detail/dds_fastrtps
[0.741s] -- Up-to-date: /home/bo/amr_ws/final/ros-repo-3/ControlTower/install/interface_package/include/interface_package/interface_package/srv/detail/store_alarm__rosidl_typesupport_fastrtps_cpp.hpp
[0.741s] -- Up-to-date: /home/bo/amr_ws/final/ros-repo-3/ControlTower/install/interface_package/include/interface_package/interface_package/srv/detail/order_call__rosidl_typesupport_fastrtps_cpp.hpp
[0.741s] -- Up-to-date: /home/bo/amr_ws/final/ros-repo-3/ControlTower/install/interface_package/include/interface_package/interface_package/srv/detail/goal_arrival__rosidl_typesupport_fastrtps_cpp.hpp
[0.742s] -- Up-to-date: /home/bo/amr_ws/final/ros-repo-3/ControlTower/install/interface_package/include/interface_package/interface_package/srv/detail/order_tracking__rosidl_typesupport_fastrtps_cpp.hpp
[0.742s] -- Up-to-date: /home/bo/amr_ws/final/ros-repo-3/ControlTower/install/interface_package/include/interface_package/interface_package/srv/detail/robot_dispatch__rosidl_typesupport_fastrtps_cpp.hpp
[0.742s] -- Up-to-date: /home/bo/amr_ws/final/ros-repo-3/ControlTower/install/interface_package/include/interface_package/interface_package/msg
[0.742s] -- Up-to-date: /home/bo/amr_ws/final/ros-repo-3/ControlTower/install/interface_package/include/interface_package/interface_package/msg/rosidl_typesupport_fastrtps_cpp__visibility_control.h
[0.742s] -- Up-to-date: /home/bo/amr_ws/final/ros-repo-3/ControlTower/install/interface_package/include/interface_package/interface_package/msg/detail
[0.742s] -- Up-to-date: /home/bo/amr_ws/final/ros-repo-3/ControlTower/install/interface_package/include/interface_package/interface_package/msg/detail/navgoal__rosidl_typesupport_fastrtps_cpp.hpp
[0.742s] -- Up-to-date: /home/bo/amr_ws/final/ros-repo-3/ControlTower/install/interface_package/include/interface_package/interface_package/msg/detail/navresult__rosidl_typesupport_fastrtps_cpp.hpp
[0.742s] -- Up-to-date: /home/bo/amr_ws/final/ros-repo-3/ControlTower/install/interface_package/include/interface_package/interface_package/msg/detail/dds_fastrtps
[0.742s] -- Up-to-date: /home/bo/amr_ws/final/ros-repo-3/ControlTower/install/interface_package/include/interface_package/interface_package/msg/detail/navfeedback__rosidl_typesupport_fastrtps_cpp.hpp
[0.742s] -- Up-to-date: /home/bo/amr_ws/final/ros-repo-3/ControlTower/install/interface_package/lib/libinterface_package__rosidl_typesupport_fastrtps_cpp.so
[0.742s] -- Up-to-date: /home/bo/amr_ws/final/ros-repo-3/ControlTower/install/interface_package/include/interface_package/interface_package
[0.742s] -- Up-to-date: /home/bo/amr_ws/final/ros-repo-3/ControlTower/install/interface_package/include/interface_package/interface_package/srv
[0.742s] -- Up-to-date: /home/bo/amr_ws/final/ros-repo-3/ControlTower/install/interface_package/include/interface_package/interface_package/srv/detail
[0.742s] -- Up-to-date: /home/bo/amr_ws/final/ros-repo-3/ControlTower/install/interface_package/include/interface_package/interface_package/srv/detail/delivery_box__rosidl_typesupport_introspection_cpp.hpp
[0.742s] -- Up-to-date: /home/bo/amr_ws/final/ros-repo-3/ControlTower/install/interface_package/include/interface_package/interface_package/srv/detail/robot_dispatch__type_support.cpp
[0.742s] -- Up-to-date: /home/bo/amr_ws/final/ros-repo-3/ControlTower/install/interface_package/include/interface_package/interface_package/srv/detail/order_call__type_support.cpp
[0.742s] -- Up-to-date: /home/bo/amr_ws/final/ros-repo-3/ControlTower/install/interface_package/include/interface_package/interface_package/srv/detail/order_info__rosidl_typesupport_introspection_cpp.hpp
[0.742s] -- Up-to-date: /home/bo/amr_ws/final/ros-repo-3/ControlTower/install/interface_package/include/interface_package/interface_package/srv/detail/robot_call__type_support.cpp
[0.742s] -- Up-to-date: /home/bo/amr_ws/final/ros-repo-3/ControlTower/install/interface_package/include/interface_package/interface_package/srv/detail/order_tracking__type_support.cpp
[0.742s] -- Up-to-date: /home/bo/amr_ws/final/ros-repo-3/ControlTower/install/interface_package/include/interface_package/interface_package/srv/detail/order_info__type_support.cpp
[0.742s] -- Up-to-date: /home/bo/amr_ws/final/ros-repo-3/ControlTower/install/interface_package/include/interface_package/interface_package/srv/detail/robot_call__rosidl_typesupport_introspection_cpp.hpp
[0.742s] -- Up-to-date: /home/bo/amr_ws/final/ros-repo-3/ControlTower/install/interface_package/include/interface_package/interface_package/srv/detail/store_alarm__type_support.cpp
[0.742s] -- Up-to-date: /home/bo/amr_ws/final/ros-repo-3/ControlTower/install/interface_package/include/interface_package/interface_package/srv/detail/goal_arrival__rosidl_typesupport_introspection_cpp.hpp
[0.742s] -- Up-to-date: /home/bo/amr_ws/final/ros-repo-3/ControlTower/install/interface_package/include/interface_package/interface_package/srv/detail/store_alarm__rosidl_typesupport_introspection_cpp.hpp
[0.742s] -- Up-to-date: /home/bo/amr_ws/final/ros-repo-3/ControlTower/install/interface_package/include/interface_package/interface_package/srv/detail/robot_dispatch__rosidl_typesupport_introspection_cpp.hpp
[0.742s] -- Up-to-date: /home/bo/amr_ws/final/ros-repo-3/ControlTower/install/interface_package/include/interface_package/interface_package/srv/detail/goal_arrival__type_support.cpp
[0.743s] -- Up-to-date: /home/bo/amr_ws/final/ros-repo-3/ControlTower/install/interface_package/include/interface_package/interface_package/srv/detail/order_tracking__rosidl_typesupport_introspection_cpp.hpp
[0.743s] -- Up-to-date: /home/bo/amr_ws/final/ros-repo-3/ControlTower/install/interface_package/include/interface_package/interface_package/srv/detail/order_call__rosidl_typesupport_introspection_cpp.hpp
[0.743s] -- Up-to-date: /home/bo/amr_ws/final/ros-repo-3/ControlTower/install/interface_package/include/interface_package/interface_package/srv/detail/delivery_box__type_support.cpp
[0.743s] -- Up-to-date: /home/bo/amr_ws/final/ros-repo-3/ControlTower/install/interface_package/include/interface_package/interface_package/msg
[0.743s] -- Up-to-date: /home/bo/amr_ws/final/ros-repo-3/ControlTower/install/interface_package/include/interface_package/interface_package/msg/detail
[0.743s] -- Up-to-date: /home/bo/amr_ws/final/ros-repo-3/ControlTower/install/interface_package/include/interface_package/interface_package/msg/detail/navfeedback__rosidl_typesupport_introspection_cpp.hpp
[0.743s] -- Up-to-date: /home/bo/amr_ws/final/ros-repo-3/ControlTower/install/interface_package/include/interface_package/interface_package/msg/detail/navfeedback__type_support.cpp
[0.743s] -- Up-to-date: /home/bo/amr_ws/final/ros-repo-3/ControlTower/install/interface_package/include/interface_package/interface_package/msg/detail/navgoal__type_support.cpp
[0.743s] -- Up-to-date: /home/bo/amr_ws/final/ros-repo-3/ControlTower/install/interface_package/include/interface_package/interface_package/msg/detail/navresult__type_support.cpp
[0.743s] -- Up-to-date: /home/bo/amr_ws/final/ros-repo-3/ControlTower/install/interface_package/include/interface_package/interface_package/msg/detail/navgoal__rosidl_typesupport_introspection_cpp.hpp
[0.743s] -- Up-to-date: /home/bo/amr_ws/final/ros-repo-3/ControlTower/install/interface_package/include/interface_package/interface_package/msg/detail/navresult__rosidl_typesupport_introspection_cpp.hpp
[0.743s] -- Up-to-date: /home/bo/amr_ws/final/ros-repo-3/ControlTower/install/interface_package/lib/libinterface_package__rosidl_typesupport_introspection_cpp.so
[0.743s] -- Up-to-date: /home/bo/amr_ws/final/ros-repo-3/ControlTower/install/interface_package/lib/libinterface_package__rosidl_typesupport_cpp.so
[0.743s] -- Up-to-date: /home/bo/amr_ws/final/ros-repo-3/ControlTower/install/interface_package/share/interface_package/environment/pythonpath.sh
[0.743s] -- Up-to-date: /home/bo/amr_ws/final/ros-repo-3/ControlTower/install/interface_package/share/interface_package/environment/pythonpath.dsv
[0.743s] -- Up-to-date: /home/bo/amr_ws/final/ros-repo-3/ControlTower/install/interface_package/local/lib/python3.10/dist-packages/interface_package-0.0.0-py3.10.egg-info
[0.743s] -- Installing: /home/bo/amr_ws/final/ros-repo-3/ControlTower/install/interface_package/local/lib/python3.10/dist-packages/interface_package-0.0.0-py3.10.egg-info/SOURCES.txt
[0.743s] -- Installing: /home/bo/amr_ws/final/ros-repo-3/ControlTower/install/interface_package/local/lib/python3.10/dist-packages/interface_package-0.0.0-py3.10.egg-info/dependency_links.txt
[0.743s] -- Installing: /home/bo/amr_ws/final/ros-repo-3/ControlTower/install/interface_package/local/lib/python3.10/dist-packages/interface_package-0.0.0-py3.10.egg-info/PKG-INFO
[0.743s] -- Installing: /home/bo/amr_ws/final/ros-repo-3/ControlTower/install/interface_package/local/lib/python3.10/dist-packages/interface_package-0.0.0-py3.10.egg-info/top_level.txt
[0.743s] -- Up-to-date: /home/bo/amr_ws/final/ros-repo-3/ControlTower/install/interface_package/local/lib/python3.10/dist-packages/interface_package
[0.743s] -- Up-to-date: /home/bo/amr_ws/final/ros-repo-3/ControlTower/install/interface_package/local/lib/python3.10/dist-packages/interface_package/interface_package_s__rosidl_typesupport_fastrtps_c.cpython-310-x86_64-linux-gnu.so
[0.743s] -- Up-to-date: /home/bo/amr_ws/final/ros-repo-3/ControlTower/install/interface_package/local/lib/python3.10/dist-packages/interface_package/srv
[0.743s] -- Up-to-date: /home/bo/amr_ws/final/ros-repo-3/ControlTower/install/interface_package/local/lib/python3.10/dist-packages/interface_package/srv/_delivery_box.py
[0.743s] -- Up-to-date: /home/bo/amr_ws/final/ros-repo-3/ControlTower/install/interface_package/local/lib/python3.10/dist-packages/interface_package/srv/_robot_call_s.c
[0.743s] -- Up-to-date: /home/bo/amr_ws/final/ros-repo-3/ControlTower/install/interface_package/local/lib/python3.10/dist-packages/interface_package/srv/_delivery_box_s.c
[0.743s] -- Up-to-date: /home/bo/amr_ws/final/ros-repo-3/ControlTower/install/interface_package/local/lib/python3.10/dist-packages/interface_package/srv/_order_tracking.py
[0.743s] -- Up-to-date: /home/bo/amr_ws/final/ros-repo-3/ControlTower/install/interface_package/local/lib/python3.10/dist-packages/interface_package/srv/_goal_arrival.py
[0.743s] -- Up-to-date: /home/bo/amr_ws/final/ros-repo-3/ControlTower/install/interface_package/local/lib/python3.10/dist-packages/interface_package/srv/_order_call.py
[0.743s] -- Up-to-date: /home/bo/amr_ws/final/ros-repo-3/ControlTower/install/interface_package/local/lib/python3.10/dist-packages/interface_package/srv/_robot_call.py
[0.743s] -- Up-to-date: /home/bo/amr_ws/final/ros-repo-3/ControlTower/install/interface_package/local/lib/python3.10/dist-packages/interface_package/srv/_goal_arrival_s.c
[0.744s] -- Up-to-date: /home/bo/amr_ws/final/ros-repo-3/ControlTower/install/interface_package/local/lib/python3.10/dist-packages/interface_package/srv/_order_info_s.c
[0.744s] -- Up-to-date: /home/bo/amr_ws/final/ros-repo-3/ControlTower/install/interface_package/local/lib/python3.10/dist-packages/interface_package/srv/_order_tracking_s.c
[0.744s] -- Up-to-date: /home/bo/amr_ws/final/ros-repo-3/ControlTower/install/interface_package/local/lib/python3.10/dist-packages/interface_package/srv/_order_call_s.c
[0.744s] -- Up-to-date: /home/bo/amr_ws/final/ros-repo-3/ControlTower/install/interface_package/local/lib/python3.10/dist-packages/interface_package/srv/_store_alarm_s.c
[0.744s] -- Up-to-date: /home/bo/amr_ws/final/ros-repo-3/ControlTower/install/interface_package/local/lib/python3.10/dist-packages/interface_package/srv/_robot_dispatch_s.c
[0.744s] -- Up-to-date: /home/bo/amr_ws/final/ros-repo-3/ControlTower/install/interface_package/local/lib/python3.10/dist-packages/interface_package/srv/_order_info.py
[0.744s] -- Up-to-date: /home/bo/amr_ws/final/ros-repo-3/ControlTower/install/interface_package/local/lib/python3.10/dist-packages/interface_package/srv/__init__.py
[0.744s] -- Up-to-date: /home/bo/amr_ws/final/ros-repo-3/ControlTower/install/interface_package/local/lib/python3.10/dist-packages/interface_package/srv/_robot_dispatch.py
[0.744s] -- Up-to-date: /home/bo/amr_ws/final/ros-repo-3/ControlTower/install/interface_package/local/lib/python3.10/dist-packages/interface_package/srv/_store_alarm.py
[0.744s] -- Up-to-date: /home/bo/amr_ws/final/ros-repo-3/ControlTower/install/interface_package/local/lib/python3.10/dist-packages/interface_package/_interface_package_s.ep.rosidl_typesupport_fastrtps_c.c
[0.744s] -- Up-to-date: /home/bo/amr_ws/final/ros-repo-3/ControlTower/install/interface_package/local/lib/python3.10/dist-packages/interface_package/_interface_package_s.ep.rosidl_typesupport_c.c
[0.744s] -- Up-to-date: /home/bo/amr_ws/final/ros-repo-3/ControlTower/install/interface_package/local/lib/python3.10/dist-packages/interface_package/libinterface_package__rosidl_generator_py.so
[0.744s] -- Up-to-date: /home/bo/amr_ws/final/ros-repo-3/ControlTower/install/interface_package/local/lib/python3.10/dist-packages/interface_package/interface_package_s__rosidl_typesupport_c.cpython-310-x86_64-linux-gnu.so
[0.744s] -- Up-to-date: /home/bo/amr_ws/final/ros-repo-3/ControlTower/install/interface_package/local/lib/python3.10/dist-packages/interface_package/interface_package_s__rosidl_typesupport_introspection_c.cpython-310-x86_64-linux-gnu.so
[0.744s] -- Up-to-date: /home/bo/amr_ws/final/ros-repo-3/ControlTower/install/interface_package/local/lib/python3.10/dist-packages/interface_package/_interface_package_s.ep.rosidl_typesupport_introspection_c.c
[0.744s] -- Up-to-date: /home/bo/amr_ws/final/ros-repo-3/ControlTower/install/interface_package/local/lib/python3.10/dist-packages/interface_package/__init__.py
[0.744s] -- Up-to-date: /home/bo/amr_ws/final/ros-repo-3/ControlTower/install/interface_package/local/lib/python3.10/dist-packages/interface_package/msg
[0.744s] -- Up-to-date: /home/bo/amr_ws/final/ros-repo-3/ControlTower/install/interface_package/local/lib/python3.10/dist-packages/interface_package/msg/_navresult.py
[0.744s] -- Up-to-date: /home/bo/amr_ws/final/ros-repo-3/ControlTower/install/interface_package/local/lib/python3.10/dist-packages/interface_package/msg/_navfeedback.py
[0.744s] -- Up-to-date: /home/bo/amr_ws/final/ros-repo-3/ControlTower/install/interface_package/local/lib/python3.10/dist-packages/interface_package/msg/_navgoal.py
[0.744s] -- Up-to-date: /home/bo/amr_ws/final/ros-repo-3/ControlTower/install/interface_package/local/lib/python3.10/dist-packages/interface_package/msg/_navresult_s.c
[0.744s] -- Up-to-date: /home/bo/amr_ws/final/ros-repo-3/ControlTower/install/interface_package/local/lib/python3.10/dist-packages/interface_package/msg/_navfeedback_s.c
[0.744s] -- Up-to-date: /home/bo/amr_ws/final/ros-repo-3/ControlTower/install/interface_package/local/lib/python3.10/dist-packages/interface_package/msg/_navgoal_s.c
[0.744s] -- Up-to-date: /home/bo/amr_ws/final/ros-repo-3/ControlTower/install/interface_package/local/lib/python3.10/dist-packages/interface_package/msg/__init__.py
[0.763s] Listing '/home/bo/amr_ws/final/ros-repo-3/ControlTower/install/interface_package/local/lib/python3.10/dist-packages/interface_package'...
[0.763s] Listing '/home/bo/amr_ws/final/ros-repo-3/ControlTower/install/interface_package/local/lib/python3.10/dist-packages/interface_package/msg'...
[0.763s] Listing '/home/bo/amr_ws/final/ros-repo-3/ControlTower/install/interface_package/local/lib/python3.10/dist-packages/interface_package/srv'...
[0.766s] -- Up-to-date: /home/bo/amr_ws/final/ros-repo-3/ControlTower/install/interface_package/local/lib/python3.10/dist-packages/interface_package/interface_package_s__rosidl_typesupport_fastrtps_c.cpython-310-x86_64-linux-gnu.so
[0.767s] -- Up-to-date: /home/bo/amr_ws/final/ros-repo-3/ControlTower/install/interface_package/local/lib/python3.10/dist-packages/interface_package/interface_package_s__rosidl_typesupport_introspection_c.cpython-310-x86_64-linux-gnu.so
[0.767s] -- Up-to-date: /home/bo/amr_ws/final/ros-repo-3/ControlTower/install/interface_package/local/lib/python3.10/dist-packages/interface_package/interface_package_s__rosidl_typesupport_c.cpython-310-x86_64-linux-gnu.so
[0.768s] -- Up-to-date: /home/bo/amr_ws/final/ros-repo-3/ControlTower/install/interface_package/lib/libinterface_package__rosidl_generator_py.so
[0.768s] -- Up-to-date: /home/bo/amr_ws/final/ros-repo-3/ControlTower/install/interface_package/share/interface_package/srv/OrderTracking.idl
[0.768s] -- Up-to-date: /home/bo/amr_ws/final/ros-repo-3/ControlTower/install/interface_package/share/interface_package/srv/OrderInfo.idl
[0.768s] -- Up-to-date: /home/bo/amr_ws/final/ros-repo-3/ControlTower/install/interface_package/share/interface_package/srv/OrderCall.idl
[0.768s] -- Up-to-date: /home/bo/amr_ws/final/ros-repo-3/ControlTower/install/interface_package/share/interface_package/srv/GoalArrival.idl
[0.768s] -- Up-to-date: /home/bo/amr_ws/final/ros-repo-3/ControlTower/install/interface_package/share/interface_package/srv/RobotCall.idl
[0.768s] -- Up-to-date: /home/bo/amr_ws/final/ros-repo-3/ControlTower/install/interface_package/share/interface_package/srv/DeliveryBox.idl
[0.768s] -- Up-to-date: /home/bo/amr_ws/final/ros-repo-3/ControlTower/install/interface_package/share/interface_package/srv/StoreAlarm.idl
[0.768s] -- Up-to-date: /home/bo/amr_ws/final/ros-repo-3/ControlTower/install/interface_package/share/interface_package/srv/RobotDispatch.idl
[0.768s] -- Up-to-date: /home/bo/amr_ws/final/ros-repo-3/ControlTower/install/interface_package/share/interface_package/msg/Navgoal.idl
[0.768s] -- Up-to-date: /home/bo/amr_ws/final/ros-repo-3/ControlTower/install/interface_package/share/interface_package/msg/Navfeedback.idl
[0.768s] -- Up-to-date: /home/bo/amr_ws/final/ros-repo-3/ControlTower/install/interface_package/share/interface_package/msg/Navresult.idl
[0.768s] -- Up-to-date: /home/bo/amr_ws/final/ros-repo-3/ControlTower/install/interface_package/share/interface_package/srv/OrderTracking.srv
[0.768s] -- Up-to-date: /home/bo/amr_ws/final/ros-repo-3/ControlTower/install/interface_package/share/interface_package/srv/OrderTracking_Request.msg
[0.768s] -- Up-to-date: /home/bo/amr_ws/final/ros-repo-3/ControlTower/install/interface_package/share/interface_package/srv/OrderTracking_Response.msg
[0.768s] -- Up-to-date: /home/bo/amr_ws/final/ros-repo-3/ControlTower/install/interface_package/share/interface_package/srv/OrderInfo.srv
[0.768s] -- Up-to-date: /home/bo/amr_ws/final/ros-repo-3/ControlTower/install/interface_package/share/interface_package/srv/OrderInfo_Request.msg
[0.768s] -- Up-to-date: /home/bo/amr_ws/final/ros-repo-3/ControlTower/install/interface_package/share/interface_package/srv/OrderInfo_Response.msg
[0.768s] -- Up-to-date: /home/bo/amr_ws/final/ros-repo-3/ControlTower/install/interface_package/share/interface_package/srv/OrderCall.srv
[0.768s] -- Up-to-date: /home/bo/amr_ws/final/ros-repo-3/ControlTower/install/interface_package/share/interface_package/srv/OrderCall_Request.msg
[0.769s] -- Up-to-date: /home/bo/amr_ws/final/ros-repo-3/ControlTower/install/interface_package/share/interface_package/srv/OrderCall_Response.msg
[0.769s] -- Up-to-date: /home/bo/amr_ws/final/ros-repo-3/ControlTower/install/interface_package/share/interface_package/srv/GoalArrival.srv
[0.769s] -- Up-to-date: /home/bo/amr_ws/final/ros-repo-3/ControlTower/install/interface_package/share/interface_package/srv/GoalArrival_Request.msg
[0.769s] -- Up-to-date: /home/bo/amr_ws/final/ros-repo-3/ControlTower/install/interface_package/share/interface_package/srv/GoalArrival_Response.msg
[0.769s] -- Up-to-date: /home/bo/amr_ws/final/ros-repo-3/ControlTower/install/interface_package/share/interface_package/srv/RobotCall.srv
[0.769s] -- Up-to-date: /home/bo/amr_ws/final/ros-repo-3/ControlTower/install/interface_package/share/interface_package/srv/RobotCall_Request.msg
[0.769s] -- Up-to-date: /home/bo/amr_ws/final/ros-repo-3/ControlTower/install/interface_package/share/interface_package/srv/RobotCall_Response.msg
[0.769s] -- Up-to-date: /home/bo/amr_ws/final/ros-repo-3/ControlTower/install/interface_package/share/interface_package/srv/DeliveryBox.srv
[0.769s] -- Up-to-date: /home/bo/amr_ws/final/ros-repo-3/ControlTower/install/interface_package/share/interface_package/srv/DeliveryBox_Request.msg
[0.769s] -- Up-to-date: /home/bo/amr_ws/final/ros-repo-3/ControlTower/install/interface_package/share/interface_package/srv/DeliveryBox_Response.msg
[0.769s] -- Up-to-date: /home/bo/amr_ws/final/ros-repo-3/ControlTower/install/interface_package/share/interface_package/srv/StoreAlarm.srv
[0.769s] -- Up-to-date: /home/bo/amr_ws/final/ros-repo-3/ControlTower/install/interface_package/share/interface_package/srv/StoreAlarm_Request.msg
[0.769s] -- Up-to-date: /home/bo/amr_ws/final/ros-repo-3/ControlTower/install/interface_package/share/interface_package/srv/StoreAlarm_Response.msg
[0.769s] -- Up-to-date: /home/bo/amr_ws/final/ros-repo-3/ControlTower/install/interface_package/share/interface_package/srv/RobotDispatch.srv
[0.769s] -- Up-to-date: /home/bo/amr_ws/final/ros-repo-3/ControlTower/install/interface_package/share/interface_package/srv/RobotDispatch_Request.msg
[0.769s] -- Up-to-date: /home/bo/amr_ws/final/ros-repo-3/ControlTower/install/interface_package/share/interface_package/srv/RobotDispatch_Response.msg
[0.769s] -- Up-to-date: /home/bo/amr_ws/final/ros-repo-3/ControlTower/install/interface_package/share/interface_package/msg/Navgoal.msg
[0.769s] -- Up-to-date: /home/bo/amr_ws/final/ros-repo-3/ControlTower/install/interface_package/share/interface_package/msg/Navfeedback.msg
[0.769s] -- Up-to-date: /home/bo/amr_ws/final/ros-repo-3/ControlTower/install/interface_package/share/interface_package/msg/Navresult.msg
[0.769s] -- Up-to-date: /home/bo/amr_ws/final/ros-repo-3/ControlTower/install/interface_package/share/ament_index/resource_index/package_run_dependencies/interface_package
[0.769s] -- Up-to-date: /home/bo/amr_ws/final/ros-repo-3/ControlTower/install/interface_package/share/ament_index/resource_index/parent_prefix_path/interface_package
[0.769s] -- Up-to-date: /home/bo/amr_ws/final/ros-repo-3/ControlTower/install/interface_package/share/interface_package/environment/ament_prefix_path.sh
[0.770s] -- Up-to-date: /home/bo/amr_ws/final/ros-repo-3/ControlTower/install/interface_package/share/interface_package/environment/ament_prefix_path.dsv
[0.770s] -- Up-to-date: /home/bo/amr_ws/final/ros-repo-3/ControlTower/install/interface_package/share/interface_package/environment/path.sh
[0.770s] -- Up-to-date: /home/bo/amr_ws/final/ros-repo-3/ControlTower/install/interface_package/share/interface_package/environment/path.dsv
[0.770s] -- Up-to-date: /home/bo/amr_ws/final/ros-repo-3/ControlTower/install/interface_package/share/interface_package/local_setup.bash
[0.770s] -- Up-to-date: /home/bo/amr_ws/final/ros-repo-3/ControlTower/install/interface_package/share/interface_package/local_setup.sh
[0.770s] -- Up-to-date: /home/bo/amr_ws/final/ros-repo-3/ControlTower/install/interface_package/share/interface_package/local_setup.zsh
[0.770s] -- Up-to-date: /home/bo/amr_ws/final/ros-repo-3/ControlTower/install/interface_package/share/interface_package/local_setup.dsv
[0.770s] -- Installing: /home/bo/amr_ws/final/ros-repo-3/ControlTower/install/interface_package/share/interface_package/package.dsv
[0.770s] -- Up-to-date: /home/bo/amr_ws/final/ros-repo-3/ControlTower/install/interface_package/share/ament_index/resource_index/packages/interface_package
[0.770s] -- Up-to-date: /home/bo/amr_ws/final/ros-repo-3/ControlTower/install/interface_package/share/interface_package/cmake/export_interface_package__rosidl_generator_cExport.cmake
[0.770s] -- Up-to-date: /home/bo/amr_ws/final/ros-repo-3/ControlTower/install/interface_package/share/interface_package/cmake/export_interface_package__rosidl_generator_cExport-noconfig.cmake
[0.770s] -- Up-to-date: /home/bo/amr_ws/final/ros-repo-3/ControlTower/install/interface_package/share/interface_package/cmake/export_interface_package__rosidl_typesupport_fastrtps_cExport.cmake
[0.770s] -- Up-to-date: /home/bo/amr_ws/final/ros-repo-3/ControlTower/install/interface_package/share/interface_package/cmake/export_interface_package__rosidl_typesupport_fastrtps_cExport-noconfig.cmake
[0.771s] -- Up-to-date: /home/bo/amr_ws/final/ros-repo-3/ControlTower/install/interface_package/share/interface_package/cmake/interface_package__rosidl_typesupport_introspection_cExport.cmake
[0.771s] -- Up-to-date: /home/bo/amr_ws/final/ros-repo-3/ControlTower/install/interface_package/share/interface_package/cmake/interface_package__rosidl_typesupport_introspection_cExport-noconfig.cmake
[0.771s] -- Up-to-date: /home/bo/amr_ws/final/ros-repo-3/ControlTower/install/interface_package/share/interface_package/cmake/interface_package__rosidl_typesupport_cExport.cmake
[0.771s] -- Up-to-date: /home/bo/amr_ws/final/ros-repo-3/ControlTower/install/interface_package/share/interface_package/cmake/interface_package__rosidl_typesupport_cExport-noconfig.cmake
[0.771s] -- Up-to-date: /home/bo/amr_ws/final/ros-repo-3/ControlTower/install/interface_package/share/interface_package/cmake/export_interface_package__rosidl_generator_cppExport.cmake
[0.772s] -- Up-to-date: /home/bo/amr_ws/final/ros-repo-3/ControlTower/install/interface_package/share/interface_package/cmake/export_interface_package__rosidl_typesupport_fastrtps_cppExport.cmake
[0.772s] -- Up-to-date: /home/bo/amr_ws/final/ros-repo-3/ControlTower/install/interface_package/share/interface_package/cmake/export_interface_package__rosidl_typesupport_fastrtps_cppExport-noconfig.cmake
[0.772s] -- Up-to-date: /home/bo/amr_ws/final/ros-repo-3/ControlTower/install/interface_package/share/interface_package/cmake/interface_package__rosidl_typesupport_introspection_cppExport.cmake
[0.772s] -- Up-to-date: /home/bo/amr_ws/final/ros-repo-3/ControlTower/install/interface_package/share/interface_package/cmake/interface_package__rosidl_typesupport_introspection_cppExport-noconfig.cmake
[0.772s] -- Up-to-date: /home/bo/amr_ws/final/ros-repo-3/ControlTower/install/interface_package/share/interface_package/cmake/interface_package__rosidl_typesupport_cppExport.cmake
[0.772s] -- Up-to-date: /home/bo/amr_ws/final/ros-repo-3/ControlTower/install/interface_package/share/interface_package/cmake/interface_package__rosidl_typesupport_cppExport-noconfig.cmake
[0.772s] -- Up-to-date: /home/bo/amr_ws/final/ros-repo-3/ControlTower/install/interface_package/share/interface_package/cmake/export_interface_package__rosidl_generator_pyExport.cmake
[0.772s] -- Up-to-date: /home/bo/amr_ws/final/ros-repo-3/ControlTower/install/interface_package/share/interface_package/cmake/export_interface_package__rosidl_generator_pyExport-noconfig.cmake
[0.773s] -- Up-to-date: /home/bo/amr_ws/final/ros-repo-3/ControlTower/install/interface_package/share/interface_package/cmake/rosidl_cmake-extras.cmake
[0.773s] -- Up-to-date: /home/bo/amr_ws/final/ros-repo-3/ControlTower/install/interface_package/share/interface_package/cmake/ament_cmake_export_include_directories-extras.cmake
[0.773s] -- Up-to-date: /home/bo/amr_ws/final/ros-repo-3/ControlTower/install/interface_package/share/interface_package/cmake/ament_cmake_export_libraries-extras.cmake
[0.773s] -- Up-to-date: /home/bo/amr_ws/final/ros-repo-3/ControlTower/install/interface_package/share/interface_package/cmake/ament_cmake_export_targets-extras.cmake
[0.773s] -- Up-to-date: /home/bo/amr_ws/final/ros-repo-3/ControlTower/install/interface_package/share/interface_package/cmake/rosidl_cmake_export_typesupport_targets-extras.cmake
[0.773s] -- Up-to-date: /home/bo/amr_ws/final/ros-repo-3/ControlTower/install/interface_package/share/interface_package/cmake/ament_cmake_export_dependencies-extras.cmake
[0.773s] -- Up-to-date: /home/bo/amr_ws/final/ros-repo-3/ControlTower/install/interface_package/share/interface_package/cmake/rosidl_cmake_export_typesupport_libraries-extras.cmake
[0.773s] -- Up-to-date: /home/bo/amr_ws/final/ros-repo-3/ControlTower/install/interface_package/share/interface_package/cmake/interface_packageConfig.cmake
[0.773s] -- Up-to-date: /home/bo/amr_ws/final/ros-repo-3/ControlTower/install/interface_package/share/interface_package/cmake/interface_packageConfig-version.cmake
[0.773s] -- Up-to-date: /home/bo/amr_ws/final/ros-repo-3/ControlTower/install/interface_package/share/interface_package/package.xml
[0.775s] Invoked command in '/home/bo/amr_ws/final/ros-repo-3/ControlTower/build/interface_package' returned '0': CMAKE_PREFIX_PATH=${CMAKE_PREFIX_PATH}:/home/bo/amr_ws/final/ros-repo-3/ControlTower/install/ct_package:/opt/ros/humble /usr/bin/cmake --install /home/bo/amr_ws/final/ros-repo-3/ControlTower/build/interface_package
