running egg_info
creating ../../build/ct_package/ct_package.egg-info
writing ../../build/ct_package/ct_package.egg-info/PKG-INFO
writing dependency_links to ../../build/ct_package/ct_package.egg-info/dependency_links.txt
writing entry points to ../../build/ct_package/ct_package.egg-info/entry_points.txt
writing requirements to ../../build/ct_package/ct_package.egg-info/requires.txt
writing top-level names to ../../build/ct_package/ct_package.egg-info/top_level.txt
writing manifest file '../../build/ct_package/ct_package.egg-info/SOURCES.txt'
reading manifest file '../../build/ct_package/ct_package.egg-info/SOURCES.txt'
writing manifest file '../../build/ct_package/ct_package.egg-info/SOURCES.txt'
running build
running build_py
creating /home/bo/amr_ws/final/ros-repo-3/ControlTower/build/ct_package/build
creating /home/bo/amr_ws/final/ros-repo-3/ControlTower/build/ct_package/build/lib
creating /home/bo/amr_ws/final/ros-repo-3/ControlTower/build/ct_package/build/lib/ct_package
copying ct_package/StoreManager.py -> /home/bo/amr_ws/final/ros-repo-3/ControlTower/build/ct_package/build/lib/ct_package
copying ct_package/KioskManager.py -> /home/bo/amr_ws/final/ros-repo-3/ControlTower/build/ct_package/build/lib/ct_package
copying ct_package/robot_control.py -> /home/bo/amr_ws/final/ros-repo-3/ControlTower/build/ct_package/build/lib/ct_package
copying ct_package/control_tower.py -> /home/bo/amr_ws/final/ros-repo-3/ControlTower/build/ct_package/build/lib/ct_package
copying ct_package/service_client.py -> /home/bo/amr_ws/final/ros-repo-3/ControlTower/build/ct_package/build/lib/ct_package
copying ct_package/db_manager.py -> /home/bo/amr_ws/final/ros-repo-3/ControlTower/build/ct_package/build/lib/ct_package
copying ct_package/RobotManager.py -> /home/bo/amr_ws/final/ros-repo-3/ControlTower/build/ct_package/build/lib/ct_package
copying ct_package/__init__.py -> /home/bo/amr_ws/final/ros-repo-3/ControlTower/build/ct_package/build/lib/ct_package
running install
running install_lib
creating /home/bo/amr_ws/final/ros-repo-3/ControlTower/install/ct_package/lib/python3.10/site-packages/ct_package
copying /home/bo/amr_ws/final/ros-repo-3/ControlTower/build/ct_package/build/lib/ct_package/StoreManager.py -> /home/bo/amr_ws/final/ros-repo-3/ControlTower/install/ct_package/lib/python3.10/site-packages/ct_package
copying /home/bo/amr_ws/final/ros-repo-3/ControlTower/build/ct_package/build/lib/ct_package/KioskManager.py -> /home/bo/amr_ws/final/ros-repo-3/ControlTower/install/ct_package/lib/python3.10/site-packages/ct_package
copying /home/bo/amr_ws/final/ros-repo-3/ControlTower/build/ct_package/build/lib/ct_package/robot_control.py -> /home/bo/amr_ws/final/ros-repo-3/ControlTower/install/ct_package/lib/python3.10/site-packages/ct_package
copying /home/bo/amr_ws/final/ros-repo-3/ControlTower/build/ct_package/build/lib/ct_package/control_tower.py -> /home/bo/amr_ws/final/ros-repo-3/ControlTower/install/ct_package/lib/python3.10/site-packages/ct_package
copying /home/bo/amr_ws/final/ros-repo-3/ControlTower/build/ct_package/build/lib/ct_package/service_client.py -> /home/bo/amr_ws/final/ros-repo-3/ControlTower/install/ct_package/lib/python3.10/site-packages/ct_package
copying /home/bo/amr_ws/final/ros-repo-3/ControlTower/build/ct_package/build/lib/ct_package/db_manager.py -> /home/bo/amr_ws/final/ros-repo-3/ControlTower/install/ct_package/lib/python3.10/site-packages/ct_package
copying /home/bo/amr_ws/final/ros-repo-3/ControlTower/build/ct_package/build/lib/ct_package/RobotManager.py -> /home/bo/amr_ws/final/ros-repo-3/ControlTower/install/ct_package/lib/python3.10/site-packages/ct_package
copying /home/bo/amr_ws/final/ros-repo-3/ControlTower/build/ct_package/build/lib/ct_package/__init__.py -> /home/bo/amr_ws/final/ros-repo-3/ControlTower/install/ct_package/lib/python3.10/site-packages/ct_package
byte-compiling /home/bo/amr_ws/final/ros-repo-3/ControlTower/install/ct_package/lib/python3.10/site-packages/ct_package/StoreManager.py to StoreManager.cpython-310.pyc
byte-compiling /home/bo/amr_ws/final/ros-repo-3/ControlTower/install/ct_package/lib/python3.10/site-packages/ct_package/KioskManager.py to KioskManager.cpython-310.pyc
byte-compiling /home/bo/amr_ws/final/ros-repo-3/ControlTower/install/ct_package/lib/python3.10/site-packages/ct_package/robot_control.py to robot_control.cpython-310.pyc
byte-compiling /home/bo/amr_ws/final/ros-repo-3/ControlTower/install/ct_package/lib/python3.10/site-packages/ct_package/control_tower.py to control_tower.cpython-310.pyc
byte-compiling /home/bo/amr_ws/final/ros-repo-3/ControlTower/install/ct_package/lib/python3.10/site-packages/ct_package/service_client.py to service_client.cpython-310.pyc
byte-compiling /home/bo/amr_ws/final/ros-repo-3/ControlTower/install/ct_package/lib/python3.10/site-packages/ct_package/db_manager.py to db_manager.cpython-310.pyc
byte-compiling /home/bo/amr_ws/final/ros-repo-3/ControlTower/install/ct_package/lib/python3.10/site-packages/ct_package/RobotManager.py to RobotManager.cpython-310.pyc
byte-compiling /home/bo/amr_ws/final/ros-repo-3/ControlTower/install/ct_package/lib/python3.10/site-packages/ct_package/__init__.py to __init__.cpython-310.pyc
running install_data
creating /home/bo/amr_ws/final/ros-repo-3/ControlTower/install/ct_package/share/ament_index
creating /home/bo/amr_ws/final/ros-repo-3/ControlTower/install/ct_package/share/ament_index/resource_index
creating /home/bo/amr_ws/final/ros-repo-3/ControlTower/install/ct_package/share/ament_index/resource_index/packages
copying resource/ct_package -> /home/bo/amr_ws/final/ros-repo-3/ControlTower/install/ct_package/share/ament_index/resource_index/packages
copying package.xml -> /home/bo/amr_ws/final/ros-repo-3/ControlTower/install/ct_package/share/ct_package
creating /home/bo/amr_ws/final/ros-repo-3/ControlTower/install/ct_package/share/ct_package/launch
copying launch/robot_control.launch.py -> /home/bo/amr_ws/final/ros-repo-3/ControlTower/install/ct_package/share/ct_package/launch
running install_egg_info
Copying ../../build/ct_package/ct_package.egg-info to /home/bo/amr_ws/final/ros-repo-3/ControlTower/install/ct_package/lib/python3.10/site-packages/ct_package-0.0.0-py3.10.egg-info
running install_scripts
Installing control_tower script to /home/bo/amr_ws/final/ros-repo-3/ControlTower/install/ct_package/lib/ct_package
Installing kiosk_manager script to /home/bo/amr_ws/final/ros-repo-3/ControlTower/install/ct_package/lib/ct_package
Installing robot_control script to /home/bo/amr_ws/final/ros-repo-3/ControlTower/install/ct_package/lib/ct_package
Installing robot_manager script to /home/bo/amr_ws/final/ros-repo-3/ControlTower/install/ct_package/lib/ct_package
Installing service_client script to /home/bo/amr_ws/final/ros-repo-3/ControlTower/install/ct_package/lib/ct_package
Installing store_manager script to /home/bo/amr_ws/final/ros-repo-3/ControlTower/install/ct_package/lib/ct_package
writing list of installed files to '/home/bo/amr_ws/final/ros-repo-3/ControlTower/build/ct_package/install.log'
