[0.563s] Invoking command in '/home/bo/amr_ws/final/ros-repo-3/ControlTower/src/ct_package': PYTHONPATH=/home/bo/amr_ws/final/ros-repo-3/ControlTower/build/ct_package/prefix_override:/home/bo/amr_ws/final/ros-repo-3/ControlTower/install/ct_package/lib/python3.10/site-packages:${PYTHONPATH} /usr/bin/python3 -W ignore:setup.py install is deprecated setup.py egg_info --egg-base ../../build/ct_package build --build-base /home/bo/amr_ws/final/ros-repo-3/ControlTower/build/ct_package/build install --record /home/bo/amr_ws/final/ros-repo-3/ControlTower/build/ct_package/install.log --single-version-externally-managed install_data
[0.753s] running egg_info
[0.753s] writing ../../build/ct_package/ct_package.egg-info/PKG-INFO
[0.753s] writing dependency_links to ../../build/ct_package/ct_package.egg-info/dependency_links.txt
[0.754s] writing entry points to ../../build/ct_package/ct_package.egg-info/entry_points.txt
[0.754s] writing requirements to ../../build/ct_package/ct_package.egg-info/requires.txt
[0.754s] writing top-level names to ../../build/ct_package/ct_package.egg-info/top_level.txt
[0.755s] reading manifest file '../../build/ct_package/ct_package.egg-info/SOURCES.txt'
[0.756s] writing manifest file '../../build/ct_package/ct_package.egg-info/SOURCES.txt'
[0.756s] running build
[0.756s] running build_py
[0.756s] copying ct_package/KioskManager.py -> /home/bo/amr_ws/final/ros-repo-3/ControlTower/build/ct_package/build/lib/ct_package
[0.756s] copying ct_package/db_manager.py -> /home/bo/amr_ws/final/ros-repo-3/ControlTower/build/ct_package/build/lib/ct_package
[0.757s] running install
[0.757s] running install_lib
[0.758s] copying /home/bo/amr_ws/final/ros-repo-3/ControlTower/build/ct_package/build/lib/ct_package/KioskManager.py -> /home/bo/amr_ws/final/ros-repo-3/ControlTower/install/ct_package/lib/python3.10/site-packages/ct_package
[0.758s] byte-compiling /home/bo/amr_ws/final/ros-repo-3/ControlTower/install/ct_package/lib/python3.10/site-packages/ct_package/KioskManager.py to KioskManager.cpython-310.pyc
[0.759s] running install_data
[0.759s] running install_egg_info
[0.761s] removing '/home/bo/amr_ws/final/ros-repo-3/ControlTower/install/ct_package/lib/python3.10/site-packages/ct_package-0.0.0-py3.10.egg-info' (and everything under it)
[0.761s] Copying ../../build/ct_package/ct_package.egg-info to /home/bo/amr_ws/final/ros-repo-3/ControlTower/install/ct_package/lib/python3.10/site-packages/ct_package-0.0.0-py3.10.egg-info
[0.761s] running install_scripts
[0.775s] Installing control_tower script to /home/bo/amr_ws/final/ros-repo-3/ControlTower/install/ct_package/lib/ct_package
[0.775s] Installing kiosk_manager script to /home/bo/amr_ws/final/ros-repo-3/ControlTower/install/ct_package/lib/ct_package
[0.775s] Installing robot_control script to /home/bo/amr_ws/final/ros-repo-3/ControlTower/install/ct_package/lib/ct_package
[0.775s] Installing robot_manager script to /home/bo/amr_ws/final/ros-repo-3/ControlTower/install/ct_package/lib/ct_package
[0.776s] Installing service_client script to /home/bo/amr_ws/final/ros-repo-3/ControlTower/install/ct_package/lib/ct_package
[0.776s] Installing store_manager script to /home/bo/amr_ws/final/ros-repo-3/ControlTower/install/ct_package/lib/ct_package
[0.776s] writing list of installed files to '/home/bo/amr_ws/final/ros-repo-3/ControlTower/build/ct_package/install.log'
[0.795s] Invoked command in '/home/bo/amr_ws/final/ros-repo-3/ControlTower/src/ct_package' returned '0': PYTHONPATH=/home/bo/amr_ws/final/ros-repo-3/ControlTower/build/ct_package/prefix_override:/home/bo/amr_ws/final/ros-repo-3/ControlTower/install/ct_package/lib/python3.10/site-packages:${PYTHONPATH} /usr/bin/python3 -W ignore:setup.py install is deprecated setup.py egg_info --egg-base ../../build/ct_package build --build-base /home/bo/amr_ws/final/ros-repo-3/ControlTower/build/ct_package/build install --record /home/bo/amr_ws/final/ros-repo-3/ControlTower/build/ct_package/install.log --single-version-externally-managed install_data
