[0.069s] DEBUG:colcon:Command line arguments: ['/usr/bin/colcon', 'build']
[0.069s] DEBUG:colcon:Parsed command line arguments: Namespace(log_base=None, log_level=None, verb_name='build', build_base='build', install_base='install', merge_install=False, symlink_install=False, test_result_base=None, continue_on_error=False, executor='parallel', parallel_workers=8, event_handlers=None, ignore_user_meta=False, metas=['./colcon.meta'], base_paths=['.'], packages_ignore=None, packages_ignore_regex=None, paths=None, packages_up_to=None, packages_up_to_regex=None, packages_above=None, packages_above_and_dependencies=None, packages_above_depth=None, packages_select_by_dep=None, packages_skip_by_dep=None, packages_skip_up_to=None, packages_select_build_failed=False, packages_skip_build_finished=False, packages_select_test_failures=False, packages_skip_test_passed=False, packages_select=None, packages_skip=None, packages_select_regex=None, packages_skip_regex=None, packages_start=None, packages_end=None, allow_overriding=[], cmake_args=None, cmake_target=None, cmake_target_skip_unavailable=False, cmake_clean_cache=False, cmake_clean_first=False, cmake_force_configure=False, ament_cmake_args=None, catkin_cmake_args=None, catkin_skip_building_tests=False, mixin_files=None, mixin=None, verb_parser=<colcon_mixin.mixin.mixin_argument.MixinArgumentDecorator object at 0x782a7a771840>, verb_extension=<colcon_core.verb.build.BuildVerb object at 0x782a7a771330>, main=<bound method BuildVerb.main of <colcon_core.verb.build.BuildVerb object at 0x782a7a771330>>, mixin_verb=('build',))
[0.192s] Level 1:colcon.colcon_core.package_discovery:discover_packages(colcon_meta) check parameters
[0.192s] Level 1:colcon.colcon_core.package_discovery:discover_packages(recursive) check parameters
[0.192s] Level 1:colcon.colcon_core.package_discovery:discover_packages(ignore) check parameters
[0.193s] Level 1:colcon.colcon_core.package_discovery:discover_packages(path) check parameters
[0.193s] Level 1:colcon.colcon_core.package_discovery:discover_packages(colcon_meta) discover
[0.193s] Level 1:colcon.colcon_core.package_discovery:discover_packages(recursive) discover
[0.193s] INFO:colcon.colcon_core.package_discovery:Crawling recursively for packages in '/home/bo/amr_ws/final/ros-repo-3/ControlTower'
[0.193s] Level 1:colcon.colcon_core.package_identification:_identify(.) by extensions ['ignore', 'ignore_ament_install']
[0.193s] Level 1:colcon.colcon_core.package_identification:_identify(.) by extension 'ignore'
[0.193s] Level 1:colcon.colcon_core.package_identification:_identify(.) by extension 'ignore_ament_install'
[0.193s] Level 1:colcon.colcon_core.package_identification:_identify(.) by extensions ['colcon_pkg']
[0.193s] Level 1:colcon.colcon_core.package_identification:_identify(.) by extension 'colcon_pkg'
[0.193s] Level 1:colcon.colcon_core.package_identification:_identify(.) by extensions ['colcon_meta']
[0.193s] Level 1:colcon.colcon_core.package_identification:_identify(.) by extension 'colcon_meta'
[0.193s] Level 1:colcon.colcon_core.package_identification:_identify(.) by extensions ['ros']
[0.193s] Level 1:colcon.colcon_core.package_identification:_identify(.) by extension 'ros'
[0.206s] Level 1:colcon.colcon_core.package_identification:_identify(.) by extensions ['cmake', 'python']
[0.206s] Level 1:colcon.colcon_core.package_identification:_identify(.) by extension 'cmake'
[0.206s] Level 1:colcon.colcon_core.package_identification:_identify(.) by extension 'python'
[0.206s] Level 1:colcon.colcon_core.package_identification:_identify(.) by extensions ['python_setup_py']
[0.206s] Level 1:colcon.colcon_core.package_identification:_identify(.) by extension 'python_setup_py'
[0.206s] Level 1:colcon.colcon_core.package_identification:_identify(build) by extensions ['ignore', 'ignore_ament_install']
[0.206s] Level 1:colcon.colcon_core.package_identification:_identify(build) by extension 'ignore'
[0.206s] Level 1:colcon.colcon_core.package_identification:_identify(build) ignored
[0.206s] Level 1:colcon.colcon_core.package_identification:_identify(install) by extensions ['ignore', 'ignore_ament_install']
[0.206s] Level 1:colcon.colcon_core.package_identification:_identify(install) by extension 'ignore'
[0.206s] Level 1:colcon.colcon_core.package_identification:_identify(install) ignored
[0.206s] Level 1:colcon.colcon_core.package_identification:_identify(log) by extensions ['ignore', 'ignore_ament_install']
[0.206s] Level 1:colcon.colcon_core.package_identification:_identify(log) by extension 'ignore'
[0.206s] Level 1:colcon.colcon_core.package_identification:_identify(log) ignored
[0.206s] Level 1:colcon.colcon_core.package_identification:_identify(src) by extensions ['ignore', 'ignore_ament_install']
[0.206s] Level 1:colcon.colcon_core.package_identification:_identify(src) by extension 'ignore'
[0.207s] Level 1:colcon.colcon_core.package_identification:_identify(src) by extension 'ignore_ament_install'
[0.207s] Level 1:colcon.colcon_core.package_identification:_identify(src) by extensions ['colcon_pkg']
[0.207s] Level 1:colcon.colcon_core.package_identification:_identify(src) by extension 'colcon_pkg'
[0.207s] Level 1:colcon.colcon_core.package_identification:_identify(src) by extensions ['colcon_meta']
[0.207s] Level 1:colcon.colcon_core.package_identification:_identify(src) by extension 'colcon_meta'
[0.207s] Level 1:colcon.colcon_core.package_identification:_identify(src) by extensions ['ros']
[0.207s] Level 1:colcon.colcon_core.package_identification:_identify(src) by extension 'ros'
[0.207s] Level 1:colcon.colcon_core.package_identification:_identify(src) by extensions ['cmake', 'python']
[0.207s] Level 1:colcon.colcon_core.package_identification:_identify(src) by extension 'cmake'
[0.207s] Level 1:colcon.colcon_core.package_identification:_identify(src) by extension 'python'
[0.207s] Level 1:colcon.colcon_core.package_identification:_identify(src) by extensions ['python_setup_py']
[0.207s] Level 1:colcon.colcon_core.package_identification:_identify(src) by extension 'python_setup_py'
[0.207s] Level 1:colcon.colcon_core.package_identification:_identify(src/ct_package) by extensions ['ignore', 'ignore_ament_install']
[0.207s] Level 1:colcon.colcon_core.package_identification:_identify(src/ct_package) by extension 'ignore'
[0.207s] Level 1:colcon.colcon_core.package_identification:_identify(src/ct_package) by extension 'ignore_ament_install'
[0.207s] Level 1:colcon.colcon_core.package_identification:_identify(src/ct_package) by extensions ['colcon_pkg']
[0.207s] Level 1:colcon.colcon_core.package_identification:_identify(src/ct_package) by extension 'colcon_pkg'
[0.207s] Level 1:colcon.colcon_core.package_identification:_identify(src/ct_package) by extensions ['colcon_meta']
[0.207s] Level 1:colcon.colcon_core.package_identification:_identify(src/ct_package) by extension 'colcon_meta'
[0.207s] Level 1:colcon.colcon_core.package_identification:_identify(src/ct_package) by extensions ['ros']
[0.207s] Level 1:colcon.colcon_core.package_identification:_identify(src/ct_package) by extension 'ros'
[0.208s] DEBUG:colcon.colcon_core.package_identification:Package 'src/ct_package' with type 'ros.ament_python' and name 'ct_package'
[0.209s] Level 1:colcon.colcon_core.package_identification:_identify(src/interface_package) by extensions ['ignore', 'ignore_ament_install']
[0.209s] Level 1:colcon.colcon_core.package_identification:_identify(src/interface_package) by extension 'ignore'
[0.209s] Level 1:colcon.colcon_core.package_identification:_identify(src/interface_package) by extension 'ignore_ament_install'
[0.209s] Level 1:colcon.colcon_core.package_identification:_identify(src/interface_package) by extensions ['colcon_pkg']
[0.209s] Level 1:colcon.colcon_core.package_identification:_identify(src/interface_package) by extension 'colcon_pkg'
[0.209s] Level 1:colcon.colcon_core.package_identification:_identify(src/interface_package) by extensions ['colcon_meta']
[0.209s] Level 1:colcon.colcon_core.package_identification:_identify(src/interface_package) by extension 'colcon_meta'
[0.209s] Level 1:colcon.colcon_core.package_identification:_identify(src/interface_package) by extensions ['ros']
[0.209s] Level 1:colcon.colcon_core.package_identification:_identify(src/interface_package) by extension 'ros'
[0.209s] DEBUG:colcon.colcon_core.package_identification:Package 'src/interface_package' with type 'ros.ament_cmake' and name 'interface_package'
[0.209s] Level 1:colcon.colcon_core.package_discovery:discover_packages(recursive) using defaults
[0.209s] Level 1:colcon.colcon_core.package_discovery:discover_packages(ignore) discover
[0.209s] Level 1:colcon.colcon_core.package_discovery:discover_packages(ignore) using defaults
[0.209s] Level 1:colcon.colcon_core.package_discovery:discover_packages(path) discover
[0.209s] Level 1:colcon.colcon_core.package_discovery:discover_packages(path) using defaults
[0.221s] Level 1:colcon.colcon_core.package_discovery:discover_packages(prefix_path) check parameters
[0.221s] Level 1:colcon.colcon_core.package_discovery:discover_packages(prefix_path) discover
[0.222s] WARNING:colcon.colcon_ros.prefix_path.ament:The path '/home/bo/amr_ws/final/ros-repo-3/ControlTower/install/interface_package' in the environment variable AMENT_PREFIX_PATH doesn't exist
[0.222s] WARNING:colcon.colcon_ros.prefix_path.ament:The path '/home/bo/amr_ws/final/ros-repo-3/ControlTower/install/ct_package' in the environment variable AMENT_PREFIX_PATH doesn't exist
[0.222s] WARNING:colcon.colcon_ros.prefix_path.catkin:The path '/home/bo/amr_ws/final/ros-repo-3/ControlTower/install/interface_package' in the environment variable CMAKE_PREFIX_PATH doesn't exist
[0.222s] DEBUG:colcon.colcon_installed_package_information.package_discovery:Found 0 installed packages in /home/bo/amr_ws/final/ros-repo-3/ControlTower/install
[0.223s] DEBUG:colcon.colcon_installed_package_information.package_discovery:Found 400 installed packages in /opt/ros/humble
[0.224s] Level 1:colcon.colcon_core.package_discovery:discover_packages(prefix_path) using defaults
[0.254s] Level 5:colcon.colcon_core.verb:set package 'ct_package' build argument 'cmake_args' from command line to 'None'
[0.254s] Level 5:colcon.colcon_core.verb:set package 'ct_package' build argument 'cmake_target' from command line to 'None'
[0.254s] Level 5:colcon.colcon_core.verb:set package 'ct_package' build argument 'cmake_target_skip_unavailable' from command line to 'False'
[0.254s] Level 5:colcon.colcon_core.verb:set package 'ct_package' build argument 'cmake_clean_cache' from command line to 'False'
[0.254s] Level 5:colcon.colcon_core.verb:set package 'ct_package' build argument 'cmake_clean_first' from command line to 'False'
[0.254s] Level 5:colcon.colcon_core.verb:set package 'ct_package' build argument 'cmake_force_configure' from command line to 'False'
[0.254s] Level 5:colcon.colcon_core.verb:set package 'ct_package' build argument 'ament_cmake_args' from command line to 'None'
[0.254s] Level 5:colcon.colcon_core.verb:set package 'ct_package' build argument 'catkin_cmake_args' from command line to 'None'
[0.254s] Level 5:colcon.colcon_core.verb:set package 'ct_package' build argument 'catkin_skip_building_tests' from command line to 'False'
[0.254s] DEBUG:colcon.colcon_core.verb:Building package 'ct_package' with the following arguments: {'ament_cmake_args': None, 'build_base': '/home/bo/amr_ws/final/ros-repo-3/ControlTower/build/ct_package', 'catkin_cmake_args': None, 'catkin_skip_building_tests': False, 'cmake_args': None, 'cmake_clean_cache': False, 'cmake_clean_first': False, 'cmake_force_configure': False, 'cmake_target': None, 'cmake_target_skip_unavailable': False, 'install_base': '/home/bo/amr_ws/final/ros-repo-3/ControlTower/install/ct_package', 'merge_install': False, 'path': '/home/bo/amr_ws/final/ros-repo-3/ControlTower/src/ct_package', 'symlink_install': False, 'test_result_base': None}
[0.254s] Level 5:colcon.colcon_core.verb:set package 'interface_package' build argument 'cmake_args' from command line to 'None'
[0.254s] Level 5:colcon.colcon_core.verb:set package 'interface_package' build argument 'cmake_target' from command line to 'None'
[0.254s] Level 5:colcon.colcon_core.verb:set package 'interface_package' build argument 'cmake_target_skip_unavailable' from command line to 'False'
[0.254s] Level 5:colcon.colcon_core.verb:set package 'interface_package' build argument 'cmake_clean_cache' from command line to 'False'
[0.254s] Level 5:colcon.colcon_core.verb:set package 'interface_package' build argument 'cmake_clean_first' from command line to 'False'
[0.254s] Level 5:colcon.colcon_core.verb:set package 'interface_package' build argument 'cmake_force_configure' from command line to 'False'
[0.254s] Level 5:colcon.colcon_core.verb:set package 'interface_package' build argument 'ament_cmake_args' from command line to 'None'
[0.254s] Level 5:colcon.colcon_core.verb:set package 'interface_package' build argument 'catkin_cmake_args' from command line to 'None'
[0.254s] Level 5:colcon.colcon_core.verb:set package 'interface_package' build argument 'catkin_skip_building_tests' from command line to 'False'
[0.254s] DEBUG:colcon.colcon_core.verb:Building package 'interface_package' with the following arguments: {'ament_cmake_args': None, 'build_base': '/home/bo/amr_ws/final/ros-repo-3/ControlTower/build/interface_package', 'catkin_cmake_args': None, 'catkin_skip_building_tests': False, 'cmake_args': None, 'cmake_clean_cache': False, 'cmake_clean_first': False, 'cmake_force_configure': False, 'cmake_target': None, 'cmake_target_skip_unavailable': False, 'install_base': '/home/bo/amr_ws/final/ros-repo-3/ControlTower/install/interface_package', 'merge_install': False, 'path': '/home/bo/amr_ws/final/ros-repo-3/ControlTower/src/interface_package', 'symlink_install': False, 'test_result_base': None}
[0.254s] INFO:colcon.colcon_core.executor:Executing jobs using 'parallel' executor
[0.255s] DEBUG:colcon.colcon_parallel_executor.executor.parallel:run_until_complete
[0.255s] INFO:colcon.colcon_ros.task.ament_python.build:Building ROS package in '/home/bo/amr_ws/final/ros-repo-3/ControlTower/src/ct_package' with build type 'ament_python'
[0.256s] Level 1:colcon.colcon_core.shell:create_environment_hook('ct_package', 'ament_prefix_path')
[0.257s] INFO:colcon.colcon_core.plugin_system:Skipping extension 'colcon_core.shell.bat': Not used on non-Windows systems
[0.257s] INFO:colcon.colcon_core.shell:Creating environment hook '/home/bo/amr_ws/final/ros-repo-3/ControlTower/install/ct_package/share/ct_package/hook/ament_prefix_path.ps1'
[0.257s] INFO:colcon.colcon_core.shell:Creating environment descriptor '/home/bo/amr_ws/final/ros-repo-3/ControlTower/install/ct_package/share/ct_package/hook/ament_prefix_path.dsv'
[0.258s] INFO:colcon.colcon_core.shell:Creating environment hook '/home/bo/amr_ws/final/ros-repo-3/ControlTower/install/ct_package/share/ct_package/hook/ament_prefix_path.sh'
[0.258s] INFO:colcon.colcon_core.shell:Skip shell extension 'powershell' for command environment: Not usable outside of PowerShell
[0.258s] DEBUG:colcon.colcon_core.shell:Skip shell extension 'dsv' for command environment
[0.260s] INFO:colcon.colcon_ros.task.ament_cmake.build:Building ROS package in '/home/bo/amr_ws/final/ros-repo-3/ControlTower/src/interface_package' with build type 'ament_cmake'
[0.260s] INFO:colcon.colcon_cmake.task.cmake.build:Building CMake package in '/home/bo/amr_ws/final/ros-repo-3/ControlTower/src/interface_package'
[0.261s] INFO:colcon.colcon_core.shell:Skip shell extension 'powershell' for command environment: Not usable outside of PowerShell
[0.261s] DEBUG:colcon.colcon_core.shell:Skip shell extension 'dsv' for command environment
[0.445s] INFO:colcon.colcon_core.task.python.build:Building Python package in '/home/bo/amr_ws/final/ros-repo-3/ControlTower/src/ct_package'
[0.445s] INFO:colcon.colcon_core.shell:Skip shell extension 'powershell' for command environment: Not usable outside of PowerShell
[0.445s] DEBUG:colcon.colcon_core.shell:Skip shell extension 'dsv' for command environment
[0.450s] DEBUG:colcon.colcon_core.event_handler.log_command:Invoking command in '/home/bo/amr_ws/final/ros-repo-3/ControlTower/build/interface_package': CMAKE_PREFIX_PATH=${CMAKE_PREFIX_PATH}:/home/bo/amr_ws/final/ros-repo-3/ControlTower/install/ct_package:/opt/ros/humble /usr/bin/cmake /home/bo/amr_ws/final/ros-repo-3/ControlTower/src/interface_package -DCMAKE_INSTALL_PREFIX=/home/bo/amr_ws/final/ros-repo-3/ControlTower/install/interface_package
[0.707s] DEBUG:colcon.colcon_core.event_handler.log_command:Invoking command in '/home/bo/amr_ws/final/ros-repo-3/ControlTower/src/ct_package': PYTHONPATH=/home/bo/amr_ws/final/ros-repo-3/ControlTower/build/ct_package/prefix_override:/home/bo/amr_ws/final/ros-repo-3/ControlTower/install/ct_package/lib/python3.10/site-packages:${PYTHONPATH} /usr/bin/python3 -W ignore:setup.py install is deprecated setup.py egg_info --egg-base ../../build/ct_package build --build-base /home/bo/amr_ws/final/ros-repo-3/ControlTower/build/ct_package/build install --record /home/bo/amr_ws/final/ros-repo-3/ControlTower/build/ct_package/install.log --single-version-externally-managed install_data
[0.923s] DEBUG:colcon.colcon_core.event_handler.log_command:Invoked command in '/home/bo/amr_ws/final/ros-repo-3/ControlTower/src/ct_package' returned '0': PYTHONPATH=/home/bo/amr_ws/final/ros-repo-3/ControlTower/build/ct_package/prefix_override:/home/bo/amr_ws/final/ros-repo-3/ControlTower/install/ct_package/lib/python3.10/site-packages:${PYTHONPATH} /usr/bin/python3 -W ignore:setup.py install is deprecated setup.py egg_info --egg-base ../../build/ct_package build --build-base /home/bo/amr_ws/final/ros-repo-3/ControlTower/build/ct_package/build install --record /home/bo/amr_ws/final/ros-repo-3/ControlTower/build/ct_package/install.log --single-version-externally-managed install_data
[0.925s] Level 1:colcon.colcon_core.environment:checking '/home/bo/amr_ws/final/ros-repo-3/ControlTower/install/ct_package' for CMake module files
[0.926s] Level 1:colcon.colcon_core.environment:checking '/home/bo/amr_ws/final/ros-repo-3/ControlTower/install/ct_package' for CMake config files
[0.926s] Level 1:colcon.colcon_core.environment:checking '/home/bo/amr_ws/final/ros-repo-3/ControlTower/install/ct_package/lib'
[0.926s] Level 1:colcon.colcon_core.environment:checking '/home/bo/amr_ws/final/ros-repo-3/ControlTower/install/ct_package/bin'
[0.926s] Level 1:colcon.colcon_core.environment:checking '/home/bo/amr_ws/final/ros-repo-3/ControlTower/install/ct_package/lib/pkgconfig/ct_package.pc'
[0.927s] Level 1:colcon.colcon_core.environment:checking '/home/bo/amr_ws/final/ros-repo-3/ControlTower/install/ct_package/lib/python3.10/site-packages'
[0.927s] Level 1:colcon.colcon_core.shell:create_environment_hook('ct_package', 'pythonpath')
[0.927s] INFO:colcon.colcon_core.shell:Creating environment hook '/home/bo/amr_ws/final/ros-repo-3/ControlTower/install/ct_package/share/ct_package/hook/pythonpath.ps1'
[0.927s] INFO:colcon.colcon_core.shell:Creating environment descriptor '/home/bo/amr_ws/final/ros-repo-3/ControlTower/install/ct_package/share/ct_package/hook/pythonpath.dsv'
[0.928s] INFO:colcon.colcon_core.shell:Creating environment hook '/home/bo/amr_ws/final/ros-repo-3/ControlTower/install/ct_package/share/ct_package/hook/pythonpath.sh'
[0.928s] Level 1:colcon.colcon_core.environment:checking '/home/bo/amr_ws/final/ros-repo-3/ControlTower/install/ct_package/bin'
[0.928s] Level 1:colcon.colcon_core.environment:create_environment_scripts_only(ct_package)
[0.928s] INFO:colcon.colcon_core.shell:Creating package script '/home/bo/amr_ws/final/ros-repo-3/ControlTower/install/ct_package/share/ct_package/package.ps1'
[0.929s] INFO:colcon.colcon_core.shell:Creating package descriptor '/home/bo/amr_ws/final/ros-repo-3/ControlTower/install/ct_package/share/ct_package/package.dsv'
[0.930s] INFO:colcon.colcon_core.shell:Creating package script '/home/bo/amr_ws/final/ros-repo-3/ControlTower/install/ct_package/share/ct_package/package.sh'
[0.930s] INFO:colcon.colcon_core.shell:Creating package script '/home/bo/amr_ws/final/ros-repo-3/ControlTower/install/ct_package/share/ct_package/package.bash'
[0.931s] INFO:colcon.colcon_core.shell:Creating package script '/home/bo/amr_ws/final/ros-repo-3/ControlTower/install/ct_package/share/ct_package/package.zsh'
[0.931s] Level 1:colcon.colcon_core.environment:create_file_with_runtime_dependencies(/home/bo/amr_ws/final/ros-repo-3/ControlTower/install/ct_package/share/colcon-core/packages/ct_package)
[1.462s] DEBUG:colcon.colcon_core.event_handler.log_command:Invoked command in '/home/bo/amr_ws/final/ros-repo-3/ControlTower/build/interface_package' returned '0': CMAKE_PREFIX_PATH=${CMAKE_PREFIX_PATH}:/home/bo/amr_ws/final/ros-repo-3/ControlTower/install/ct_package:/opt/ros/humble /usr/bin/cmake /home/bo/amr_ws/final/ros-repo-3/ControlTower/src/interface_package -DCMAKE_INSTALL_PREFIX=/home/bo/amr_ws/final/ros-repo-3/ControlTower/install/interface_package
[1.464s] DEBUG:colcon.colcon_core.event_handler.log_command:Invoking command in '/home/bo/amr_ws/final/ros-repo-3/ControlTower/build/interface_package': CMAKE_PREFIX_PATH=${CMAKE_PREFIX_PATH}:/home/bo/amr_ws/final/ros-repo-3/ControlTower/install/ct_package:/opt/ros/humble /usr/bin/cmake --build /home/bo/amr_ws/final/ros-repo-3/ControlTower/build/interface_package -- -j8 -l8
[6.757s] DEBUG:colcon.colcon_core.event_handler.log_command:Invoked command in '/home/bo/amr_ws/final/ros-repo-3/ControlTower/build/interface_package' returned '0': CMAKE_PREFIX_PATH=${CMAKE_PREFIX_PATH}:/home/bo/amr_ws/final/ros-repo-3/ControlTower/install/ct_package:/opt/ros/humble /usr/bin/cmake --build /home/bo/amr_ws/final/ros-repo-3/ControlTower/build/interface_package -- -j8 -l8
[6.935s] DEBUG:colcon.colcon_core.event_handler.log_command:Invoking command in '/home/bo/amr_ws/final/ros-repo-3/ControlTower/build/interface_package': CMAKE_PREFIX_PATH=${CMAKE_PREFIX_PATH}:/home/bo/amr_ws/final/ros-repo-3/ControlTower/install/ct_package:/opt/ros/humble /usr/bin/cmake --install /home/bo/amr_ws/final/ros-repo-3/ControlTower/build/interface_package
[6.999s] Level 1:colcon.colcon_core.environment:create_environment_scripts_only(interface_package)
[6.999s] Level 1:colcon.colcon_core.environment:checking '/home/bo/amr_ws/final/ros-repo-3/ControlTower/install/interface_package' for CMake module files
[7.000s] DEBUG:colcon.colcon_core.event_handler.log_command:Invoked command in '/home/bo/amr_ws/final/ros-repo-3/ControlTower/build/interface_package' returned '0': CMAKE_PREFIX_PATH=${CMAKE_PREFIX_PATH}:/home/bo/amr_ws/final/ros-repo-3/ControlTower/install/ct_package:/opt/ros/humble /usr/bin/cmake --install /home/bo/amr_ws/final/ros-repo-3/ControlTower/build/interface_package
[7.000s] Level 1:colcon.colcon_core.environment:checking '/home/bo/amr_ws/final/ros-repo-3/ControlTower/install/interface_package' for CMake config files
[7.000s] Level 1:colcon.colcon_core.shell:create_environment_hook('interface_package', 'cmake_prefix_path')
[7.000s] INFO:colcon.colcon_core.shell:Creating environment hook '/home/bo/amr_ws/final/ros-repo-3/ControlTower/install/interface_package/share/interface_package/hook/cmake_prefix_path.ps1'
[7.001s] INFO:colcon.colcon_core.shell:Creating environment descriptor '/home/bo/amr_ws/final/ros-repo-3/ControlTower/install/interface_package/share/interface_package/hook/cmake_prefix_path.dsv'
[7.001s] INFO:colcon.colcon_core.shell:Creating environment hook '/home/bo/amr_ws/final/ros-repo-3/ControlTower/install/interface_package/share/interface_package/hook/cmake_prefix_path.sh'
[7.001s] Level 1:colcon.colcon_core.environment:checking '/home/bo/amr_ws/final/ros-repo-3/ControlTower/install/interface_package/lib'
[7.001s] Level 1:colcon.colcon_core.shell:create_environment_hook('interface_package', 'ld_library_path_lib')
[7.002s] INFO:colcon.colcon_core.shell:Creating environment hook '/home/bo/amr_ws/final/ros-repo-3/ControlTower/install/interface_package/share/interface_package/hook/ld_library_path_lib.ps1'
[7.002s] INFO:colcon.colcon_core.shell:Creating environment descriptor '/home/bo/amr_ws/final/ros-repo-3/ControlTower/install/interface_package/share/interface_package/hook/ld_library_path_lib.dsv'
[7.002s] INFO:colcon.colcon_core.shell:Creating environment hook '/home/bo/amr_ws/final/ros-repo-3/ControlTower/install/interface_package/share/interface_package/hook/ld_library_path_lib.sh'
[7.002s] Level 1:colcon.colcon_core.environment:checking '/home/bo/amr_ws/final/ros-repo-3/ControlTower/install/interface_package/bin'
[7.002s] Level 1:colcon.colcon_core.environment:checking '/home/bo/amr_ws/final/ros-repo-3/ControlTower/install/interface_package/lib/pkgconfig/interface_package.pc'
[7.002s] Level 1:colcon.colcon_core.environment:checking '/home/bo/amr_ws/final/ros-repo-3/ControlTower/install/interface_package/lib/python3.10/site-packages'
[7.002s] Level 1:colcon.colcon_core.environment:checking '/home/bo/amr_ws/final/ros-repo-3/ControlTower/install/interface_package/bin'
[7.003s] INFO:colcon.colcon_core.shell:Creating package script '/home/bo/amr_ws/final/ros-repo-3/ControlTower/install/interface_package/share/interface_package/package.ps1'
[7.003s] INFO:colcon.colcon_core.shell:Creating package descriptor '/home/bo/amr_ws/final/ros-repo-3/ControlTower/install/interface_package/share/interface_package/package.dsv'
[7.003s] INFO:colcon.colcon_core.shell:Creating package script '/home/bo/amr_ws/final/ros-repo-3/ControlTower/install/interface_package/share/interface_package/package.sh'
[7.003s] INFO:colcon.colcon_core.shell:Creating package script '/home/bo/amr_ws/final/ros-repo-3/ControlTower/install/interface_package/share/interface_package/package.bash'
[7.003s] INFO:colcon.colcon_core.shell:Creating package script '/home/bo/amr_ws/final/ros-repo-3/ControlTower/install/interface_package/share/interface_package/package.zsh'
[7.004s] Level 1:colcon.colcon_core.environment:create_file_with_runtime_dependencies(/home/bo/amr_ws/final/ros-repo-3/ControlTower/install/interface_package/share/colcon-core/packages/interface_package)
[7.256s] Level 1:colcon.colcon_core.environment:create_environment_scripts_only(interface_package)
[7.256s] Level 1:colcon.colcon_core.environment:checking '/home/bo/amr_ws/final/ros-repo-3/ControlTower/install/interface_package' for CMake module files
[7.257s] Level 1:colcon.colcon_core.environment:checking '/home/bo/amr_ws/final/ros-repo-3/ControlTower/install/interface_package' for CMake config files
[7.257s] Level 1:colcon.colcon_core.shell:create_environment_hook('interface_package', 'cmake_prefix_path')
[7.257s] INFO:colcon.colcon_core.shell:Creating environment hook '/home/bo/amr_ws/final/ros-repo-3/ControlTower/install/interface_package/share/interface_package/hook/cmake_prefix_path.ps1'
[7.258s] INFO:colcon.colcon_core.shell:Creating environment descriptor '/home/bo/amr_ws/final/ros-repo-3/ControlTower/install/interface_package/share/interface_package/hook/cmake_prefix_path.dsv'
[7.258s] INFO:colcon.colcon_core.shell:Creating environment hook '/home/bo/amr_ws/final/ros-repo-3/ControlTower/install/interface_package/share/interface_package/hook/cmake_prefix_path.sh'
[7.258s] Level 1:colcon.colcon_core.environment:checking '/home/bo/amr_ws/final/ros-repo-3/ControlTower/install/interface_package/lib'
[7.258s] Level 1:colcon.colcon_core.shell:create_environment_hook('interface_package', 'ld_library_path_lib')
[7.258s] INFO:colcon.colcon_core.shell:Creating environment hook '/home/bo/amr_ws/final/ros-repo-3/ControlTower/install/interface_package/share/interface_package/hook/ld_library_path_lib.ps1'
[7.258s] INFO:colcon.colcon_core.shell:Creating environment descriptor '/home/bo/amr_ws/final/ros-repo-3/ControlTower/install/interface_package/share/interface_package/hook/ld_library_path_lib.dsv'
[7.259s] INFO:colcon.colcon_core.shell:Creating environment hook '/home/bo/amr_ws/final/ros-repo-3/ControlTower/install/interface_package/share/interface_package/hook/ld_library_path_lib.sh'
[7.259s] Level 1:colcon.colcon_core.environment:checking '/home/bo/amr_ws/final/ros-repo-3/ControlTower/install/interface_package/bin'
[7.259s] Level 1:colcon.colcon_core.environment:checking '/home/bo/amr_ws/final/ros-repo-3/ControlTower/install/interface_package/lib/pkgconfig/interface_package.pc'
[7.260s] Level 1:colcon.colcon_core.environment:checking '/home/bo/amr_ws/final/ros-repo-3/ControlTower/install/interface_package/lib/python3.10/site-packages'
[7.260s] Level 1:colcon.colcon_core.environment:checking '/home/bo/amr_ws/final/ros-repo-3/ControlTower/install/interface_package/bin'
[7.260s] INFO:colcon.colcon_core.shell:Creating package script '/home/bo/amr_ws/final/ros-repo-3/ControlTower/install/interface_package/share/interface_package/package.ps1'
[7.261s] INFO:colcon.colcon_core.shell:Creating package descriptor '/home/bo/amr_ws/final/ros-repo-3/ControlTower/install/interface_package/share/interface_package/package.dsv'
[7.261s] INFO:colcon.colcon_core.shell:Creating package script '/home/bo/amr_ws/final/ros-repo-3/ControlTower/install/interface_package/share/interface_package/package.sh'
[7.261s] INFO:colcon.colcon_core.shell:Creating package script '/home/bo/amr_ws/final/ros-repo-3/ControlTower/install/interface_package/share/interface_package/package.bash'
[7.262s] INFO:colcon.colcon_core.shell:Creating package script '/home/bo/amr_ws/final/ros-repo-3/ControlTower/install/interface_package/share/interface_package/package.zsh'
[7.262s] Level 1:colcon.colcon_core.environment:create_file_with_runtime_dependencies(/home/bo/amr_ws/final/ros-repo-3/ControlTower/install/interface_package/share/colcon-core/packages/interface_package)
[7.262s] DEBUG:colcon.colcon_parallel_executor.executor.parallel:closing loop
[7.262s] DEBUG:colcon.colcon_parallel_executor.executor.parallel:loop closed
[7.262s] DEBUG:colcon.colcon_parallel_executor.executor.parallel:run_until_complete finished with '0'
[7.262s] DEBUG:colcon.colcon_core.event_reactor:joining thread
[7.267s] INFO:colcon.colcon_core.plugin_system:Skipping extension 'colcon_notification.desktop_notification.terminal_notifier': Not used on non-Darwin systems
[7.267s] INFO:colcon.colcon_core.plugin_system:Skipping extension 'colcon_notification.desktop_notification.win32': Not used on non-Windows systems
[7.267s] INFO:colcon.colcon_notification.desktop_notification:Sending desktop notification using 'notify2'
[7.278s] DEBUG:colcon.colcon_core.event_reactor:joined thread
[7.279s] INFO:colcon.colcon_core.shell:Creating prefix script '/home/bo/amr_ws/final/ros-repo-3/ControlTower/install/local_setup.ps1'
[7.279s] INFO:colcon.colcon_core.shell:Creating prefix util module '/home/bo/amr_ws/final/ros-repo-3/ControlTower/install/_local_setup_util_ps1.py'
[7.280s] INFO:colcon.colcon_core.shell:Creating prefix chain script '/home/bo/amr_ws/final/ros-repo-3/ControlTower/install/setup.ps1'
[7.281s] INFO:colcon.colcon_core.shell:Creating prefix script '/home/bo/amr_ws/final/ros-repo-3/ControlTower/install/local_setup.sh'
[7.281s] INFO:colcon.colcon_core.shell:Creating prefix util module '/home/bo/amr_ws/final/ros-repo-3/ControlTower/install/_local_setup_util_sh.py'
[7.282s] INFO:colcon.colcon_core.shell:Creating prefix chain script '/home/bo/amr_ws/final/ros-repo-3/ControlTower/install/setup.sh'
[7.282s] INFO:colcon.colcon_core.shell:Creating prefix script '/home/bo/amr_ws/final/ros-repo-3/ControlTower/install/local_setup.bash'
[7.283s] INFO:colcon.colcon_core.shell:Creating prefix chain script '/home/bo/amr_ws/final/ros-repo-3/ControlTower/install/setup.bash'
[7.283s] INFO:colcon.colcon_core.shell:Creating prefix script '/home/bo/amr_ws/final/ros-repo-3/ControlTower/install/local_setup.zsh'
[7.284s] INFO:colcon.colcon_core.shell:Creating prefix chain script '/home/bo/amr_ws/final/ros-repo-3/ControlTower/install/setup.zsh'
