[0.068s] DEBUG:colcon:Command line arguments: ['/usr/bin/colcon', 'build']
[0.068s] DEBUG:colcon:Parsed command line arguments: Namespace(log_base=None, log_level=None, verb_name='build', build_base='build', install_base='install', merge_install=False, symlink_install=False, test_result_base=None, continue_on_error=False, executor='parallel', parallel_workers=8, event_handlers=None, ignore_user_meta=False, metas=['./colcon.meta'], base_paths=['.'], packages_ignore=None, packages_ignore_regex=None, paths=None, packages_up_to=None, packages_up_to_regex=None, packages_above=None, packages_above_and_dependencies=None, packages_above_depth=None, packages_select_by_dep=None, packages_skip_by_dep=None, packages_skip_up_to=None, packages_select_build_failed=False, packages_skip_build_finished=False, packages_select_test_failures=False, packages_skip_test_passed=False, packages_select=None, packages_skip=None, packages_select_regex=None, packages_skip_regex=None, packages_start=None, packages_end=None, allow_overriding=[], cmake_args=None, cmake_target=None, cmake_target_skip_unavailable=False, cmake_clean_cache=False, cmake_clean_first=False, cmake_force_configure=False, ament_cmake_args=None, catkin_cmake_args=None, catkin_skip_building_tests=False, mixin_files=None, mixin=None, verb_parser=<colcon_mixin.mixin.mixin_argument.MixinArgumentDecorator object at 0x71379e689780>, verb_extension=<colcon_core.verb.build.BuildVerb object at 0x71379e689270>, main=<bound method BuildVerb.main of <colcon_core.verb.build.BuildVerb object at 0x71379e689270>>, mixin_verb=('build',))
[0.197s] Level 1:colcon.colcon_core.package_discovery:discover_packages(colcon_meta) check parameters
[0.197s] Level 1:colcon.colcon_core.package_discovery:discover_packages(recursive) check parameters
[0.197s] Level 1:colcon.colcon_core.package_discovery:discover_packages(ignore) check parameters
[0.197s] Level 1:colcon.colcon_core.package_discovery:discover_packages(path) check parameters
[0.197s] Level 1:colcon.colcon_core.package_discovery:discover_packages(colcon_meta) discover
[0.197s] Level 1:colcon.colcon_core.package_discovery:discover_packages(recursive) discover
[0.197s] INFO:colcon.colcon_core.package_discovery:Crawling recursively for packages in '/home/bo/amr_ws/final/ros-repo-3/ControlTower'
[0.197s] Level 1:colcon.colcon_core.package_identification:_identify(.) by extensions ['ignore', 'ignore_ament_install']
[0.198s] Level 1:colcon.colcon_core.package_identification:_identify(.) by extension 'ignore'
[0.198s] Level 1:colcon.colcon_core.package_identification:_identify(.) by extension 'ignore_ament_install'
[0.198s] Level 1:colcon.colcon_core.package_identification:_identify(.) by extensions ['colcon_pkg']
[0.198s] Level 1:colcon.colcon_core.package_identification:_identify(.) by extension 'colcon_pkg'
[0.198s] Level 1:colcon.colcon_core.package_identification:_identify(.) by extensions ['colcon_meta']
[0.198s] Level 1:colcon.colcon_core.package_identification:_identify(.) by extension 'colcon_meta'
[0.198s] Level 1:colcon.colcon_core.package_identification:_identify(.) by extensions ['ros']
[0.198s] Level 1:colcon.colcon_core.package_identification:_identify(.) by extension 'ros'
[0.210s] Level 1:colcon.colcon_core.package_identification:_identify(.) by extensions ['cmake', 'python']
[0.211s] Level 1:colcon.colcon_core.package_identification:_identify(.) by extension 'cmake'
[0.211s] Level 1:colcon.colcon_core.package_identification:_identify(.) by extension 'python'
[0.211s] Level 1:colcon.colcon_core.package_identification:_identify(.) by extensions ['python_setup_py']
[0.211s] Level 1:colcon.colcon_core.package_identification:_identify(.) by extension 'python_setup_py'
[0.211s] Level 1:colcon.colcon_core.package_identification:_identify(build) by extensions ['ignore', 'ignore_ament_install']
[0.211s] Level 1:colcon.colcon_core.package_identification:_identify(build) by extension 'ignore'
[0.211s] Level 1:colcon.colcon_core.package_identification:_identify(build) ignored
[0.211s] Level 1:colcon.colcon_core.package_identification:_identify(install) by extensions ['ignore', 'ignore_ament_install']
[0.211s] Level 1:colcon.colcon_core.package_identification:_identify(install) by extension 'ignore'
[0.211s] Level 1:colcon.colcon_core.package_identification:_identify(install) ignored
[0.211s] Level 1:colcon.colcon_core.package_identification:_identify(log) by extensions ['ignore', 'ignore_ament_install']
[0.211s] Level 1:colcon.colcon_core.package_identification:_identify(log) by extension 'ignore'
[0.211s] Level 1:colcon.colcon_core.package_identification:_identify(log) ignored
[0.211s] Level 1:colcon.colcon_core.package_identification:_identify(src) by extensions ['ignore', 'ignore_ament_install']
[0.211s] Level 1:colcon.colcon_core.package_identification:_identify(src) by extension 'ignore'
[0.211s] Level 1:colcon.colcon_core.package_identification:_identify(src) by extension 'ignore_ament_install'
[0.211s] Level 1:colcon.colcon_core.package_identification:_identify(src) by extensions ['colcon_pkg']
[0.211s] Level 1:colcon.colcon_core.package_identification:_identify(src) by extension 'colcon_pkg'
[0.211s] Level 1:colcon.colcon_core.package_identification:_identify(src) by extensions ['colcon_meta']
[0.211s] Level 1:colcon.colcon_core.package_identification:_identify(src) by extension 'colcon_meta'
[0.211s] Level 1:colcon.colcon_core.package_identification:_identify(src) by extensions ['ros']
[0.211s] Level 1:colcon.colcon_core.package_identification:_identify(src) by extension 'ros'
[0.211s] Level 1:colcon.colcon_core.package_identification:_identify(src) by extensions ['cmake', 'python']
[0.211s] Level 1:colcon.colcon_core.package_identification:_identify(src) by extension 'cmake'
[0.211s] Level 1:colcon.colcon_core.package_identification:_identify(src) by extension 'python'
[0.211s] Level 1:colcon.colcon_core.package_identification:_identify(src) by extensions ['python_setup_py']
[0.211s] Level 1:colcon.colcon_core.package_identification:_identify(src) by extension 'python_setup_py'
[0.211s] Level 1:colcon.colcon_core.package_identification:_identify(src/ct_package) by extensions ['ignore', 'ignore_ament_install']
[0.211s] Level 1:colcon.colcon_core.package_identification:_identify(src/ct_package) by extension 'ignore'
[0.211s] Level 1:colcon.colcon_core.package_identification:_identify(src/ct_package) by extension 'ignore_ament_install'
[0.212s] Level 1:colcon.colcon_core.package_identification:_identify(src/ct_package) by extensions ['colcon_pkg']
[0.212s] Level 1:colcon.colcon_core.package_identification:_identify(src/ct_package) by extension 'colcon_pkg'
[0.212s] Level 1:colcon.colcon_core.package_identification:_identify(src/ct_package) by extensions ['colcon_meta']
[0.212s] Level 1:colcon.colcon_core.package_identification:_identify(src/ct_package) by extension 'colcon_meta'
[0.212s] Level 1:colcon.colcon_core.package_identification:_identify(src/ct_package) by extensions ['ros']
[0.212s] Level 1:colcon.colcon_core.package_identification:_identify(src/ct_package) by extension 'ros'
[0.213s] DEBUG:colcon.colcon_core.package_identification:Package 'src/ct_package' with type 'ros.ament_python' and name 'ct_package'
[0.213s] Level 1:colcon.colcon_core.package_identification:_identify(src/interface_package) by extensions ['ignore', 'ignore_ament_install']
[0.213s] Level 1:colcon.colcon_core.package_identification:_identify(src/interface_package) by extension 'ignore'
[0.213s] Level 1:colcon.colcon_core.package_identification:_identify(src/interface_package) by extension 'ignore_ament_install'
[0.213s] Level 1:colcon.colcon_core.package_identification:_identify(src/interface_package) by extensions ['colcon_pkg']
[0.213s] Level 1:colcon.colcon_core.package_identification:_identify(src/interface_package) by extension 'colcon_pkg'
[0.213s] Level 1:colcon.colcon_core.package_identification:_identify(src/interface_package) by extensions ['colcon_meta']
[0.213s] Level 1:colcon.colcon_core.package_identification:_identify(src/interface_package) by extension 'colcon_meta'
[0.213s] Level 1:colcon.colcon_core.package_identification:_identify(src/interface_package) by extensions ['ros']
[0.213s] Level 1:colcon.colcon_core.package_identification:_identify(src/interface_package) by extension 'ros'
[0.214s] DEBUG:colcon.colcon_core.package_identification:Package 'src/interface_package' with type 'ros.ament_cmake' and name 'interface_package'
[0.214s] Level 1:colcon.colcon_core.package_discovery:discover_packages(recursive) using defaults
[0.214s] Level 1:colcon.colcon_core.package_discovery:discover_packages(ignore) discover
[0.214s] Level 1:colcon.colcon_core.package_discovery:discover_packages(ignore) using defaults
[0.214s] Level 1:colcon.colcon_core.package_discovery:discover_packages(path) discover
[0.214s] Level 1:colcon.colcon_core.package_discovery:discover_packages(path) using defaults
[0.226s] Level 1:colcon.colcon_core.package_discovery:discover_packages(prefix_path) check parameters
[0.226s] Level 1:colcon.colcon_core.package_discovery:discover_packages(prefix_path) discover
[0.227s] DEBUG:colcon.colcon_installed_package_information.package_discovery:Found 2 installed packages in /home/bo/amr_ws/final/final_nav/install
[0.228s] DEBUG:colcon.colcon_installed_package_information.package_discovery:Found 400 installed packages in /opt/ros/humble
[0.229s] Level 1:colcon.colcon_core.package_discovery:discover_packages(prefix_path) using defaults
[0.257s] Level 5:colcon.colcon_core.verb:set package 'ct_package' build argument 'cmake_args' from command line to 'None'
[0.257s] Level 5:colcon.colcon_core.verb:set package 'ct_package' build argument 'cmake_target' from command line to 'None'
[0.257s] Level 5:colcon.colcon_core.verb:set package 'ct_package' build argument 'cmake_target_skip_unavailable' from command line to 'False'
[0.257s] Level 5:colcon.colcon_core.verb:set package 'ct_package' build argument 'cmake_clean_cache' from command line to 'False'
[0.257s] Level 5:colcon.colcon_core.verb:set package 'ct_package' build argument 'cmake_clean_first' from command line to 'False'
[0.257s] Level 5:colcon.colcon_core.verb:set package 'ct_package' build argument 'cmake_force_configure' from command line to 'False'
[0.258s] Level 5:colcon.colcon_core.verb:set package 'ct_package' build argument 'ament_cmake_args' from command line to 'None'
[0.258s] Level 5:colcon.colcon_core.verb:set package 'ct_package' build argument 'catkin_cmake_args' from command line to 'None'
[0.258s] Level 5:colcon.colcon_core.verb:set package 'ct_package' build argument 'catkin_skip_building_tests' from command line to 'False'
[0.258s] DEBUG:colcon.colcon_core.verb:Building package 'ct_package' with the following arguments: {'ament_cmake_args': None, 'build_base': '/home/bo/amr_ws/final/ros-repo-3/ControlTower/build/ct_package', 'catkin_cmake_args': None, 'catkin_skip_building_tests': False, 'cmake_args': None, 'cmake_clean_cache': False, 'cmake_clean_first': False, 'cmake_force_configure': False, 'cmake_target': None, 'cmake_target_skip_unavailable': False, 'install_base': '/home/bo/amr_ws/final/ros-repo-3/ControlTower/install/ct_package', 'merge_install': False, 'path': '/home/bo/amr_ws/final/ros-repo-3/ControlTower/src/ct_package', 'symlink_install': False, 'test_result_base': None}
[0.258s] Level 5:colcon.colcon_core.verb:set package 'interface_package' build argument 'cmake_args' from command line to 'None'
[0.258s] Level 5:colcon.colcon_core.verb:set package 'interface_package' build argument 'cmake_target' from command line to 'None'
[0.258s] Level 5:colcon.colcon_core.verb:set package 'interface_package' build argument 'cmake_target_skip_unavailable' from command line to 'False'
[0.258s] Level 5:colcon.colcon_core.verb:set package 'interface_package' build argument 'cmake_clean_cache' from command line to 'False'
[0.258s] Level 5:colcon.colcon_core.verb:set package 'interface_package' build argument 'cmake_clean_first' from command line to 'False'
[0.258s] Level 5:colcon.colcon_core.verb:set package 'interface_package' build argument 'cmake_force_configure' from command line to 'False'
[0.258s] Level 5:colcon.colcon_core.verb:set package 'interface_package' build argument 'ament_cmake_args' from command line to 'None'
[0.258s] Level 5:colcon.colcon_core.verb:set package 'interface_package' build argument 'catkin_cmake_args' from command line to 'None'
[0.258s] Level 5:colcon.colcon_core.verb:set package 'interface_package' build argument 'catkin_skip_building_tests' from command line to 'False'
[0.258s] DEBUG:colcon.colcon_core.verb:Building package 'interface_package' with the following arguments: {'ament_cmake_args': None, 'build_base': '/home/bo/amr_ws/final/ros-repo-3/ControlTower/build/interface_package', 'catkin_cmake_args': None, 'catkin_skip_building_tests': False, 'cmake_args': None, 'cmake_clean_cache': False, 'cmake_clean_first': False, 'cmake_force_configure': False, 'cmake_target': None, 'cmake_target_skip_unavailable': False, 'install_base': '/home/bo/amr_ws/final/ros-repo-3/ControlTower/install/interface_package', 'merge_install': False, 'path': '/home/bo/amr_ws/final/ros-repo-3/ControlTower/src/interface_package', 'symlink_install': False, 'test_result_base': None}
[0.258s] INFO:colcon.colcon_core.executor:Executing jobs using 'parallel' executor
[0.259s] DEBUG:colcon.colcon_parallel_executor.executor.parallel:run_until_complete
[0.259s] INFO:colcon.colcon_ros.task.ament_python.build:Building ROS package in '/home/bo/amr_ws/final/ros-repo-3/ControlTower/src/ct_package' with build type 'ament_python'
[0.259s] Level 1:colcon.colcon_core.shell:create_environment_hook('ct_package', 'ament_prefix_path')
[0.260s] INFO:colcon.colcon_core.plugin_system:Skipping extension 'colcon_core.shell.bat': Not used on non-Windows systems
[0.260s] INFO:colcon.colcon_core.shell:Creating environment hook '/home/bo/amr_ws/final/ros-repo-3/ControlTower/install/ct_package/share/ct_package/hook/ament_prefix_path.ps1'
[0.269s] INFO:colcon.colcon_core.shell:Creating environment descriptor '/home/bo/amr_ws/final/ros-repo-3/ControlTower/install/ct_package/share/ct_package/hook/ament_prefix_path.dsv'
[0.269s] INFO:colcon.colcon_core.shell:Creating environment hook '/home/bo/amr_ws/final/ros-repo-3/ControlTower/install/ct_package/share/ct_package/hook/ament_prefix_path.sh'
[0.270s] INFO:colcon.colcon_core.shell:Skip shell extension 'powershell' for command environment: Not usable outside of PowerShell
[0.270s] DEBUG:colcon.colcon_core.shell:Skip shell extension 'dsv' for command environment
[0.272s] INFO:colcon.colcon_ros.task.ament_cmake.build:Building ROS package in '/home/bo/amr_ws/final/ros-repo-3/ControlTower/src/interface_package' with build type 'ament_cmake'
[0.272s] INFO:colcon.colcon_cmake.task.cmake.build:Building CMake package in '/home/bo/amr_ws/final/ros-repo-3/ControlTower/src/interface_package'
[0.272s] INFO:colcon.colcon_core.shell:Skip shell extension 'powershell' for command environment: Not usable outside of PowerShell
[0.272s] DEBUG:colcon.colcon_core.shell:Skip shell extension 'dsv' for command environment
[0.459s] INFO:colcon.colcon_core.task.python.build:Building Python package in '/home/bo/amr_ws/final/ros-repo-3/ControlTower/src/ct_package'
[0.459s] INFO:colcon.colcon_core.shell:Skip shell extension 'powershell' for command environment: Not usable outside of PowerShell
[0.459s] DEBUG:colcon.colcon_core.shell:Skip shell extension 'dsv' for command environment
[0.470s] DEBUG:colcon.colcon_core.event_handler.log_command:Invoking command in '/home/bo/amr_ws/final/ros-repo-3/ControlTower/build/interface_package': CMAKE_PREFIX_PATH=${CMAKE_PREFIX_PATH}:/home/bo/amr_ws/final/final_nav/install/waypoint_navigator:/opt/ros/humble /usr/bin/cmake --build /home/bo/amr_ws/final/ros-repo-3/ControlTower/build/interface_package -- -j8 -l8
[0.747s] DEBUG:colcon.colcon_core.event_handler.log_command:Invoking command in '/home/bo/amr_ws/final/ros-repo-3/ControlTower/src/ct_package': PYTHONPATH=/home/bo/amr_ws/final/ros-repo-3/ControlTower/build/ct_package/prefix_override:/home/bo/amr_ws/final/ros-repo-3/ControlTower/install/ct_package/lib/python3.10/site-packages:${PYTHONPATH} /usr/bin/python3 -W ignore:setup.py install is deprecated setup.py egg_info --egg-base ../../build/ct_package build --build-base /home/bo/amr_ws/final/ros-repo-3/ControlTower/build/ct_package/build install --record /home/bo/amr_ws/final/ros-repo-3/ControlTower/build/ct_package/install.log --single-version-externally-managed install_data
[0.762s] DEBUG:colcon.colcon_core.event_handler.log_command:Invoked command in '/home/bo/amr_ws/final/ros-repo-3/ControlTower/build/interface_package' returned '0': CMAKE_PREFIX_PATH=${CMAKE_PREFIX_PATH}:/home/bo/amr_ws/final/final_nav/install/waypoint_navigator:/opt/ros/humble /usr/bin/cmake --build /home/bo/amr_ws/final/ros-repo-3/ControlTower/build/interface_package -- -j8 -l8
[0.929s] DEBUG:colcon.colcon_core.event_handler.log_command:Invoking command in '/home/bo/amr_ws/final/ros-repo-3/ControlTower/build/interface_package': CMAKE_PREFIX_PATH=${CMAKE_PREFIX_PATH}:/home/bo/amr_ws/final/final_nav/install/waypoint_navigator:/opt/ros/humble /usr/bin/cmake --install /home/bo/amr_ws/final/ros-repo-3/ControlTower/build/interface_package
[0.977s] DEBUG:colcon.colcon_core.event_handler.log_command:Invoked command in '/home/bo/amr_ws/final/ros-repo-3/ControlTower/src/ct_package' returned '0': PYTHONPATH=/home/bo/amr_ws/final/ros-repo-3/ControlTower/build/ct_package/prefix_override:/home/bo/amr_ws/final/ros-repo-3/ControlTower/install/ct_package/lib/python3.10/site-packages:${PYTHONPATH} /usr/bin/python3 -W ignore:setup.py install is deprecated setup.py egg_info --egg-base ../../build/ct_package build --build-base /home/bo/amr_ws/final/ros-repo-3/ControlTower/build/ct_package/build install --record /home/bo/amr_ws/final/ros-repo-3/ControlTower/build/ct_package/install.log --single-version-externally-managed install_data
[0.980s] Level 1:colcon.colcon_core.environment:checking '/home/bo/amr_ws/final/ros-repo-3/ControlTower/install/ct_package' for CMake module files
[0.981s] Level 1:colcon.colcon_core.environment:checking '/home/bo/amr_ws/final/ros-repo-3/ControlTower/install/ct_package' for CMake config files
[0.982s] Level 1:colcon.colcon_core.environment:checking '/home/bo/amr_ws/final/ros-repo-3/ControlTower/install/ct_package/lib'
[0.982s] Level 1:colcon.colcon_core.environment:checking '/home/bo/amr_ws/final/ros-repo-3/ControlTower/install/ct_package/bin'
[0.982s] Level 1:colcon.colcon_core.environment:checking '/home/bo/amr_ws/final/ros-repo-3/ControlTower/install/ct_package/lib/pkgconfig/ct_package.pc'
[0.982s] Level 1:colcon.colcon_core.environment:checking '/home/bo/amr_ws/final/ros-repo-3/ControlTower/install/ct_package/lib/python3.10/site-packages'
[0.982s] Level 1:colcon.colcon_core.shell:create_environment_hook('ct_package', 'pythonpath')
[0.982s] INFO:colcon.colcon_core.shell:Creating environment hook '/home/bo/amr_ws/final/ros-repo-3/ControlTower/install/ct_package/share/ct_package/hook/pythonpath.ps1'
[0.983s] INFO:colcon.colcon_core.shell:Creating environment descriptor '/home/bo/amr_ws/final/ros-repo-3/ControlTower/install/ct_package/share/ct_package/hook/pythonpath.dsv'
[0.984s] INFO:colcon.colcon_core.shell:Creating environment hook '/home/bo/amr_ws/final/ros-repo-3/ControlTower/install/ct_package/share/ct_package/hook/pythonpath.sh'
[0.984s] Level 1:colcon.colcon_core.environment:checking '/home/bo/amr_ws/final/ros-repo-3/ControlTower/install/ct_package/bin'
[0.984s] Level 1:colcon.colcon_core.environment:create_environment_scripts_only(ct_package)
[0.984s] INFO:colcon.colcon_core.shell:Creating package script '/home/bo/amr_ws/final/ros-repo-3/ControlTower/install/ct_package/share/ct_package/package.ps1'
[0.985s] INFO:colcon.colcon_core.shell:Creating package descriptor '/home/bo/amr_ws/final/ros-repo-3/ControlTower/install/ct_package/share/ct_package/package.dsv'
[0.985s] INFO:colcon.colcon_core.shell:Creating package script '/home/bo/amr_ws/final/ros-repo-3/ControlTower/install/ct_package/share/ct_package/package.sh'
[0.986s] INFO:colcon.colcon_core.shell:Creating package script '/home/bo/amr_ws/final/ros-repo-3/ControlTower/install/ct_package/share/ct_package/package.bash'
[0.986s] INFO:colcon.colcon_core.shell:Creating package script '/home/bo/amr_ws/final/ros-repo-3/ControlTower/install/ct_package/share/ct_package/package.zsh'
[0.987s] Level 1:colcon.colcon_core.environment:create_file_with_runtime_dependencies(/home/bo/amr_ws/final/ros-repo-3/ControlTower/install/ct_package/share/colcon-core/packages/ct_package)
[0.988s] Level 1:colcon.colcon_core.environment:create_environment_scripts_only(interface_package)
[0.988s] Level 1:colcon.colcon_core.environment:checking '/home/bo/amr_ws/final/ros-repo-3/ControlTower/install/interface_package' for CMake module files
[0.988s] DEBUG:colcon.colcon_core.event_handler.log_command:Invoked command in '/home/bo/amr_ws/final/ros-repo-3/ControlTower/build/interface_package' returned '0': CMAKE_PREFIX_PATH=${CMAKE_PREFIX_PATH}:/home/bo/amr_ws/final/final_nav/install/waypoint_navigator:/opt/ros/humble /usr/bin/cmake --install /home/bo/amr_ws/final/ros-repo-3/ControlTower/build/interface_package
[0.988s] Level 1:colcon.colcon_core.environment:checking '/home/bo/amr_ws/final/ros-repo-3/ControlTower/install/interface_package' for CMake config files
[0.989s] Level 1:colcon.colcon_core.shell:create_environment_hook('interface_package', 'cmake_prefix_path')
[0.989s] INFO:colcon.colcon_core.shell:Creating environment hook '/home/bo/amr_ws/final/ros-repo-3/ControlTower/install/interface_package/share/interface_package/hook/cmake_prefix_path.ps1'
[0.990s] INFO:colcon.colcon_core.shell:Creating environment descriptor '/home/bo/amr_ws/final/ros-repo-3/ControlTower/install/interface_package/share/interface_package/hook/cmake_prefix_path.dsv'
[0.990s] INFO:colcon.colcon_core.shell:Creating environment hook '/home/bo/amr_ws/final/ros-repo-3/ControlTower/install/interface_package/share/interface_package/hook/cmake_prefix_path.sh'
[0.990s] Level 1:colcon.colcon_core.environment:checking '/home/bo/amr_ws/final/ros-repo-3/ControlTower/install/interface_package/lib'
[0.990s] Level 1:colcon.colcon_core.shell:create_environment_hook('interface_package', 'ld_library_path_lib')
[0.990s] INFO:colcon.colcon_core.shell:Creating environment hook '/home/bo/amr_ws/final/ros-repo-3/ControlTower/install/interface_package/share/interface_package/hook/ld_library_path_lib.ps1'
[0.990s] INFO:colcon.colcon_core.shell:Creating environment descriptor '/home/bo/amr_ws/final/ros-repo-3/ControlTower/install/interface_package/share/interface_package/hook/ld_library_path_lib.dsv'
[0.991s] INFO:colcon.colcon_core.shell:Creating environment hook '/home/bo/amr_ws/final/ros-repo-3/ControlTower/install/interface_package/share/interface_package/hook/ld_library_path_lib.sh'
[0.991s] Level 1:colcon.colcon_core.environment:checking '/home/bo/amr_ws/final/ros-repo-3/ControlTower/install/interface_package/bin'
[0.991s] Level 1:colcon.colcon_core.environment:checking '/home/bo/amr_ws/final/ros-repo-3/ControlTower/install/interface_package/lib/pkgconfig/interface_package.pc'
[0.991s] Level 1:colcon.colcon_core.environment:checking '/home/bo/amr_ws/final/ros-repo-3/ControlTower/install/interface_package/lib/python3.10/site-packages'
[0.991s] Level 1:colcon.colcon_core.environment:checking '/home/bo/amr_ws/final/ros-repo-3/ControlTower/install/interface_package/bin'
[0.991s] INFO:colcon.colcon_core.shell:Creating package script '/home/bo/amr_ws/final/ros-repo-3/ControlTower/install/interface_package/share/interface_package/package.ps1'
[0.992s] INFO:colcon.colcon_core.shell:Creating package descriptor '/home/bo/amr_ws/final/ros-repo-3/ControlTower/install/interface_package/share/interface_package/package.dsv'
[0.992s] INFO:colcon.colcon_core.shell:Creating package script '/home/bo/amr_ws/final/ros-repo-3/ControlTower/install/interface_package/share/interface_package/package.sh'
[0.992s] INFO:colcon.colcon_core.shell:Creating package script '/home/bo/amr_ws/final/ros-repo-3/ControlTower/install/interface_package/share/interface_package/package.bash'
[0.992s] INFO:colcon.colcon_core.shell:Creating package script '/home/bo/amr_ws/final/ros-repo-3/ControlTower/install/interface_package/share/interface_package/package.zsh'
[0.992s] Level 1:colcon.colcon_core.environment:create_file_with_runtime_dependencies(/home/bo/amr_ws/final/ros-repo-3/ControlTower/install/interface_package/share/colcon-core/packages/interface_package)
[1.164s] Level 1:colcon.colcon_core.environment:create_environment_scripts_only(interface_package)
[1.165s] Level 1:colcon.colcon_core.environment:checking '/home/bo/amr_ws/final/ros-repo-3/ControlTower/install/interface_package' for CMake module files
[1.165s] Level 1:colcon.colcon_core.environment:checking '/home/bo/amr_ws/final/ros-repo-3/ControlTower/install/interface_package' for CMake config files
[1.165s] Level 1:colcon.colcon_core.shell:create_environment_hook('interface_package', 'cmake_prefix_path')
[1.166s] INFO:colcon.colcon_core.shell:Creating environment hook '/home/bo/amr_ws/final/ros-repo-3/ControlTower/install/interface_package/share/interface_package/hook/cmake_prefix_path.ps1'
[1.166s] INFO:colcon.colcon_core.shell:Creating environment descriptor '/home/bo/amr_ws/final/ros-repo-3/ControlTower/install/interface_package/share/interface_package/hook/cmake_prefix_path.dsv'
[1.167s] INFO:colcon.colcon_core.shell:Creating environment hook '/home/bo/amr_ws/final/ros-repo-3/ControlTower/install/interface_package/share/interface_package/hook/cmake_prefix_path.sh'
[1.167s] Level 1:colcon.colcon_core.environment:checking '/home/bo/amr_ws/final/ros-repo-3/ControlTower/install/interface_package/lib'
[1.167s] Level 1:colcon.colcon_core.shell:create_environment_hook('interface_package', 'ld_library_path_lib')
[1.167s] INFO:colcon.colcon_core.shell:Creating environment hook '/home/bo/amr_ws/final/ros-repo-3/ControlTower/install/interface_package/share/interface_package/hook/ld_library_path_lib.ps1'
[1.168s] INFO:colcon.colcon_core.shell:Creating environment descriptor '/home/bo/amr_ws/final/ros-repo-3/ControlTower/install/interface_package/share/interface_package/hook/ld_library_path_lib.dsv'
[1.168s] INFO:colcon.colcon_core.shell:Creating environment hook '/home/bo/amr_ws/final/ros-repo-3/ControlTower/install/interface_package/share/interface_package/hook/ld_library_path_lib.sh'
[1.168s] Level 1:colcon.colcon_core.environment:checking '/home/bo/amr_ws/final/ros-repo-3/ControlTower/install/interface_package/bin'
[1.168s] Level 1:colcon.colcon_core.environment:checking '/home/bo/amr_ws/final/ros-repo-3/ControlTower/install/interface_package/lib/pkgconfig/interface_package.pc'
[1.168s] Level 1:colcon.colcon_core.environment:checking '/home/bo/amr_ws/final/ros-repo-3/ControlTower/install/interface_package/lib/python3.10/site-packages'
[1.168s] Level 1:colcon.colcon_core.environment:checking '/home/bo/amr_ws/final/ros-repo-3/ControlTower/install/interface_package/bin'
[1.169s] INFO:colcon.colcon_core.shell:Creating package script '/home/bo/amr_ws/final/ros-repo-3/ControlTower/install/interface_package/share/interface_package/package.ps1'
[1.169s] INFO:colcon.colcon_core.shell:Creating package descriptor '/home/bo/amr_ws/final/ros-repo-3/ControlTower/install/interface_package/share/interface_package/package.dsv'
[1.169s] INFO:colcon.colcon_core.shell:Creating package script '/home/bo/amr_ws/final/ros-repo-3/ControlTower/install/interface_package/share/interface_package/package.sh'
[1.169s] INFO:colcon.colcon_core.shell:Creating package script '/home/bo/amr_ws/final/ros-repo-3/ControlTower/install/interface_package/share/interface_package/package.bash'
[1.170s] INFO:colcon.colcon_core.shell:Creating package script '/home/bo/amr_ws/final/ros-repo-3/ControlTower/install/interface_package/share/interface_package/package.zsh'
[1.170s] Level 1:colcon.colcon_core.environment:create_file_with_runtime_dependencies(/home/bo/amr_ws/final/ros-repo-3/ControlTower/install/interface_package/share/colcon-core/packages/interface_package)
[1.170s] DEBUG:colcon.colcon_parallel_executor.executor.parallel:closing loop
[1.170s] DEBUG:colcon.colcon_parallel_executor.executor.parallel:loop closed
[1.170s] DEBUG:colcon.colcon_parallel_executor.executor.parallel:run_until_complete finished with '0'
[1.170s] DEBUG:colcon.colcon_core.event_reactor:joining thread
[1.176s] INFO:colcon.colcon_core.plugin_system:Skipping extension 'colcon_notification.desktop_notification.terminal_notifier': Not used on non-Darwin systems
[1.176s] INFO:colcon.colcon_core.plugin_system:Skipping extension 'colcon_notification.desktop_notification.win32': Not used on non-Windows systems
[1.176s] INFO:colcon.colcon_notification.desktop_notification:Sending desktop notification using 'notify2'
[1.187s] DEBUG:colcon.colcon_core.event_reactor:joined thread
[1.188s] INFO:colcon.colcon_core.shell:Creating prefix script '/home/bo/amr_ws/final/ros-repo-3/ControlTower/install/local_setup.ps1'
[1.189s] INFO:colcon.colcon_core.shell:Creating prefix util module '/home/bo/amr_ws/final/ros-repo-3/ControlTower/install/_local_setup_util_ps1.py'
[1.190s] INFO:colcon.colcon_core.shell:Creating prefix chain script '/home/bo/amr_ws/final/ros-repo-3/ControlTower/install/setup.ps1'
[1.191s] INFO:colcon.colcon_core.shell:Creating prefix script '/home/bo/amr_ws/final/ros-repo-3/ControlTower/install/local_setup.sh'
[1.192s] INFO:colcon.colcon_core.shell:Creating prefix util module '/home/bo/amr_ws/final/ros-repo-3/ControlTower/install/_local_setup_util_sh.py'
[1.192s] INFO:colcon.colcon_core.shell:Creating prefix chain script '/home/bo/amr_ws/final/ros-repo-3/ControlTower/install/setup.sh'
[1.193s] INFO:colcon.colcon_core.shell:Creating prefix script '/home/bo/amr_ws/final/ros-repo-3/ControlTower/install/local_setup.bash'
[1.193s] INFO:colcon.colcon_core.shell:Creating prefix chain script '/home/bo/amr_ws/final/ros-repo-3/ControlTower/install/setup.bash'
[1.194s] INFO:colcon.colcon_core.shell:Creating prefix script '/home/bo/amr_ws/final/ros-repo-3/ControlTower/install/local_setup.zsh'
[1.194s] INFO:colcon.colcon_core.shell:Creating prefix chain script '/home/bo/amr_ws/final/ros-repo-3/ControlTower/install/setup.zsh'
